<?xml version="1.0" encoding="UTF-8" standalone="yes"?>
<testsuites name="SanitySuite" time="1545" tests="9" failures="10" errors="0">
    <testsuite name="SanitySuite" tests="9" failures="10" errors="0" time="1545" timestamp="2019-10-18 20:54:53" hostname="Suraj Kumar - PUN-IT000636" id="Test Suites/SanitySuite">
        <properties>
            <property name="deviceName" value=""/>
            <property name="devicePlatform" value=""/>
            <property name="logFolder" value="C:\\Users\\Suraj Kumar\\git\\KatalonTWL\\KatalonBDD\\Reports\\20191018_205425\\SanitySuite\\20191018_205425"/>
            <property name="logFiles" value="C:\\Users\\Suraj Kumar\\git\\KatalonTWL\\KatalonBDD\\Reports\\20191018_205425\\SanitySuite\\20191018_205425\\execution0.log"/>
            <property name="attachments" value="C:\\Users\\Suraj Kumar\\git\\KatalonTWL\\KatalonBDD\\Reports\\20191018_205425\\SanitySuite\\20191018_205425\\1571412389961.png, C:\\Users\\Suraj Kumar\\git\\KatalonTWL\\KatalonBDD\\Reports\\20191018_205425\\SanitySuite\\20191018_205425\\1571412701471.png, C:\\Users\\Suraj Kumar\\git\\KatalonTWL\\KatalonBDD\\Reports\\20191018_205425\\SanitySuite\\20191018_205425\\1571412701648.png, C:\\Users\\Suraj Kumar\\git\\KatalonTWL\\KatalonBDD\\Reports\\20191018_205425\\SanitySuite\\20191018_205425\\1571412940298.png, C:\\Users\\Suraj Kumar\\git\\KatalonTWL\\KatalonBDD\\Reports\\20191018_205425\\SanitySuite\\20191018_205425\\1571413156482.png, C:\\Users\\Suraj Kumar\\git\\KatalonTWL\\KatalonBDD\\Reports\\20191018_205425\\SanitySuite\\20191018_205425\\1571413333176.png, C:\\Users\\Suraj Kumar\\git\\KatalonTWL\\KatalonBDD\\Reports\\20191018_205425\\SanitySuite\\20191018_205425\\1571413460814.png, C:\\Users\\Suraj Kumar\\git\\KatalonTWL\\KatalonBDD\\Reports\\20191018_205425\\SanitySuite\\20191018_205425\\1571413601413.png, C:\\Users\\Suraj Kumar\\git\\KatalonTWL\\KatalonBDD\\Reports\\20191018_205425\\SanitySuite\\20191018_205425\\1571413669749.png, C:\\Users\\Suraj Kumar\\git\\KatalonTWL\\KatalonBDD\\Reports\\20191018_205425\\SanitySuite\\20191018_205425\\1571413772066.png"/>
            <property name="hostName" value="Suraj Kumar - PUN-IT000636"/>
            <property name="os" value="Windows 10 64bit"/>
            <property name="katalonVersion" value="6.3.3.11"/>
            <property name="browser" value="Firefox 69.0"/>
            <property name="hostAddress" value="192.168.43.182"/>
            <property name="sessionId" value="18c2e4c6-266a-4883-afed-b6d0bedee4eb"/>
            <property name="seleniumVersion" value="3.141.59"/>
            <property name="proxyInformation" value="ProxyInformation{proxyOption=NO_PROXY, proxyServerType=HTTP, password=, proxyServerAddress=, proxyServerPort=0}"/>
            <property name="platform" value="Windows 10"/>
        </properties>
        <testcase name="Test Cases/workLifeTest/FacebockCreation" classname="Test Cases/workLifeTest/FacebockCreation" status="FAILED">
            <failure type="FAILED" message="Test Cases/workLifeTest/FacebockCreation FAILED.&#xA;Reason:&#xA;com.kms.katalon.core.exception.StepFailedException: Unable to open browser with url: 'https://qa.thework.life'&#xD;&#xA;&#x9;at com.kms.katalon.core.webui.keyword.internal.WebUIKeywordMain.stepFailed(WebUIKeywordMain.groovy:64)&#xD;&#xA;&#x9;at com.kms.katalon.core.webui.keyword.internal.WebUIKeywordMain.runKeyword(WebUIKeywordMain.groovy:26)&#xD;&#xA;&#x9;at com.kms.katalon.core.webui.keyword.builtin.OpenBrowserKeyword.openBrowser(OpenBrowserKeyword.groovy:81)&#xD;&#xA;&#x9;at com.kms.katalon.core.webui.keyword.builtin.OpenBrowserKeyword.execute(OpenBrowserKeyword.groovy:67)&#xD;&#xA;&#x9;at com.kms.katalon.core.keyword.internal.KeywordExecutor.executeKeywordForPlatform(KeywordExecutor.groovy:56)&#xD;&#xA;&#x9;at com.kms.katalon.core.webui.keyword.WebUiBuiltInKeywords.openBrowser(WebUiBuiltInKeywords.groovy:60)&#xD;&#xA;&#x9;at com.kms.katalon.core.webui.keyword.WebUiBuiltInKeywords$openBrowser.call(Unknown Source)&#xD;&#xA;&#x9;at FacebockCreation.run(FacebockCreation:16)&#xD;&#xA;&#x9;at com.kms.katalon.core.main.ScriptEngine.run(ScriptEngine.java:194)&#xD;&#xA;&#x9;at com.kms.katalon.core.main.ScriptEngine.runScriptAsRawText(ScriptEngine.java:119)&#xD;&#xA;&#x9;at com.kms.katalon.core.main.TestCaseExecutor.runScript(TestCaseExecutor.java:337)&#xD;&#xA;&#x9;at com.kms.katalon.core.main.TestCaseExecutor.doExecute(TestCaseExecutor.java:328)&#xD;&#xA;&#x9;at com.kms.katalon.core.main.TestCaseExecutor.processExecutionPhase(TestCaseExecutor.java:307)&#xD;&#xA;&#x9;at com.kms.katalon.core.main.TestCaseExecutor.accessMainPhase(TestCaseExecutor.java:299)&#xD;&#xA;&#x9;at com.kms.katalon.core.main.TestCaseExecutor.execute(TestCaseExecutor.java:233)&#xD;&#xA;&#x9;at com.kms.katalon.core.main.TestSuiteExecutor.accessTestCaseMainPhase(TestSuiteExecutor.java:169)&#xD;&#xA;&#x9;at com.kms.katalon.core.main.TestSuiteExecutor.accessTestSuiteMainPhase(TestSuiteExecutor.java:142)&#xD;&#xA;&#x9;at com.kms.katalon.core.main.TestSuiteExecutor.execute(TestSuiteExecutor.java:91)&#xD;&#xA;&#x9;at com.kms.katalon.core.main.TestCaseMain.startTestSuite(TestCaseMain.java:157)&#xD;&#xA;&#x9;at com.kms.katalon.core.main.TestCaseMain$startTestSuite$0.call(Unknown Source)&#xD;&#xA;&#x9;at TempTestSuite1571412266031.run(TempTestSuite1571412266031.groovy:35)&#xD;&#xA;Caused by: org.openqa.selenium.WebDriverException: permission denied&#xA;Build info: version: '3.141.59', revision: 'e82be7d358', time: '2018-11-14T08:25:53'&#xA;System info: host: 'PUN-IT000636', ip: '192.168.43.182', os.name: 'Windows 10', os.arch: 'amd64', os.version: '10.0', java.version: '1.8.0_181'&#xA;Driver info: driver.version: CGeckoDriver&#xA;remote stacktrace: &#xD;&#xA;&#x9;at org.openqa.selenium.remote.W3CHandshakeResponse.lambda$errorHandler$0(W3CHandshakeResponse.java:62)&#xD;&#xA;&#x9;at org.openqa.selenium.remote.HandshakeResponse.lambda$getResponseFunction$0(HandshakeResponse.java:30)&#xD;&#xA;&#x9;at org.openqa.selenium.remote.ProtocolHandshake.lambda$createSession$0(ProtocolHandshake.java:126)&#xD;&#xA;&#x9;at org.openqa.selenium.remote.ProtocolHandshake.createSession(ProtocolHandshake.java:128)&#xD;&#xA;&#x9;at org.openqa.selenium.remote.ProtocolHandshake.createSession(ProtocolHandshake.java:74)&#xD;&#xA;&#x9;at org.openqa.selenium.remote.HttpCommandExecutor.execute(HttpCommandExecutor.java:136)&#xD;&#xA;&#x9;at org.openqa.selenium.remote.service.DriverCommandExecutor.execute(DriverCommandExecutor.java:83)&#xD;&#xA;&#x9;at org.openqa.selenium.remote.RemoteWebDriver.execute(RemoteWebDriver.java:552)&#xD;&#xA;&#x9;at com.kms.katalon.selenium.driver.CFirefoxDriver.execute(CFirefoxDriver.java:28)&#xD;&#xA;&#x9;at org.openqa.selenium.remote.RemoteWebDriver.startSession(RemoteWebDriver.java:213)&#xD;&#xA;&#x9;at org.openqa.selenium.remote.RemoteWebDriver.&lt;init&gt;(RemoteWebDriver.java:131)&#xD;&#xA;&#x9;at org.openqa.selenium.firefox.FirefoxDriver.&lt;init&gt;(FirefoxDriver.java:147)&#xD;&#xA;&#x9;at com.kms.katalon.selenium.driver.CFirefoxDriver.&lt;init&gt;(CFirefoxDriver.java:21)&#xD;&#xA;&#x9;at com.kms.katalon.core.webui.driver.firefox.CGeckoDriver.&lt;init&gt;(CGeckoDriver.java:12)&#xD;&#xA;&#x9;at com.kms.katalon.core.webui.driver.firefox.CGeckoDriver.from(CGeckoDriver.java:17)&#xD;&#xA;&#x9;at com.kms.katalon.core.webui.driver.DriverFactory.createNewFirefoxDriver(DriverFactory.java:515)&#xD;&#xA;&#x9;at com.kms.katalon.core.webui.driver.DriverFactory.startNewBrowser(DriverFactory.java:276)&#xD;&#xA;&#x9;at com.kms.katalon.core.webui.driver.DriverFactory.openWebDriver(DriverFactory.java:199)&#xD;&#xA;&#x9;at com.kms.katalon.core.webui.keyword.builtin.OpenBrowserKeyword$_openBrowser_closure1.doCall(OpenBrowserKeyword.groovy:74)&#xD;&#xA;&#x9;at com.kms.katalon.core.webui.keyword.builtin.OpenBrowserKeyword$_openBrowser_closure1.call(OpenBrowserKeyword.groovy)&#xD;&#xA;&#x9;at com.kms.katalon.core.webui.keyword.internal.WebUIKeywordMain.runKeyword(WebUIKeywordMain.groovy:20)&#xD;&#xA;&#x9;... 19 more&#xD;&#xA;"/>
            <system-out>2019-10-18 20:54:54 - [TEST_CASE][FAILED] - Test Cases/workLifeTest/FacebockCreation: Test Cases/workLifeTest/FacebockCreation FAILED.
Reason:
com.kms.katalon.core.exception.StepFailedException: Unable to open browser with url: 'https://qa.thework.life'&#xD;
	at com.kms.katalon.core.webui.keyword.internal.WebUIKeywordMain.stepFailed(WebUIKeywordMain.groovy:64)&#xD;
	at com.kms.katalon.core.webui.keyword.internal.WebUIKeywordMain.runKeyword(WebUIKeywordMain.groovy:26)&#xD;
	at com.kms.katalon.core.webui.keyword.builtin.OpenBrowserKeyword.openBrowser(OpenBrowserKeyword.groovy:81)&#xD;
	at com.kms.katalon.core.webui.keyword.builtin.OpenBrowserKeyword.execute(OpenBrowserKeyword.groovy:67)&#xD;
	at com.kms.katalon.core.keyword.internal.KeywordExecutor.executeKeywordForPlatform(KeywordExecutor.groovy:56)&#xD;
	at com.kms.katalon.core.webui.keyword.WebUiBuiltInKeywords.openBrowser(WebUiBuiltInKeywords.groovy:60)&#xD;
	at com.kms.katalon.core.webui.keyword.WebUiBuiltInKeywords$openBrowser.call(Unknown Source)&#xD;
	at FacebockCreation.run(FacebockCreation:16)&#xD;
	at com.kms.katalon.core.main.ScriptEngine.run(ScriptEngine.java:194)&#xD;
	at com.kms.katalon.core.main.ScriptEngine.runScriptAsRawText(ScriptEngine.java:119)&#xD;
	at com.kms.katalon.core.main.TestCaseExecutor.runScript(TestCaseExecutor.java:337)&#xD;
	at com.kms.katalon.core.main.TestCaseExecutor.doExecute(TestCaseExecutor.java:328)&#xD;
	at com.kms.katalon.core.main.TestCaseExecutor.processExecutionPhase(TestCaseExecutor.java:307)&#xD;
	at com.kms.katalon.core.main.TestCaseExecutor.accessMainPhase(TestCaseExecutor.java:299)&#xD;
	at com.kms.katalon.core.main.TestCaseExecutor.execute(TestCaseExecutor.java:233)&#xD;
	at com.kms.katalon.core.main.TestSuiteExecutor.accessTestCaseMainPhase(TestSuiteExecutor.java:169)&#xD;
	at com.kms.katalon.core.main.TestSuiteExecutor.accessTestSuiteMainPhase(TestSuiteExecutor.java:142)&#xD;
	at com.kms.katalon.core.main.TestSuiteExecutor.execute(TestSuiteExecutor.java:91)&#xD;
	at com.kms.katalon.core.main.TestCaseMain.startTestSuite(TestCaseMain.java:157)&#xD;
	at com.kms.katalon.core.main.TestCaseMain$startTestSuite$0.call(Unknown Source)&#xD;
	at TempTestSuite1571412266031.run(TempTestSuite1571412266031.groovy:35)&#xD;
Caused by: org.openqa.selenium.WebDriverException: permission denied
Build info: version: '3.141.59', revision: 'e82be7d358', time: '2018-11-14T08:25:53'
System info: host: 'PUN-IT000636', ip: '192.168.43.182', os.name: 'Windows 10', os.arch: 'amd64', os.version: '10.0', java.version: '1.8.0_181'
Driver info: driver.version: CGeckoDriver
remote stacktrace: &#xD;
	at org.openqa.selenium.remote.W3CHandshakeResponse.lambda$errorHandler$0(W3CHandshakeResponse.java:62)&#xD;
	at org.openqa.selenium.remote.HandshakeResponse.lambda$getResponseFunction$0(HandshakeResponse.java:30)&#xD;
	at org.openqa.selenium.remote.ProtocolHandshake.lambda$createSession$0(ProtocolHandshake.java:126)&#xD;
	at org.openqa.selenium.remote.ProtocolHandshake.createSession(ProtocolHandshake.java:128)&#xD;
	at org.openqa.selenium.remote.ProtocolHandshake.createSession(ProtocolHandshake.java:74)&#xD;
	at org.openqa.selenium.remote.HttpCommandExecutor.execute(HttpCommandExecutor.java:136)&#xD;
	at org.openqa.selenium.remote.service.DriverCommandExecutor.execute(DriverCommandExecutor.java:83)&#xD;
	at org.openqa.selenium.remote.RemoteWebDriver.execute(RemoteWebDriver.java:552)&#xD;
	at com.kms.katalon.selenium.driver.CFirefoxDriver.execute(CFirefoxDriver.java:28)&#xD;
	at org.openqa.selenium.remote.RemoteWebDriver.startSession(RemoteWebDriver.java:213)&#xD;
	at org.openqa.selenium.remote.RemoteWebDriver.&lt;init&gt;(RemoteWebDriver.java:131)&#xD;
	at org.openqa.selenium.firefox.FirefoxDriver.&lt;init&gt;(FirefoxDriver.java:147)&#xD;
	at com.kms.katalon.selenium.driver.CFirefoxDriver.&lt;init&gt;(CFirefoxDriver.java:21)&#xD;
	at com.kms.katalon.core.webui.driver.firefox.CGeckoDriver.&lt;init&gt;(CGeckoDriver.java:12)&#xD;
	at com.kms.katalon.core.webui.driver.firefox.CGeckoDriver.from(CGeckoDriver.java:17)&#xD;
	at com.kms.katalon.core.webui.driver.DriverFactory.createNewFirefoxDriver(DriverFactory.java:515)&#xD;
	at com.kms.katalon.core.webui.driver.DriverFactory.startNewBrowser(DriverFactory.java:276)&#xD;
	at com.kms.katalon.core.webui.driver.DriverFactory.openWebDriver(DriverFactory.java:199)&#xD;
	at com.kms.katalon.core.webui.keyword.builtin.OpenBrowserKeyword$_openBrowser_closure1.doCall(OpenBrowserKeyword.groovy:74)&#xD;
	at com.kms.katalon.core.webui.keyword.builtin.OpenBrowserKeyword$_openBrowser_closure1.call(OpenBrowserKeyword.groovy)&#xD;
	at com.kms.katalon.core.webui.keyword.internal.WebUIKeywordMain.runKeyword(WebUIKeywordMain.groovy:20)&#xD;
	... 19 more&#xD;
&#xD;
&#xD;
2019-10-18 20:54:54 - [TEST_STEP][PASSED] - Start listener action : beforeTestcase: null&#xD;
&#xD;
2019-10-18 20:54:54 - [TEST_STEP][FAILED] - openBrowser(AppUrl): Unable to open browser with url: 'https://qa.thework.life' (Root cause: com.kms.katalon.core.exception.StepFailedException: Unable to open browser with url: 'https://qa.thework.life'&#xD;
	at com.kms.katalon.core.webui.keyword.internal.WebUIKeywordMain.stepFailed(WebUIKeywordMain.groovy:64)&#xD;
	at com.kms.katalon.core.webui.keyword.internal.WebUIKeywordMain.runKeyword(WebUIKeywordMain.groovy:26)&#xD;
	at com.kms.katalon.core.webui.keyword.builtin.OpenBrowserKeyword.openBrowser(OpenBrowserKeyword.groovy:81)&#xD;
	at com.kms.katalon.core.webui.keyword.builtin.OpenBrowserKeyword.execute(OpenBrowserKeyword.groovy:67)&#xD;
	at com.kms.katalon.core.keyword.internal.KeywordExecutor.executeKeywordForPlatform(KeywordExecutor.groovy:56)&#xD;
	at com.kms.katalon.core.webui.keyword.WebUiBuiltInKeywords.openBrowser(WebUiBuiltInKeywords.groovy:60)&#xD;
	at com.kms.katalon.core.webui.keyword.WebUiBuiltInKeywords$openBrowser.call(Unknown Source)&#xD;
	at FacebockCreation.run(FacebockCreation:16)&#xD;
	at com.kms.katalon.core.main.ScriptEngine.run(ScriptEngine.java:194)&#xD;
	at com.kms.katalon.core.main.ScriptEngine.runScriptAsRawText(ScriptEngine.java:119)&#xD;
	at com.kms.katalon.core.main.TestCaseExecutor.runScript(TestCaseExecutor.java:337)&#xD;
	at com.kms.katalon.core.main.TestCaseExecutor.doExecute(TestCaseExecutor.java:328)&#xD;
	at com.kms.katalon.core.main.TestCaseExecutor.processExecutionPhase(TestCaseExecutor.java:307)&#xD;
	at com.kms.katalon.core.main.TestCaseExecutor.accessMainPhase(TestCaseExecutor.java:299)&#xD;
	at com.kms.katalon.core.main.TestCaseExecutor.execute(TestCaseExecutor.java:233)&#xD;
	at com.kms.katalon.core.main.TestSuiteExecutor.accessTestCaseMainPhase(TestSuiteExecutor.java:169)&#xD;
	at com.kms.katalon.core.main.TestSuiteExecutor.accessTestSuiteMainPhase(TestSuiteExecutor.java:142)&#xD;
	at com.kms.katalon.core.main.TestSuiteExecutor.execute(TestSuiteExecutor.java:91)&#xD;
	at com.kms.katalon.core.main.TestCaseMain.startTestSuite(TestCaseMain.java:157)&#xD;
	at com.kms.katalon.core.main.TestCaseMain$startTestSuite$0.call(Unknown Source)&#xD;
	at TempTestSuite1571412266031.run(TempTestSuite1571412266031.groovy:35)&#xD;
Caused by: org.openqa.selenium.WebDriverException: permission denied
Build info: version: '3.141.59', revision: 'e82be7d358', time: '2018-11-14T08:25:53'
System info: host: 'PUN-IT000636', ip: '192.168.43.182', os.name: 'Windows 10', os.arch: 'amd64', os.version: '10.0', java.version: '1.8.0_181'
Driver info: driver.version: CGeckoDriver
remote stacktrace: &#xD;
	at org.openqa.selenium.remote.W3CHandshakeResponse.lambda$errorHandler$0(W3CHandshakeResponse.java:62)&#xD;
	at org.openqa.selenium.remote.HandshakeResponse.lambda$getResponseFunction$0(HandshakeResponse.java:30)&#xD;
	at org.openqa.selenium.remote.ProtocolHandshake.lambda$createSession$0(ProtocolHandshake.java:126)&#xD;
	at org.openqa.selenium.remote.ProtocolHandshake.createSession(ProtocolHandshake.java:128)&#xD;
	at org.openqa.selenium.remote.ProtocolHandshake.createSession(ProtocolHandshake.java:74)&#xD;
	at org.openqa.selenium.remote.HttpCommandExecutor.execute(HttpCommandExecutor.java:136)&#xD;
	at org.openqa.selenium.remote.service.DriverCommandExecutor.execute(DriverCommandExecutor.java:83)&#xD;
	at org.openqa.selenium.remote.RemoteWebDriver.execute(RemoteWebDriver.java:552)&#xD;
	at com.kms.katalon.selenium.driver.CFirefoxDriver.execute(CFirefoxDriver.java:28)&#xD;
	at org.openqa.selenium.remote.RemoteWebDriver.startSession(RemoteWebDriver.java:213)&#xD;
	at org.openqa.selenium.remote.RemoteWebDriver.&lt;init&gt;(RemoteWebDriver.java:131)&#xD;
	at org.openqa.selenium.firefox.FirefoxDriver.&lt;init&gt;(FirefoxDriver.java:147)&#xD;
	at com.kms.katalon.selenium.driver.CFirefoxDriver.&lt;init&gt;(CFirefoxDriver.java:21)&#xD;
	at com.kms.katalon.core.webui.driver.firefox.CGeckoDriver.&lt;init&gt;(CGeckoDriver.java:12)&#xD;
	at com.kms.katalon.core.webui.driver.firefox.CGeckoDriver.from(CGeckoDriver.java:17)&#xD;
	at com.kms.katalon.core.webui.driver.DriverFactory.createNewFirefoxDriver(DriverFactory.java:515)&#xD;
	at com.kms.katalon.core.webui.driver.DriverFactory.startNewBrowser(DriverFactory.java:276)&#xD;
	at com.kms.katalon.core.webui.driver.DriverFactory.openWebDriver(DriverFactory.java:199)&#xD;
	at com.kms.katalon.core.webui.keyword.builtin.OpenBrowserKeyword$_openBrowser_closure1.doCall(OpenBrowserKeyword.groovy:74)&#xD;
	at com.kms.katalon.core.webui.keyword.builtin.OpenBrowserKeyword$_openBrowser_closure1.call(OpenBrowserKeyword.groovy)&#xD;
	at com.kms.katalon.core.webui.keyword.internal.WebUIKeywordMain.runKeyword(WebUIKeywordMain.groovy:20)&#xD;
	at com.kms.katalon.core.webui.keyword.builtin.OpenBrowserKeyword.openBrowser(OpenBrowserKeyword.groovy:81)&#xD;
	at com.kms.katalon.core.webui.keyword.builtin.OpenBrowserKeyword.execute(OpenBrowserKeyword.groovy:67)&#xD;
	at com.kms.katalon.core.keyword.internal.KeywordExecutor.executeKeywordForPlatform(KeywordExecutor.groovy:56)&#xD;
	at com.kms.katalon.core.webui.keyword.WebUiBuiltInKeywords.openBrowser(WebUiBuiltInKeywords.groovy:60)&#xD;
	at com.kms.katalon.core.webui.keyword.WebUiBuiltInKeywords$openBrowser.call(Unknown Source)&#xD;
	at Script1569836222089.run(Script1569836222089.groovy:16)&#xD;
	... 13 more&#xD;
)&#xD;
&#xD;
2019-10-18 20:54:55 - [MESSAGE][INFO] - Starting 'Firefox' driver&#xD;
&#xD;
2019-10-18 20:54:56 - [MESSAGE][INFO] - Action delay is set to 0 seconds&#xD;
&#xD;
2019-10-18 20:55:03 - [MESSAGE][FAILED] - Unable to open browser with url: 'https://qa.thework.life' (Root cause: com.kms.katalon.core.exception.StepFailedException: Unable to open browser with url: 'https://qa.thework.life'&#xD;
	at com.kms.katalon.core.webui.keyword.internal.WebUIKeywordMain.stepFailed(WebUIKeywordMain.groovy:64)&#xD;
	at com.kms.katalon.core.webui.keyword.internal.WebUIKeywordMain.runKeyword(WebUIKeywordMain.groovy:26)&#xD;
	at com.kms.katalon.core.webui.keyword.builtin.OpenBrowserKeyword.openBrowser(OpenBrowserKeyword.groovy:81)&#xD;
	at com.kms.katalon.core.webui.keyword.builtin.OpenBrowserKeyword.execute(OpenBrowserKeyword.groovy:67)&#xD;
	at com.kms.katalon.core.keyword.internal.KeywordExecutor.executeKeywordForPlatform(KeywordExecutor.groovy:56)&#xD;
	at com.kms.katalon.core.webui.keyword.WebUiBuiltInKeywords.openBrowser(WebUiBuiltInKeywords.groovy:60)&#xD;
	at com.kms.katalon.core.webui.keyword.WebUiBuiltInKeywords$openBrowser.call(Unknown Source)&#xD;
	at FacebockCreation.run(FacebockCreation:16)&#xD;
	at com.kms.katalon.core.main.ScriptEngine.run(ScriptEngine.java:194)&#xD;
	at com.kms.katalon.core.main.ScriptEngine.runScriptAsRawText(ScriptEngine.java:119)&#xD;
	at com.kms.katalon.core.main.TestCaseExecutor.runScript(TestCaseExecutor.java:337)&#xD;
	at com.kms.katalon.core.main.TestCaseExecutor.doExecute(TestCaseExecutor.java:328)&#xD;
	at com.kms.katalon.core.main.TestCaseExecutor.processExecutionPhase(TestCaseExecutor.java:307)&#xD;
	at com.kms.katalon.core.main.TestCaseExecutor.accessMainPhase(TestCaseExecutor.java:299)&#xD;
	at com.kms.katalon.core.main.TestCaseExecutor.execute(TestCaseExecutor.java:233)&#xD;
	at com.kms.katalon.core.main.TestSuiteExecutor.accessTestCaseMainPhase(TestSuiteExecutor.java:169)&#xD;
	at com.kms.katalon.core.main.TestSuiteExecutor.accessTestSuiteMainPhase(TestSuiteExecutor.java:142)&#xD;
	at com.kms.katalon.core.main.TestSuiteExecutor.execute(TestSuiteExecutor.java:91)&#xD;
	at com.kms.katalon.core.main.TestCaseMain.startTestSuite(TestCaseMain.java:157)&#xD;
	at com.kms.katalon.core.main.TestCaseMain$startTestSuite$0.call(Unknown Source)&#xD;
	at TempTestSuite1571412266031.run(TempTestSuite1571412266031.groovy:35)&#xD;
Caused by: org.openqa.selenium.WebDriverException: permission denied
Build info: version: '3.141.59', revision: 'e82be7d358', time: '2018-11-14T08:25:53'
System info: host: 'PUN-IT000636', ip: '192.168.43.182', os.name: 'Windows 10', os.arch: 'amd64', os.version: '10.0', java.version: '1.8.0_181'
Driver info: driver.version: CGeckoDriver
remote stacktrace: &#xD;
	at org.openqa.selenium.remote.W3CHandshakeResponse.lambda$errorHandler$0(W3CHandshakeResponse.java:62)&#xD;
	at org.openqa.selenium.remote.HandshakeResponse.lambda$getResponseFunction$0(HandshakeResponse.java:30)&#xD;
	at org.openqa.selenium.remote.ProtocolHandshake.lambda$createSession$0(ProtocolHandshake.java:126)&#xD;
	at org.openqa.selenium.remote.ProtocolHandshake.createSession(ProtocolHandshake.java:128)&#xD;
	at org.openqa.selenium.remote.ProtocolHandshake.createSession(ProtocolHandshake.java:74)&#xD;
	at org.openqa.selenium.remote.HttpCommandExecutor.execute(HttpCommandExecutor.java:136)&#xD;
	at org.openqa.selenium.remote.service.DriverCommandExecutor.execute(DriverCommandExecutor.java:83)&#xD;
	at org.openqa.selenium.remote.RemoteWebDriver.execute(RemoteWebDriver.java:552)&#xD;
	at com.kms.katalon.selenium.driver.CFirefoxDriver.execute(CFirefoxDriver.java:28)&#xD;
	at org.openqa.selenium.remote.RemoteWebDriver.startSession(RemoteWebDriver.java:213)&#xD;
	at org.openqa.selenium.remote.RemoteWebDriver.&lt;init&gt;(RemoteWebDriver.java:131)&#xD;
	at org.openqa.selenium.firefox.FirefoxDriver.&lt;init&gt;(FirefoxDriver.java:147)&#xD;
	at com.kms.katalon.selenium.driver.CFirefoxDriver.&lt;init&gt;(CFirefoxDriver.java:21)&#xD;
	at com.kms.katalon.core.webui.driver.firefox.CGeckoDriver.&lt;init&gt;(CGeckoDriver.java:12)&#xD;
	at com.kms.katalon.core.webui.driver.firefox.CGeckoDriver.from(CGeckoDriver.java:17)&#xD;
	at com.kms.katalon.core.webui.driver.DriverFactory.createNewFirefoxDriver(DriverFactory.java:515)&#xD;
	at com.kms.katalon.core.webui.driver.DriverFactory.startNewBrowser(DriverFactory.java:276)&#xD;
	at com.kms.katalon.core.webui.driver.DriverFactory.openWebDriver(DriverFactory.java:199)&#xD;
	at com.kms.katalon.core.webui.keyword.builtin.OpenBrowserKeyword$_openBrowser_closure1.doCall(OpenBrowserKeyword.groovy:74)&#xD;
	at com.kms.katalon.core.webui.keyword.builtin.OpenBrowserKeyword$_openBrowser_closure1.call(OpenBrowserKeyword.groovy)&#xD;
	at com.kms.katalon.core.webui.keyword.internal.WebUIKeywordMain.runKeyword(WebUIKeywordMain.groovy:20)&#xD;
	at com.kms.katalon.core.webui.keyword.builtin.OpenBrowserKeyword.openBrowser(OpenBrowserKeyword.groovy:81)&#xD;
	at com.kms.katalon.core.webui.keyword.builtin.OpenBrowserKeyword.execute(OpenBrowserKeyword.groovy:67)&#xD;
	at com.kms.katalon.core.keyword.internal.KeywordExecutor.executeKeywordForPlatform(KeywordExecutor.groovy:56)&#xD;
	at com.kms.katalon.core.webui.keyword.WebUiBuiltInKeywords.openBrowser(WebUiBuiltInKeywords.groovy:60)&#xD;
	at com.kms.katalon.core.webui.keyword.WebUiBuiltInKeywords$openBrowser.call(Unknown Source)&#xD;
	at Script1569836222089.run(Script1569836222089.groovy:16)&#xD;
	... 13 more&#xD;
)&#xD;
&#xD;
2019-10-18 20:55:03 - [TEST_STEP][PASSED] - Start listener action : afterTestcase: Browser is closed&#xD;
&#xD;
2019-10-18 20:55:03 - [TEST_STEP][PASSED] - closeBrowser(): Browser is closed&#xD;
&#xD;
2019-10-18 20:55:03 - [MESSAGE][PASSED] - Browser is closed</system-out>
            <system-err>2019-10-18 20:54:54 - [TEST_CASE][FAILED] - Test Cases/workLifeTest/FacebockCreation: Test Cases/workLifeTest/FacebockCreation FAILED.
Reason:
com.kms.katalon.core.exception.StepFailedException: Unable to open browser with url: 'https://qa.thework.life'&#xD;
	at com.kms.katalon.core.webui.keyword.internal.WebUIKeywordMain.stepFailed(WebUIKeywordMain.groovy:64)&#xD;
	at com.kms.katalon.core.webui.keyword.internal.WebUIKeywordMain.runKeyword(WebUIKeywordMain.groovy:26)&#xD;
	at com.kms.katalon.core.webui.keyword.builtin.OpenBrowserKeyword.openBrowser(OpenBrowserKeyword.groovy:81)&#xD;
	at com.kms.katalon.core.webui.keyword.builtin.OpenBrowserKeyword.execute(OpenBrowserKeyword.groovy:67)&#xD;
	at com.kms.katalon.core.keyword.internal.KeywordExecutor.executeKeywordForPlatform(KeywordExecutor.groovy:56)&#xD;
	at com.kms.katalon.core.webui.keyword.WebUiBuiltInKeywords.openBrowser(WebUiBuiltInKeywords.groovy:60)&#xD;
	at com.kms.katalon.core.webui.keyword.WebUiBuiltInKeywords$openBrowser.call(Unknown Source)&#xD;
	at FacebockCreation.run(FacebockCreation:16)&#xD;
	at com.kms.katalon.core.main.ScriptEngine.run(ScriptEngine.java:194)&#xD;
	at com.kms.katalon.core.main.ScriptEngine.runScriptAsRawText(ScriptEngine.java:119)&#xD;
	at com.kms.katalon.core.main.TestCaseExecutor.runScript(TestCaseExecutor.java:337)&#xD;
	at com.kms.katalon.core.main.TestCaseExecutor.doExecute(TestCaseExecutor.java:328)&#xD;
	at com.kms.katalon.core.main.TestCaseExecutor.processExecutionPhase(TestCaseExecutor.java:307)&#xD;
	at com.kms.katalon.core.main.TestCaseExecutor.accessMainPhase(TestCaseExecutor.java:299)&#xD;
	at com.kms.katalon.core.main.TestCaseExecutor.execute(TestCaseExecutor.java:233)&#xD;
	at com.kms.katalon.core.main.TestSuiteExecutor.accessTestCaseMainPhase(TestSuiteExecutor.java:169)&#xD;
	at com.kms.katalon.core.main.TestSuiteExecutor.accessTestSuiteMainPhase(TestSuiteExecutor.java:142)&#xD;
	at com.kms.katalon.core.main.TestSuiteExecutor.execute(TestSuiteExecutor.java:91)&#xD;
	at com.kms.katalon.core.main.TestCaseMain.startTestSuite(TestCaseMain.java:157)&#xD;
	at com.kms.katalon.core.main.TestCaseMain$startTestSuite$0.call(Unknown Source)&#xD;
	at TempTestSuite1571412266031.run(TempTestSuite1571412266031.groovy:35)&#xD;
Caused by: org.openqa.selenium.WebDriverException: permission denied
Build info: version: '3.141.59', revision: 'e82be7d358', time: '2018-11-14T08:25:53'
System info: host: 'PUN-IT000636', ip: '192.168.43.182', os.name: 'Windows 10', os.arch: 'amd64', os.version: '10.0', java.version: '1.8.0_181'
Driver info: driver.version: CGeckoDriver
remote stacktrace: &#xD;
	at org.openqa.selenium.remote.W3CHandshakeResponse.lambda$errorHandler$0(W3CHandshakeResponse.java:62)&#xD;
	at org.openqa.selenium.remote.HandshakeResponse.lambda$getResponseFunction$0(HandshakeResponse.java:30)&#xD;
	at org.openqa.selenium.remote.ProtocolHandshake.lambda$createSession$0(ProtocolHandshake.java:126)&#xD;
	at org.openqa.selenium.remote.ProtocolHandshake.createSession(ProtocolHandshake.java:128)&#xD;
	at org.openqa.selenium.remote.ProtocolHandshake.createSession(ProtocolHandshake.java:74)&#xD;
	at org.openqa.selenium.remote.HttpCommandExecutor.execute(HttpCommandExecutor.java:136)&#xD;
	at org.openqa.selenium.remote.service.DriverCommandExecutor.execute(DriverCommandExecutor.java:83)&#xD;
	at org.openqa.selenium.remote.RemoteWebDriver.execute(RemoteWebDriver.java:552)&#xD;
	at com.kms.katalon.selenium.driver.CFirefoxDriver.execute(CFirefoxDriver.java:28)&#xD;
	at org.openqa.selenium.remote.RemoteWebDriver.startSession(RemoteWebDriver.java:213)&#xD;
	at org.openqa.selenium.remote.RemoteWebDriver.&lt;init&gt;(RemoteWebDriver.java:131)&#xD;
	at org.openqa.selenium.firefox.FirefoxDriver.&lt;init&gt;(FirefoxDriver.java:147)&#xD;
	at com.kms.katalon.selenium.driver.CFirefoxDriver.&lt;init&gt;(CFirefoxDriver.java:21)&#xD;
	at com.kms.katalon.core.webui.driver.firefox.CGeckoDriver.&lt;init&gt;(CGeckoDriver.java:12)&#xD;
	at com.kms.katalon.core.webui.driver.firefox.CGeckoDriver.from(CGeckoDriver.java:17)&#xD;
	at com.kms.katalon.core.webui.driver.DriverFactory.createNewFirefoxDriver(DriverFactory.java:515)&#xD;
	at com.kms.katalon.core.webui.driver.DriverFactory.startNewBrowser(DriverFactory.java:276)&#xD;
	at com.kms.katalon.core.webui.driver.DriverFactory.openWebDriver(DriverFactory.java:199)&#xD;
	at com.kms.katalon.core.webui.keyword.builtin.OpenBrowserKeyword$_openBrowser_closure1.doCall(OpenBrowserKeyword.groovy:74)&#xD;
	at com.kms.katalon.core.webui.keyword.builtin.OpenBrowserKeyword$_openBrowser_closure1.call(OpenBrowserKeyword.groovy)&#xD;
	at com.kms.katalon.core.webui.keyword.internal.WebUIKeywordMain.runKeyword(WebUIKeywordMain.groovy:20)&#xD;
	... 19 more</system-err>
        </testcase>
        <testcase name="Test Cases/workLifeTest/ProfileDeletion" classname="Test Cases/workLifeTest/ProfileDeletion" status="FAILED">
            <failure type="FAILED" message="Test Cases/workLifeTest/ProfileDeletion FAILED.&#xA;Reason:&#xA;com.kms.katalon.core.exception.StepFailedException: Unable to click on object 'Object Repository/DeletionObject/Page_Home/i_Settings_fa fa-gear'&#xD;&#xA;&#x9;at com.kms.katalon.core.webui.keyword.internal.WebUIKeywordMain.stepFailed(WebUIKeywordMain.groovy:64)&#xD;&#xA;&#x9;at com.kms.katalon.core.webui.keyword.internal.WebUIKeywordMain.runKeyword(WebUIKeywordMain.groovy:26)&#xD;&#xA;&#x9;at com.kms.katalon.core.webui.keyword.builtin.ClickKeyword.click(ClickKeyword.groovy:86)&#xD;&#xA;&#x9;at com.kms.katalon.core.webui.keyword.builtin.ClickKeyword.execute(ClickKeyword.groovy:67)&#xD;&#xA;&#x9;at com.kms.katalon.core.keyword.internal.KeywordExecutor.executeKeywordForPlatform(KeywordExecutor.groovy:56)&#xD;&#xA;&#x9;at com.kms.katalon.core.webui.keyword.WebUiBuiltInKeywords.click(WebUiBuiltInKeywords.groovy:616)&#xD;&#xA;&#x9;at com.kms.katalon.core.webui.keyword.WebUiBuiltInKeywords$click$4.call(Unknown Source)&#xD;&#xA;&#x9;at ProfileDeletion.run(ProfileDeletion:28)&#xD;&#xA;&#x9;at com.kms.katalon.core.main.ScriptEngine.run(ScriptEngine.java:194)&#xD;&#xA;&#x9;at com.kms.katalon.core.main.ScriptEngine.runScriptAsRawText(ScriptEngine.java:119)&#xD;&#xA;&#x9;at com.kms.katalon.core.main.TestCaseExecutor.runScript(TestCaseExecutor.java:337)&#xD;&#xA;&#x9;at com.kms.katalon.core.main.TestCaseExecutor.doExecute(TestCaseExecutor.java:328)&#xD;&#xA;&#x9;at com.kms.katalon.core.main.TestCaseExecutor.processExecutionPhase(TestCaseExecutor.java:307)&#xD;&#xA;&#x9;at com.kms.katalon.core.main.TestCaseExecutor.accessMainPhase(TestCaseExecutor.java:299)&#xD;&#xA;&#x9;at com.kms.katalon.core.main.TestCaseExecutor.execute(TestCaseExecutor.java:233)&#xD;&#xA;&#x9;at com.kms.katalon.core.main.TestSuiteExecutor.accessTestCaseMainPhase(TestSuiteExecutor.java:169)&#xD;&#xA;&#x9;at com.kms.katalon.core.main.TestSuiteExecutor.accessTestSuiteMainPhase(TestSuiteExecutor.java:142)&#xD;&#xA;&#x9;at com.kms.katalon.core.main.TestSuiteExecutor.execute(TestSuiteExecutor.java:91)&#xD;&#xA;&#x9;at com.kms.katalon.core.main.TestCaseMain.startTestSuite(TestCaseMain.java:157)&#xD;&#xA;&#x9;at com.kms.katalon.core.main.TestCaseMain$startTestSuite$0.call(Unknown Source)&#xD;&#xA;&#x9;at TempTestSuite1571412266031.run(TempTestSuite1571412266031.groovy:35)&#xD;&#xA;Caused by: com.kms.katalon.core.webui.exception.WebElementNotFoundException: Web element with id: 'Object Repository/DeletionObject/Page_Home/i_Settings_fa fa-gear' located by 'By.xpath: /html[@class=&quot;fa-events-icons-ready&quot;]/body[1]/header[@class=&quot;main-header nav-down&quot;]/div[@class=&quot;topbar&quot;]/div[@class=&quot;container-fluid&quot;]/div[@class=&quot;row&quot;]/div[@class=&quot;col-xs-6 col-sm-3 col-sm-push-6&quot;]/div[@class=&quot;notif&quot;]/div[@class=&quot;pull-right dropdown&quot;]/button[@class=&quot;btn dropdown-toggle setting&quot;]/i[@class=&quot;fa fa-gear&quot;]' not found&#xD;&#xA;&#x9;at com.kms.katalon.core.webui.common.WebUiCommonHelper.findWebElement(WebUiCommonHelper.java:1097)&#xD;&#xA;&#x9;at com.kms.katalon.core.webui.keyword.internal.WebUIAbstractKeyword.findWebElement(WebUIAbstractKeyword.groovy:27)&#xD;&#xA;&#x9;at com.kms.katalon.core.webui.keyword.internal.WebUIAbstractKeyword.findWebElement(WebUIAbstractKeyword.groovy:26)&#xD;&#xA;&#x9;at com.kms.katalon.core.webui.keyword.builtin.ClickKeyword$_click_closure1.doCall(ClickKeyword.groovy:77)&#xD;&#xA;&#x9;at com.kms.katalon.core.webui.keyword.builtin.ClickKeyword$_click_closure1.call(ClickKeyword.groovy)&#xD;&#xA;&#x9;at com.kms.katalon.core.webui.keyword.internal.WebUIKeywordMain.runKeyword(WebUIKeywordMain.groovy:20)&#xD;&#xA;&#x9;... 19 more&#xD;&#xA;"/>
            <system-out>2019-10-18 20:55:03 - [TEST_CASE][FAILED] - Test Cases/workLifeTest/ProfileDeletion: Test Cases/workLifeTest/ProfileDeletion FAILED.
Reason:
com.kms.katalon.core.exception.StepFailedException: Unable to click on object 'Object Repository/DeletionObject/Page_Home/i_Settings_fa fa-gear'&#xD;
	at com.kms.katalon.core.webui.keyword.internal.WebUIKeywordMain.stepFailed(WebUIKeywordMain.groovy:64)&#xD;
	at com.kms.katalon.core.webui.keyword.internal.WebUIKeywordMain.runKeyword(WebUIKeywordMain.groovy:26)&#xD;
	at com.kms.katalon.core.webui.keyword.builtin.ClickKeyword.click(ClickKeyword.groovy:86)&#xD;
	at com.kms.katalon.core.webui.keyword.builtin.ClickKeyword.execute(ClickKeyword.groovy:67)&#xD;
	at com.kms.katalon.core.keyword.internal.KeywordExecutor.executeKeywordForPlatform(KeywordExecutor.groovy:56)&#xD;
	at com.kms.katalon.core.webui.keyword.WebUiBuiltInKeywords.click(WebUiBuiltInKeywords.groovy:616)&#xD;
	at com.kms.katalon.core.webui.keyword.WebUiBuiltInKeywords$click$4.call(Unknown Source)&#xD;
	at ProfileDeletion.run(ProfileDeletion:28)&#xD;
	at com.kms.katalon.core.main.ScriptEngine.run(ScriptEngine.java:194)&#xD;
	at com.kms.katalon.core.main.ScriptEngine.runScriptAsRawText(ScriptEngine.java:119)&#xD;
	at com.kms.katalon.core.main.TestCaseExecutor.runScript(TestCaseExecutor.java:337)&#xD;
	at com.kms.katalon.core.main.TestCaseExecutor.doExecute(TestCaseExecutor.java:328)&#xD;
	at com.kms.katalon.core.main.TestCaseExecutor.processExecutionPhase(TestCaseExecutor.java:307)&#xD;
	at com.kms.katalon.core.main.TestCaseExecutor.accessMainPhase(TestCaseExecutor.java:299)&#xD;
	at com.kms.katalon.core.main.TestCaseExecutor.execute(TestCaseExecutor.java:233)&#xD;
	at com.kms.katalon.core.main.TestSuiteExecutor.accessTestCaseMainPhase(TestSuiteExecutor.java:169)&#xD;
	at com.kms.katalon.core.main.TestSuiteExecutor.accessTestSuiteMainPhase(TestSuiteExecutor.java:142)&#xD;
	at com.kms.katalon.core.main.TestSuiteExecutor.execute(TestSuiteExecutor.java:91)&#xD;
	at com.kms.katalon.core.main.TestCaseMain.startTestSuite(TestCaseMain.java:157)&#xD;
	at com.kms.katalon.core.main.TestCaseMain$startTestSuite$0.call(Unknown Source)&#xD;
	at TempTestSuite1571412266031.run(TempTestSuite1571412266031.groovy:35)&#xD;
Caused by: com.kms.katalon.core.webui.exception.WebElementNotFoundException: Web element with id: 'Object Repository/DeletionObject/Page_Home/i_Settings_fa fa-gear' located by 'By.xpath: /html[@class="fa-events-icons-ready"]/body[1]/header[@class="main-header nav-down"]/div[@class="topbar"]/div[@class="container-fluid"]/div[@class="row"]/div[@class="col-xs-6 col-sm-3 col-sm-push-6"]/div[@class="notif"]/div[@class="pull-right dropdown"]/button[@class="btn dropdown-toggle setting"]/i[@class="fa fa-gear"]' not found&#xD;
	at com.kms.katalon.core.webui.common.WebUiCommonHelper.findWebElement(WebUiCommonHelper.java:1097)&#xD;
	at com.kms.katalon.core.webui.keyword.internal.WebUIAbstractKeyword.findWebElement(WebUIAbstractKeyword.groovy:27)&#xD;
	at com.kms.katalon.core.webui.keyword.internal.WebUIAbstractKeyword.findWebElement(WebUIAbstractKeyword.groovy:26)&#xD;
	at com.kms.katalon.core.webui.keyword.builtin.ClickKeyword$_click_closure1.doCall(ClickKeyword.groovy:77)&#xD;
	at com.kms.katalon.core.webui.keyword.builtin.ClickKeyword$_click_closure1.call(ClickKeyword.groovy)&#xD;
	at com.kms.katalon.core.webui.keyword.internal.WebUIKeywordMain.runKeyword(WebUIKeywordMain.groovy:20)&#xD;
	... 19 more&#xD;
&#xD;
&#xD;
2019-10-18 20:55:03 - [TEST_STEP][PASSED] - Start listener action : beforeTestcase: null&#xD;
&#xD;
2019-10-18 20:55:04 - [TEST_STEP][PASSED] - openBrowser(AppUrl): Browser is opened with url: 'https://qa.thework.life'&#xD;
&#xD;
2019-10-18 20:55:04 - [MESSAGE][INFO] - Starting 'Firefox' driver&#xD;
&#xD;
2019-10-18 20:55:43 - [MESSAGE][PASSED] - Browser is opened with url: 'https://qa.thework.life'&#xD;
&#xD;
2019-10-18 20:55:43 - [TEST_STEP][PASSED] - navigateToUrl(AppUrl): Navigate to 'https://qa.thework.life' successfully&#xD;
&#xD;
2019-10-18 20:55:50 - [MESSAGE][PASSED] - Navigate to 'https://qa.thework.life' successfully&#xD;
&#xD;
2019-10-18 20:55:50 - [TEST_STEP][PASSED] - setText(findTestObject("Object Repository/DeletionObject/Page_theworklife - Find Great People To Work With/input_Forgot password_username"), "worklifetest10002@gmail.com"): Text 'worklifetest10002@gmail.com' is set on object 'Object Repository/DeletionObject/Page_theworklife - Find Great People To Work With/input_Forgot password_username'&#xD;
&#xD;
2019-10-18 20:55:51 - [MESSAGE][PASSED] - Text 'worklifetest10002@gmail.com' is set on object 'Object Repository/DeletionObject/Page_theworklife - Find Great People To Work With/input_Forgot password_username'&#xD;
&#xD;
2019-10-18 20:55:51 - [TEST_STEP][PASSED] - setEncryptedText(findTestObject("Object Repository/DeletionObject/Page_theworklife - Find Great People To Work With/input_Forgot password_password"), "XU9cBalmEBp1UP+jEU2w4UUBUuNgBY4U"): Text ****** has been set on object 'Object Repository/DeletionObject/Page_theworklife - Find Great People To Work With/input_Forgot password_password'&#xD;
&#xD;
2019-10-18 20:55:51 - [MESSAGE][PASSED] - Text ****** has been set on object 'Object Repository/DeletionObject/Page_theworklife - Find Great People To Work With/input_Forgot password_password'&#xD;
&#xD;
2019-10-18 20:55:51 - [TEST_STEP][PASSED] - click(findTestObject("Experience/Page_theworklife - Find Great People To Work With/button_Sign in")): Object: 'Object Repository/Experience/Page_theworklife - Find Great People To Work With/button_Sign in' is clicked on&#xD;
&#xD;
2019-10-18 20:55:59 - [MESSAGE][PASSED] - Object: 'Object Repository/Experience/Page_theworklife - Find Great People To Work With/button_Sign in' is clicked on&#xD;
&#xD;
2019-10-18 20:55:59 - [TEST_STEP][FAILED] - click(findTestObject("Object Repository/DeletionObject/Page_Home/i_Settings_fa fa-gear")): Unable to click on object 'Object Repository/DeletionObject/Page_Home/i_Settings_fa fa-gear' (Root cause: com.kms.katalon.core.exception.StepFailedException: Unable to click on object 'Object Repository/DeletionObject/Page_Home/i_Settings_fa fa-gear'&#xD;
	at com.kms.katalon.core.webui.keyword.internal.WebUIKeywordMain.stepFailed(WebUIKeywordMain.groovy:64)&#xD;
	at com.kms.katalon.core.webui.keyword.internal.WebUIKeywordMain.runKeyword(WebUIKeywordMain.groovy:26)&#xD;
	at com.kms.katalon.core.webui.keyword.builtin.ClickKeyword.click(ClickKeyword.groovy:86)&#xD;
	at com.kms.katalon.core.webui.keyword.builtin.ClickKeyword.execute(ClickKeyword.groovy:67)&#xD;
	at com.kms.katalon.core.keyword.internal.KeywordExecutor.executeKeywordForPlatform(KeywordExecutor.groovy:56)&#xD;
	at com.kms.katalon.core.webui.keyword.WebUiBuiltInKeywords.click(WebUiBuiltInKeywords.groovy:616)&#xD;
	at com.kms.katalon.core.webui.keyword.WebUiBuiltInKeywords$click$4.call(Unknown Source)&#xD;
	at ProfileDeletion.run(ProfileDeletion:28)&#xD;
	at com.kms.katalon.core.main.ScriptEngine.run(ScriptEngine.java:194)&#xD;
	at com.kms.katalon.core.main.ScriptEngine.runScriptAsRawText(ScriptEngine.java:119)&#xD;
	at com.kms.katalon.core.main.TestCaseExecutor.runScript(TestCaseExecutor.java:337)&#xD;
	at com.kms.katalon.core.main.TestCaseExecutor.doExecute(TestCaseExecutor.java:328)&#xD;
	at com.kms.katalon.core.main.TestCaseExecutor.processExecutionPhase(TestCaseExecutor.java:307)&#xD;
	at com.kms.katalon.core.main.TestCaseExecutor.accessMainPhase(TestCaseExecutor.java:299)&#xD;
	at com.kms.katalon.core.main.TestCaseExecutor.execute(TestCaseExecutor.java:233)&#xD;
	at com.kms.katalon.core.main.TestSuiteExecutor.accessTestCaseMainPhase(TestSuiteExecutor.java:169)&#xD;
	at com.kms.katalon.core.main.TestSuiteExecutor.accessTestSuiteMainPhase(TestSuiteExecutor.java:142)&#xD;
	at com.kms.katalon.core.main.TestSuiteExecutor.execute(TestSuiteExecutor.java:91)&#xD;
	at com.kms.katalon.core.main.TestCaseMain.startTestSuite(TestCaseMain.java:157)&#xD;
	at com.kms.katalon.core.main.TestCaseMain$startTestSuite$0.call(Unknown Source)&#xD;
	at TempTestSuite1571412266031.run(TempTestSuite1571412266031.groovy:35)&#xD;
Caused by: com.kms.katalon.core.webui.exception.WebElementNotFoundException: Web element with id: 'Object Repository/DeletionObject/Page_Home/i_Settings_fa fa-gear' located by 'By.xpath: /html[@class="fa-events-icons-ready"]/body[1]/header[@class="main-header nav-down"]/div[@class="topbar"]/div[@class="container-fluid"]/div[@class="row"]/div[@class="col-xs-6 col-sm-3 col-sm-push-6"]/div[@class="notif"]/div[@class="pull-right dropdown"]/button[@class="btn dropdown-toggle setting"]/i[@class="fa fa-gear"]' not found&#xD;
	at com.kms.katalon.core.webui.common.WebUiCommonHelper.findWebElement(WebUiCommonHelper.java:1097)&#xD;
	at com.kms.katalon.core.webui.keyword.internal.WebUIAbstractKeyword.findWebElement(WebUIAbstractKeyword.groovy:27)&#xD;
	at com.kms.katalon.core.webui.keyword.internal.WebUIAbstractKeyword.findWebElement(WebUIAbstractKeyword.groovy:26)&#xD;
	at com.kms.katalon.core.webui.keyword.builtin.ClickKeyword$_click_closure1.doCall(ClickKeyword.groovy:77)&#xD;
	at com.kms.katalon.core.webui.keyword.builtin.ClickKeyword$_click_closure1.call(ClickKeyword.groovy)&#xD;
	at com.kms.katalon.core.webui.keyword.internal.WebUIKeywordMain.runKeyword(WebUIKeywordMain.groovy:20)&#xD;
	at com.kms.katalon.core.webui.keyword.builtin.ClickKeyword.click(ClickKeyword.groovy:86)&#xD;
	at com.kms.katalon.core.webui.keyword.builtin.ClickKeyword.execute(ClickKeyword.groovy:67)&#xD;
	at com.kms.katalon.core.keyword.internal.KeywordExecutor.executeKeywordForPlatform(KeywordExecutor.groovy:56)&#xD;
	at com.kms.katalon.core.webui.keyword.WebUiBuiltInKeywords.click(WebUiBuiltInKeywords.groovy:616)&#xD;
	at com.kms.katalon.core.webui.keyword.WebUiBuiltInKeywords$click$4.call(Unknown Source)&#xD;
	at Script1569870441881.run(Script1569870441881.groovy:28)&#xD;
	... 13 more&#xD;
)&#xD;
&#xD;
2019-10-18 20:56:29 - [MESSAGE][INFO] - Unable to find the element located by 'By.xpath: /html[@class="fa-events-icons-ready"]/body[1]/header[@class="main-header nav-down"]/div[@class="topbar"]/div[@class="container-fluid"]/div[@class="row"]/div[@class="col-xs-6 col-sm-3 col-sm-push-6"]/div[@class="notif"]/div[@class="pull-right dropdown"]/button[@class="btn dropdown-toggle setting"]/i[@class="fa fa-gear"]'. Please recheck the objects properties to make sure the desired element is located. &#xD;
&#xD;
2019-10-18 20:56:30 - [MESSAGE][FAILED] - Unable to click on object 'Object Repository/DeletionObject/Page_Home/i_Settings_fa fa-gear' (Root cause: com.kms.katalon.core.exception.StepFailedException: Unable to click on object 'Object Repository/DeletionObject/Page_Home/i_Settings_fa fa-gear'&#xD;
	at com.kms.katalon.core.webui.keyword.internal.WebUIKeywordMain.stepFailed(WebUIKeywordMain.groovy:64)&#xD;
	at com.kms.katalon.core.webui.keyword.internal.WebUIKeywordMain.runKeyword(WebUIKeywordMain.groovy:26)&#xD;
	at com.kms.katalon.core.webui.keyword.builtin.ClickKeyword.click(ClickKeyword.groovy:86)&#xD;
	at com.kms.katalon.core.webui.keyword.builtin.ClickKeyword.execute(ClickKeyword.groovy:67)&#xD;
	at com.kms.katalon.core.keyword.internal.KeywordExecutor.executeKeywordForPlatform(KeywordExecutor.groovy:56)&#xD;
	at com.kms.katalon.core.webui.keyword.WebUiBuiltInKeywords.click(WebUiBuiltInKeywords.groovy:616)&#xD;
	at com.kms.katalon.core.webui.keyword.WebUiBuiltInKeywords$click$4.call(Unknown Source)&#xD;
	at ProfileDeletion.run(ProfileDeletion:28)&#xD;
	at com.kms.katalon.core.main.ScriptEngine.run(ScriptEngine.java:194)&#xD;
	at com.kms.katalon.core.main.ScriptEngine.runScriptAsRawText(ScriptEngine.java:119)&#xD;
	at com.kms.katalon.core.main.TestCaseExecutor.runScript(TestCaseExecutor.java:337)&#xD;
	at com.kms.katalon.core.main.TestCaseExecutor.doExecute(TestCaseExecutor.java:328)&#xD;
	at com.kms.katalon.core.main.TestCaseExecutor.processExecutionPhase(TestCaseExecutor.java:307)&#xD;
	at com.kms.katalon.core.main.TestCaseExecutor.accessMainPhase(TestCaseExecutor.java:299)&#xD;
	at com.kms.katalon.core.main.TestCaseExecutor.execute(TestCaseExecutor.java:233)&#xD;
	at com.kms.katalon.core.main.TestSuiteExecutor.accessTestCaseMainPhase(TestSuiteExecutor.java:169)&#xD;
	at com.kms.katalon.core.main.TestSuiteExecutor.accessTestSuiteMainPhase(TestSuiteExecutor.java:142)&#xD;
	at com.kms.katalon.core.main.TestSuiteExecutor.execute(TestSuiteExecutor.java:91)&#xD;
	at com.kms.katalon.core.main.TestCaseMain.startTestSuite(TestCaseMain.java:157)&#xD;
	at com.kms.katalon.core.main.TestCaseMain$startTestSuite$0.call(Unknown Source)&#xD;
	at TempTestSuite1571412266031.run(TempTestSuite1571412266031.groovy:35)&#xD;
Caused by: com.kms.katalon.core.webui.exception.WebElementNotFoundException: Web element with id: 'Object Repository/DeletionObject/Page_Home/i_Settings_fa fa-gear' located by 'By.xpath: /html[@class="fa-events-icons-ready"]/body[1]/header[@class="main-header nav-down"]/div[@class="topbar"]/div[@class="container-fluid"]/div[@class="row"]/div[@class="col-xs-6 col-sm-3 col-sm-push-6"]/div[@class="notif"]/div[@class="pull-right dropdown"]/button[@class="btn dropdown-toggle setting"]/i[@class="fa fa-gear"]' not found&#xD;
	at com.kms.katalon.core.webui.common.WebUiCommonHelper.findWebElement(WebUiCommonHelper.java:1097)&#xD;
	at com.kms.katalon.core.webui.keyword.internal.WebUIAbstractKeyword.findWebElement(WebUIAbstractKeyword.groovy:27)&#xD;
	at com.kms.katalon.core.webui.keyword.internal.WebUIAbstractKeyword.findWebElement(WebUIAbstractKeyword.groovy:26)&#xD;
	at com.kms.katalon.core.webui.keyword.builtin.ClickKeyword$_click_closure1.doCall(ClickKeyword.groovy:77)&#xD;
	at com.kms.katalon.core.webui.keyword.builtin.ClickKeyword$_click_closure1.call(ClickKeyword.groovy)&#xD;
	at com.kms.katalon.core.webui.keyword.internal.WebUIKeywordMain.runKeyword(WebUIKeywordMain.groovy:20)&#xD;
	at com.kms.katalon.core.webui.keyword.builtin.ClickKeyword.click(ClickKeyword.groovy:86)&#xD;
	at com.kms.katalon.core.webui.keyword.builtin.ClickKeyword.execute(ClickKeyword.groovy:67)&#xD;
	at com.kms.katalon.core.keyword.internal.KeywordExecutor.executeKeywordForPlatform(KeywordExecutor.groovy:56)&#xD;
	at com.kms.katalon.core.webui.keyword.WebUiBuiltInKeywords.click(WebUiBuiltInKeywords.groovy:616)&#xD;
	at com.kms.katalon.core.webui.keyword.WebUiBuiltInKeywords$click$4.call(Unknown Source)&#xD;
	at Script1569870441881.run(Script1569870441881.groovy:28)&#xD;
	... 13 more&#xD;
)&#xD;
[[ATTACHMENT|C:\\Users\\Suraj Kumar\\git\\KatalonTWL\\KatalonBDD\\Reports\\20191018_205425\\SanitySuite\\20191018_205425\\1571412389961.png]]&#xD;
&#xD;
2019-10-18 20:56:30 - [TEST_STEP][PASSED] - Start listener action : afterTestcase: Browser is closed&#xD;
&#xD;
2019-10-18 20:56:30 - [TEST_STEP][PASSED] - closeBrowser(): Browser is closed&#xD;
&#xD;
2019-10-18 20:56:32 - [MESSAGE][PASSED] - Browser is closed</system-out>
            <system-err>2019-10-18 20:55:03 - [TEST_CASE][FAILED] - Test Cases/workLifeTest/ProfileDeletion: Test Cases/workLifeTest/ProfileDeletion FAILED.
Reason:
com.kms.katalon.core.exception.StepFailedException: Unable to click on object 'Object Repository/DeletionObject/Page_Home/i_Settings_fa fa-gear'&#xD;
	at com.kms.katalon.core.webui.keyword.internal.WebUIKeywordMain.stepFailed(WebUIKeywordMain.groovy:64)&#xD;
	at com.kms.katalon.core.webui.keyword.internal.WebUIKeywordMain.runKeyword(WebUIKeywordMain.groovy:26)&#xD;
	at com.kms.katalon.core.webui.keyword.builtin.ClickKeyword.click(ClickKeyword.groovy:86)&#xD;
	at com.kms.katalon.core.webui.keyword.builtin.ClickKeyword.execute(ClickKeyword.groovy:67)&#xD;
	at com.kms.katalon.core.keyword.internal.KeywordExecutor.executeKeywordForPlatform(KeywordExecutor.groovy:56)&#xD;
	at com.kms.katalon.core.webui.keyword.WebUiBuiltInKeywords.click(WebUiBuiltInKeywords.groovy:616)&#xD;
	at com.kms.katalon.core.webui.keyword.WebUiBuiltInKeywords$click$4.call(Unknown Source)&#xD;
	at ProfileDeletion.run(ProfileDeletion:28)&#xD;
	at com.kms.katalon.core.main.ScriptEngine.run(ScriptEngine.java:194)&#xD;
	at com.kms.katalon.core.main.ScriptEngine.runScriptAsRawText(ScriptEngine.java:119)&#xD;
	at com.kms.katalon.core.main.TestCaseExecutor.runScript(TestCaseExecutor.java:337)&#xD;
	at com.kms.katalon.core.main.TestCaseExecutor.doExecute(TestCaseExecutor.java:328)&#xD;
	at com.kms.katalon.core.main.TestCaseExecutor.processExecutionPhase(TestCaseExecutor.java:307)&#xD;
	at com.kms.katalon.core.main.TestCaseExecutor.accessMainPhase(TestCaseExecutor.java:299)&#xD;
	at com.kms.katalon.core.main.TestCaseExecutor.execute(TestCaseExecutor.java:233)&#xD;
	at com.kms.katalon.core.main.TestSuiteExecutor.accessTestCaseMainPhase(TestSuiteExecutor.java:169)&#xD;
	at com.kms.katalon.core.main.TestSuiteExecutor.accessTestSuiteMainPhase(TestSuiteExecutor.java:142)&#xD;
	at com.kms.katalon.core.main.TestSuiteExecutor.execute(TestSuiteExecutor.java:91)&#xD;
	at com.kms.katalon.core.main.TestCaseMain.startTestSuite(TestCaseMain.java:157)&#xD;
	at com.kms.katalon.core.main.TestCaseMain$startTestSuite$0.call(Unknown Source)&#xD;
	at TempTestSuite1571412266031.run(TempTestSuite1571412266031.groovy:35)&#xD;
Caused by: com.kms.katalon.core.webui.exception.WebElementNotFoundException: Web element with id: 'Object Repository/DeletionObject/Page_Home/i_Settings_fa fa-gear' located by 'By.xpath: /html[@class="fa-events-icons-ready"]/body[1]/header[@class="main-header nav-down"]/div[@class="topbar"]/div[@class="container-fluid"]/div[@class="row"]/div[@class="col-xs-6 col-sm-3 col-sm-push-6"]/div[@class="notif"]/div[@class="pull-right dropdown"]/button[@class="btn dropdown-toggle setting"]/i[@class="fa fa-gear"]' not found&#xD;
	at com.kms.katalon.core.webui.common.WebUiCommonHelper.findWebElement(WebUiCommonHelper.java:1097)&#xD;
	at com.kms.katalon.core.webui.keyword.internal.WebUIAbstractKeyword.findWebElement(WebUIAbstractKeyword.groovy:27)&#xD;
	at com.kms.katalon.core.webui.keyword.internal.WebUIAbstractKeyword.findWebElement(WebUIAbstractKeyword.groovy:26)&#xD;
	at com.kms.katalon.core.webui.keyword.builtin.ClickKeyword$_click_closure1.doCall(ClickKeyword.groovy:77)&#xD;
	at com.kms.katalon.core.webui.keyword.builtin.ClickKeyword$_click_closure1.call(ClickKeyword.groovy)&#xD;
	at com.kms.katalon.core.webui.keyword.internal.WebUIKeywordMain.runKeyword(WebUIKeywordMain.groovy:20)&#xD;
	... 19 more</system-err>
        </testcase>
        <testcase name="Test Cases/workLifeTest/FailureTest" classname="Test Cases/workLifeTest/FailureTest" status="PASSED">
            <system-out>2019-10-18 20:56:32 - [TEST_CASE][PASSED] - Test Cases/workLifeTest/FailureTest: Test Cases/workLifeTest/FailureTest&#xD;
&#xD;
2019-10-18 20:56:32 - [TEST_STEP][PASSED] - Start listener action : beforeTestcase: null&#xD;
&#xD;
2019-10-18 20:56:33 - [TEST_STEP][PASSED] - openBrowser(AppUrl): Browser is opened with url: 'https://qa.thework.life'&#xD;
&#xD;
2019-10-18 20:56:33 - [MESSAGE][INFO] - Starting 'Firefox' driver&#xD;
&#xD;
2019-10-18 20:57:12 - [MESSAGE][PASSED] - Browser is opened with url: 'https://qa.thework.life'&#xD;
&#xD;
2019-10-18 20:57:12 - [TEST_STEP][PASSED] - navigateToUrl(AppUrl): Navigate to 'https://qa.thework.life' successfully&#xD;
&#xD;
2019-10-18 20:57:16 - [MESSAGE][PASSED] - Navigate to 'https://qa.thework.life' successfully&#xD;
&#xD;
2019-10-18 20:57:16 - [TEST_STEP][PASSED] - setText(findTestObject("Object Repository/Page_theworklife/input_Forgot password_username"), "jsgifuwidw@gmail.com"): Text 'jsgifuwidw@gmail.com' is set on object 'Object Repository/Page_theworklife/input_Forgot password_username'&#xD;
&#xD;
2019-10-18 20:57:16 - [MESSAGE][PASSED] - Text 'jsgifuwidw@gmail.com' is set on object 'Object Repository/Page_theworklife/input_Forgot password_username'&#xD;
&#xD;
2019-10-18 20:57:16 - [TEST_STEP][PASSED] - setEncryptedText(findTestObject("Object Repository/Page_theworklife/input_Forgot password_password"), "I24EpPs9VQ1LZoTHit0ojg=="): Text ****** has been set on object 'Object Repository/Page_theworklife/input_Forgot password_password'&#xD;
&#xD;
2019-10-18 20:57:17 - [MESSAGE][PASSED] - Text ****** has been set on object 'Object Repository/Page_theworklife/input_Forgot password_password'&#xD;
&#xD;
2019-10-18 20:57:17 - [TEST_STEP][PASSED] - click(findTestObject("Object Repository/Page_theworklife/button_Sign in")): Object: 'Object Repository/Page_theworklife/button_Sign in' is clicked on&#xD;
&#xD;
2019-10-18 20:57:24 - [MESSAGE][PASSED] - Object: 'Object Repository/Page_theworklife/button_Sign in' is clicked on&#xD;
&#xD;
2019-10-18 20:57:24 - [TEST_STEP][PASSED] - click(findTestObject("Object Repository/Page_theworklife/span_Username or Email ID does not exist")): Object: 'Object Repository/Page_theworklife/span_Username or Email ID does not exist' is clicked on&#xD;
&#xD;
2019-10-18 20:57:24 - [MESSAGE][PASSED] - Object: 'Object Repository/Page_theworklife/span_Username or Email ID does not exist' is clicked on&#xD;
&#xD;
2019-10-18 20:57:24 - [TEST_STEP][PASSED] - verifyElementText(findTestObject("Page_theworklife/span_Username or Email ID does not exist"), "Username or Email ID does not exist!"): Actual text and expected text of test object 'Object Repository/Page_theworklife/span_Username or Email ID does not exist' are matched.&#xD;
&#xD;
2019-10-18 20:57:24 - [MESSAGE][PASSED] - Actual text and expected text of test object 'Object Repository/Page_theworklife/span_Username or Email ID does not exist' are matched.&#xD;
&#xD;
2019-10-18 20:57:24 - [TEST_STEP][PASSED] - closeBrowser(): Browser is closed&#xD;
&#xD;
2019-10-18 20:57:26 - [MESSAGE][PASSED] - Browser is closed&#xD;
&#xD;
2019-10-18 20:57:26 - [TEST_STEP][PASSED] - Start listener action : afterTestcase: Browser is closed&#xD;
&#xD;
2019-10-18 20:57:26 - [TEST_STEP][PASSED] - closeBrowser(): Browser is closed&#xD;
&#xD;
2019-10-18 20:57:26 - [MESSAGE][PASSED] - Browser is closed</system-out>
            <system-err></system-err>
        </testcase>
        <testcase name="Test Cases/workLifeTest/ProfileCreationAddSkill" classname="Test Cases/workLifeTest/ProfileCreationAddSkill" status="PASSED">
            <system-out>2019-10-18 20:57:26 - [TEST_CASE][PASSED] - Test Cases/workLifeTest/ProfileCreationAddSkill: Test Cases/workLifeTest/ProfileCreationAddSkill&#xD;
&#xD;
2019-10-18 20:57:26 - [TEST_STEP][PASSED] - Start listener action : beforeTestcase: null&#xD;
&#xD;
2019-10-18 20:57:27 - [TEST_STEP][PASSED] - skill = "SkillInput" + System.currentTimeMillis(): null&#xD;
&#xD;
2019-10-18 20:57:27 - [TEST_STEP][PASSED] - openBrowser(AppUrl): Browser is opened with url: 'https://qa.thework.life'&#xD;
&#xD;
2019-10-18 20:57:27 - [MESSAGE][INFO] - Starting 'Firefox' driver&#xD;
&#xD;
2019-10-18 20:58:04 - [MESSAGE][PASSED] - Browser is opened with url: 'https://qa.thework.life'&#xD;
&#xD;
2019-10-18 20:58:04 - [TEST_STEP][PASSED] - navigateToUrl(AppUrl): Navigate to 'https://qa.thework.life' successfully&#xD;
&#xD;
2019-10-18 20:58:14 - [MESSAGE][PASSED] - Navigate to 'https://qa.thework.life' successfully&#xD;
&#xD;
2019-10-18 20:58:14 - [TEST_STEP][PASSED] - setText(findTestObject("Object Repository/SkillPageObject/Page_theworklife - Find Great People To Work With/input_Forgot password_username"), "worklifetest10001@gmail.com"): Text 'worklifetest10001@gmail.com' is set on object 'Object Repository/SkillPageObject/Page_theworklife - Find Great People To Work With/input_Forgot password_username'&#xD;
&#xD;
2019-10-18 20:58:15 - [MESSAGE][PASSED] - Text 'worklifetest10001@gmail.com' is set on object 'Object Repository/SkillPageObject/Page_theworklife - Find Great People To Work With/input_Forgot password_username'&#xD;
&#xD;
2019-10-18 20:58:15 - [TEST_STEP][PASSED] - setEncryptedText(findTestObject("Object Repository/SkillPageObject/Page_theworklife - Find Great People To Work With/input_Forgot password_password"), "XU9cBalmEBp1UP+jEU2w4UUBUuNgBY4U"): Text ****** has been set on object 'Object Repository/SkillPageObject/Page_theworklife - Find Great People To Work With/input_Forgot password_password'&#xD;
&#xD;
2019-10-18 20:58:15 - [MESSAGE][PASSED] - Text ****** has been set on object 'Object Repository/SkillPageObject/Page_theworklife - Find Great People To Work With/input_Forgot password_password'&#xD;
&#xD;
2019-10-18 20:58:15 - [TEST_STEP][PASSED] - click(findTestObject("Object Repository/SkillPageObject/Page_theworklife - Find Great People To Work With/button_Sign in")): Object: 'Object Repository/SkillPageObject/Page_theworklife - Find Great People To Work With/button_Sign in' is clicked on&#xD;
&#xD;
2019-10-18 20:58:21 - [MESSAGE][PASSED] - Object: 'Object Repository/SkillPageObject/Page_theworklife - Find Great People To Work With/button_Sign in' is clicked on&#xD;
&#xD;
2019-10-18 20:58:21 - [TEST_STEP][PASSED] - click(findTestObject("Object Repository/SkillPageObject/Page_Home/a_profile")): Object: 'Object Repository/SkillPageObject/Page_Home/a_profile' is clicked on&#xD;
&#xD;
2019-10-18 20:58:29 - [MESSAGE][PASSED] - Object: 'Object Repository/SkillPageObject/Page_Home/a_profile' is clicked on&#xD;
&#xD;
2019-10-18 20:58:29 - [TEST_STEP][PASSED] - click(findTestObject("Object Repository/SkillPageObject/Page_Home/a_Edit Profile")): Object: 'Object Repository/SkillPageObject/Page_Home/a_Edit Profile' is clicked on&#xD;
&#xD;
2019-10-18 20:58:34 - [MESSAGE][PASSED] - Object: 'Object Repository/SkillPageObject/Page_Home/a_Edit Profile' is clicked on&#xD;
&#xD;
2019-10-18 20:58:34 - [TEST_STEP][PASSED] - click(findTestObject("Object Repository/SkillPageObject/Page_Edit Profile/a_Skills")): Object: 'Object Repository/SkillPageObject/Page_Edit Profile/a_Skills' is clicked on&#xD;
&#xD;
2019-10-18 20:58:49 - [MESSAGE][PASSED] - Object: 'Object Repository/SkillPageObject/Page_Edit Profile/a_Skills' is clicked on&#xD;
&#xD;
2019-10-18 20:58:49 - [TEST_STEP][PASSED] - click(findTestObject("Object Repository/SkillPageObject/Page_Edit Profile/input_Add Skills_skills_name")): Object: 'Object Repository/SkillPageObject/Page_Edit Profile/input_Add Skills_skills_name' is clicked on&#xD;
&#xD;
2019-10-18 20:58:58 - [MESSAGE][PASSED] - Object: 'Object Repository/SkillPageObject/Page_Edit Profile/input_Add Skills_skills_name' is clicked on&#xD;
&#xD;
2019-10-18 20:58:58 - [TEST_STEP][PASSED] - clearText(findTestObject("Object Repository/SkillPageObject/Page_Edit Profile/input_Add Skills_skills_name")): Text of object 'Object Repository/SkillPageObject/Page_Edit Profile/input_Add Skills_skills_name' is cleared&#xD;
&#xD;
2019-10-18 20:58:58 - [MESSAGE][PASSED] - Text of object 'Object Repository/SkillPageObject/Page_Edit Profile/input_Add Skills_skills_name' is cleared&#xD;
&#xD;
2019-10-18 20:58:58 - [TEST_STEP][PASSED] - delay(1): Delayed 1 second(s)&#xD;
&#xD;
2019-10-18 20:58:59 - [MESSAGE][PASSED] - Delayed 1 second(s)&#xD;
&#xD;
2019-10-18 20:59:00 - [TEST_STEP][PASSED] - sendKeys(findTestObject("Object Repository/SkillPageObject/Page_Edit Profile/input_Add Skills_skills_name"), skill.toString()): Keys 'SkillInput1571412447312' sent to object: 'Object Repository/SkillPageObject/Page_Edit Profile/input_Add Skills_skills_name'&#xD;
&#xD;
2019-10-18 20:59:00 - [MESSAGE][PASSED] - Keys 'SkillInput1571412447312' sent to object: 'Object Repository/SkillPageObject/Page_Edit Profile/input_Add Skills_skills_name'&#xD;
&#xD;
2019-10-18 20:59:00 - [TEST_STEP][PASSED] - delay(3): Delayed 3 second(s)&#xD;
&#xD;
2019-10-18 20:59:03 - [MESSAGE][PASSED] - Delayed 3 second(s)&#xD;
&#xD;
2019-10-18 20:59:03 - [TEST_STEP][PASSED] - click(findTestObject("Object Repository/SkillPageObject/Page_Edit Profile/div_Add Skills                                                                                    Add Skill")): Object: 'Object Repository/SkillPageObject/Page_Edit Profile/div_Add Skills                                                                                    Add Skill' is clicked on&#xD;
&#xD;
2019-10-18 20:59:04 - [MESSAGE][PASSED] - Object: 'Object Repository/SkillPageObject/Page_Edit Profile/div_Add Skills                                                                                    Add Skill' is clicked on&#xD;
&#xD;
2019-10-18 20:59:04 - [TEST_STEP][PASSED] - click(findTestObject("Object Repository/SkillPageObject/Page_Edit Profile/button_Add Skill")): Object: 'Object Repository/SkillPageObject/Page_Edit Profile/button_Add Skill' is clicked on&#xD;
&#xD;
2019-10-18 20:59:04 - [MESSAGE][PASSED] - Object: 'Object Repository/SkillPageObject/Page_Edit Profile/button_Add Skill' is clicked on&#xD;
&#xD;
2019-10-18 20:59:04 - [TEST_STEP][PASSED] - println(skill): null&#xD;
&#xD;
2019-10-18 20:59:04 - [TEST_STEP][PASSED] - verifyElementPresent(findTestObject("SkillPageObject/Page_Edit Profile/li_test123450", ["text":skill]), 0): Object 'Object Repository/SkillPageObject/Page_Edit Profile/li_test123450' is present&#xD;
&#xD;
2019-10-18 20:59:05 - [MESSAGE][WARNING] - Timeout '0' is invalid. Using default page load timeout: '30'&#xD;
&#xD;
2019-10-18 20:59:05 - [MESSAGE][PASSED] - Object 'Object Repository/SkillPageObject/Page_Edit Profile/li_test123450' is present&#xD;
&#xD;
2019-10-18 20:59:05 - [TEST_STEP][PASSED] - Start listener action : afterTestcase: Browser is closed&#xD;
&#xD;
2019-10-18 20:59:05 - [TEST_STEP][PASSED] - closeBrowser(): Browser is closed&#xD;
&#xD;
2019-10-18 20:59:07 - [MESSAGE][PASSED] - Browser is closed</system-out>
            <system-err></system-err>
        </testcase>
        <testcase name="Test Cases/workLifeTest/ProfileCreationEducationDetails" classname="Test Cases/workLifeTest/ProfileCreationEducationDetails" status="FAILED">
            <failure type="FAILED" message="Test Cases/workLifeTest/ProfileCreationEducationDetails FAILED.&#xA;Reason:&#xA;com.kms.katalon.core.exception.StepFailedException: Verify element text of test object 'Object Repository/EducationDetails/Page_Edit Profile/h2_MyCollege' FAILED.&#xD;&#xA;&#x9;at com.kms.katalon.core.webui.keyword.internal.WebUIKeywordMain.stepFailed(WebUIKeywordMain.groovy:64)&#xD;&#xA;&#x9;at com.kms.katalon.core.webui.keyword.internal.WebUIKeywordMain.runKeyword(WebUIKeywordMain.groovy:26)&#xD;&#xA;&#x9;at com.kms.katalon.core.webui.keyword.builtin.VerifyElementTextKeyword.verifyElementText(VerifyElementTextKeyword.groovy:72)&#xD;&#xA;&#x9;at com.kms.katalon.core.webui.keyword.builtin.VerifyElementTextKeyword.execute(VerifyElementTextKeyword.groovy:40)&#xD;&#xA;&#x9;at com.kms.katalon.core.keyword.internal.KeywordExecutor.executeKeywordForPlatform(KeywordExecutor.groovy:56)&#xD;&#xA;&#x9;at com.kms.katalon.core.webui.keyword.WebUiBuiltInKeywords.verifyElementText(WebUiBuiltInKeywords.groovy:3663)&#xD;&#xA;&#x9;at com.kms.katalon.core.webui.keyword.WebUiBuiltInKeywords$verifyElementText$5.call(Unknown Source)&#xD;&#xA;&#x9;at ProfileCreationEducationDetails.run(ProfileCreationEducationDetails:78)&#xD;&#xA;&#x9;at com.kms.katalon.core.main.ScriptEngine.run(ScriptEngine.java:194)&#xD;&#xA;&#x9;at com.kms.katalon.core.main.ScriptEngine.runScriptAsRawText(ScriptEngine.java:119)&#xD;&#xA;&#x9;at com.kms.katalon.core.main.TestCaseExecutor.runScript(TestCaseExecutor.java:337)&#xD;&#xA;&#x9;at com.kms.katalon.core.main.TestCaseExecutor.doExecute(TestCaseExecutor.java:328)&#xD;&#xA;&#x9;at com.kms.katalon.core.main.TestCaseExecutor.processExecutionPhase(TestCaseExecutor.java:307)&#xD;&#xA;&#x9;at com.kms.katalon.core.main.TestCaseExecutor.accessMainPhase(TestCaseExecutor.java:299)&#xD;&#xA;&#x9;at com.kms.katalon.core.main.TestCaseExecutor.execute(TestCaseExecutor.java:233)&#xD;&#xA;&#x9;at com.kms.katalon.core.main.TestSuiteExecutor.accessTestCaseMainPhase(TestSuiteExecutor.java:169)&#xD;&#xA;&#x9;at com.kms.katalon.core.main.TestSuiteExecutor.accessTestSuiteMainPhase(TestSuiteExecutor.java:142)&#xD;&#xA;&#x9;at com.kms.katalon.core.main.TestSuiteExecutor.execute(TestSuiteExecutor.java:91)&#xD;&#xA;&#x9;at com.kms.katalon.core.main.TestCaseMain.startTestSuite(TestCaseMain.java:157)&#xD;&#xA;&#x9;at com.kms.katalon.core.main.TestCaseMain$startTestSuite$0.call(Unknown Source)&#xD;&#xA;&#x9;at TempTestSuite1571412266031.run(TempTestSuite1571412266031.groovy:35)&#xD;&#xA;Caused by: com.kms.katalon.core.exception.StepFailedException: com.kms.katalon.core.webui.exception.WebElementNotFoundException: Web element with id: 'Object Repository/EducationDetails/Page_Edit Profile/h2_MyCollege' located by 'By.xpath: //h2[contains(text(),'MyCollege1571412548361')]' not found&#xD;&#xA;&#x9;at com.kms.katalon.core.webui.keyword.internal.WebUIKeywordMain.stepFailed(WebUIKeywordMain.groovy:64)&#xD;&#xA;&#x9;at com.kms.katalon.core.webui.keyword.builtin.VerifyElementTextKeyword$_verifyElementText_closure1.doCall(VerifyElementTextKeyword.groovy:64)&#xD;&#xA;&#x9;at com.kms.katalon.core.webui.keyword.builtin.VerifyElementTextKeyword$_verifyElementText_closure1.call(VerifyElementTextKeyword.groovy)&#xD;&#xA;&#x9;at com.kms.katalon.core.webui.keyword.internal.WebUIKeywordMain.runKeyword(WebUIKeywordMain.groovy:20)&#xD;&#xA;&#x9;... 19 more&#xD;&#xA;"/>
            <system-out>2019-10-18 20:59:07 - [TEST_CASE][FAILED] - Test Cases/workLifeTest/ProfileCreationEducationDetails: Test Cases/workLifeTest/ProfileCreationEducationDetails FAILED.
Reason:
com.kms.katalon.core.exception.StepFailedException: Verify element text of test object 'Object Repository/EducationDetails/Page_Edit Profile/h2_MyCollege' FAILED.&#xD;
	at com.kms.katalon.core.webui.keyword.internal.WebUIKeywordMain.stepFailed(WebUIKeywordMain.groovy:64)&#xD;
	at com.kms.katalon.core.webui.keyword.internal.WebUIKeywordMain.runKeyword(WebUIKeywordMain.groovy:26)&#xD;
	at com.kms.katalon.core.webui.keyword.builtin.VerifyElementTextKeyword.verifyElementText(VerifyElementTextKeyword.groovy:72)&#xD;
	at com.kms.katalon.core.webui.keyword.builtin.VerifyElementTextKeyword.execute(VerifyElementTextKeyword.groovy:40)&#xD;
	at com.kms.katalon.core.keyword.internal.KeywordExecutor.executeKeywordForPlatform(KeywordExecutor.groovy:56)&#xD;
	at com.kms.katalon.core.webui.keyword.WebUiBuiltInKeywords.verifyElementText(WebUiBuiltInKeywords.groovy:3663)&#xD;
	at com.kms.katalon.core.webui.keyword.WebUiBuiltInKeywords$verifyElementText$5.call(Unknown Source)&#xD;
	at ProfileCreationEducationDetails.run(ProfileCreationEducationDetails:78)&#xD;
	at com.kms.katalon.core.main.ScriptEngine.run(ScriptEngine.java:194)&#xD;
	at com.kms.katalon.core.main.ScriptEngine.runScriptAsRawText(ScriptEngine.java:119)&#xD;
	at com.kms.katalon.core.main.TestCaseExecutor.runScript(TestCaseExecutor.java:337)&#xD;
	at com.kms.katalon.core.main.TestCaseExecutor.doExecute(TestCaseExecutor.java:328)&#xD;
	at com.kms.katalon.core.main.TestCaseExecutor.processExecutionPhase(TestCaseExecutor.java:307)&#xD;
	at com.kms.katalon.core.main.TestCaseExecutor.accessMainPhase(TestCaseExecutor.java:299)&#xD;
	at com.kms.katalon.core.main.TestCaseExecutor.execute(TestCaseExecutor.java:233)&#xD;
	at com.kms.katalon.core.main.TestSuiteExecutor.accessTestCaseMainPhase(TestSuiteExecutor.java:169)&#xD;
	at com.kms.katalon.core.main.TestSuiteExecutor.accessTestSuiteMainPhase(TestSuiteExecutor.java:142)&#xD;
	at com.kms.katalon.core.main.TestSuiteExecutor.execute(TestSuiteExecutor.java:91)&#xD;
	at com.kms.katalon.core.main.TestCaseMain.startTestSuite(TestCaseMain.java:157)&#xD;
	at com.kms.katalon.core.main.TestCaseMain$startTestSuite$0.call(Unknown Source)&#xD;
	at TempTestSuite1571412266031.run(TempTestSuite1571412266031.groovy:35)&#xD;
Caused by: com.kms.katalon.core.exception.StepFailedException: com.kms.katalon.core.webui.exception.WebElementNotFoundException: Web element with id: 'Object Repository/EducationDetails/Page_Edit Profile/h2_MyCollege' located by 'By.xpath: //h2[contains(text(),'MyCollege1571412548361')]' not found&#xD;
	at com.kms.katalon.core.webui.keyword.internal.WebUIKeywordMain.stepFailed(WebUIKeywordMain.groovy:64)&#xD;
	at com.kms.katalon.core.webui.keyword.builtin.VerifyElementTextKeyword$_verifyElementText_closure1.doCall(VerifyElementTextKeyword.groovy:64)&#xD;
	at com.kms.katalon.core.webui.keyword.builtin.VerifyElementTextKeyword$_verifyElementText_closure1.call(VerifyElementTextKeyword.groovy)&#xD;
	at com.kms.katalon.core.webui.keyword.internal.WebUIKeywordMain.runKeyword(WebUIKeywordMain.groovy:20)&#xD;
	... 19 more&#xD;
&#xD;
&#xD;
2019-10-18 20:59:07 - [TEST_STEP][PASSED] - Start listener action : beforeTestcase: null&#xD;
&#xD;
2019-10-18 20:59:08 - [TEST_STEP][PASSED] - college = "MyCollege" + System.currentTimeMillis(): null&#xD;
&#xD;
2019-10-18 20:59:08 - [TEST_STEP][PASSED] - openBrowser(AppUrl): Browser is opened with url: 'https://qa.thework.life'&#xD;
&#xD;
2019-10-18 20:59:08 - [MESSAGE][INFO] - Starting 'Firefox' driver&#xD;
&#xD;
2019-10-18 20:59:35 - [MESSAGE][PASSED] - Browser is opened with url: 'https://qa.thework.life'&#xD;
&#xD;
2019-10-18 20:59:35 - [TEST_STEP][PASSED] - navigateToUrl(AppUrl): Navigate to 'https://qa.thework.life' successfully&#xD;
&#xD;
2019-10-18 20:59:45 - [MESSAGE][PASSED] - Navigate to 'https://qa.thework.life' successfully&#xD;
&#xD;
2019-10-18 20:59:45 - [TEST_STEP][PASSED] - setText(findTestObject("EducationDetails/Page_theworklife - Find Great People To Work With/input_Forgot password_username"), "worklifetest10001@gmail.com"): Text 'worklifetest10001@gmail.com' is set on object 'Object Repository/EducationDetails/Page_theworklife - Find Great People To Work With/input_Forgot password_username'&#xD;
&#xD;
2019-10-18 20:59:46 - [MESSAGE][PASSED] - Text 'worklifetest10001@gmail.com' is set on object 'Object Repository/EducationDetails/Page_theworklife - Find Great People To Work With/input_Forgot password_username'&#xD;
&#xD;
2019-10-18 20:59:46 - [TEST_STEP][PASSED] - setEncryptedText(findTestObject("EducationDetails/Page_theworklife - Find Great People To Work With/input_Forgot password_password"), "XU9cBalmEBp1UP+jEU2w4UUBUuNgBY4U"): Text ****** has been set on object 'Object Repository/EducationDetails/Page_theworklife - Find Great People To Work With/input_Forgot password_password'&#xD;
&#xD;
2019-10-18 20:59:46 - [MESSAGE][PASSED] - Text ****** has been set on object 'Object Repository/EducationDetails/Page_theworklife - Find Great People To Work With/input_Forgot password_password'&#xD;
&#xD;
2019-10-18 20:59:46 - [TEST_STEP][PASSED] - click(findTestObject("EducationDetails/Page_theworklife - Find Great People To Work With/button_Sign in")): Object: 'Object Repository/EducationDetails/Page_theworklife - Find Great People To Work With/button_Sign in' is clicked on&#xD;
&#xD;
2019-10-18 21:00:26 - [MESSAGE][PASSED] - Object: 'Object Repository/EducationDetails/Page_theworklife - Find Great People To Work With/button_Sign in' is clicked on&#xD;
&#xD;
2019-10-18 21:00:26 - [TEST_STEP][PASSED] - click(findTestObject("EducationDetails/Page_Home/a_profile")): Object: 'Object Repository/EducationDetails/Page_Home/a_profile' is clicked on&#xD;
&#xD;
2019-10-18 21:00:26 - [MESSAGE][PASSED] - Object: 'Object Repository/EducationDetails/Page_Home/a_profile' is clicked on&#xD;
&#xD;
2019-10-18 21:00:26 - [TEST_STEP][PASSED] - click(findTestObject("EducationDetails/Page_Home/a_Edit Profile")): Object: 'Object Repository/EducationDetails/Page_Home/a_Edit Profile' is clicked on&#xD;
&#xD;
2019-10-18 21:00:45 - [MESSAGE][PASSED] - Object: 'Object Repository/EducationDetails/Page_Home/a_Edit Profile' is clicked on&#xD;
&#xD;
2019-10-18 21:00:45 - [TEST_STEP][PASSED] - click(findTestObject("Object Repository/EducationDetails/Page_Edit Profile/a_Education")): Object: 'Object Repository/EducationDetails/Page_Edit Profile/a_Education' is clicked on&#xD;
&#xD;
2019-10-18 21:00:45 - [MESSAGE][PASSED] - Object: 'Object Repository/EducationDetails/Page_Edit Profile/a_Education' is clicked on&#xD;
&#xD;
2019-10-18 21:00:45 - [TEST_STEP][PASSED] - delay(5): Delayed 5 second(s)&#xD;
&#xD;
2019-10-18 21:00:50 - [MESSAGE][PASSED] - Delayed 5 second(s)&#xD;
&#xD;
2019-10-18 21:00:50 - [TEST_STEP][PASSED] - waitForElementVisible(findTestObject("EducationDetails/Page_Edit Profile/button_ Add Education"), 3): Object 'Object Repository/EducationDetails/Page_Edit Profile/button_ Add Education' is visible&#xD;
&#xD;
2019-10-18 21:00:51 - [MESSAGE][PASSED] - Object 'Object Repository/EducationDetails/Page_Edit Profile/button_ Add Education' is visible&#xD;
&#xD;
2019-10-18 21:00:51 - [TEST_STEP][PASSED] - click(findTestObject("EducationDetails/Page_Edit Profile/button_ Add Education")): Object: 'Object Repository/EducationDetails/Page_Edit Profile/button_ Add Education' is clicked on&#xD;
&#xD;
2019-10-18 21:00:51 - [MESSAGE][PASSED] - Object: 'Object Repository/EducationDetails/Page_Edit Profile/button_ Add Education' is clicked on&#xD;
&#xD;
2019-10-18 21:00:51 - [TEST_STEP][PASSED] - sleep(5000): null&#xD;
&#xD;
2019-10-18 21:00:56 - [TEST_STEP][PASSED] - waitForElementNotVisible(findTestObject("Experience/Page_Edit Profile/loader"), 5): Object 'Object Repository/Experience/Page_Edit Profile/loader' is NOT visible&#xD;
&#xD;
2019-10-18 21:00:56 - [MESSAGE][PASSED] - Object 'Object Repository/Experience/Page_Edit Profile/loader' is NOT visible&#xD;
&#xD;
2019-10-18 21:00:56 - [TEST_STEP][PASSED] - waitForElementPresent(findTestObject("EducationDetails/Page_Edit Profile/DegreForm"), 5): Object 'Object Repository/EducationDetails/Page_Edit Profile/DegreForm' is present&#xD;
&#xD;
2019-10-18 21:00:57 - [MESSAGE][PASSED] - Object 'Object Repository/EducationDetails/Page_Edit Profile/DegreForm' is present&#xD;
&#xD;
2019-10-18 21:00:57 - [TEST_STEP][PASSED] - setText(findTestObject("EducationDetails/Page_Edit Profile/input_Select institute_institute"), college): Text 'MyCollege1571412548361' is set on object 'Object Repository/EducationDetails/Page_Edit Profile/input_Select institute_institute'&#xD;
&#xD;
2019-10-18 21:00:57 - [MESSAGE][PASSED] - Text 'MyCollege1571412548361' is set on object 'Object Repository/EducationDetails/Page_Edit Profile/input_Select institute_institute'&#xD;
&#xD;
2019-10-18 21:00:57 - [TEST_STEP][PASSED] - click(findTestObject("EducationDetails/Page_Edit Profile/DegreForm")): Object: 'Object Repository/EducationDetails/Page_Edit Profile/DegreForm' is clicked on&#xD;
&#xD;
2019-10-18 21:00:57 - [MESSAGE][PASSED] - Object: 'Object Repository/EducationDetails/Page_Edit Profile/DegreForm' is clicked on&#xD;
&#xD;
2019-10-18 21:00:57 - [TEST_STEP][PASSED] - setText(findTestObject("Object Repository/EducationDetails/Page_Edit Profile/input_Degree_degree"), "worklife"): Text 'worklife' is set on object 'Object Repository/EducationDetails/Page_Edit Profile/input_Degree_degree'&#xD;
&#xD;
2019-10-18 21:00:58 - [MESSAGE][PASSED] - Text 'worklife' is set on object 'Object Repository/EducationDetails/Page_Edit Profile/input_Degree_degree'&#xD;
&#xD;
2019-10-18 21:00:58 - [TEST_STEP][PASSED] - click(findTestObject("EducationDetails/Page_Edit Profile/DegreForm")): Object: 'Object Repository/EducationDetails/Page_Edit Profile/DegreForm' is clicked on&#xD;
&#xD;
2019-10-18 21:00:58 - [MESSAGE][PASSED] - Object: 'Object Repository/EducationDetails/Page_Edit Profile/DegreForm' is clicked on&#xD;
&#xD;
2019-10-18 21:00:58 - [TEST_STEP][PASSED] - setText(findTestObject("Object Repository/EducationDetails/Page_Edit Profile/input_SpecialityField_specialty"), "worklife"): Text 'worklife' is set on object 'Object Repository/EducationDetails/Page_Edit Profile/input_SpecialityField_specialty'&#xD;
&#xD;
2019-10-18 21:00:58 - [MESSAGE][PASSED] - Text 'worklife' is set on object 'Object Repository/EducationDetails/Page_Edit Profile/input_SpecialityField_specialty'&#xD;
&#xD;
2019-10-18 21:00:58 - [TEST_STEP][PASSED] - click(findTestObject("EducationDetails/Page_Edit Profile/DegreForm")): Object: 'Object Repository/EducationDetails/Page_Edit Profile/DegreForm' is clicked on&#xD;
&#xD;
2019-10-18 21:00:59 - [MESSAGE][PASSED] - Object: 'Object Repository/EducationDetails/Page_Edit Profile/DegreForm' is clicked on&#xD;
&#xD;
2019-10-18 21:00:59 - [TEST_STEP][PASSED] - selectOptionByValue(findTestObject("Object Repository/EducationDetails/Page_Edit Profile/select_Please selectYear (1)"), "2008", true): All options with value '2008' are selected in object 'Object Repository/EducationDetails/Page_Edit Profile/select_Please selectYear (1)'  using regular expression&#xD;
&#xD;
2019-10-18 21:01:01 - [MESSAGE][PASSED] - All options with value '2008' are selected in object 'Object Repository/EducationDetails/Page_Edit Profile/select_Please selectYear (1)'  using regular expression&#xD;
&#xD;
2019-10-18 21:01:01 - [TEST_STEP][PASSED] - selectOptionByValue(findTestObject("Object Repository/EducationDetails/Page_Edit Profile/select_Please selectYear"), "2002", true): All options with value '2002' are selected in object 'Object Repository/EducationDetails/Page_Edit Profile/select_Please selectYear'  using regular expression&#xD;
&#xD;
2019-10-18 21:01:02 - [MESSAGE][PASSED] - All options with value '2002' are selected in object 'Object Repository/EducationDetails/Page_Edit Profile/select_Please selectYear'  using regular expression&#xD;
&#xD;
2019-10-18 21:01:02 - [TEST_STEP][PASSED] - setText(findTestObject("Object Repository/EducationDetails/Page_Edit Profile/textarea_(Optional)_description"), "Test Description"): Text 'Test Description' is set on object 'Object Repository/EducationDetails/Page_Edit Profile/textarea_(Optional)_description'&#xD;
&#xD;
2019-10-18 21:01:03 - [MESSAGE][PASSED] - Text 'Test Description' is set on object 'Object Repository/EducationDetails/Page_Edit Profile/textarea_(Optional)_description'&#xD;
&#xD;
2019-10-18 21:01:03 - [TEST_STEP][PASSED] - click(findTestObject("EducationDetails/Page_Edit Profile/DegreForm")): Object: 'Object Repository/EducationDetails/Page_Edit Profile/DegreForm' is clicked on&#xD;
&#xD;
2019-10-18 21:01:03 - [MESSAGE][PASSED] - Object: 'Object Repository/EducationDetails/Page_Edit Profile/DegreForm' is clicked on&#xD;
&#xD;
2019-10-18 21:01:03 - [TEST_STEP][PASSED] - scrollToElement(findTestObject("EducationDetails/Page_Edit Profile/button_Save"), 0): Scroll to object 'Object Repository/EducationDetails/Page_Edit Profile/button_Save' successfully&#xD;
&#xD;
2019-10-18 21:01:03 - [MESSAGE][WARNING] - Timeout '0' is invalid. Using default page load timeout: '30'&#xD;
&#xD;
2019-10-18 21:01:03 - [MESSAGE][PASSED] - Scroll to object 'Object Repository/EducationDetails/Page_Edit Profile/button_Save' successfully&#xD;
&#xD;
2019-10-18 21:01:03 - [TEST_STEP][PASSED] - delay(3): Delayed 3 second(s)&#xD;
&#xD;
2019-10-18 21:01:06 - [MESSAGE][PASSED] - Delayed 3 second(s)&#xD;
&#xD;
2019-10-18 21:01:06 - [TEST_STEP][PASSED] - click(findTestObject("EducationDetails/Page_Edit Profile/button_Save")): Object: 'Object Repository/EducationDetails/Page_Edit Profile/button_Save' is clicked on&#xD;
&#xD;
2019-10-18 21:01:07 - [MESSAGE][PASSED] - Object: 'Object Repository/EducationDetails/Page_Edit Profile/button_Save' is clicked on&#xD;
&#xD;
2019-10-18 21:01:07 - [TEST_STEP][PASSED] - delay(3): Delayed 3 second(s)&#xD;
&#xD;
2019-10-18 21:01:10 - [MESSAGE][PASSED] - Delayed 3 second(s)&#xD;
&#xD;
2019-10-18 21:01:10 - [TEST_STEP][FAILED] - verifyElementText(findTestObject("EducationDetails/Page_Edit Profile/h2_MyCollege", ["college":college]), college): Verify element text of test object 'Object Repository/EducationDetails/Page_Edit Profile/h2_MyCollege' FAILED. (Root cause: com.kms.katalon.core.exception.StepFailedException: Verify element text of test object 'Object Repository/EducationDetails/Page_Edit Profile/h2_MyCollege' FAILED.&#xD;
	at com.kms.katalon.core.webui.keyword.internal.WebUIKeywordMain.stepFailed(WebUIKeywordMain.groovy:64)&#xD;
	at com.kms.katalon.core.webui.keyword.internal.WebUIKeywordMain.runKeyword(WebUIKeywordMain.groovy:26)&#xD;
	at com.kms.katalon.core.webui.keyword.builtin.VerifyElementTextKeyword.verifyElementText(VerifyElementTextKeyword.groovy:72)&#xD;
	at com.kms.katalon.core.webui.keyword.builtin.VerifyElementTextKeyword.execute(VerifyElementTextKeyword.groovy:40)&#xD;
	at com.kms.katalon.core.keyword.internal.KeywordExecutor.executeKeywordForPlatform(KeywordExecutor.groovy:56)&#xD;
	at com.kms.katalon.core.webui.keyword.WebUiBuiltInKeywords.verifyElementText(WebUiBuiltInKeywords.groovy:3663)&#xD;
	at com.kms.katalon.core.webui.keyword.WebUiBuiltInKeywords$verifyElementText$5.call(Unknown Source)&#xD;
	at ProfileCreationEducationDetails.run(ProfileCreationEducationDetails:78)&#xD;
	at com.kms.katalon.core.main.ScriptEngine.run(ScriptEngine.java:194)&#xD;
	at com.kms.katalon.core.main.ScriptEngine.runScriptAsRawText(ScriptEngine.java:119)&#xD;
	at com.kms.katalon.core.main.TestCaseExecutor.runScript(TestCaseExecutor.java:337)&#xD;
	at com.kms.katalon.core.main.TestCaseExecutor.doExecute(TestCaseExecutor.java:328)&#xD;
	at com.kms.katalon.core.main.TestCaseExecutor.processExecutionPhase(TestCaseExecutor.java:307)&#xD;
	at com.kms.katalon.core.main.TestCaseExecutor.accessMainPhase(TestCaseExecutor.java:299)&#xD;
	at com.kms.katalon.core.main.TestCaseExecutor.execute(TestCaseExecutor.java:233)&#xD;
	at com.kms.katalon.core.main.TestSuiteExecutor.accessTestCaseMainPhase(TestSuiteExecutor.java:169)&#xD;
	at com.kms.katalon.core.main.TestSuiteExecutor.accessTestSuiteMainPhase(TestSuiteExecutor.java:142)&#xD;
	at com.kms.katalon.core.main.TestSuiteExecutor.execute(TestSuiteExecutor.java:91)&#xD;
	at com.kms.katalon.core.main.TestCaseMain.startTestSuite(TestCaseMain.java:157)&#xD;
	at com.kms.katalon.core.main.TestCaseMain$startTestSuite$0.call(Unknown Source)&#xD;
	at TempTestSuite1571412266031.run(TempTestSuite1571412266031.groovy:35)&#xD;
Caused by: com.kms.katalon.core.exception.StepFailedException: com.kms.katalon.core.webui.exception.WebElementNotFoundException: Web element with id: 'Object Repository/EducationDetails/Page_Edit Profile/h2_MyCollege' located by 'By.xpath: //h2[contains(text(),'MyCollege1571412548361')]' not found&#xD;
	at com.kms.katalon.core.webui.keyword.internal.WebUIKeywordMain.stepFailed(WebUIKeywordMain.groovy:64)&#xD;
	at com.kms.katalon.core.webui.keyword.builtin.VerifyElementTextKeyword$_verifyElementText_closure1.doCall(VerifyElementTextKeyword.groovy:64)&#xD;
	at com.kms.katalon.core.webui.keyword.builtin.VerifyElementTextKeyword$_verifyElementText_closure1.call(VerifyElementTextKeyword.groovy)&#xD;
	at com.kms.katalon.core.webui.keyword.internal.WebUIKeywordMain.runKeyword(WebUIKeywordMain.groovy:20)&#xD;
	... 19 more&#xD;
)&#xD;
&#xD;
2019-10-18 21:01:41 - [MESSAGE][INFO] - Unable to find the element located by 'By.xpath: //h2[contains(text(),'MyCollege1571412548361')]'. Please recheck the objects properties to make sure the desired element is located. &#xD;
&#xD;
2019-10-18 21:01:41 - [MESSAGE][FAILED] - com.kms.katalon.core.webui.exception.WebElementNotFoundException: Web element with id: 'Object Repository/EducationDetails/Page_Edit Profile/h2_MyCollege' located by 'By.xpath: //h2[contains(text(),'MyCollege1571412548361')]' not found (Root cause: com.kms.katalon.core.exception.StepFailedException: com.kms.katalon.core.webui.exception.WebElementNotFoundException: Web element with id: 'Object Repository/EducationDetails/Page_Edit Profile/h2_MyCollege' located by 'By.xpath: //h2[contains(text(),'MyCollege1571412548361')]' not found&#xD;
	at com.kms.katalon.core.webui.keyword.internal.WebUIKeywordMain.stepFailed(WebUIKeywordMain.groovy:64)&#xD;
	at com.kms.katalon.core.webui.keyword.builtin.VerifyElementTextKeyword$_verifyElementText_closure1.doCall(VerifyElementTextKeyword.groovy:64)&#xD;
	at com.kms.katalon.core.webui.keyword.builtin.VerifyElementTextKeyword$_verifyElementText_closure1.call(VerifyElementTextKeyword.groovy)&#xD;
	at com.kms.katalon.core.webui.keyword.internal.WebUIKeywordMain.runKeyword(WebUIKeywordMain.groovy:20)&#xD;
	at com.kms.katalon.core.webui.keyword.builtin.VerifyElementTextKeyword.verifyElementText(VerifyElementTextKeyword.groovy:72)&#xD;
	at com.kms.katalon.core.webui.keyword.builtin.VerifyElementTextKeyword.execute(VerifyElementTextKeyword.groovy:40)&#xD;
	at com.kms.katalon.core.keyword.internal.KeywordExecutor.executeKeywordForPlatform(KeywordExecutor.groovy:56)&#xD;
	at com.kms.katalon.core.webui.keyword.WebUiBuiltInKeywords.verifyElementText(WebUiBuiltInKeywords.groovy:3663)&#xD;
	at com.kms.katalon.core.webui.keyword.WebUiBuiltInKeywords$verifyElementText$5.call(Unknown Source)&#xD;
	at ProfileCreationEducationDetails.run(ProfileCreationEducationDetails:78)&#xD;
	at com.kms.katalon.core.main.ScriptEngine.run(ScriptEngine.java:194)&#xD;
	at com.kms.katalon.core.main.ScriptEngine.runScriptAsRawText(ScriptEngine.java:119)&#xD;
	at com.kms.katalon.core.main.TestCaseExecutor.runScript(TestCaseExecutor.java:337)&#xD;
	at com.kms.katalon.core.main.TestCaseExecutor.doExecute(TestCaseExecutor.java:328)&#xD;
	at com.kms.katalon.core.main.TestCaseExecutor.processExecutionPhase(TestCaseExecutor.java:307)&#xD;
	at com.kms.katalon.core.main.TestCaseExecutor.accessMainPhase(TestCaseExecutor.java:299)&#xD;
	at com.kms.katalon.core.main.TestCaseExecutor.execute(TestCaseExecutor.java:233)&#xD;
	at com.kms.katalon.core.main.TestSuiteExecutor.accessTestCaseMainPhase(TestSuiteExecutor.java:169)&#xD;
	at com.kms.katalon.core.main.TestSuiteExecutor.accessTestSuiteMainPhase(TestSuiteExecutor.java:142)&#xD;
	at com.kms.katalon.core.main.TestSuiteExecutor.execute(TestSuiteExecutor.java:91)&#xD;
	at com.kms.katalon.core.main.TestCaseMain.startTestSuite(TestCaseMain.java:157)&#xD;
	at com.kms.katalon.core.main.TestCaseMain$startTestSuite$0.call(Unknown Source)&#xD;
	at TempTestSuite1571412266031.run(TempTestSuite1571412266031.groovy:35)&#xD;
)&#xD;
[[ATTACHMENT|C:\\Users\\Suraj Kumar\\git\\KatalonTWL\\KatalonBDD\\Reports\\20191018_205425\\SanitySuite\\20191018_205425\\1571412701471.png]]&#xD;
&#xD;
2019-10-18 21:01:41 - [MESSAGE][FAILED] - Verify element text of test object 'Object Repository/EducationDetails/Page_Edit Profile/h2_MyCollege' FAILED. (Root cause: com.kms.katalon.core.exception.StepFailedException: Verify element text of test object 'Object Repository/EducationDetails/Page_Edit Profile/h2_MyCollege' FAILED.&#xD;
	at com.kms.katalon.core.webui.keyword.internal.WebUIKeywordMain.stepFailed(WebUIKeywordMain.groovy:64)&#xD;
	at com.kms.katalon.core.webui.keyword.internal.WebUIKeywordMain.runKeyword(WebUIKeywordMain.groovy:26)&#xD;
	at com.kms.katalon.core.webui.keyword.builtin.VerifyElementTextKeyword.verifyElementText(VerifyElementTextKeyword.groovy:72)&#xD;
	at com.kms.katalon.core.webui.keyword.builtin.VerifyElementTextKeyword.execute(VerifyElementTextKeyword.groovy:40)&#xD;
	at com.kms.katalon.core.keyword.internal.KeywordExecutor.executeKeywordForPlatform(KeywordExecutor.groovy:56)&#xD;
	at com.kms.katalon.core.webui.keyword.WebUiBuiltInKeywords.verifyElementText(WebUiBuiltInKeywords.groovy:3663)&#xD;
	at com.kms.katalon.core.webui.keyword.WebUiBuiltInKeywords$verifyElementText$5.call(Unknown Source)&#xD;
	at ProfileCreationEducationDetails.run(ProfileCreationEducationDetails:78)&#xD;
	at com.kms.katalon.core.main.ScriptEngine.run(ScriptEngine.java:194)&#xD;
	at com.kms.katalon.core.main.ScriptEngine.runScriptAsRawText(ScriptEngine.java:119)&#xD;
	at com.kms.katalon.core.main.TestCaseExecutor.runScript(TestCaseExecutor.java:337)&#xD;
	at com.kms.katalon.core.main.TestCaseExecutor.doExecute(TestCaseExecutor.java:328)&#xD;
	at com.kms.katalon.core.main.TestCaseExecutor.processExecutionPhase(TestCaseExecutor.java:307)&#xD;
	at com.kms.katalon.core.main.TestCaseExecutor.accessMainPhase(TestCaseExecutor.java:299)&#xD;
	at com.kms.katalon.core.main.TestCaseExecutor.execute(TestCaseExecutor.java:233)&#xD;
	at com.kms.katalon.core.main.TestSuiteExecutor.accessTestCaseMainPhase(TestSuiteExecutor.java:169)&#xD;
	at com.kms.katalon.core.main.TestSuiteExecutor.accessTestSuiteMainPhase(TestSuiteExecutor.java:142)&#xD;
	at com.kms.katalon.core.main.TestSuiteExecutor.execute(TestSuiteExecutor.java:91)&#xD;
	at com.kms.katalon.core.main.TestCaseMain.startTestSuite(TestCaseMain.java:157)&#xD;
	at com.kms.katalon.core.main.TestCaseMain$startTestSuite$0.call(Unknown Source)&#xD;
	at TempTestSuite1571412266031.run(TempTestSuite1571412266031.groovy:35)&#xD;
Caused by: com.kms.katalon.core.exception.StepFailedException: com.kms.katalon.core.webui.exception.WebElementNotFoundException: Web element with id: 'Object Repository/EducationDetails/Page_Edit Profile/h2_MyCollege' located by 'By.xpath: //h2[contains(text(),'MyCollege1571412548361')]' not found&#xD;
	at com.kms.katalon.core.webui.keyword.internal.WebUIKeywordMain.stepFailed(WebUIKeywordMain.groovy:64)&#xD;
	at com.kms.katalon.core.webui.keyword.builtin.VerifyElementTextKeyword$_verifyElementText_closure1.doCall(VerifyElementTextKeyword.groovy:64)&#xD;
	at com.kms.katalon.core.webui.keyword.builtin.VerifyElementTextKeyword$_verifyElementText_closure1.call(VerifyElementTextKeyword.groovy)&#xD;
	at com.kms.katalon.core.webui.keyword.internal.WebUIKeywordMain.runKeyword(WebUIKeywordMain.groovy:20)&#xD;
	... 19 more&#xD;
)&#xD;
[[ATTACHMENT|C:\\Users\\Suraj Kumar\\git\\KatalonTWL\\KatalonBDD\\Reports\\20191018_205425\\SanitySuite\\20191018_205425\\1571412701648.png]]&#xD;
&#xD;
2019-10-18 21:01:41 - [TEST_STEP][PASSED] - Start listener action : afterTestcase: Browser is closed&#xD;
&#xD;
2019-10-18 21:01:41 - [TEST_STEP][PASSED] - closeBrowser(): Browser is closed&#xD;
&#xD;
2019-10-18 21:01:43 - [MESSAGE][PASSED] - Browser is closed</system-out>
            <system-err>2019-10-18 20:59:07 - [TEST_CASE][FAILED] - Test Cases/workLifeTest/ProfileCreationEducationDetails: Test Cases/workLifeTest/ProfileCreationEducationDetails FAILED.
Reason:
com.kms.katalon.core.exception.StepFailedException: Verify element text of test object 'Object Repository/EducationDetails/Page_Edit Profile/h2_MyCollege' FAILED.&#xD;
	at com.kms.katalon.core.webui.keyword.internal.WebUIKeywordMain.stepFailed(WebUIKeywordMain.groovy:64)&#xD;
	at com.kms.katalon.core.webui.keyword.internal.WebUIKeywordMain.runKeyword(WebUIKeywordMain.groovy:26)&#xD;
	at com.kms.katalon.core.webui.keyword.builtin.VerifyElementTextKeyword.verifyElementText(VerifyElementTextKeyword.groovy:72)&#xD;
	at com.kms.katalon.core.webui.keyword.builtin.VerifyElementTextKeyword.execute(VerifyElementTextKeyword.groovy:40)&#xD;
	at com.kms.katalon.core.keyword.internal.KeywordExecutor.executeKeywordForPlatform(KeywordExecutor.groovy:56)&#xD;
	at com.kms.katalon.core.webui.keyword.WebUiBuiltInKeywords.verifyElementText(WebUiBuiltInKeywords.groovy:3663)&#xD;
	at com.kms.katalon.core.webui.keyword.WebUiBuiltInKeywords$verifyElementText$5.call(Unknown Source)&#xD;
	at ProfileCreationEducationDetails.run(ProfileCreationEducationDetails:78)&#xD;
	at com.kms.katalon.core.main.ScriptEngine.run(ScriptEngine.java:194)&#xD;
	at com.kms.katalon.core.main.ScriptEngine.runScriptAsRawText(ScriptEngine.java:119)&#xD;
	at com.kms.katalon.core.main.TestCaseExecutor.runScript(TestCaseExecutor.java:337)&#xD;
	at com.kms.katalon.core.main.TestCaseExecutor.doExecute(TestCaseExecutor.java:328)&#xD;
	at com.kms.katalon.core.main.TestCaseExecutor.processExecutionPhase(TestCaseExecutor.java:307)&#xD;
	at com.kms.katalon.core.main.TestCaseExecutor.accessMainPhase(TestCaseExecutor.java:299)&#xD;
	at com.kms.katalon.core.main.TestCaseExecutor.execute(TestCaseExecutor.java:233)&#xD;
	at com.kms.katalon.core.main.TestSuiteExecutor.accessTestCaseMainPhase(TestSuiteExecutor.java:169)&#xD;
	at com.kms.katalon.core.main.TestSuiteExecutor.accessTestSuiteMainPhase(TestSuiteExecutor.java:142)&#xD;
	at com.kms.katalon.core.main.TestSuiteExecutor.execute(TestSuiteExecutor.java:91)&#xD;
	at com.kms.katalon.core.main.TestCaseMain.startTestSuite(TestCaseMain.java:157)&#xD;
	at com.kms.katalon.core.main.TestCaseMain$startTestSuite$0.call(Unknown Source)&#xD;
	at TempTestSuite1571412266031.run(TempTestSuite1571412266031.groovy:35)&#xD;
Caused by: com.kms.katalon.core.exception.StepFailedException: com.kms.katalon.core.webui.exception.WebElementNotFoundException: Web element with id: 'Object Repository/EducationDetails/Page_Edit Profile/h2_MyCollege' located by 'By.xpath: //h2[contains(text(),'MyCollege1571412548361')]' not found&#xD;
	at com.kms.katalon.core.webui.keyword.internal.WebUIKeywordMain.stepFailed(WebUIKeywordMain.groovy:64)&#xD;
	at com.kms.katalon.core.webui.keyword.builtin.VerifyElementTextKeyword$_verifyElementText_closure1.doCall(VerifyElementTextKeyword.groovy:64)&#xD;
	at com.kms.katalon.core.webui.keyword.builtin.VerifyElementTextKeyword$_verifyElementText_closure1.call(VerifyElementTextKeyword.groovy)&#xD;
	at com.kms.katalon.core.webui.keyword.internal.WebUIKeywordMain.runKeyword(WebUIKeywordMain.groovy:20)&#xD;
	... 19 more</system-err>
        </testcase>
        <testcase name="Test Cases/workLifeTest/ProfileCreationExperience" classname="Test Cases/workLifeTest/ProfileCreationExperience" status="PASSED">
            <system-out>2019-10-18 21:01:43 - [TEST_CASE][PASSED] - Test Cases/workLifeTest/ProfileCreationExperience: Test Cases/workLifeTest/ProfileCreationExperience&#xD;
&#xD;
2019-10-18 21:01:43 - [TEST_STEP][PASSED] - Start listener action : beforeTestcase: null&#xD;
&#xD;
2019-10-18 21:01:44 - [TEST_STEP][PASSED] - DesignationName = "abcd" + System.currentTimeMillis(): null&#xD;
&#xD;
2019-10-18 21:01:44 - [TEST_STEP][PASSED] - openBrowser(AppUrl): Browser is opened with url: 'https://qa.thework.life'&#xD;
&#xD;
2019-10-18 21:01:44 - [MESSAGE][INFO] - Starting 'Firefox' driver&#xD;
&#xD;
2019-10-18 21:02:15 - [MESSAGE][PASSED] - Browser is opened with url: 'https://qa.thework.life'&#xD;
&#xD;
2019-10-18 21:02:15 - [TEST_STEP][PASSED] - navigateToUrl(AppUrl): Navigate to 'https://qa.thework.life' successfully&#xD;
&#xD;
2019-10-18 21:02:22 - [MESSAGE][PASSED] - Navigate to 'https://qa.thework.life' successfully&#xD;
&#xD;
2019-10-18 21:02:22 - [TEST_STEP][PASSED] - setText(findTestObject("Page_theworklife/input_Forgot password_username"), "worklifetest10001@gmail.com"): Text 'worklifetest10001@gmail.com' is set on object 'Object Repository/Page_theworklife/input_Forgot password_username'&#xD;
&#xD;
2019-10-18 21:02:23 - [MESSAGE][PASSED] - Text 'worklifetest10001@gmail.com' is set on object 'Object Repository/Page_theworklife/input_Forgot password_username'&#xD;
&#xD;
2019-10-18 21:02:23 - [TEST_STEP][PASSED] - setEncryptedText(findTestObject("Page_theworklife/input_Forgot password_password"), "XU9cBalmEBp1UP+jEU2w4UUBUuNgBY4U"): Text ****** has been set on object 'Object Repository/Page_theworklife/input_Forgot password_password'&#xD;
&#xD;
2019-10-18 21:02:23 - [MESSAGE][PASSED] - Text ****** has been set on object 'Object Repository/Page_theworklife/input_Forgot password_password'&#xD;
&#xD;
2019-10-18 21:02:23 - [TEST_STEP][PASSED] - click(findTestObject("Page_theworklife/button_Sign in")): Object: 'Object Repository/Page_theworklife/button_Sign in' is clicked on&#xD;
&#xD;
2019-10-18 21:02:28 - [MESSAGE][PASSED] - Object: 'Object Repository/Page_theworklife/button_Sign in' is clicked on&#xD;
&#xD;
2019-10-18 21:02:28 - [TEST_STEP][PASSED] - navigateToUrl("https://qa.thework.life/Profile/EditProfile"): Navigate to 'https://qa.thework.life/Profile/EditProfile' successfully&#xD;
&#xD;
2019-10-18 21:03:00 - [MESSAGE][PASSED] - Navigate to 'https://qa.thework.life/Profile/EditProfile' successfully&#xD;
&#xD;
2019-10-18 21:03:00 - [TEST_STEP][PASSED] - click(findTestObject("Page_Edit Profile/a_Experience")): Object: 'Object Repository/Page_Edit Profile/a_Experience' is clicked on&#xD;
&#xD;
2019-10-18 21:03:00 - [MESSAGE][PASSED] - Object: 'Object Repository/Page_Edit Profile/a_Experience' is clicked on&#xD;
&#xD;
2019-10-18 21:03:00 - [TEST_STEP][PASSED] - waitForElementNotPresent(findTestObject("Experience/Page_Edit Profile/loader"), 10): Web element with id: 'Object Repository/Experience/Page_Edit Profile/loader' located by 'By.xpath: //div[@class="loader"]' is present after '10' second(s)&#xD;
&#xD;
2019-10-18 21:03:11 - [MESSAGE][WARNING] - Web element with id: 'Object Repository/Experience/Page_Edit Profile/loader' located by 'By.xpath: //div[@class="loader"]' is present after '10' second(s)&#xD;
&#xD;
2019-10-18 21:03:11 - [TEST_STEP][PASSED] - click(findTestObject("Object Repository/Page_Edit Profile/button_ Add Experience")): Object: 'Object Repository/Page_Edit Profile/button_ Add Experience' is clicked on&#xD;
&#xD;
2019-10-18 21:03:12 - [MESSAGE][PASSED] - Object: 'Object Repository/Page_Edit Profile/button_ Add Experience' is clicked on&#xD;
&#xD;
2019-10-18 21:03:12 - [TEST_STEP][PASSED] - setText(findTestObject("Object Repository/Page_Edit Profile/input_Designation_designation_name"), DesignationName): Text 'abcd1571412704019' is set on object 'Object Repository/Page_Edit Profile/input_Designation_designation_name'&#xD;
&#xD;
2019-10-18 21:03:12 - [MESSAGE][PASSED] - Text 'abcd1571412704019' is set on object 'Object Repository/Page_Edit Profile/input_Designation_designation_name'&#xD;
&#xD;
2019-10-18 21:03:12 - [TEST_STEP][PASSED] - setText(findTestObject("Object Repository/Page_Edit Profile/input_Company_company_name"), "abcd"): Text 'abcd' is set on object 'Object Repository/Page_Edit Profile/input_Company_company_name'&#xD;
&#xD;
2019-10-18 21:03:12 - [MESSAGE][PASSED] - Text 'abcd' is set on object 'Object Repository/Page_Edit Profile/input_Company_company_name'&#xD;
&#xD;
2019-10-18 21:03:12 - [TEST_STEP][PASSED] - setText(findTestObject("Object Repository/Page_Edit Profile/input_Location_location"), "abcd"): Text 'abcd' is set on object 'Object Repository/Page_Edit Profile/input_Location_location'&#xD;
&#xD;
2019-10-18 21:03:12 - [MESSAGE][PASSED] - Text 'abcd' is set on object 'Object Repository/Page_Edit Profile/input_Location_location'&#xD;
&#xD;
2019-10-18 21:03:12 - [TEST_STEP][PASSED] - setText(findTestObject("Object Repository/Page_Edit Profile/textarea_(Optional)_description"), "abcd"): Text 'abcd' is set on object 'Object Repository/Page_Edit Profile/textarea_(Optional)_description'&#xD;
&#xD;
2019-10-18 21:03:13 - [MESSAGE][PASSED] - Text 'abcd' is set on object 'Object Repository/Page_Edit Profile/textarea_(Optional)_description'&#xD;
&#xD;
2019-10-18 21:03:13 - [TEST_STEP][PASSED] - selectOptionByValue(findTestObject("Object Repository/Page_Edit Profile/select_Month"), "1", true): All options with value '1' are selected in object 'Object Repository/Page_Edit Profile/select_Month'  using regular expression&#xD;
&#xD;
2019-10-18 21:03:14 - [MESSAGE][PASSED] - All options with value '1' are selected in object 'Object Repository/Page_Edit Profile/select_Month'  using regular expression&#xD;
&#xD;
2019-10-18 21:03:14 - [TEST_STEP][PASSED] - selectOptionByValue(findTestObject("Object Repository/Page_Edit Profile/select_Year"), "2000", true): All options with value '2000' are selected in object 'Object Repository/Page_Edit Profile/select_Year'  using regular expression&#xD;
&#xD;
2019-10-18 21:03:15 - [MESSAGE][PASSED] - All options with value '2000' are selected in object 'Object Repository/Page_Edit Profile/select_Year'  using regular expression&#xD;
&#xD;
2019-10-18 21:03:15 - [TEST_STEP][PASSED] - click(findTestObject("Object Repository/Page_Edit Profile/i_I currently work here_cr-icon fa fa-check")): Object: 'Object Repository/Page_Edit Profile/i_I currently work here_cr-icon fa fa-check' is clicked on&#xD;
&#xD;
2019-10-18 21:03:16 - [MESSAGE][PASSED] - Object: 'Object Repository/Page_Edit Profile/i_I currently work here_cr-icon fa fa-check' is clicked on&#xD;
&#xD;
2019-10-18 21:03:16 - [TEST_STEP][PASSED] - click(findTestObject("Object Repository/Page_Edit Profile/span_Work-life balance_star5")): Object: 'Object Repository/Page_Edit Profile/span_Work-life balance_star5' is clicked on&#xD;
&#xD;
2019-10-18 21:03:16 - [MESSAGE][PASSED] - Object: 'Object Repository/Page_Edit Profile/span_Work-life balance_star5' is clicked on&#xD;
&#xD;
2019-10-18 21:03:16 - [TEST_STEP][PASSED] - click(findTestObject("Object Repository/Page_Edit Profile/span_Equal opportunities_star5")): Object: 'Object Repository/Page_Edit Profile/span_Equal opportunities_star5' is clicked on&#xD;
&#xD;
2019-10-18 21:03:17 - [MESSAGE][PASSED] - Object: 'Object Repository/Page_Edit Profile/span_Equal opportunities_star5' is clicked on&#xD;
&#xD;
2019-10-18 21:03:17 - [TEST_STEP][PASSED] - click(findTestObject("Object Repository/Page_Edit Profile/span_Transparency_star5")): Object: 'Object Repository/Page_Edit Profile/span_Transparency_star5' is clicked on&#xD;
&#xD;
2019-10-18 21:03:17 - [MESSAGE][PASSED] - Object: 'Object Repository/Page_Edit Profile/span_Transparency_star5' is clicked on&#xD;
&#xD;
2019-10-18 21:03:17 - [TEST_STEP][PASSED] - click(findTestObject("Object Repository/Page_Edit Profile/button_Save")): Object: 'Object Repository/Page_Edit Profile/button_Save' is clicked on&#xD;
&#xD;
2019-10-18 21:03:18 - [MESSAGE][PASSED] - Object: 'Object Repository/Page_Edit Profile/button_Save' is clicked on&#xD;
&#xD;
2019-10-18 21:03:18 - [TEST_STEP][PASSED] - verifyElementText(findTestObject("Page_Edit Profile/h1_abcd", ["text":DesignationName]), DesignationName): Actual text and expected text of test object 'Object Repository/Page_Edit Profile/h1_abcd' are matched.&#xD;
&#xD;
2019-10-18 21:03:19 - [MESSAGE][PASSED] - Actual text and expected text of test object 'Object Repository/Page_Edit Profile/h1_abcd' are matched.&#xD;
&#xD;
2019-10-18 21:03:19 - [TEST_STEP][PASSED] - closeBrowser(): Browser is closed&#xD;
&#xD;
2019-10-18 21:03:21 - [MESSAGE][PASSED] - Browser is closed&#xD;
&#xD;
2019-10-18 21:03:21 - [TEST_STEP][PASSED] - Start listener action : afterTestcase: Browser is closed&#xD;
&#xD;
2019-10-18 21:03:21 - [TEST_STEP][PASSED] - closeBrowser(): Browser is closed&#xD;
&#xD;
2019-10-18 21:03:21 - [MESSAGE][PASSED] - Browser is closed</system-out>
            <system-err></system-err>
        </testcase>
        <testcase name="Test Cases/workLifeTest/ProfileCreationPersonalDetails" classname="Test Cases/workLifeTest/ProfileCreationPersonalDetails" status="PASSED">
            <system-out>2019-10-18 21:03:21 - [TEST_CASE][PASSED] - Test Cases/workLifeTest/ProfileCreationPersonalDetails: Test Cases/workLifeTest/ProfileCreationPersonalDetails&#xD;
&#xD;
2019-10-18 21:03:21 - [TEST_STEP][PASSED] - Start listener action : beforeTestcase: null&#xD;
&#xD;
2019-10-18 21:03:21 - [TEST_STEP][PASSED] - openBrowser(AppUrl): Browser is opened with url: 'https://qa.thework.life'&#xD;
&#xD;
2019-10-18 21:03:21 - [MESSAGE][INFO] - Starting 'Firefox' driver&#xD;
&#xD;
2019-10-18 21:03:48 - [MESSAGE][PASSED] - Browser is opened with url: 'https://qa.thework.life'&#xD;
&#xD;
2019-10-18 21:03:48 - [TEST_STEP][PASSED] - navigateToUrl(AppUrl): Navigate to 'https://qa.thework.life' successfully&#xD;
&#xD;
2019-10-18 21:03:56 - [MESSAGE][PASSED] - Navigate to 'https://qa.thework.life' successfully&#xD;
&#xD;
2019-10-18 21:03:56 - [TEST_STEP][PASSED] - setText(findTestObject("Page_theworklife/input_Forgot password_username"), "worklifetest10001@gmail.com"): Text 'worklifetest10001@gmail.com' is set on object 'Object Repository/Page_theworklife/input_Forgot password_username'&#xD;
&#xD;
2019-10-18 21:03:56 - [MESSAGE][PASSED] - Text 'worklifetest10001@gmail.com' is set on object 'Object Repository/Page_theworklife/input_Forgot password_username'&#xD;
&#xD;
2019-10-18 21:03:56 - [TEST_STEP][PASSED] - setEncryptedText(findTestObject("Page_theworklife/input_Forgot password_password"), "XU9cBalmEBp1UP+jEU2w4UUBUuNgBY4U"): Text ****** has been set on object 'Object Repository/Page_theworklife/input_Forgot password_password'&#xD;
&#xD;
2019-10-18 21:03:56 - [MESSAGE][PASSED] - Text ****** has been set on object 'Object Repository/Page_theworklife/input_Forgot password_password'&#xD;
&#xD;
2019-10-18 21:03:56 - [TEST_STEP][PASSED] - click(findTestObject("Page_theworklife/button_Sign in")): Object: 'Object Repository/Page_theworklife/button_Sign in' is clicked on&#xD;
&#xD;
2019-10-18 21:04:12 - [MESSAGE][PASSED] - Object: 'Object Repository/Page_theworklife/button_Sign in' is clicked on&#xD;
&#xD;
2019-10-18 21:04:12 - [TEST_STEP][PASSED] - click(findTestObject("Page_Edit Profile/a_profile")): Object: 'Object Repository/Page_Edit Profile/a_profile' is clicked on&#xD;
&#xD;
2019-10-18 21:04:12 - [MESSAGE][PASSED] - Object: 'Object Repository/Page_Edit Profile/a_profile' is clicked on&#xD;
&#xD;
2019-10-18 21:04:12 - [TEST_STEP][PASSED] - click(findTestObject("Page_Home/a_Edit Profile")): Object: 'Object Repository/Page_Home/a_Edit Profile' is clicked on&#xD;
&#xD;
2019-10-18 21:04:24 - [MESSAGE][PASSED] - Object: 'Object Repository/Page_Home/a_Edit Profile' is clicked on&#xD;
&#xD;
2019-10-18 21:04:24 - [TEST_STEP][PASSED] - setText(findTestObject("Page_Edit Profile/input_Name_name"), "Suraj" + System.currentTimeMillis() + "makhija"): Text 'Suraj1571412864235makhija' is set on object 'Object Repository/Page_Edit Profile/input_Name_name'&#xD;
&#xD;
2019-10-18 21:04:24 - [MESSAGE][PASSED] - Text 'Suraj1571412864235makhija' is set on object 'Object Repository/Page_Edit Profile/input_Name_name'&#xD;
&#xD;
2019-10-18 21:04:24 - [TEST_STEP][PASSED] - click(findTestObject("profileObject/Page_Edit Profile/button_Save")): Object: 'Object Repository/profileObject/Page_Edit Profile/button_Save' is clicked on&#xD;
&#xD;
2019-10-18 21:04:24 - [MESSAGE][PASSED] - Object: 'Object Repository/profileObject/Page_Edit Profile/button_Save' is clicked on&#xD;
&#xD;
2019-10-18 21:04:24 - [TEST_STEP][PASSED] - delay(5): Delayed 5 second(s)&#xD;
&#xD;
2019-10-18 21:04:29 - [MESSAGE][PASSED] - Delayed 5 second(s)&#xD;
&#xD;
2019-10-18 21:04:29 - [TEST_STEP][PASSED] - waitForElementVisible(findTestObject("profileObject/Page_Edit Profile/a_OK"), 5): Object 'Object Repository/profileObject/Page_Edit Profile/a_OK' is visible&#xD;
&#xD;
2019-10-18 21:04:30 - [MESSAGE][PASSED] - Object 'Object Repository/profileObject/Page_Edit Profile/a_OK' is visible&#xD;
&#xD;
2019-10-18 21:04:30 - [TEST_STEP][PASSED] - click(findTestObject("Object Repository/Page_Edit Profile/a_OK")): Object: 'Object Repository/Page_Edit Profile/a_OK' is clicked on&#xD;
&#xD;
2019-10-18 21:04:31 - [MESSAGE][PASSED] - Object: 'Object Repository/Page_Edit Profile/a_OK' is clicked on&#xD;
&#xD;
2019-10-18 21:04:31 - [TEST_STEP][PASSED] - waitForElementVisible(findTestObject("Page_Home/a_profile"), 5): Web element with id: 'Object Repository/Page_Home/a_profile' located by 'By.xpath: ' not found&#xD;
&#xD;
2019-10-18 21:04:36 - [MESSAGE][INFO] - Unable to find the element located by 'By.xpath: '. Please recheck the objects properties to make sure the desired element is located. &#xD;
&#xD;
2019-10-18 21:04:36 - [MESSAGE][WARNING] - Web element with id: 'Object Repository/Page_Home/a_profile' located by 'By.xpath: ' not found&#xD;
&#xD;
2019-10-18 21:04:36 - [TEST_STEP][PASSED] - click(findTestObject("Object Repository/Page_Edit Profile/a_profile")): Object: 'Object Repository/Page_Edit Profile/a_profile' is clicked on&#xD;
&#xD;
2019-10-18 21:04:37 - [MESSAGE][PASSED] - Object: 'Object Repository/Page_Edit Profile/a_profile' is clicked on&#xD;
&#xD;
2019-10-18 21:04:37 - [TEST_STEP][PASSED] - click(findTestObject("Object Repository/Page_Edit Profile/a_My Profile")): Object: 'Object Repository/Page_Edit Profile/a_My Profile' is clicked on&#xD;
&#xD;
2019-10-18 21:04:43 - [MESSAGE][PASSED] - Object: 'Object Repository/Page_Edit Profile/a_My Profile' is clicked on&#xD;
&#xD;
2019-10-18 21:04:43 - [TEST_STEP][PASSED] - verifyElementPresent(findTestObject("Page_My Profile/h1_Suraj1569757068652makhija"), 0): Object 'Object Repository/Page_My Profile/h1_Suraj1569757068652makhija' is present&#xD;
&#xD;
2019-10-18 21:04:43 - [MESSAGE][WARNING] - Timeout '0' is invalid. Using default page load timeout: '30'&#xD;
&#xD;
2019-10-18 21:04:43 - [MESSAGE][PASSED] - Object 'Object Repository/Page_My Profile/h1_Suraj1569757068652makhija' is present&#xD;
&#xD;
2019-10-18 21:04:43 - [TEST_STEP][PASSED] - closeBrowser(): Browser is closed&#xD;
&#xD;
2019-10-18 21:04:45 - [MESSAGE][PASSED] - Browser is closed&#xD;
&#xD;
2019-10-18 21:04:45 - [TEST_STEP][PASSED] - Start listener action : afterTestcase: Browser is closed&#xD;
&#xD;
2019-10-18 21:04:45 - [TEST_STEP][PASSED] - closeBrowser(): Browser is closed&#xD;
&#xD;
2019-10-18 21:04:45 - [MESSAGE][PASSED] - Browser is closed</system-out>
            <system-err></system-err>
        </testcase>
        <testcase name="Test Cases/Rate users - third party" classname="Test Cases/Rate users - third party" status="FAILED">
            <failure type="FAILED" message="Test Cases/Rate users - third party FAILED.&#xA;Reason:&#xA;com.kms.katalon.core.exception.StepFailedException: Unable to click on object 'Object Repository/Rate/Page_View Profile/span_Desire to work with again_star3'&#xD;&#xA;&#x9;at com.kms.katalon.core.webui.keyword.internal.WebUIKeywordMain.stepFailed(WebUIKeywordMain.groovy:64)&#xD;&#xA;&#x9;at com.kms.katalon.core.webui.keyword.internal.WebUIKeywordMain.runKeyword(WebUIKeywordMain.groovy:26)&#xD;&#xA;&#x9;at com.kms.katalon.core.webui.keyword.builtin.ClickKeyword.click(ClickKeyword.groovy:86)&#xD;&#xA;&#x9;at com.kms.katalon.core.webui.keyword.builtin.ClickKeyword.execute(ClickKeyword.groovy:67)&#xD;&#xA;&#x9;at com.kms.katalon.core.keyword.internal.KeywordExecutor.executeKeywordForPlatform(KeywordExecutor.groovy:56)&#xD;&#xA;&#x9;at com.kms.katalon.core.webui.keyword.WebUiBuiltInKeywords.click(WebUiBuiltInKeywords.groovy:616)&#xD;&#xA;&#x9;at com.kms.katalon.core.webui.keyword.WebUiBuiltInKeywords$click$4.call(Unknown Source)&#xD;&#xA;&#x9;at Rate users - third party.run(Rate users - third party:47)&#xD;&#xA;&#x9;at com.kms.katalon.core.main.ScriptEngine.run(ScriptEngine.java:194)&#xD;&#xA;&#x9;at com.kms.katalon.core.main.ScriptEngine.runScriptAsRawText(ScriptEngine.java:119)&#xD;&#xA;&#x9;at com.kms.katalon.core.main.TestCaseExecutor.runScript(TestCaseExecutor.java:337)&#xD;&#xA;&#x9;at com.kms.katalon.core.main.TestCaseExecutor.doExecute(TestCaseExecutor.java:328)&#xD;&#xA;&#x9;at com.kms.katalon.core.main.TestCaseExecutor.processExecutionPhase(TestCaseExecutor.java:307)&#xD;&#xA;&#x9;at com.kms.katalon.core.main.TestCaseExecutor.accessMainPhase(TestCaseExecutor.java:299)&#xD;&#xA;&#x9;at com.kms.katalon.core.main.TestCaseExecutor.execute(TestCaseExecutor.java:233)&#xD;&#xA;&#x9;at com.kms.katalon.core.main.TestSuiteExecutor.accessTestCaseMainPhase(TestSuiteExecutor.java:169)&#xD;&#xA;&#x9;at com.kms.katalon.core.main.TestSuiteExecutor.accessTestSuiteMainPhase(TestSuiteExecutor.java:142)&#xD;&#xA;&#x9;at com.kms.katalon.core.main.TestSuiteExecutor.execute(TestSuiteExecutor.java:91)&#xD;&#xA;&#x9;at com.kms.katalon.core.main.TestCaseMain.startTestSuite(TestCaseMain.java:157)&#xD;&#xA;&#x9;at com.kms.katalon.core.main.TestCaseMain$startTestSuite$0.call(Unknown Source)&#xD;&#xA;&#x9;at TempTestSuite1571412266031.run(TempTestSuite1571412266031.groovy:35)&#xD;&#xA;Caused by: org.openqa.selenium.ElementNotInteractableException: Element &lt;span id=&quot;star3&quot; class=&quot;fa fa-star-o&quot;&gt; could not be scrolled into view&#xA;Build info: version: '3.141.59', revision: 'e82be7d358', time: '2018-11-14T08:25:53'&#xA;System info: host: 'PUN-IT000636', ip: '192.168.43.182', os.name: 'Windows 10', os.arch: 'amd64', os.version: '10.0', java.version: '1.8.0_181'&#xA;Driver info: com.kms.katalon.core.webui.driver.firefox.CGeckoDriver&#xA;Capabilities {acceptInsecureCerts: true, browserName: firefox, browserVersion: 69.0.3, javascriptEnabled: true, moz:accessibilityChecks: false, moz:buildID: 20191009172106, moz:geckodriverVersion: 0.23.0, moz:headless: false, moz:processID: 6780, moz:profile: C:\Users\Suraj Kumar\AppDat..., moz:shutdownTimeout: 60000, moz:useNonSpecCompliantPointerOrigin: false, moz:webdriverClick: true, pageLoadStrategy: normal, platform: WINDOWS, platformName: WINDOWS, platformVersion: 10.0, proxy: Proxy(direct), rotatable: false, setWindowRect: true, strictFileInteractability: false, timeouts: {implicit: 0, pageLoad: 300000, script: 30000}, unhandledPromptBehavior: dismiss and notify}&#xA;Session ID: ecce44bf-c0f6-4a8d-8415-006298091118&#xD;&#xA;&#x9;at org.openqa.selenium.remote.http.W3CHttpResponseCodec.createException(W3CHttpResponseCodec.java:187)&#xD;&#xA;&#x9;at org.openqa.selenium.remote.http.W3CHttpResponseCodec.decode(W3CHttpResponseCodec.java:122)&#xD;&#xA;&#x9;at org.openqa.selenium.remote.http.W3CHttpResponseCodec.decode(W3CHttpResponseCodec.java:49)&#xD;&#xA;&#x9;at org.openqa.selenium.remote.HttpCommandExecutor.execute(HttpCommandExecutor.java:158)&#xD;&#xA;&#x9;at org.openqa.selenium.remote.service.DriverCommandExecutor.execute(DriverCommandExecutor.java:83)&#xD;&#xA;&#x9;at org.openqa.selenium.remote.RemoteWebDriver.execute(RemoteWebDriver.java:552)&#xD;&#xA;&#x9;at com.kms.katalon.selenium.driver.CFirefoxDriver.execute(CFirefoxDriver.java:28)&#xD;&#xA;&#x9;at org.openqa.selenium.remote.RemoteWebElement.execute(RemoteWebElement.java:285)&#xD;&#xA;&#x9;at org.openqa.selenium.remote.RemoteWebElement.click(RemoteWebElement.java:84)&#xD;&#xA;&#x9;at com.kms.katalon.core.webui.keyword.builtin.ClickKeyword$_click_closure1.doCall(ClickKeyword.groovy:79)&#xD;&#xA;&#x9;at com.kms.katalon.core.webui.keyword.builtin.ClickKeyword$_click_closure1.call(ClickKeyword.groovy)&#xD;&#xA;&#x9;at com.kms.katalon.core.webui.keyword.internal.WebUIKeywordMain.runKeyword(WebUIKeywordMain.groovy:20)&#xD;&#xA;&#x9;... 19 more&#xD;&#xA;"/>
            <system-out>2019-10-18 21:04:45 - [TEST_CASE][FAILED] - Test Cases/Rate users - third party: Test Cases/Rate users - third party FAILED.
Reason:
com.kms.katalon.core.exception.StepFailedException: Unable to click on object 'Object Repository/Rate/Page_View Profile/span_Desire to work with again_star3'&#xD;
	at com.kms.katalon.core.webui.keyword.internal.WebUIKeywordMain.stepFailed(WebUIKeywordMain.groovy:64)&#xD;
	at com.kms.katalon.core.webui.keyword.internal.WebUIKeywordMain.runKeyword(WebUIKeywordMain.groovy:26)&#xD;
	at com.kms.katalon.core.webui.keyword.builtin.ClickKeyword.click(ClickKeyword.groovy:86)&#xD;
	at com.kms.katalon.core.webui.keyword.builtin.ClickKeyword.execute(ClickKeyword.groovy:67)&#xD;
	at com.kms.katalon.core.keyword.internal.KeywordExecutor.executeKeywordForPlatform(KeywordExecutor.groovy:56)&#xD;
	at com.kms.katalon.core.webui.keyword.WebUiBuiltInKeywords.click(WebUiBuiltInKeywords.groovy:616)&#xD;
	at com.kms.katalon.core.webui.keyword.WebUiBuiltInKeywords$click$4.call(Unknown Source)&#xD;
	at Rate users - third party.run(Rate users - third party:47)&#xD;
	at com.kms.katalon.core.main.ScriptEngine.run(ScriptEngine.java:194)&#xD;
	at com.kms.katalon.core.main.ScriptEngine.runScriptAsRawText(ScriptEngine.java:119)&#xD;
	at com.kms.katalon.core.main.TestCaseExecutor.runScript(TestCaseExecutor.java:337)&#xD;
	at com.kms.katalon.core.main.TestCaseExecutor.doExecute(TestCaseExecutor.java:328)&#xD;
	at com.kms.katalon.core.main.TestCaseExecutor.processExecutionPhase(TestCaseExecutor.java:307)&#xD;
	at com.kms.katalon.core.main.TestCaseExecutor.accessMainPhase(TestCaseExecutor.java:299)&#xD;
	at com.kms.katalon.core.main.TestCaseExecutor.execute(TestCaseExecutor.java:233)&#xD;
	at com.kms.katalon.core.main.TestSuiteExecutor.accessTestCaseMainPhase(TestSuiteExecutor.java:169)&#xD;
	at com.kms.katalon.core.main.TestSuiteExecutor.accessTestSuiteMainPhase(TestSuiteExecutor.java:142)&#xD;
	at com.kms.katalon.core.main.TestSuiteExecutor.execute(TestSuiteExecutor.java:91)&#xD;
	at com.kms.katalon.core.main.TestCaseMain.startTestSuite(TestCaseMain.java:157)&#xD;
	at com.kms.katalon.core.main.TestCaseMain$startTestSuite$0.call(Unknown Source)&#xD;
	at TempTestSuite1571412266031.run(TempTestSuite1571412266031.groovy:35)&#xD;
Caused by: org.openqa.selenium.ElementNotInteractableException: Element &lt;span id="star3" class="fa fa-star-o"&gt; could not be scrolled into view
Build info: version: '3.141.59', revision: 'e82be7d358', time: '2018-11-14T08:25:53'
System info: host: 'PUN-IT000636', ip: '192.168.43.182', os.name: 'Windows 10', os.arch: 'amd64', os.version: '10.0', java.version: '1.8.0_181'
Driver info: com.kms.katalon.core.webui.driver.firefox.CGeckoDriver
Capabilities {acceptInsecureCerts: true, browserName: firefox, browserVersion: 69.0.3, javascriptEnabled: true, moz:accessibilityChecks: false, moz:buildID: 20191009172106, moz:geckodriverVersion: 0.23.0, moz:headless: false, moz:processID: 6780, moz:profile: C:\Users\Suraj Kumar\AppDat..., moz:shutdownTimeout: 60000, moz:useNonSpecCompliantPointerOrigin: false, moz:webdriverClick: true, pageLoadStrategy: normal, platform: WINDOWS, platformName: WINDOWS, platformVersion: 10.0, proxy: Proxy(direct), rotatable: false, setWindowRect: true, strictFileInteractability: false, timeouts: {implicit: 0, pageLoad: 300000, script: 30000}, unhandledPromptBehavior: dismiss and notify}
Session ID: ecce44bf-c0f6-4a8d-8415-006298091118&#xD;
	at org.openqa.selenium.remote.http.W3CHttpResponseCodec.createException(W3CHttpResponseCodec.java:187)&#xD;
	at org.openqa.selenium.remote.http.W3CHttpResponseCodec.decode(W3CHttpResponseCodec.java:122)&#xD;
	at org.openqa.selenium.remote.http.W3CHttpResponseCodec.decode(W3CHttpResponseCodec.java:49)&#xD;
	at org.openqa.selenium.remote.HttpCommandExecutor.execute(HttpCommandExecutor.java:158)&#xD;
	at org.openqa.selenium.remote.service.DriverCommandExecutor.execute(DriverCommandExecutor.java:83)&#xD;
	at org.openqa.selenium.remote.RemoteWebDriver.execute(RemoteWebDriver.java:552)&#xD;
	at com.kms.katalon.selenium.driver.CFirefoxDriver.execute(CFirefoxDriver.java:28)&#xD;
	at org.openqa.selenium.remote.RemoteWebElement.execute(RemoteWebElement.java:285)&#xD;
	at org.openqa.selenium.remote.RemoteWebElement.click(RemoteWebElement.java:84)&#xD;
	at com.kms.katalon.core.webui.keyword.builtin.ClickKeyword$_click_closure1.doCall(ClickKeyword.groovy:79)&#xD;
	at com.kms.katalon.core.webui.keyword.builtin.ClickKeyword$_click_closure1.call(ClickKeyword.groovy)&#xD;
	at com.kms.katalon.core.webui.keyword.internal.WebUIKeywordMain.runKeyword(WebUIKeywordMain.groovy:20)&#xD;
	... 19 more&#xD;
&#xD;
&#xD;
2019-10-18 21:04:45 - [TEST_STEP][PASSED] - Start listener action : beforeTestcase: null&#xD;
&#xD;
2019-10-18 21:04:45 - [TEST_STEP][PASSED] - openBrowser(""): Browser is opened with url: ''&#xD;
&#xD;
2019-10-18 21:04:45 - [MESSAGE][INFO] - Starting 'Firefox' driver&#xD;
&#xD;
2019-10-18 21:04:50 - [MESSAGE][PASSED] - Browser is opened with url: ''&#xD;
&#xD;
2019-10-18 21:04:50 - [TEST_STEP][PASSED] - navigateToUrl("https://qa.thework.life/"): Navigate to 'https://qa.thework.life/' successfully&#xD;
&#xD;
2019-10-18 21:05:05 - [MESSAGE][PASSED] - Navigate to 'https://qa.thework.life/' successfully&#xD;
&#xD;
2019-10-18 21:05:05 - [TEST_STEP][PASSED] - setText(findTestObject("Object Repository/Rate/Page_theworklife - Find Great People To Work With/input_Forgot password_username"), "worklifetest10001@gmail.com"): Text 'worklifetest10001@gmail.com' is set on object 'Object Repository/Rate/Page_theworklife - Find Great People To Work With/input_Forgot password_username'&#xD;
&#xD;
2019-10-18 21:05:05 - [MESSAGE][PASSED] - Text 'worklifetest10001@gmail.com' is set on object 'Object Repository/Rate/Page_theworklife - Find Great People To Work With/input_Forgot password_username'&#xD;
&#xD;
2019-10-18 21:05:05 - [TEST_STEP][PASSED] - setEncryptedText(findTestObject("Object Repository/Rate/Page_theworklife - Find Great People To Work With/input_Forgot password_password"), "x8UobeF0bbxd7GrPsdhkIlsTrhBxwBw1"): Text ****** has been set on object 'Object Repository/Rate/Page_theworklife - Find Great People To Work With/input_Forgot password_password'&#xD;
&#xD;
2019-10-18 21:05:05 - [MESSAGE][PASSED] - Text ****** has been set on object 'Object Repository/Rate/Page_theworklife - Find Great People To Work With/input_Forgot password_password'&#xD;
&#xD;
2019-10-18 21:05:05 - [TEST_STEP][PASSED] - click(findTestObject("Object Repository/Rate/Page_theworklife - Find Great People To Work With/button_Sign in")): Object: 'Object Repository/Rate/Page_theworklife - Find Great People To Work With/button_Sign in' is clicked on&#xD;
&#xD;
2019-10-18 21:05:09 - [MESSAGE][PASSED] - Object: 'Object Repository/Rate/Page_theworklife - Find Great People To Work With/button_Sign in' is clicked on&#xD;
&#xD;
2019-10-18 21:05:09 - [TEST_STEP][PASSED] - setEncryptedText(findTestObject("Object Repository/Rate/Page_theworklife - Find Great People To Work With/input_Password does not match_password"), "XU9cBalmEBp1UP+jEU2w4UUBUuNgBY4U"): Text ****** has been set on object 'Object Repository/Rate/Page_theworklife - Find Great People To Work With/input_Password does not match_password'&#xD;
&#xD;
2019-10-18 21:05:09 - [MESSAGE][PASSED] - Text ****** has been set on object 'Object Repository/Rate/Page_theworklife - Find Great People To Work With/input_Password does not match_password'&#xD;
&#xD;
2019-10-18 21:05:09 - [TEST_STEP][PASSED] - click(findTestObject("Object Repository/Rate/Page_theworklife - Find Great People To Work With/button_Sign in")): Object: 'Object Repository/Rate/Page_theworklife - Find Great People To Work With/button_Sign in' is clicked on&#xD;
&#xD;
2019-10-18 21:05:17 - [MESSAGE][PASSED] - Object: 'Object Repository/Rate/Page_theworklife - Find Great People To Work With/button_Sign in' is clicked on&#xD;
&#xD;
2019-10-18 21:05:17 - [TEST_STEP][PASSED] - setText(findTestObject("Object Repository/Rate/Page_Home/input_View all_searchText"), "user1570385143181"): Text 'user1570385143181' is set on object 'Object Repository/Rate/Page_Home/input_View all_searchText'&#xD;
&#xD;
2019-10-18 21:05:18 - [MESSAGE][PASSED] - Text 'user1570385143181' is set on object 'Object Repository/Rate/Page_Home/input_View all_searchText'&#xD;
&#xD;
2019-10-18 21:05:18 - [TEST_STEP][PASSED] - click(findTestObject("Rate/Page_Home/Search user button")): Object: 'Object Repository/Rate/Page_Home/Search user button' is clicked on&#xD;
&#xD;
2019-10-18 21:05:28 - [MESSAGE][PASSED] - Object: 'Object Repository/Rate/Page_Home/Search user button' is clicked on&#xD;
&#xD;
2019-10-18 21:05:28 - [TEST_STEP][PASSED] - click(findTestObject("Rate/Page_Home/click on user to rate")): Object: 'Object Repository/Rate/Page_Home/click on user to rate' is clicked on&#xD;
&#xD;
2019-10-18 21:05:28 - [MESSAGE][PASSED] - Object: 'Object Repository/Rate/Page_Home/click on user to rate' is clicked on&#xD;
&#xD;
2019-10-18 21:05:28 - [TEST_STEP][PASSED] - click(findTestObject("Rate/Page_Home/Click rate now")): Object: 'Object Repository/Rate/Page_Home/Click rate now' is clicked on&#xD;
&#xD;
2019-10-18 21:05:34 - [MESSAGE][PASSED] - Object: 'Object Repository/Rate/Page_Home/Click rate now' is clicked on&#xD;
&#xD;
2019-10-18 21:05:34 - [TEST_STEP][PASSED] - waitForElementClickable(findTestObject("Rate/Page_View Profile/span_Desire to work with again_star3"), 3): Object 'Object Repository/Rate/Page_View Profile/span_Desire to work with again_star3' is clickable&#xD;
&#xD;
2019-10-18 21:05:35 - [MESSAGE][PASSED] - Object 'Object Repository/Rate/Page_View Profile/span_Desire to work with again_star3' is clickable&#xD;
&#xD;
2019-10-18 21:05:35 - [TEST_STEP][PASSED] - sleep(5000): null&#xD;
&#xD;
2019-10-18 21:05:40 - [TEST_STEP][FAILED] - click(findTestObject("Object Repository/Rate/Page_View Profile/span_Desire to work with again_star3")): Unable to click on object 'Object Repository/Rate/Page_View Profile/span_Desire to work with again_star3' (Root cause: com.kms.katalon.core.exception.StepFailedException: Unable to click on object 'Object Repository/Rate/Page_View Profile/span_Desire to work with again_star3'&#xD;
	at com.kms.katalon.core.webui.keyword.internal.WebUIKeywordMain.stepFailed(WebUIKeywordMain.groovy:64)&#xD;
	at com.kms.katalon.core.webui.keyword.internal.WebUIKeywordMain.runKeyword(WebUIKeywordMain.groovy:26)&#xD;
	at com.kms.katalon.core.webui.keyword.builtin.ClickKeyword.click(ClickKeyword.groovy:86)&#xD;
	at com.kms.katalon.core.webui.keyword.builtin.ClickKeyword.execute(ClickKeyword.groovy:67)&#xD;
	at com.kms.katalon.core.keyword.internal.KeywordExecutor.executeKeywordForPlatform(KeywordExecutor.groovy:56)&#xD;
	at com.kms.katalon.core.webui.keyword.WebUiBuiltInKeywords.click(WebUiBuiltInKeywords.groovy:616)&#xD;
	at com.kms.katalon.core.webui.keyword.WebUiBuiltInKeywords$click$4.call(Unknown Source)&#xD;
	at Rate users - third party.run(Rate users - third party:47)&#xD;
	at com.kms.katalon.core.main.ScriptEngine.run(ScriptEngine.java:194)&#xD;
	at com.kms.katalon.core.main.ScriptEngine.runScriptAsRawText(ScriptEngine.java:119)&#xD;
	at com.kms.katalon.core.main.TestCaseExecutor.runScript(TestCaseExecutor.java:337)&#xD;
	at com.kms.katalon.core.main.TestCaseExecutor.doExecute(TestCaseExecutor.java:328)&#xD;
	at com.kms.katalon.core.main.TestCaseExecutor.processExecutionPhase(TestCaseExecutor.java:307)&#xD;
	at com.kms.katalon.core.main.TestCaseExecutor.accessMainPhase(TestCaseExecutor.java:299)&#xD;
	at com.kms.katalon.core.main.TestCaseExecutor.execute(TestCaseExecutor.java:233)&#xD;
	at com.kms.katalon.core.main.TestSuiteExecutor.accessTestCaseMainPhase(TestSuiteExecutor.java:169)&#xD;
	at com.kms.katalon.core.main.TestSuiteExecutor.accessTestSuiteMainPhase(TestSuiteExecutor.java:142)&#xD;
	at com.kms.katalon.core.main.TestSuiteExecutor.execute(TestSuiteExecutor.java:91)&#xD;
	at com.kms.katalon.core.main.TestCaseMain.startTestSuite(TestCaseMain.java:157)&#xD;
	at com.kms.katalon.core.main.TestCaseMain$startTestSuite$0.call(Unknown Source)&#xD;
	at TempTestSuite1571412266031.run(TempTestSuite1571412266031.groovy:35)&#xD;
Caused by: org.openqa.selenium.ElementNotInteractableException: Element &lt;span id="star3" class="fa fa-star-o"&gt; could not be scrolled into view
Build info: version: '3.141.59', revision: 'e82be7d358', time: '2018-11-14T08:25:53'
System info: host: 'PUN-IT000636', ip: '192.168.43.182', os.name: 'Windows 10', os.arch: 'amd64', os.version: '10.0', java.version: '1.8.0_181'
Driver info: com.kms.katalon.core.webui.driver.firefox.CGeckoDriver
Capabilities {acceptInsecureCerts: true, browserName: firefox, browserVersion: 69.0.3, javascriptEnabled: true, moz:accessibilityChecks: false, moz:buildID: 20191009172106, moz:geckodriverVersion: 0.23.0, moz:headless: false, moz:processID: 6780, moz:profile: C:\Users\Suraj Kumar\AppDat..., moz:shutdownTimeout: 60000, moz:useNonSpecCompliantPointerOrigin: false, moz:webdriverClick: true, pageLoadStrategy: normal, platform: WINDOWS, platformName: WINDOWS, platformVersion: 10.0, proxy: Proxy(direct), rotatable: false, setWindowRect: true, strictFileInteractability: false, timeouts: {implicit: 0, pageLoad: 300000, script: 30000}, unhandledPromptBehavior: dismiss and notify}
Session ID: ecce44bf-c0f6-4a8d-8415-006298091118&#xD;
	at org.openqa.selenium.remote.http.W3CHttpResponseCodec.createException(W3CHttpResponseCodec.java:187)&#xD;
	at org.openqa.selenium.remote.http.W3CHttpResponseCodec.decode(W3CHttpResponseCodec.java:122)&#xD;
	at org.openqa.selenium.remote.http.W3CHttpResponseCodec.decode(W3CHttpResponseCodec.java:49)&#xD;
	at org.openqa.selenium.remote.HttpCommandExecutor.execute(HttpCommandExecutor.java:158)&#xD;
	at org.openqa.selenium.remote.service.DriverCommandExecutor.execute(DriverCommandExecutor.java:83)&#xD;
	at org.openqa.selenium.remote.RemoteWebDriver.execute(RemoteWebDriver.java:552)&#xD;
	at com.kms.katalon.selenium.driver.CFirefoxDriver.execute(CFirefoxDriver.java:28)&#xD;
	at org.openqa.selenium.remote.RemoteWebElement.execute(RemoteWebElement.java:285)&#xD;
	at org.openqa.selenium.remote.RemoteWebElement.click(RemoteWebElement.java:84)&#xD;
	at com.kms.katalon.core.webui.keyword.builtin.ClickKeyword$_click_closure1.doCall(ClickKeyword.groovy:79)&#xD;
	at com.kms.katalon.core.webui.keyword.builtin.ClickKeyword$_click_closure1.call(ClickKeyword.groovy)&#xD;
	at com.kms.katalon.core.webui.keyword.internal.WebUIKeywordMain.runKeyword(WebUIKeywordMain.groovy:20)&#xD;
	at com.kms.katalon.core.webui.keyword.builtin.ClickKeyword.click(ClickKeyword.groovy:86)&#xD;
	at com.kms.katalon.core.webui.keyword.builtin.ClickKeyword.execute(ClickKeyword.groovy:67)&#xD;
	at com.kms.katalon.core.keyword.internal.KeywordExecutor.executeKeywordForPlatform(KeywordExecutor.groovy:56)&#xD;
	at com.kms.katalon.core.webui.keyword.WebUiBuiltInKeywords.click(WebUiBuiltInKeywords.groovy:616)&#xD;
	at com.kms.katalon.core.webui.keyword.WebUiBuiltInKeywords$click$4.call(Unknown Source)&#xD;
	at Script1570386530812.run(Script1570386530812.groovy:47)&#xD;
	... 13 more&#xD;
)&#xD;
&#xD;
2019-10-18 21:05:40 - [MESSAGE][FAILED] - Unable to click on object 'Object Repository/Rate/Page_View Profile/span_Desire to work with again_star3' (Root cause: com.kms.katalon.core.exception.StepFailedException: Unable to click on object 'Object Repository/Rate/Page_View Profile/span_Desire to work with again_star3'&#xD;
	at com.kms.katalon.core.webui.keyword.internal.WebUIKeywordMain.stepFailed(WebUIKeywordMain.groovy:64)&#xD;
	at com.kms.katalon.core.webui.keyword.internal.WebUIKeywordMain.runKeyword(WebUIKeywordMain.groovy:26)&#xD;
	at com.kms.katalon.core.webui.keyword.builtin.ClickKeyword.click(ClickKeyword.groovy:86)&#xD;
	at com.kms.katalon.core.webui.keyword.builtin.ClickKeyword.execute(ClickKeyword.groovy:67)&#xD;
	at com.kms.katalon.core.keyword.internal.KeywordExecutor.executeKeywordForPlatform(KeywordExecutor.groovy:56)&#xD;
	at com.kms.katalon.core.webui.keyword.WebUiBuiltInKeywords.click(WebUiBuiltInKeywords.groovy:616)&#xD;
	at com.kms.katalon.core.webui.keyword.WebUiBuiltInKeywords$click$4.call(Unknown Source)&#xD;
	at Rate users - third party.run(Rate users - third party:47)&#xD;
	at com.kms.katalon.core.main.ScriptEngine.run(ScriptEngine.java:194)&#xD;
	at com.kms.katalon.core.main.ScriptEngine.runScriptAsRawText(ScriptEngine.java:119)&#xD;
	at com.kms.katalon.core.main.TestCaseExecutor.runScript(TestCaseExecutor.java:337)&#xD;
	at com.kms.katalon.core.main.TestCaseExecutor.doExecute(TestCaseExecutor.java:328)&#xD;
	at com.kms.katalon.core.main.TestCaseExecutor.processExecutionPhase(TestCaseExecutor.java:307)&#xD;
	at com.kms.katalon.core.main.TestCaseExecutor.accessMainPhase(TestCaseExecutor.java:299)&#xD;
	at com.kms.katalon.core.main.TestCaseExecutor.execute(TestCaseExecutor.java:233)&#xD;
	at com.kms.katalon.core.main.TestSuiteExecutor.accessTestCaseMainPhase(TestSuiteExecutor.java:169)&#xD;
	at com.kms.katalon.core.main.TestSuiteExecutor.accessTestSuiteMainPhase(TestSuiteExecutor.java:142)&#xD;
	at com.kms.katalon.core.main.TestSuiteExecutor.execute(TestSuiteExecutor.java:91)&#xD;
	at com.kms.katalon.core.main.TestCaseMain.startTestSuite(TestCaseMain.java:157)&#xD;
	at com.kms.katalon.core.main.TestCaseMain$startTestSuite$0.call(Unknown Source)&#xD;
	at TempTestSuite1571412266031.run(TempTestSuite1571412266031.groovy:35)&#xD;
Caused by: org.openqa.selenium.ElementNotInteractableException: Element &lt;span id="star3" class="fa fa-star-o"&gt; could not be scrolled into view
Build info: version: '3.141.59', revision: 'e82be7d358', time: '2018-11-14T08:25:53'
System info: host: 'PUN-IT000636', ip: '192.168.43.182', os.name: 'Windows 10', os.arch: 'amd64', os.version: '10.0', java.version: '1.8.0_181'
Driver info: com.kms.katalon.core.webui.driver.firefox.CGeckoDriver
Capabilities {acceptInsecureCerts: true, browserName: firefox, browserVersion: 69.0.3, javascriptEnabled: true, moz:accessibilityChecks: false, moz:buildID: 20191009172106, moz:geckodriverVersion: 0.23.0, moz:headless: false, moz:processID: 6780, moz:profile: C:\Users\Suraj Kumar\AppDat..., moz:shutdownTimeout: 60000, moz:useNonSpecCompliantPointerOrigin: false, moz:webdriverClick: true, pageLoadStrategy: normal, platform: WINDOWS, platformName: WINDOWS, platformVersion: 10.0, proxy: Proxy(direct), rotatable: false, setWindowRect: true, strictFileInteractability: false, timeouts: {implicit: 0, pageLoad: 300000, script: 30000}, unhandledPromptBehavior: dismiss and notify}
Session ID: ecce44bf-c0f6-4a8d-8415-006298091118&#xD;
	at org.openqa.selenium.remote.http.W3CHttpResponseCodec.createException(W3CHttpResponseCodec.java:187)&#xD;
	at org.openqa.selenium.remote.http.W3CHttpResponseCodec.decode(W3CHttpResponseCodec.java:122)&#xD;
	at org.openqa.selenium.remote.http.W3CHttpResponseCodec.decode(W3CHttpResponseCodec.java:49)&#xD;
	at org.openqa.selenium.remote.HttpCommandExecutor.execute(HttpCommandExecutor.java:158)&#xD;
	at org.openqa.selenium.remote.service.DriverCommandExecutor.execute(DriverCommandExecutor.java:83)&#xD;
	at org.openqa.selenium.remote.RemoteWebDriver.execute(RemoteWebDriver.java:552)&#xD;
	at com.kms.katalon.selenium.driver.CFirefoxDriver.execute(CFirefoxDriver.java:28)&#xD;
	at org.openqa.selenium.remote.RemoteWebElement.execute(RemoteWebElement.java:285)&#xD;
	at org.openqa.selenium.remote.RemoteWebElement.click(RemoteWebElement.java:84)&#xD;
	at com.kms.katalon.core.webui.keyword.builtin.ClickKeyword$_click_closure1.doCall(ClickKeyword.groovy:79)&#xD;
	at com.kms.katalon.core.webui.keyword.builtin.ClickKeyword$_click_closure1.call(ClickKeyword.groovy)&#xD;
	at com.kms.katalon.core.webui.keyword.internal.WebUIKeywordMain.runKeyword(WebUIKeywordMain.groovy:20)&#xD;
	at com.kms.katalon.core.webui.keyword.builtin.ClickKeyword.click(ClickKeyword.groovy:86)&#xD;
	at com.kms.katalon.core.webui.keyword.builtin.ClickKeyword.execute(ClickKeyword.groovy:67)&#xD;
	at com.kms.katalon.core.keyword.internal.KeywordExecutor.executeKeywordForPlatform(KeywordExecutor.groovy:56)&#xD;
	at com.kms.katalon.core.webui.keyword.WebUiBuiltInKeywords.click(WebUiBuiltInKeywords.groovy:616)&#xD;
	at com.kms.katalon.core.webui.keyword.WebUiBuiltInKeywords$click$4.call(Unknown Source)&#xD;
	at Script1570386530812.run(Script1570386530812.groovy:47)&#xD;
	... 13 more&#xD;
)&#xD;
[[ATTACHMENT|C:\\Users\\Suraj Kumar\\git\\KatalonTWL\\KatalonBDD\\Reports\\20191018_205425\\SanitySuite\\20191018_205425\\1571412940298.png]]&#xD;
&#xD;
2019-10-18 21:05:40 - [TEST_STEP][PASSED] - Start listener action : afterTestcase: Browser is closed&#xD;
&#xD;
2019-10-18 21:05:40 - [TEST_STEP][PASSED] - closeBrowser(): Browser is closed&#xD;
&#xD;
2019-10-18 21:05:42 - [MESSAGE][PASSED] - Browser is closed</system-out>
            <system-err>2019-10-18 21:04:45 - [TEST_CASE][FAILED] - Test Cases/Rate users - third party: Test Cases/Rate users - third party FAILED.
Reason:
com.kms.katalon.core.exception.StepFailedException: Unable to click on object 'Object Repository/Rate/Page_View Profile/span_Desire to work with again_star3'&#xD;
	at com.kms.katalon.core.webui.keyword.internal.WebUIKeywordMain.stepFailed(WebUIKeywordMain.groovy:64)&#xD;
	at com.kms.katalon.core.webui.keyword.internal.WebUIKeywordMain.runKeyword(WebUIKeywordMain.groovy:26)&#xD;
	at com.kms.katalon.core.webui.keyword.builtin.ClickKeyword.click(ClickKeyword.groovy:86)&#xD;
	at com.kms.katalon.core.webui.keyword.builtin.ClickKeyword.execute(ClickKeyword.groovy:67)&#xD;
	at com.kms.katalon.core.keyword.internal.KeywordExecutor.executeKeywordForPlatform(KeywordExecutor.groovy:56)&#xD;
	at com.kms.katalon.core.webui.keyword.WebUiBuiltInKeywords.click(WebUiBuiltInKeywords.groovy:616)&#xD;
	at com.kms.katalon.core.webui.keyword.WebUiBuiltInKeywords$click$4.call(Unknown Source)&#xD;
	at Rate users - third party.run(Rate users - third party:47)&#xD;
	at com.kms.katalon.core.main.ScriptEngine.run(ScriptEngine.java:194)&#xD;
	at com.kms.katalon.core.main.ScriptEngine.runScriptAsRawText(ScriptEngine.java:119)&#xD;
	at com.kms.katalon.core.main.TestCaseExecutor.runScript(TestCaseExecutor.java:337)&#xD;
	at com.kms.katalon.core.main.TestCaseExecutor.doExecute(TestCaseExecutor.java:328)&#xD;
	at com.kms.katalon.core.main.TestCaseExecutor.processExecutionPhase(TestCaseExecutor.java:307)&#xD;
	at com.kms.katalon.core.main.TestCaseExecutor.accessMainPhase(TestCaseExecutor.java:299)&#xD;
	at com.kms.katalon.core.main.TestCaseExecutor.execute(TestCaseExecutor.java:233)&#xD;
	at com.kms.katalon.core.main.TestSuiteExecutor.accessTestCaseMainPhase(TestSuiteExecutor.java:169)&#xD;
	at com.kms.katalon.core.main.TestSuiteExecutor.accessTestSuiteMainPhase(TestSuiteExecutor.java:142)&#xD;
	at com.kms.katalon.core.main.TestSuiteExecutor.execute(TestSuiteExecutor.java:91)&#xD;
	at com.kms.katalon.core.main.TestCaseMain.startTestSuite(TestCaseMain.java:157)&#xD;
	at com.kms.katalon.core.main.TestCaseMain$startTestSuite$0.call(Unknown Source)&#xD;
	at TempTestSuite1571412266031.run(TempTestSuite1571412266031.groovy:35)&#xD;
Caused by: org.openqa.selenium.ElementNotInteractableException: Element &lt;span id="star3" class="fa fa-star-o"&gt; could not be scrolled into view
Build info: version: '3.141.59', revision: 'e82be7d358', time: '2018-11-14T08:25:53'
System info: host: 'PUN-IT000636', ip: '192.168.43.182', os.name: 'Windows 10', os.arch: 'amd64', os.version: '10.0', java.version: '1.8.0_181'
Driver info: com.kms.katalon.core.webui.driver.firefox.CGeckoDriver
Capabilities {acceptInsecureCerts: true, browserName: firefox, browserVersion: 69.0.3, javascriptEnabled: true, moz:accessibilityChecks: false, moz:buildID: 20191009172106, moz:geckodriverVersion: 0.23.0, moz:headless: false, moz:processID: 6780, moz:profile: C:\Users\Suraj Kumar\AppDat..., moz:shutdownTimeout: 60000, moz:useNonSpecCompliantPointerOrigin: false, moz:webdriverClick: true, pageLoadStrategy: normal, platform: WINDOWS, platformName: WINDOWS, platformVersion: 10.0, proxy: Proxy(direct), rotatable: false, setWindowRect: true, strictFileInteractability: false, timeouts: {implicit: 0, pageLoad: 300000, script: 30000}, unhandledPromptBehavior: dismiss and notify}
Session ID: ecce44bf-c0f6-4a8d-8415-006298091118&#xD;
	at org.openqa.selenium.remote.http.W3CHttpResponseCodec.createException(W3CHttpResponseCodec.java:187)&#xD;
	at org.openqa.selenium.remote.http.W3CHttpResponseCodec.decode(W3CHttpResponseCodec.java:122)&#xD;
	at org.openqa.selenium.remote.http.W3CHttpResponseCodec.decode(W3CHttpResponseCodec.java:49)&#xD;
	at org.openqa.selenium.remote.HttpCommandExecutor.execute(HttpCommandExecutor.java:158)&#xD;
	at org.openqa.selenium.remote.service.DriverCommandExecutor.execute(DriverCommandExecutor.java:83)&#xD;
	at org.openqa.selenium.remote.RemoteWebDriver.execute(RemoteWebDriver.java:552)&#xD;
	at com.kms.katalon.selenium.driver.CFirefoxDriver.execute(CFirefoxDriver.java:28)&#xD;
	at org.openqa.selenium.remote.RemoteWebElement.execute(RemoteWebElement.java:285)&#xD;
	at org.openqa.selenium.remote.RemoteWebElement.click(RemoteWebElement.java:84)&#xD;
	at com.kms.katalon.core.webui.keyword.builtin.ClickKeyword$_click_closure1.doCall(ClickKeyword.groovy:79)&#xD;
	at com.kms.katalon.core.webui.keyword.builtin.ClickKeyword$_click_closure1.call(ClickKeyword.groovy)&#xD;
	at com.kms.katalon.core.webui.keyword.internal.WebUIKeywordMain.runKeyword(WebUIKeywordMain.groovy:20)&#xD;
	... 19 more</system-err>
        </testcase>
        <testcase name="Test Cases/Connect with users" classname="Test Cases/Connect with users" status="PASSED">
            <system-out>2019-10-18 21:05:42 - [TEST_CASE][PASSED] - Test Cases/Connect with users: Test Cases/Connect with users&#xD;
&#xD;
2019-10-18 21:05:42 - [TEST_STEP][PASSED] - Start listener action : beforeTestcase: null&#xD;
&#xD;
2019-10-18 21:05:42 - [TEST_STEP][PASSED] - openBrowser(""): Browser is opened with url: ''&#xD;
&#xD;
2019-10-18 21:05:42 - [MESSAGE][INFO] - Starting 'Firefox' driver&#xD;
&#xD;
2019-10-18 21:05:46 - [MESSAGE][PASSED] - Browser is opened with url: ''&#xD;
&#xD;
2019-10-18 21:05:46 - [TEST_STEP][PASSED] - navigateToUrl("https://qa.thework.life/"): Navigate to 'https://qa.thework.life/' successfully&#xD;
&#xD;
2019-10-18 21:05:55 - [MESSAGE][PASSED] - Navigate to 'https://qa.thework.life/' successfully&#xD;
&#xD;
2019-10-18 21:05:55 - [TEST_STEP][PASSED] - setText(findTestObject("Experience/Page_theworklife - Find Great People To Work With/input_Forgot password_username"), "worklifetest10001@gmail.com"): Text 'worklifetest10001@gmail.com' is set on object 'Object Repository/Experience/Page_theworklife - Find Great People To Work With/input_Forgot password_username'&#xD;
&#xD;
2019-10-18 21:05:55 - [MESSAGE][PASSED] - Text 'worklifetest10001@gmail.com' is set on object 'Object Repository/Experience/Page_theworklife - Find Great People To Work With/input_Forgot password_username'&#xD;
&#xD;
2019-10-18 21:05:55 - [TEST_STEP][PASSED] - setEncryptedText(findTestObject("Experience/Page_theworklife - Find Great People To Work With/input_Forgot password_password"), "XU9cBalmEBp1UP+jEU2w4UUBUuNgBY4U"): Text ****** has been set on object 'Object Repository/Experience/Page_theworklife - Find Great People To Work With/input_Forgot password_password'&#xD;
&#xD;
2019-10-18 21:05:56 - [MESSAGE][PASSED] - Text ****** has been set on object 'Object Repository/Experience/Page_theworklife - Find Great People To Work With/input_Forgot password_password'&#xD;
&#xD;
2019-10-18 21:05:56 - [TEST_STEP][PASSED] - click(findTestObject("Object Repository/Rate/Page_theworklife - Find Great People To Work With/button_Sign in")): Object: 'Object Repository/Rate/Page_theworklife - Find Great People To Work With/button_Sign in' is clicked on&#xD;
&#xD;
2019-10-18 21:06:07 - [MESSAGE][PASSED] - Object: 'Object Repository/Rate/Page_theworklife - Find Great People To Work With/button_Sign in' is clicked on&#xD;
&#xD;
2019-10-18 21:06:07 - [TEST_STEP][PASSED] - waitForElementPresent(findTestObject("connect with user/Page_Home/a_connections"), 3): Object 'Object Repository/connect with user/Page_Home/a_connections' is present&#xD;
&#xD;
2019-10-18 21:06:07 - [MESSAGE][PASSED] - Object 'Object Repository/connect with user/Page_Home/a_connections' is present&#xD;
&#xD;
2019-10-18 21:06:07 - [TEST_STEP][PASSED] - delay(4): Delayed 4 second(s)&#xD;
&#xD;
2019-10-18 21:06:11 - [MESSAGE][PASSED] - Delayed 4 second(s)&#xD;
&#xD;
2019-10-18 21:06:11 - [TEST_STEP][PASSED] - click(findTestObject("connect with user/Page_Home/a_connections")): Object: 'Object Repository/connect with user/Page_Home/a_connections' is clicked on&#xD;
&#xD;
2019-10-18 21:06:16 - [MESSAGE][PASSED] - Object: 'Object Repository/connect with user/Page_Home/a_connections' is clicked on&#xD;
&#xD;
2019-10-18 21:06:16 - [TEST_STEP][PASSED] - setText(findTestObject("Rate/Page_Home/input_View all_searchText"), "vijay"): Text 'vijay' is set on object 'Object Repository/Rate/Page_Home/input_View all_searchText'&#xD;
&#xD;
2019-10-18 21:06:16 - [MESSAGE][PASSED] - Text 'vijay' is set on object 'Object Repository/Rate/Page_Home/input_View all_searchText'&#xD;
&#xD;
2019-10-18 21:06:16 - [TEST_STEP][PASSED] - click(findTestObject("Rate/Page_Home/Search user button")): Object: 'Object Repository/Rate/Page_Home/Search user button' is clicked on&#xD;
&#xD;
2019-10-18 21:06:22 - [MESSAGE][PASSED] - Object: 'Object Repository/Rate/Page_Home/Search user button' is clicked on&#xD;
&#xD;
2019-10-18 21:06:22 - [TEST_STEP][PASSED] - click(findTestObject("connect with user/Page_Search/button_Connect")): Object: 'Object Repository/connect with user/Page_Search/button_Connect' is clicked on&#xD;
&#xD;
2019-10-18 21:06:41 - [MESSAGE][PASSED] - Object: 'Object Repository/connect with user/Page_Search/button_Connect' is clicked on&#xD;
&#xD;
2019-10-18 21:06:41 - [TEST_STEP][PASSED] - closeBrowser(): Browser is closed&#xD;
&#xD;
2019-10-18 21:06:43 - [MESSAGE][PASSED] - Browser is closed&#xD;
&#xD;
2019-10-18 21:06:43 - [TEST_STEP][PASSED] - Start listener action : afterTestcase: Browser is closed&#xD;
&#xD;
2019-10-18 21:06:43 - [TEST_STEP][PASSED] - closeBrowser(): Browser is closed&#xD;
&#xD;
2019-10-18 21:06:43 - [MESSAGE][PASSED] - Browser is closed</system-out>
            <system-err></system-err>
        </testcase>
        <testcase name="Test Cases/Endorse skills" classname="Test Cases/Endorse skills" status="FAILED">
            <failure type="FAILED" message="Test Cases/Endorse skills FAILED.&#xA;Reason:&#xA;com.kms.katalon.core.exception.StepFailedException: Unable to click on object 'Object Repository/Endorse skills/Page_View Profile/span_Endorse Skills'&#xD;&#xA;&#x9;at com.kms.katalon.core.webui.keyword.internal.WebUIKeywordMain.stepFailed(WebUIKeywordMain.groovy:64)&#xD;&#xA;&#x9;at com.kms.katalon.core.webui.keyword.internal.WebUIKeywordMain.runKeyword(WebUIKeywordMain.groovy:26)&#xD;&#xA;&#x9;at com.kms.katalon.core.webui.keyword.builtin.ClickKeyword.click(ClickKeyword.groovy:86)&#xD;&#xA;&#x9;at com.kms.katalon.core.webui.keyword.builtin.ClickKeyword.execute(ClickKeyword.groovy:67)&#xD;&#xA;&#x9;at com.kms.katalon.core.keyword.internal.KeywordExecutor.executeKeywordForPlatform(KeywordExecutor.groovy:56)&#xD;&#xA;&#x9;at com.kms.katalon.core.webui.keyword.WebUiBuiltInKeywords.click(WebUiBuiltInKeywords.groovy:616)&#xD;&#xA;&#x9;at com.kms.katalon.core.webui.keyword.WebUiBuiltInKeywords$click$4.call(Unknown Source)&#xD;&#xA;&#x9;at Endorse skills.run(Endorse skills:37)&#xD;&#xA;&#x9;at com.kms.katalon.core.main.ScriptEngine.run(ScriptEngine.java:194)&#xD;&#xA;&#x9;at com.kms.katalon.core.main.ScriptEngine.runScriptAsRawText(ScriptEngine.java:119)&#xD;&#xA;&#x9;at com.kms.katalon.core.main.TestCaseExecutor.runScript(TestCaseExecutor.java:337)&#xD;&#xA;&#x9;at com.kms.katalon.core.main.TestCaseExecutor.doExecute(TestCaseExecutor.java:328)&#xD;&#xA;&#x9;at com.kms.katalon.core.main.TestCaseExecutor.processExecutionPhase(TestCaseExecutor.java:307)&#xD;&#xA;&#x9;at com.kms.katalon.core.main.TestCaseExecutor.accessMainPhase(TestCaseExecutor.java:299)&#xD;&#xA;&#x9;at com.kms.katalon.core.main.TestCaseExecutor.execute(TestCaseExecutor.java:233)&#xD;&#xA;&#x9;at com.kms.katalon.core.main.TestSuiteExecutor.accessTestCaseMainPhase(TestSuiteExecutor.java:169)&#xD;&#xA;&#x9;at com.kms.katalon.core.main.TestSuiteExecutor.accessTestSuiteMainPhase(TestSuiteExecutor.java:142)&#xD;&#xA;&#x9;at com.kms.katalon.core.main.TestSuiteExecutor.execute(TestSuiteExecutor.java:91)&#xD;&#xA;&#x9;at com.kms.katalon.core.main.TestCaseMain.startTestSuite(TestCaseMain.java:157)&#xD;&#xA;&#x9;at com.kms.katalon.core.main.TestCaseMain$startTestSuite$0.call(Unknown Source)&#xD;&#xA;&#x9;at TempTestSuite1571412266031.run(TempTestSuite1571412266031.groovy:35)&#xD;&#xA;Caused by: com.kms.katalon.core.webui.exception.WebElementNotFoundException: Web element with id: 'Object Repository/Endorse skills/Page_View Profile/span_Endorse Skills' located by 'By.xpath: //*[@id = 'linkEndorsement' and (text() = 'Endorse Skills' or . = 'Endorse Skills')]' not found&#xD;&#xA;&#x9;at com.kms.katalon.core.webui.common.WebUiCommonHelper.findWebElement(WebUiCommonHelper.java:1097)&#xD;&#xA;&#x9;at com.kms.katalon.core.webui.keyword.internal.WebUIAbstractKeyword.findWebElement(WebUIAbstractKeyword.groovy:27)&#xD;&#xA;&#x9;at com.kms.katalon.core.webui.keyword.internal.WebUIAbstractKeyword.findWebElement(WebUIAbstractKeyword.groovy:26)&#xD;&#xA;&#x9;at com.kms.katalon.core.webui.keyword.builtin.ClickKeyword$_click_closure1.doCall(ClickKeyword.groovy:77)&#xD;&#xA;&#x9;at com.kms.katalon.core.webui.keyword.builtin.ClickKeyword$_click_closure1.call(ClickKeyword.groovy)&#xD;&#xA;&#x9;at com.kms.katalon.core.webui.keyword.internal.WebUIKeywordMain.runKeyword(WebUIKeywordMain.groovy:20)&#xD;&#xA;&#x9;... 19 more&#xD;&#xA;"/>
            <system-out>2019-10-18 21:06:43 - [TEST_CASE][FAILED] - Test Cases/Endorse skills: Test Cases/Endorse skills FAILED.
Reason:
com.kms.katalon.core.exception.StepFailedException: Unable to click on object 'Object Repository/Endorse skills/Page_View Profile/span_Endorse Skills'&#xD;
	at com.kms.katalon.core.webui.keyword.internal.WebUIKeywordMain.stepFailed(WebUIKeywordMain.groovy:64)&#xD;
	at com.kms.katalon.core.webui.keyword.internal.WebUIKeywordMain.runKeyword(WebUIKeywordMain.groovy:26)&#xD;
	at com.kms.katalon.core.webui.keyword.builtin.ClickKeyword.click(ClickKeyword.groovy:86)&#xD;
	at com.kms.katalon.core.webui.keyword.builtin.ClickKeyword.execute(ClickKeyword.groovy:67)&#xD;
	at com.kms.katalon.core.keyword.internal.KeywordExecutor.executeKeywordForPlatform(KeywordExecutor.groovy:56)&#xD;
	at com.kms.katalon.core.webui.keyword.WebUiBuiltInKeywords.click(WebUiBuiltInKeywords.groovy:616)&#xD;
	at com.kms.katalon.core.webui.keyword.WebUiBuiltInKeywords$click$4.call(Unknown Source)&#xD;
	at Endorse skills.run(Endorse skills:37)&#xD;
	at com.kms.katalon.core.main.ScriptEngine.run(ScriptEngine.java:194)&#xD;
	at com.kms.katalon.core.main.ScriptEngine.runScriptAsRawText(ScriptEngine.java:119)&#xD;
	at com.kms.katalon.core.main.TestCaseExecutor.runScript(TestCaseExecutor.java:337)&#xD;
	at com.kms.katalon.core.main.TestCaseExecutor.doExecute(TestCaseExecutor.java:328)&#xD;
	at com.kms.katalon.core.main.TestCaseExecutor.processExecutionPhase(TestCaseExecutor.java:307)&#xD;
	at com.kms.katalon.core.main.TestCaseExecutor.accessMainPhase(TestCaseExecutor.java:299)&#xD;
	at com.kms.katalon.core.main.TestCaseExecutor.execute(TestCaseExecutor.java:233)&#xD;
	at com.kms.katalon.core.main.TestSuiteExecutor.accessTestCaseMainPhase(TestSuiteExecutor.java:169)&#xD;
	at com.kms.katalon.core.main.TestSuiteExecutor.accessTestSuiteMainPhase(TestSuiteExecutor.java:142)&#xD;
	at com.kms.katalon.core.main.TestSuiteExecutor.execute(TestSuiteExecutor.java:91)&#xD;
	at com.kms.katalon.core.main.TestCaseMain.startTestSuite(TestCaseMain.java:157)&#xD;
	at com.kms.katalon.core.main.TestCaseMain$startTestSuite$0.call(Unknown Source)&#xD;
	at TempTestSuite1571412266031.run(TempTestSuite1571412266031.groovy:35)&#xD;
Caused by: com.kms.katalon.core.webui.exception.WebElementNotFoundException: Web element with id: 'Object Repository/Endorse skills/Page_View Profile/span_Endorse Skills' located by 'By.xpath: //*[@id = 'linkEndorsement' and (text() = 'Endorse Skills' or . = 'Endorse Skills')]' not found&#xD;
	at com.kms.katalon.core.webui.common.WebUiCommonHelper.findWebElement(WebUiCommonHelper.java:1097)&#xD;
	at com.kms.katalon.core.webui.keyword.internal.WebUIAbstractKeyword.findWebElement(WebUIAbstractKeyword.groovy:27)&#xD;
	at com.kms.katalon.core.webui.keyword.internal.WebUIAbstractKeyword.findWebElement(WebUIAbstractKeyword.groovy:26)&#xD;
	at com.kms.katalon.core.webui.keyword.builtin.ClickKeyword$_click_closure1.doCall(ClickKeyword.groovy:77)&#xD;
	at com.kms.katalon.core.webui.keyword.builtin.ClickKeyword$_click_closure1.call(ClickKeyword.groovy)&#xD;
	at com.kms.katalon.core.webui.keyword.internal.WebUIKeywordMain.runKeyword(WebUIKeywordMain.groovy:20)&#xD;
	... 19 more&#xD;
&#xD;
&#xD;
2019-10-18 21:06:43 - [TEST_STEP][PASSED] - Start listener action : beforeTestcase: null&#xD;
&#xD;
2019-10-18 21:06:43 - [TEST_STEP][PASSED] - openBrowser(""): Browser is opened with url: ''&#xD;
&#xD;
2019-10-18 21:06:43 - [MESSAGE][INFO] - Starting 'Firefox' driver&#xD;
&#xD;
2019-10-18 21:06:47 - [MESSAGE][PASSED] - Browser is opened with url: ''&#xD;
&#xD;
2019-10-18 21:06:47 - [TEST_STEP][PASSED] - navigateToUrl("https://qa.thework.life/"): Navigate to 'https://qa.thework.life/' successfully&#xD;
&#xD;
2019-10-18 21:08:10 - [MESSAGE][PASSED] - Navigate to 'https://qa.thework.life/' successfully&#xD;
&#xD;
2019-10-18 21:08:10 - [TEST_STEP][PASSED] - setText(findTestObject("Object Repository/Endorse skills/Page_theworklife - Find Great People To Work With/input_Forgot password_username"), "worklifetest10001@gmail.com"): Text 'worklifetest10001@gmail.com' is set on object 'Object Repository/Endorse skills/Page_theworklife - Find Great People To Work With/input_Forgot password_username'&#xD;
&#xD;
2019-10-18 21:08:10 - [MESSAGE][PASSED] - Text 'worklifetest10001@gmail.com' is set on object 'Object Repository/Endorse skills/Page_theworklife - Find Great People To Work With/input_Forgot password_username'&#xD;
&#xD;
2019-10-18 21:08:10 - [TEST_STEP][PASSED] - setEncryptedText(findTestObject("Object Repository/Endorse skills/Page_theworklife - Find Great People To Work With/input_Forgot password_password"), "XU9cBalmEBp1UP+jEU2w4UUBUuNgBY4U"): Text ****** has been set on object 'Object Repository/Endorse skills/Page_theworklife - Find Great People To Work With/input_Forgot password_password'&#xD;
&#xD;
2019-10-18 21:08:10 - [MESSAGE][PASSED] - Text ****** has been set on object 'Object Repository/Endorse skills/Page_theworklife - Find Great People To Work With/input_Forgot password_password'&#xD;
&#xD;
2019-10-18 21:08:10 - [TEST_STEP][PASSED] - click(findTestObject("Object Repository/Rate/Page_theworklife - Find Great People To Work With/button_Sign in")): Object: 'Object Repository/Rate/Page_theworklife - Find Great People To Work With/button_Sign in' is clicked on&#xD;
&#xD;
2019-10-18 21:08:16 - [MESSAGE][PASSED] - Object: 'Object Repository/Rate/Page_theworklife - Find Great People To Work With/button_Sign in' is clicked on&#xD;
&#xD;
2019-10-18 21:08:16 - [TEST_STEP][PASSED] - setText(findTestObject("Object Repository/Endorse skills/Page_Home/input_View all_searchText"), "vijay"): Text 'vijay' is set on object 'Object Repository/Endorse skills/Page_Home/input_View all_searchText'&#xD;
&#xD;
2019-10-18 21:08:30 - [MESSAGE][PASSED] - Text 'vijay' is set on object 'Object Repository/Endorse skills/Page_Home/input_View all_searchText'&#xD;
&#xD;
2019-10-18 21:08:30 - [TEST_STEP][PASSED] - delay(3): Delayed 3 second(s)&#xD;
&#xD;
2019-10-18 21:08:33 - [MESSAGE][PASSED] - Delayed 3 second(s)&#xD;
&#xD;
2019-10-18 21:08:33 - [TEST_STEP][PASSED] - click(findTestObject("Object Repository/Endorse skills/Page_Search/div_Vijay Test")): Object: 'Object Repository/Endorse skills/Page_Search/div_Vijay Test' is clicked on&#xD;
&#xD;
2019-10-18 21:08:39 - [MESSAGE][PASSED] - Object: 'Object Repository/Endorse skills/Page_Search/div_Vijay Test' is clicked on&#xD;
&#xD;
2019-10-18 21:08:39 - [TEST_STEP][PASSED] - click(findTestObject("Endorse skills/Page_Search/search vijay test")): Object: 'Object Repository/Endorse skills/Page_Search/search vijay test' is clicked on&#xD;
&#xD;
2019-10-18 21:08:44 - [MESSAGE][PASSED] - Object: 'Object Repository/Endorse skills/Page_Search/search vijay test' is clicked on&#xD;
&#xD;
2019-10-18 21:08:44 - [TEST_STEP][FAILED] - click(findTestObject("Object Repository/Endorse skills/Page_View Profile/span_Endorse Skills")): Unable to click on object 'Object Repository/Endorse skills/Page_View Profile/span_Endorse Skills' (Root cause: com.kms.katalon.core.exception.StepFailedException: Unable to click on object 'Object Repository/Endorse skills/Page_View Profile/span_Endorse Skills'&#xD;
	at com.kms.katalon.core.webui.keyword.internal.WebUIKeywordMain.stepFailed(WebUIKeywordMain.groovy:64)&#xD;
	at com.kms.katalon.core.webui.keyword.internal.WebUIKeywordMain.runKeyword(WebUIKeywordMain.groovy:26)&#xD;
	at com.kms.katalon.core.webui.keyword.builtin.ClickKeyword.click(ClickKeyword.groovy:86)&#xD;
	at com.kms.katalon.core.webui.keyword.builtin.ClickKeyword.execute(ClickKeyword.groovy:67)&#xD;
	at com.kms.katalon.core.keyword.internal.KeywordExecutor.executeKeywordForPlatform(KeywordExecutor.groovy:56)&#xD;
	at com.kms.katalon.core.webui.keyword.WebUiBuiltInKeywords.click(WebUiBuiltInKeywords.groovy:616)&#xD;
	at com.kms.katalon.core.webui.keyword.WebUiBuiltInKeywords$click$4.call(Unknown Source)&#xD;
	at Endorse skills.run(Endorse skills:37)&#xD;
	at com.kms.katalon.core.main.ScriptEngine.run(ScriptEngine.java:194)&#xD;
	at com.kms.katalon.core.main.ScriptEngine.runScriptAsRawText(ScriptEngine.java:119)&#xD;
	at com.kms.katalon.core.main.TestCaseExecutor.runScript(TestCaseExecutor.java:337)&#xD;
	at com.kms.katalon.core.main.TestCaseExecutor.doExecute(TestCaseExecutor.java:328)&#xD;
	at com.kms.katalon.core.main.TestCaseExecutor.processExecutionPhase(TestCaseExecutor.java:307)&#xD;
	at com.kms.katalon.core.main.TestCaseExecutor.accessMainPhase(TestCaseExecutor.java:299)&#xD;
	at com.kms.katalon.core.main.TestCaseExecutor.execute(TestCaseExecutor.java:233)&#xD;
	at com.kms.katalon.core.main.TestSuiteExecutor.accessTestCaseMainPhase(TestSuiteExecutor.java:169)&#xD;
	at com.kms.katalon.core.main.TestSuiteExecutor.accessTestSuiteMainPhase(TestSuiteExecutor.java:142)&#xD;
	at com.kms.katalon.core.main.TestSuiteExecutor.execute(TestSuiteExecutor.java:91)&#xD;
	at com.kms.katalon.core.main.TestCaseMain.startTestSuite(TestCaseMain.java:157)&#xD;
	at com.kms.katalon.core.main.TestCaseMain$startTestSuite$0.call(Unknown Source)&#xD;
	at TempTestSuite1571412266031.run(TempTestSuite1571412266031.groovy:35)&#xD;
Caused by: com.kms.katalon.core.webui.exception.WebElementNotFoundException: Web element with id: 'Object Repository/Endorse skills/Page_View Profile/span_Endorse Skills' located by 'By.xpath: //*[@id = 'linkEndorsement' and (text() = 'Endorse Skills' or . = 'Endorse Skills')]' not found&#xD;
	at com.kms.katalon.core.webui.common.WebUiCommonHelper.findWebElement(WebUiCommonHelper.java:1097)&#xD;
	at com.kms.katalon.core.webui.keyword.internal.WebUIAbstractKeyword.findWebElement(WebUIAbstractKeyword.groovy:27)&#xD;
	at com.kms.katalon.core.webui.keyword.internal.WebUIAbstractKeyword.findWebElement(WebUIAbstractKeyword.groovy:26)&#xD;
	at com.kms.katalon.core.webui.keyword.builtin.ClickKeyword$_click_closure1.doCall(ClickKeyword.groovy:77)&#xD;
	at com.kms.katalon.core.webui.keyword.builtin.ClickKeyword$_click_closure1.call(ClickKeyword.groovy)&#xD;
	at com.kms.katalon.core.webui.keyword.internal.WebUIKeywordMain.runKeyword(WebUIKeywordMain.groovy:20)&#xD;
	at com.kms.katalon.core.webui.keyword.builtin.ClickKeyword.click(ClickKeyword.groovy:86)&#xD;
	at com.kms.katalon.core.webui.keyword.builtin.ClickKeyword.execute(ClickKeyword.groovy:67)&#xD;
	at com.kms.katalon.core.keyword.internal.KeywordExecutor.executeKeywordForPlatform(KeywordExecutor.groovy:56)&#xD;
	at com.kms.katalon.core.webui.keyword.WebUiBuiltInKeywords.click(WebUiBuiltInKeywords.groovy:616)&#xD;
	at com.kms.katalon.core.webui.keyword.WebUiBuiltInKeywords$click$4.call(Unknown Source)&#xD;
	at Script1570271024422.run(Script1570271024422.groovy:37)&#xD;
	... 13 more&#xD;
)&#xD;
&#xD;
2019-10-18 21:09:16 - [MESSAGE][INFO] - Unable to find the element located by 'By.xpath: //*[@id = 'linkEndorsement' and (text() = 'Endorse Skills' or . = 'Endorse Skills')]'. Please recheck the objects properties to make sure the desired element is located. &#xD;
&#xD;
2019-10-18 21:09:16 - [MESSAGE][FAILED] - Unable to click on object 'Object Repository/Endorse skills/Page_View Profile/span_Endorse Skills' (Root cause: com.kms.katalon.core.exception.StepFailedException: Unable to click on object 'Object Repository/Endorse skills/Page_View Profile/span_Endorse Skills'&#xD;
	at com.kms.katalon.core.webui.keyword.internal.WebUIKeywordMain.stepFailed(WebUIKeywordMain.groovy:64)&#xD;
	at com.kms.katalon.core.webui.keyword.internal.WebUIKeywordMain.runKeyword(WebUIKeywordMain.groovy:26)&#xD;
	at com.kms.katalon.core.webui.keyword.builtin.ClickKeyword.click(ClickKeyword.groovy:86)&#xD;
	at com.kms.katalon.core.webui.keyword.builtin.ClickKeyword.execute(ClickKeyword.groovy:67)&#xD;
	at com.kms.katalon.core.keyword.internal.KeywordExecutor.executeKeywordForPlatform(KeywordExecutor.groovy:56)&#xD;
	at com.kms.katalon.core.webui.keyword.WebUiBuiltInKeywords.click(WebUiBuiltInKeywords.groovy:616)&#xD;
	at com.kms.katalon.core.webui.keyword.WebUiBuiltInKeywords$click$4.call(Unknown Source)&#xD;
	at Endorse skills.run(Endorse skills:37)&#xD;
	at com.kms.katalon.core.main.ScriptEngine.run(ScriptEngine.java:194)&#xD;
	at com.kms.katalon.core.main.ScriptEngine.runScriptAsRawText(ScriptEngine.java:119)&#xD;
	at com.kms.katalon.core.main.TestCaseExecutor.runScript(TestCaseExecutor.java:337)&#xD;
	at com.kms.katalon.core.main.TestCaseExecutor.doExecute(TestCaseExecutor.java:328)&#xD;
	at com.kms.katalon.core.main.TestCaseExecutor.processExecutionPhase(TestCaseExecutor.java:307)&#xD;
	at com.kms.katalon.core.main.TestCaseExecutor.accessMainPhase(TestCaseExecutor.java:299)&#xD;
	at com.kms.katalon.core.main.TestCaseExecutor.execute(TestCaseExecutor.java:233)&#xD;
	at com.kms.katalon.core.main.TestSuiteExecutor.accessTestCaseMainPhase(TestSuiteExecutor.java:169)&#xD;
	at com.kms.katalon.core.main.TestSuiteExecutor.accessTestSuiteMainPhase(TestSuiteExecutor.java:142)&#xD;
	at com.kms.katalon.core.main.TestSuiteExecutor.execute(TestSuiteExecutor.java:91)&#xD;
	at com.kms.katalon.core.main.TestCaseMain.startTestSuite(TestCaseMain.java:157)&#xD;
	at com.kms.katalon.core.main.TestCaseMain$startTestSuite$0.call(Unknown Source)&#xD;
	at TempTestSuite1571412266031.run(TempTestSuite1571412266031.groovy:35)&#xD;
Caused by: com.kms.katalon.core.webui.exception.WebElementNotFoundException: Web element with id: 'Object Repository/Endorse skills/Page_View Profile/span_Endorse Skills' located by 'By.xpath: //*[@id = 'linkEndorsement' and (text() = 'Endorse Skills' or . = 'Endorse Skills')]' not found&#xD;
	at com.kms.katalon.core.webui.common.WebUiCommonHelper.findWebElement(WebUiCommonHelper.java:1097)&#xD;
	at com.kms.katalon.core.webui.keyword.internal.WebUIAbstractKeyword.findWebElement(WebUIAbstractKeyword.groovy:27)&#xD;
	at com.kms.katalon.core.webui.keyword.internal.WebUIAbstractKeyword.findWebElement(WebUIAbstractKeyword.groovy:26)&#xD;
	at com.kms.katalon.core.webui.keyword.builtin.ClickKeyword$_click_closure1.doCall(ClickKeyword.groovy:77)&#xD;
	at com.kms.katalon.core.webui.keyword.builtin.ClickKeyword$_click_closure1.call(ClickKeyword.groovy)&#xD;
	at com.kms.katalon.core.webui.keyword.internal.WebUIKeywordMain.runKeyword(WebUIKeywordMain.groovy:20)&#xD;
	at com.kms.katalon.core.webui.keyword.builtin.ClickKeyword.click(ClickKeyword.groovy:86)&#xD;
	at com.kms.katalon.core.webui.keyword.builtin.ClickKeyword.execute(ClickKeyword.groovy:67)&#xD;
	at com.kms.katalon.core.keyword.internal.KeywordExecutor.executeKeywordForPlatform(KeywordExecutor.groovy:56)&#xD;
	at com.kms.katalon.core.webui.keyword.WebUiBuiltInKeywords.click(WebUiBuiltInKeywords.groovy:616)&#xD;
	at com.kms.katalon.core.webui.keyword.WebUiBuiltInKeywords$click$4.call(Unknown Source)&#xD;
	at Script1570271024422.run(Script1570271024422.groovy:37)&#xD;
	... 13 more&#xD;
)&#xD;
[[ATTACHMENT|C:\\Users\\Suraj Kumar\\git\\KatalonTWL\\KatalonBDD\\Reports\\20191018_205425\\SanitySuite\\20191018_205425\\1571413156482.png]]&#xD;
&#xD;
2019-10-18 21:09:16 - [TEST_STEP][PASSED] - Start listener action : afterTestcase: Browser is closed&#xD;
&#xD;
2019-10-18 21:09:16 - [TEST_STEP][PASSED] - closeBrowser(): Browser is closed&#xD;
&#xD;
2019-10-18 21:09:18 - [MESSAGE][PASSED] - Browser is closed</system-out>
            <system-err>2019-10-18 21:06:43 - [TEST_CASE][FAILED] - Test Cases/Endorse skills: Test Cases/Endorse skills FAILED.
Reason:
com.kms.katalon.core.exception.StepFailedException: Unable to click on object 'Object Repository/Endorse skills/Page_View Profile/span_Endorse Skills'&#xD;
	at com.kms.katalon.core.webui.keyword.internal.WebUIKeywordMain.stepFailed(WebUIKeywordMain.groovy:64)&#xD;
	at com.kms.katalon.core.webui.keyword.internal.WebUIKeywordMain.runKeyword(WebUIKeywordMain.groovy:26)&#xD;
	at com.kms.katalon.core.webui.keyword.builtin.ClickKeyword.click(ClickKeyword.groovy:86)&#xD;
	at com.kms.katalon.core.webui.keyword.builtin.ClickKeyword.execute(ClickKeyword.groovy:67)&#xD;
	at com.kms.katalon.core.keyword.internal.KeywordExecutor.executeKeywordForPlatform(KeywordExecutor.groovy:56)&#xD;
	at com.kms.katalon.core.webui.keyword.WebUiBuiltInKeywords.click(WebUiBuiltInKeywords.groovy:616)&#xD;
	at com.kms.katalon.core.webui.keyword.WebUiBuiltInKeywords$click$4.call(Unknown Source)&#xD;
	at Endorse skills.run(Endorse skills:37)&#xD;
	at com.kms.katalon.core.main.ScriptEngine.run(ScriptEngine.java:194)&#xD;
	at com.kms.katalon.core.main.ScriptEngine.runScriptAsRawText(ScriptEngine.java:119)&#xD;
	at com.kms.katalon.core.main.TestCaseExecutor.runScript(TestCaseExecutor.java:337)&#xD;
	at com.kms.katalon.core.main.TestCaseExecutor.doExecute(TestCaseExecutor.java:328)&#xD;
	at com.kms.katalon.core.main.TestCaseExecutor.processExecutionPhase(TestCaseExecutor.java:307)&#xD;
	at com.kms.katalon.core.main.TestCaseExecutor.accessMainPhase(TestCaseExecutor.java:299)&#xD;
	at com.kms.katalon.core.main.TestCaseExecutor.execute(TestCaseExecutor.java:233)&#xD;
	at com.kms.katalon.core.main.TestSuiteExecutor.accessTestCaseMainPhase(TestSuiteExecutor.java:169)&#xD;
	at com.kms.katalon.core.main.TestSuiteExecutor.accessTestSuiteMainPhase(TestSuiteExecutor.java:142)&#xD;
	at com.kms.katalon.core.main.TestSuiteExecutor.execute(TestSuiteExecutor.java:91)&#xD;
	at com.kms.katalon.core.main.TestCaseMain.startTestSuite(TestCaseMain.java:157)&#xD;
	at com.kms.katalon.core.main.TestCaseMain$startTestSuite$0.call(Unknown Source)&#xD;
	at TempTestSuite1571412266031.run(TempTestSuite1571412266031.groovy:35)&#xD;
Caused by: com.kms.katalon.core.webui.exception.WebElementNotFoundException: Web element with id: 'Object Repository/Endorse skills/Page_View Profile/span_Endorse Skills' located by 'By.xpath: //*[@id = 'linkEndorsement' and (text() = 'Endorse Skills' or . = 'Endorse Skills')]' not found&#xD;
	at com.kms.katalon.core.webui.common.WebUiCommonHelper.findWebElement(WebUiCommonHelper.java:1097)&#xD;
	at com.kms.katalon.core.webui.keyword.internal.WebUIAbstractKeyword.findWebElement(WebUIAbstractKeyword.groovy:27)&#xD;
	at com.kms.katalon.core.webui.keyword.internal.WebUIAbstractKeyword.findWebElement(WebUIAbstractKeyword.groovy:26)&#xD;
	at com.kms.katalon.core.webui.keyword.builtin.ClickKeyword$_click_closure1.doCall(ClickKeyword.groovy:77)&#xD;
	at com.kms.katalon.core.webui.keyword.builtin.ClickKeyword$_click_closure1.call(ClickKeyword.groovy)&#xD;
	at com.kms.katalon.core.webui.keyword.internal.WebUIKeywordMain.runKeyword(WebUIKeywordMain.groovy:20)&#xD;
	... 19 more</system-err>
        </testcase>
        <testcase name="Test Cases/Flag reviews" classname="Test Cases/Flag reviews" status="FAILED">
            <failure type="FAILED" message="Test Cases/Flag reviews FAILED.&#xA;Reason:&#xA;com.kms.katalon.core.exception.StepFailedException: Unable to click on object 'Object Repository/flag review/Page_View Profile/span_Report'&#xD;&#xA;&#x9;at com.kms.katalon.core.webui.keyword.internal.WebUIKeywordMain.stepFailed(WebUIKeywordMain.groovy:64)&#xD;&#xA;&#x9;at com.kms.katalon.core.webui.keyword.internal.WebUIKeywordMain.runKeyword(WebUIKeywordMain.groovy:26)&#xD;&#xA;&#x9;at com.kms.katalon.core.webui.keyword.builtin.ClickKeyword.click(ClickKeyword.groovy:86)&#xD;&#xA;&#x9;at com.kms.katalon.core.webui.keyword.builtin.ClickKeyword.execute(ClickKeyword.groovy:67)&#xD;&#xA;&#x9;at com.kms.katalon.core.keyword.internal.KeywordExecutor.executeKeywordForPlatform(KeywordExecutor.groovy:56)&#xD;&#xA;&#x9;at com.kms.katalon.core.webui.keyword.WebUiBuiltInKeywords.click(WebUiBuiltInKeywords.groovy:616)&#xD;&#xA;&#x9;at com.kms.katalon.core.webui.keyword.WebUiBuiltInKeywords$click$4.call(Unknown Source)&#xD;&#xA;&#x9;at Flag reviews.run(Flag reviews:31)&#xD;&#xA;&#x9;at com.kms.katalon.core.main.ScriptEngine.run(ScriptEngine.java:194)&#xD;&#xA;&#x9;at com.kms.katalon.core.main.ScriptEngine.runScriptAsRawText(ScriptEngine.java:119)&#xD;&#xA;&#x9;at com.kms.katalon.core.main.TestCaseExecutor.runScript(TestCaseExecutor.java:337)&#xD;&#xA;&#x9;at com.kms.katalon.core.main.TestCaseExecutor.doExecute(TestCaseExecutor.java:328)&#xD;&#xA;&#x9;at com.kms.katalon.core.main.TestCaseExecutor.processExecutionPhase(TestCaseExecutor.java:307)&#xD;&#xA;&#x9;at com.kms.katalon.core.main.TestCaseExecutor.accessMainPhase(TestCaseExecutor.java:299)&#xD;&#xA;&#x9;at com.kms.katalon.core.main.TestCaseExecutor.execute(TestCaseExecutor.java:233)&#xD;&#xA;&#x9;at com.kms.katalon.core.main.TestSuiteExecutor.accessTestCaseMainPhase(TestSuiteExecutor.java:169)&#xD;&#xA;&#x9;at com.kms.katalon.core.main.TestSuiteExecutor.accessTestSuiteMainPhase(TestSuiteExecutor.java:142)&#xD;&#xA;&#x9;at com.kms.katalon.core.main.TestSuiteExecutor.execute(TestSuiteExecutor.java:91)&#xD;&#xA;&#x9;at com.kms.katalon.core.main.TestCaseMain.startTestSuite(TestCaseMain.java:157)&#xD;&#xA;&#x9;at com.kms.katalon.core.main.TestCaseMain$startTestSuite$0.call(Unknown Source)&#xD;&#xA;&#x9;at TempTestSuite1571412266031.run(TempTestSuite1571412266031.groovy:35)&#xD;&#xA;Caused by: com.kms.katalon.core.webui.exception.WebElementNotFoundException: Web element with id: 'Object Repository/flag review/Page_View Profile/span_Report' located by 'By.xpath: (//a[contains(text(),'Suraj')])[2]' not found&#xD;&#xA;&#x9;at com.kms.katalon.core.webui.common.WebUiCommonHelper.findWebElement(WebUiCommonHelper.java:1097)&#xD;&#xA;&#x9;at com.kms.katalon.core.webui.keyword.internal.WebUIAbstractKeyword.findWebElement(WebUIAbstractKeyword.groovy:27)&#xD;&#xA;&#x9;at com.kms.katalon.core.webui.keyword.internal.WebUIAbstractKeyword.findWebElement(WebUIAbstractKeyword.groovy:26)&#xD;&#xA;&#x9;at com.kms.katalon.core.webui.keyword.builtin.ClickKeyword$_click_closure1.doCall(ClickKeyword.groovy:77)&#xD;&#xA;&#x9;at com.kms.katalon.core.webui.keyword.builtin.ClickKeyword$_click_closure1.call(ClickKeyword.groovy)&#xD;&#xA;&#x9;at com.kms.katalon.core.webui.keyword.internal.WebUIKeywordMain.runKeyword(WebUIKeywordMain.groovy:20)&#xD;&#xA;&#x9;... 19 more&#xD;&#xA;"/>
            <system-out>2019-10-18 21:09:18 - [TEST_CASE][FAILED] - Test Cases/Flag reviews: Test Cases/Flag reviews FAILED.
Reason:
com.kms.katalon.core.exception.StepFailedException: Unable to click on object 'Object Repository/flag review/Page_View Profile/span_Report'&#xD;
	at com.kms.katalon.core.webui.keyword.internal.WebUIKeywordMain.stepFailed(WebUIKeywordMain.groovy:64)&#xD;
	at com.kms.katalon.core.webui.keyword.internal.WebUIKeywordMain.runKeyword(WebUIKeywordMain.groovy:26)&#xD;
	at com.kms.katalon.core.webui.keyword.builtin.ClickKeyword.click(ClickKeyword.groovy:86)&#xD;
	at com.kms.katalon.core.webui.keyword.builtin.ClickKeyword.execute(ClickKeyword.groovy:67)&#xD;
	at com.kms.katalon.core.keyword.internal.KeywordExecutor.executeKeywordForPlatform(KeywordExecutor.groovy:56)&#xD;
	at com.kms.katalon.core.webui.keyword.WebUiBuiltInKeywords.click(WebUiBuiltInKeywords.groovy:616)&#xD;
	at com.kms.katalon.core.webui.keyword.WebUiBuiltInKeywords$click$4.call(Unknown Source)&#xD;
	at Flag reviews.run(Flag reviews:31)&#xD;
	at com.kms.katalon.core.main.ScriptEngine.run(ScriptEngine.java:194)&#xD;
	at com.kms.katalon.core.main.ScriptEngine.runScriptAsRawText(ScriptEngine.java:119)&#xD;
	at com.kms.katalon.core.main.TestCaseExecutor.runScript(TestCaseExecutor.java:337)&#xD;
	at com.kms.katalon.core.main.TestCaseExecutor.doExecute(TestCaseExecutor.java:328)&#xD;
	at com.kms.katalon.core.main.TestCaseExecutor.processExecutionPhase(TestCaseExecutor.java:307)&#xD;
	at com.kms.katalon.core.main.TestCaseExecutor.accessMainPhase(TestCaseExecutor.java:299)&#xD;
	at com.kms.katalon.core.main.TestCaseExecutor.execute(TestCaseExecutor.java:233)&#xD;
	at com.kms.katalon.core.main.TestSuiteExecutor.accessTestCaseMainPhase(TestSuiteExecutor.java:169)&#xD;
	at com.kms.katalon.core.main.TestSuiteExecutor.accessTestSuiteMainPhase(TestSuiteExecutor.java:142)&#xD;
	at com.kms.katalon.core.main.TestSuiteExecutor.execute(TestSuiteExecutor.java:91)&#xD;
	at com.kms.katalon.core.main.TestCaseMain.startTestSuite(TestCaseMain.java:157)&#xD;
	at com.kms.katalon.core.main.TestCaseMain$startTestSuite$0.call(Unknown Source)&#xD;
	at TempTestSuite1571412266031.run(TempTestSuite1571412266031.groovy:35)&#xD;
Caused by: com.kms.katalon.core.webui.exception.WebElementNotFoundException: Web element with id: 'Object Repository/flag review/Page_View Profile/span_Report' located by 'By.xpath: (//a[contains(text(),'Suraj')])[2]' not found&#xD;
	at com.kms.katalon.core.webui.common.WebUiCommonHelper.findWebElement(WebUiCommonHelper.java:1097)&#xD;
	at com.kms.katalon.core.webui.keyword.internal.WebUIAbstractKeyword.findWebElement(WebUIAbstractKeyword.groovy:27)&#xD;
	at com.kms.katalon.core.webui.keyword.internal.WebUIAbstractKeyword.findWebElement(WebUIAbstractKeyword.groovy:26)&#xD;
	at com.kms.katalon.core.webui.keyword.builtin.ClickKeyword$_click_closure1.doCall(ClickKeyword.groovy:77)&#xD;
	at com.kms.katalon.core.webui.keyword.builtin.ClickKeyword$_click_closure1.call(ClickKeyword.groovy)&#xD;
	at com.kms.katalon.core.webui.keyword.internal.WebUIKeywordMain.runKeyword(WebUIKeywordMain.groovy:20)&#xD;
	... 19 more&#xD;
&#xD;
&#xD;
2019-10-18 21:09:19 - [TEST_STEP][PASSED] - Start listener action : beforeTestcase: null&#xD;
&#xD;
2019-10-18 21:09:19 - [TEST_STEP][PASSED] - openBrowser(""): Browser is opened with url: ''&#xD;
&#xD;
2019-10-18 21:09:19 - [MESSAGE][INFO] - Starting 'Firefox' driver&#xD;
&#xD;
2019-10-18 21:09:26 - [MESSAGE][PASSED] - Browser is opened with url: ''&#xD;
&#xD;
2019-10-18 21:09:26 - [TEST_STEP][PASSED] - navigateToUrl("https://qa.thework.life/"): Navigate to 'https://qa.thework.life/' successfully&#xD;
&#xD;
2019-10-18 21:11:30 - [MESSAGE][PASSED] - Navigate to 'https://qa.thework.life/' successfully&#xD;
&#xD;
2019-10-18 21:11:30 - [TEST_STEP][PASSED] - setText(findTestObject("Object Repository/flag review/Page_theworklife - Find Great People To Work With/input_Forgot password_username"), "vijayvstest01@gmail.com"): Text 'vijayvstest01@gmail.com' is set on object 'Object Repository/flag review/Page_theworklife - Find Great People To Work With/input_Forgot password_username'&#xD;
&#xD;
2019-10-18 21:11:31 - [MESSAGE][PASSED] - Text 'vijayvstest01@gmail.com' is set on object 'Object Repository/flag review/Page_theworklife - Find Great People To Work With/input_Forgot password_username'&#xD;
&#xD;
2019-10-18 21:11:31 - [TEST_STEP][PASSED] - setEncryptedText(findTestObject("Object Repository/flag review/Page_theworklife - Find Great People To Work With/input_Forgot password_password"), "cvW8qx4B2o3F4VwP/kNsqA=="): Text ****** has been set on object 'Object Repository/flag review/Page_theworklife - Find Great People To Work With/input_Forgot password_password'&#xD;
&#xD;
2019-10-18 21:11:31 - [MESSAGE][PASSED] - Text ****** has been set on object 'Object Repository/flag review/Page_theworklife - Find Great People To Work With/input_Forgot password_password'&#xD;
&#xD;
2019-10-18 21:11:31 - [TEST_STEP][PASSED] - click(findTestObject("Object Repository/Rate/Page_theworklife - Find Great People To Work With/button_Sign in")): Object: 'Object Repository/Rate/Page_theworklife - Find Great People To Work With/button_Sign in' is clicked on&#xD;
&#xD;
2019-10-18 21:11:38 - [MESSAGE][PASSED] - Object: 'Object Repository/Rate/Page_theworklife - Find Great People To Work With/button_Sign in' is clicked on&#xD;
&#xD;
2019-10-18 21:11:38 - [TEST_STEP][PASSED] - waitForElementClickable(findTestObject("flag review/Page_View Profile/span_Report"), 3): Web element with id: 'Object Repository/flag review/Page_View Profile/span_Report' located by 'By.xpath: (//a[contains(text(),'Suraj')])[2]' not found&#xD;
&#xD;
2019-10-18 21:11:41 - [MESSAGE][INFO] - Unable to find the element located by 'By.xpath: (//a[contains(text(),'Suraj')])[2]'. Please recheck the objects properties to make sure the desired element is located. &#xD;
&#xD;
2019-10-18 21:11:41 - [MESSAGE][WARNING] - Web element with id: 'Object Repository/flag review/Page_View Profile/span_Report' located by 'By.xpath: (//a[contains(text(),'Suraj')])[2]' not found&#xD;
&#xD;
2019-10-18 21:11:41 - [TEST_STEP][FAILED] - click(findTestObject("Object Repository/flag review/Page_View Profile/span_Report")): Unable to click on object 'Object Repository/flag review/Page_View Profile/span_Report' (Root cause: com.kms.katalon.core.exception.StepFailedException: Unable to click on object 'Object Repository/flag review/Page_View Profile/span_Report'&#xD;
	at com.kms.katalon.core.webui.keyword.internal.WebUIKeywordMain.stepFailed(WebUIKeywordMain.groovy:64)&#xD;
	at com.kms.katalon.core.webui.keyword.internal.WebUIKeywordMain.runKeyword(WebUIKeywordMain.groovy:26)&#xD;
	at com.kms.katalon.core.webui.keyword.builtin.ClickKeyword.click(ClickKeyword.groovy:86)&#xD;
	at com.kms.katalon.core.webui.keyword.builtin.ClickKeyword.execute(ClickKeyword.groovy:67)&#xD;
	at com.kms.katalon.core.keyword.internal.KeywordExecutor.executeKeywordForPlatform(KeywordExecutor.groovy:56)&#xD;
	at com.kms.katalon.core.webui.keyword.WebUiBuiltInKeywords.click(WebUiBuiltInKeywords.groovy:616)&#xD;
	at com.kms.katalon.core.webui.keyword.WebUiBuiltInKeywords$click$4.call(Unknown Source)&#xD;
	at Flag reviews.run(Flag reviews:31)&#xD;
	at com.kms.katalon.core.main.ScriptEngine.run(ScriptEngine.java:194)&#xD;
	at com.kms.katalon.core.main.ScriptEngine.runScriptAsRawText(ScriptEngine.java:119)&#xD;
	at com.kms.katalon.core.main.TestCaseExecutor.runScript(TestCaseExecutor.java:337)&#xD;
	at com.kms.katalon.core.main.TestCaseExecutor.doExecute(TestCaseExecutor.java:328)&#xD;
	at com.kms.katalon.core.main.TestCaseExecutor.processExecutionPhase(TestCaseExecutor.java:307)&#xD;
	at com.kms.katalon.core.main.TestCaseExecutor.accessMainPhase(TestCaseExecutor.java:299)&#xD;
	at com.kms.katalon.core.main.TestCaseExecutor.execute(TestCaseExecutor.java:233)&#xD;
	at com.kms.katalon.core.main.TestSuiteExecutor.accessTestCaseMainPhase(TestSuiteExecutor.java:169)&#xD;
	at com.kms.katalon.core.main.TestSuiteExecutor.accessTestSuiteMainPhase(TestSuiteExecutor.java:142)&#xD;
	at com.kms.katalon.core.main.TestSuiteExecutor.execute(TestSuiteExecutor.java:91)&#xD;
	at com.kms.katalon.core.main.TestCaseMain.startTestSuite(TestCaseMain.java:157)&#xD;
	at com.kms.katalon.core.main.TestCaseMain$startTestSuite$0.call(Unknown Source)&#xD;
	at TempTestSuite1571412266031.run(TempTestSuite1571412266031.groovy:35)&#xD;
Caused by: com.kms.katalon.core.webui.exception.WebElementNotFoundException: Web element with id: 'Object Repository/flag review/Page_View Profile/span_Report' located by 'By.xpath: (//a[contains(text(),'Suraj')])[2]' not found&#xD;
	at com.kms.katalon.core.webui.common.WebUiCommonHelper.findWebElement(WebUiCommonHelper.java:1097)&#xD;
	at com.kms.katalon.core.webui.keyword.internal.WebUIAbstractKeyword.findWebElement(WebUIAbstractKeyword.groovy:27)&#xD;
	at com.kms.katalon.core.webui.keyword.internal.WebUIAbstractKeyword.findWebElement(WebUIAbstractKeyword.groovy:26)&#xD;
	at com.kms.katalon.core.webui.keyword.builtin.ClickKeyword$_click_closure1.doCall(ClickKeyword.groovy:77)&#xD;
	at com.kms.katalon.core.webui.keyword.builtin.ClickKeyword$_click_closure1.call(ClickKeyword.groovy)&#xD;
	at com.kms.katalon.core.webui.keyword.internal.WebUIKeywordMain.runKeyword(WebUIKeywordMain.groovy:20)&#xD;
	at com.kms.katalon.core.webui.keyword.builtin.ClickKeyword.click(ClickKeyword.groovy:86)&#xD;
	at com.kms.katalon.core.webui.keyword.builtin.ClickKeyword.execute(ClickKeyword.groovy:67)&#xD;
	at com.kms.katalon.core.keyword.internal.KeywordExecutor.executeKeywordForPlatform(KeywordExecutor.groovy:56)&#xD;
	at com.kms.katalon.core.webui.keyword.WebUiBuiltInKeywords.click(WebUiBuiltInKeywords.groovy:616)&#xD;
	at com.kms.katalon.core.webui.keyword.WebUiBuiltInKeywords$click$4.call(Unknown Source)&#xD;
	at Script1570271316443.run(Script1570271316443.groovy:31)&#xD;
	... 13 more&#xD;
)&#xD;
&#xD;
2019-10-18 21:12:13 - [MESSAGE][INFO] - Unable to find the element located by 'By.xpath: (//a[contains(text(),'Suraj')])[2]'. Please recheck the objects properties to make sure the desired element is located. &#xD;
&#xD;
2019-10-18 21:12:13 - [MESSAGE][FAILED] - Unable to click on object 'Object Repository/flag review/Page_View Profile/span_Report' (Root cause: com.kms.katalon.core.exception.StepFailedException: Unable to click on object 'Object Repository/flag review/Page_View Profile/span_Report'&#xD;
	at com.kms.katalon.core.webui.keyword.internal.WebUIKeywordMain.stepFailed(WebUIKeywordMain.groovy:64)&#xD;
	at com.kms.katalon.core.webui.keyword.internal.WebUIKeywordMain.runKeyword(WebUIKeywordMain.groovy:26)&#xD;
	at com.kms.katalon.core.webui.keyword.builtin.ClickKeyword.click(ClickKeyword.groovy:86)&#xD;
	at com.kms.katalon.core.webui.keyword.builtin.ClickKeyword.execute(ClickKeyword.groovy:67)&#xD;
	at com.kms.katalon.core.keyword.internal.KeywordExecutor.executeKeywordForPlatform(KeywordExecutor.groovy:56)&#xD;
	at com.kms.katalon.core.webui.keyword.WebUiBuiltInKeywords.click(WebUiBuiltInKeywords.groovy:616)&#xD;
	at com.kms.katalon.core.webui.keyword.WebUiBuiltInKeywords$click$4.call(Unknown Source)&#xD;
	at Flag reviews.run(Flag reviews:31)&#xD;
	at com.kms.katalon.core.main.ScriptEngine.run(ScriptEngine.java:194)&#xD;
	at com.kms.katalon.core.main.ScriptEngine.runScriptAsRawText(ScriptEngine.java:119)&#xD;
	at com.kms.katalon.core.main.TestCaseExecutor.runScript(TestCaseExecutor.java:337)&#xD;
	at com.kms.katalon.core.main.TestCaseExecutor.doExecute(TestCaseExecutor.java:328)&#xD;
	at com.kms.katalon.core.main.TestCaseExecutor.processExecutionPhase(TestCaseExecutor.java:307)&#xD;
	at com.kms.katalon.core.main.TestCaseExecutor.accessMainPhase(TestCaseExecutor.java:299)&#xD;
	at com.kms.katalon.core.main.TestCaseExecutor.execute(TestCaseExecutor.java:233)&#xD;
	at com.kms.katalon.core.main.TestSuiteExecutor.accessTestCaseMainPhase(TestSuiteExecutor.java:169)&#xD;
	at com.kms.katalon.core.main.TestSuiteExecutor.accessTestSuiteMainPhase(TestSuiteExecutor.java:142)&#xD;
	at com.kms.katalon.core.main.TestSuiteExecutor.execute(TestSuiteExecutor.java:91)&#xD;
	at com.kms.katalon.core.main.TestCaseMain.startTestSuite(TestCaseMain.java:157)&#xD;
	at com.kms.katalon.core.main.TestCaseMain$startTestSuite$0.call(Unknown Source)&#xD;
	at TempTestSuite1571412266031.run(TempTestSuite1571412266031.groovy:35)&#xD;
Caused by: com.kms.katalon.core.webui.exception.WebElementNotFoundException: Web element with id: 'Object Repository/flag review/Page_View Profile/span_Report' located by 'By.xpath: (//a[contains(text(),'Suraj')])[2]' not found&#xD;
	at com.kms.katalon.core.webui.common.WebUiCommonHelper.findWebElement(WebUiCommonHelper.java:1097)&#xD;
	at com.kms.katalon.core.webui.keyword.internal.WebUIAbstractKeyword.findWebElement(WebUIAbstractKeyword.groovy:27)&#xD;
	at com.kms.katalon.core.webui.keyword.internal.WebUIAbstractKeyword.findWebElement(WebUIAbstractKeyword.groovy:26)&#xD;
	at com.kms.katalon.core.webui.keyword.builtin.ClickKeyword$_click_closure1.doCall(ClickKeyword.groovy:77)&#xD;
	at com.kms.katalon.core.webui.keyword.builtin.ClickKeyword$_click_closure1.call(ClickKeyword.groovy)&#xD;
	at com.kms.katalon.core.webui.keyword.internal.WebUIKeywordMain.runKeyword(WebUIKeywordMain.groovy:20)&#xD;
	at com.kms.katalon.core.webui.keyword.builtin.ClickKeyword.click(ClickKeyword.groovy:86)&#xD;
	at com.kms.katalon.core.webui.keyword.builtin.ClickKeyword.execute(ClickKeyword.groovy:67)&#xD;
	at com.kms.katalon.core.keyword.internal.KeywordExecutor.executeKeywordForPlatform(KeywordExecutor.groovy:56)&#xD;
	at com.kms.katalon.core.webui.keyword.WebUiBuiltInKeywords.click(WebUiBuiltInKeywords.groovy:616)&#xD;
	at com.kms.katalon.core.webui.keyword.WebUiBuiltInKeywords$click$4.call(Unknown Source)&#xD;
	at Script1570271316443.run(Script1570271316443.groovy:31)&#xD;
	... 13 more&#xD;
)&#xD;
[[ATTACHMENT|C:\\Users\\Suraj Kumar\\git\\KatalonTWL\\KatalonBDD\\Reports\\20191018_205425\\SanitySuite\\20191018_205425\\1571413333176.png]]&#xD;
&#xD;
2019-10-18 21:12:13 - [TEST_STEP][PASSED] - Start listener action : afterTestcase: Browser is closed&#xD;
&#xD;
2019-10-18 21:12:13 - [TEST_STEP][PASSED] - closeBrowser(): Browser is closed&#xD;
&#xD;
2019-10-18 21:12:15 - [MESSAGE][PASSED] - Browser is closed</system-out>
            <system-err>2019-10-18 21:09:18 - [TEST_CASE][FAILED] - Test Cases/Flag reviews: Test Cases/Flag reviews FAILED.
Reason:
com.kms.katalon.core.exception.StepFailedException: Unable to click on object 'Object Repository/flag review/Page_View Profile/span_Report'&#xD;
	at com.kms.katalon.core.webui.keyword.internal.WebUIKeywordMain.stepFailed(WebUIKeywordMain.groovy:64)&#xD;
	at com.kms.katalon.core.webui.keyword.internal.WebUIKeywordMain.runKeyword(WebUIKeywordMain.groovy:26)&#xD;
	at com.kms.katalon.core.webui.keyword.builtin.ClickKeyword.click(ClickKeyword.groovy:86)&#xD;
	at com.kms.katalon.core.webui.keyword.builtin.ClickKeyword.execute(ClickKeyword.groovy:67)&#xD;
	at com.kms.katalon.core.keyword.internal.KeywordExecutor.executeKeywordForPlatform(KeywordExecutor.groovy:56)&#xD;
	at com.kms.katalon.core.webui.keyword.WebUiBuiltInKeywords.click(WebUiBuiltInKeywords.groovy:616)&#xD;
	at com.kms.katalon.core.webui.keyword.WebUiBuiltInKeywords$click$4.call(Unknown Source)&#xD;
	at Flag reviews.run(Flag reviews:31)&#xD;
	at com.kms.katalon.core.main.ScriptEngine.run(ScriptEngine.java:194)&#xD;
	at com.kms.katalon.core.main.ScriptEngine.runScriptAsRawText(ScriptEngine.java:119)&#xD;
	at com.kms.katalon.core.main.TestCaseExecutor.runScript(TestCaseExecutor.java:337)&#xD;
	at com.kms.katalon.core.main.TestCaseExecutor.doExecute(TestCaseExecutor.java:328)&#xD;
	at com.kms.katalon.core.main.TestCaseExecutor.processExecutionPhase(TestCaseExecutor.java:307)&#xD;
	at com.kms.katalon.core.main.TestCaseExecutor.accessMainPhase(TestCaseExecutor.java:299)&#xD;
	at com.kms.katalon.core.main.TestCaseExecutor.execute(TestCaseExecutor.java:233)&#xD;
	at com.kms.katalon.core.main.TestSuiteExecutor.accessTestCaseMainPhase(TestSuiteExecutor.java:169)&#xD;
	at com.kms.katalon.core.main.TestSuiteExecutor.accessTestSuiteMainPhase(TestSuiteExecutor.java:142)&#xD;
	at com.kms.katalon.core.main.TestSuiteExecutor.execute(TestSuiteExecutor.java:91)&#xD;
	at com.kms.katalon.core.main.TestCaseMain.startTestSuite(TestCaseMain.java:157)&#xD;
	at com.kms.katalon.core.main.TestCaseMain$startTestSuite$0.call(Unknown Source)&#xD;
	at TempTestSuite1571412266031.run(TempTestSuite1571412266031.groovy:35)&#xD;
Caused by: com.kms.katalon.core.webui.exception.WebElementNotFoundException: Web element with id: 'Object Repository/flag review/Page_View Profile/span_Report' located by 'By.xpath: (//a[contains(text(),'Suraj')])[2]' not found&#xD;
	at com.kms.katalon.core.webui.common.WebUiCommonHelper.findWebElement(WebUiCommonHelper.java:1097)&#xD;
	at com.kms.katalon.core.webui.keyword.internal.WebUIAbstractKeyword.findWebElement(WebUIAbstractKeyword.groovy:27)&#xD;
	at com.kms.katalon.core.webui.keyword.internal.WebUIAbstractKeyword.findWebElement(WebUIAbstractKeyword.groovy:26)&#xD;
	at com.kms.katalon.core.webui.keyword.builtin.ClickKeyword$_click_closure1.doCall(ClickKeyword.groovy:77)&#xD;
	at com.kms.katalon.core.webui.keyword.builtin.ClickKeyword$_click_closure1.call(ClickKeyword.groovy)&#xD;
	at com.kms.katalon.core.webui.keyword.internal.WebUIKeywordMain.runKeyword(WebUIKeywordMain.groovy:20)&#xD;
	... 19 more</system-err>
        </testcase>
        <testcase name="Test Cases/Search users" classname="Test Cases/Search users" status="PASSED">
            <system-out>2019-10-18 21:12:15 - [TEST_CASE][PASSED] - Test Cases/Search users: Test Cases/Search users&#xD;
&#xD;
2019-10-18 21:12:15 - [TEST_STEP][PASSED] - Start listener action : beforeTestcase: null&#xD;
&#xD;
2019-10-18 21:12:16 - [TEST_STEP][PASSED] - openBrowser(""): Browser is opened with url: ''&#xD;
&#xD;
2019-10-18 21:12:16 - [MESSAGE][INFO] - Starting 'Firefox' driver&#xD;
&#xD;
2019-10-18 21:12:22 - [MESSAGE][PASSED] - Browser is opened with url: ''&#xD;
&#xD;
2019-10-18 21:12:22 - [TEST_STEP][PASSED] - navigateToUrl("https://qa.thework.life/"): Navigate to 'https://qa.thework.life/' successfully&#xD;
&#xD;
2019-10-18 21:12:32 - [MESSAGE][PASSED] - Navigate to 'https://qa.thework.life/' successfully&#xD;
&#xD;
2019-10-18 21:12:32 - [TEST_STEP][PASSED] - setText(findTestObject("Object Repository/Search user/Page_theworklife - Find Great People To Work With/input_Forgot password_username"), "worklifetest10001@gmail.com"): Text 'worklifetest10001@gmail.com' is set on object 'Object Repository/Search user/Page_theworklife - Find Great People To Work With/input_Forgot password_username'&#xD;
&#xD;
2019-10-18 21:12:32 - [MESSAGE][PASSED] - Text 'worklifetest10001@gmail.com' is set on object 'Object Repository/Search user/Page_theworklife - Find Great People To Work With/input_Forgot password_username'&#xD;
&#xD;
2019-10-18 21:12:32 - [TEST_STEP][PASSED] - setEncryptedText(findTestObject("Object Repository/Search user/Page_theworklife - Find Great People To Work With/input_Forgot password_password"), "XU9cBalmEBp1UP+jEU2w4UUBUuNgBY4U"): Text ****** has been set on object 'Object Repository/Search user/Page_theworklife - Find Great People To Work With/input_Forgot password_password'&#xD;
&#xD;
2019-10-18 21:12:33 - [MESSAGE][PASSED] - Text ****** has been set on object 'Object Repository/Search user/Page_theworklife - Find Great People To Work With/input_Forgot password_password'&#xD;
&#xD;
2019-10-18 21:12:33 - [TEST_STEP][PASSED] - click(findTestObject("Object Repository/Search user/Page_theworklife - Find Great People To Work With/button_Sign in")): Object: 'Object Repository/Search user/Page_theworklife - Find Great People To Work With/button_Sign in' is clicked on&#xD;
&#xD;
2019-10-18 21:12:50 - [MESSAGE][PASSED] - Object: 'Object Repository/Search user/Page_theworklife - Find Great People To Work With/button_Sign in' is clicked on&#xD;
&#xD;
2019-10-18 21:12:50 - [TEST_STEP][PASSED] - waitForElementClickable(findTestObject("Object Repository/Rate/Page_Home/input_View all_searchText"), 2): Object 'Object Repository/Rate/Page_Home/input_View all_searchText' is clickable&#xD;
&#xD;
2019-10-18 21:12:50 - [MESSAGE][PASSED] - Object 'Object Repository/Rate/Page_Home/input_View all_searchText' is clickable&#xD;
&#xD;
2019-10-18 21:12:50 - [TEST_STEP][PASSED] - setText(findTestObject("Object Repository/Rate/Page_Home/input_View all_searchText"), "vijay"): Text 'vijay' is set on object 'Object Repository/Rate/Page_Home/input_View all_searchText'&#xD;
&#xD;
2019-10-18 21:12:50 - [MESSAGE][PASSED] - Text 'vijay' is set on object 'Object Repository/Rate/Page_Home/input_View all_searchText'&#xD;
&#xD;
2019-10-18 21:12:50 - [TEST_STEP][PASSED] - click(findTestObject("Search user/Search user button")): Object: 'Object Repository/Search user/Search user button' is clicked on&#xD;
&#xD;
2019-10-18 21:12:58 - [MESSAGE][PASSED] - Object: 'Object Repository/Search user/Search user button' is clicked on&#xD;
&#xD;
2019-10-18 21:12:58 - [TEST_STEP][PASSED] - click(findTestObject("Object Repository/Rate/Page_Search/div_Vijay Test")): Object: 'Object Repository/Rate/Page_Search/div_Vijay Test' is clicked on&#xD;
&#xD;
2019-10-18 21:12:58 - [MESSAGE][PASSED] - Object: 'Object Repository/Rate/Page_Search/div_Vijay Test' is clicked on&#xD;
&#xD;
2019-10-18 21:12:58 - [TEST_STEP][PASSED] - closeBrowser(): Browser is closed&#xD;
&#xD;
2019-10-18 21:13:01 - [MESSAGE][PASSED] - Browser is closed&#xD;
&#xD;
2019-10-18 21:13:01 - [TEST_STEP][PASSED] - Start listener action : afterTestcase: Browser is closed&#xD;
&#xD;
2019-10-18 21:13:01 - [TEST_STEP][PASSED] - closeBrowser(): Browser is closed&#xD;
&#xD;
2019-10-18 21:13:01 - [MESSAGE][PASSED] - Browser is closed</system-out>
            <system-err></system-err>
        </testcase>
        <testcase name="Test Cases/Thumbing - Upvote and downvote" classname="Test Cases/Thumbing - Upvote and downvote" status="FAILED">
            <failure type="FAILED" message="Test Cases/Thumbing - Upvote and downvote FAILED.&#xA;Reason:&#xA;com.kms.katalon.core.exception.StepFailedException: Unable to click on object 'Object Repository/Thumbing-Upvote and Downvote/Page_Home/span_Suraj1569758600295makhija'&#xD;&#xA;&#x9;at com.kms.katalon.core.webui.keyword.internal.WebUIKeywordMain.stepFailed(WebUIKeywordMain.groovy:64)&#xD;&#xA;&#x9;at com.kms.katalon.core.webui.keyword.internal.WebUIKeywordMain.runKeyword(WebUIKeywordMain.groovy:26)&#xD;&#xA;&#x9;at com.kms.katalon.core.webui.keyword.builtin.ClickKeyword.click(ClickKeyword.groovy:86)&#xD;&#xA;&#x9;at com.kms.katalon.core.webui.keyword.builtin.ClickKeyword.execute(ClickKeyword.groovy:67)&#xD;&#xA;&#x9;at com.kms.katalon.core.keyword.internal.KeywordExecutor.executeKeywordForPlatform(KeywordExecutor.groovy:56)&#xD;&#xA;&#x9;at com.kms.katalon.core.webui.keyword.WebUiBuiltInKeywords.click(WebUiBuiltInKeywords.groovy:616)&#xD;&#xA;&#x9;at com.kms.katalon.core.webui.keyword.WebUiBuiltInKeywords$click$4.call(Unknown Source)&#xD;&#xA;&#x9;at Thumbing - Upvote and downvote.run(Thumbing - Upvote and downvote:37)&#xD;&#xA;&#x9;at com.kms.katalon.core.main.ScriptEngine.run(ScriptEngine.java:194)&#xD;&#xA;&#x9;at com.kms.katalon.core.main.ScriptEngine.runScriptAsRawText(ScriptEngine.java:119)&#xD;&#xA;&#x9;at com.kms.katalon.core.main.TestCaseExecutor.runScript(TestCaseExecutor.java:337)&#xD;&#xA;&#x9;at com.kms.katalon.core.main.TestCaseExecutor.doExecute(TestCaseExecutor.java:328)&#xD;&#xA;&#x9;at com.kms.katalon.core.main.TestCaseExecutor.processExecutionPhase(TestCaseExecutor.java:307)&#xD;&#xA;&#x9;at com.kms.katalon.core.main.TestCaseExecutor.accessMainPhase(TestCaseExecutor.java:299)&#xD;&#xA;&#x9;at com.kms.katalon.core.main.TestCaseExecutor.execute(TestCaseExecutor.java:233)&#xD;&#xA;&#x9;at com.kms.katalon.core.main.TestSuiteExecutor.accessTestCaseMainPhase(TestSuiteExecutor.java:169)&#xD;&#xA;&#x9;at com.kms.katalon.core.main.TestSuiteExecutor.accessTestSuiteMainPhase(TestSuiteExecutor.java:142)&#xD;&#xA;&#x9;at com.kms.katalon.core.main.TestSuiteExecutor.execute(TestSuiteExecutor.java:91)&#xD;&#xA;&#x9;at com.kms.katalon.core.main.TestCaseMain.startTestSuite(TestCaseMain.java:157)&#xD;&#xA;&#x9;at com.kms.katalon.core.main.TestCaseMain$startTestSuite$0.call(Unknown Source)&#xD;&#xA;&#x9;at TempTestSuite1571412266031.run(TempTestSuite1571412266031.groovy:35)&#xD;&#xA;Caused by: com.kms.katalon.core.webui.exception.WebElementNotFoundException: Web element with id: 'Object Repository/Thumbing-Upvote and Downvote/Page_Home/span_Suraj1569758600295makhija' located by 'By.xpath: //*[@id=&quot;partialUserList&quot;]/div[1]/div[3]/div[1]/a/div[2]/div[2]' not found&#xD;&#xA;&#x9;at com.kms.katalon.core.webui.common.WebUiCommonHelper.findWebElement(WebUiCommonHelper.java:1097)&#xD;&#xA;&#x9;at com.kms.katalon.core.webui.keyword.internal.WebUIAbstractKeyword.findWebElement(WebUIAbstractKeyword.groovy:27)&#xD;&#xA;&#x9;at com.kms.katalon.core.webui.keyword.internal.WebUIAbstractKeyword.findWebElement(WebUIAbstractKeyword.groovy:26)&#xD;&#xA;&#x9;at com.kms.katalon.core.webui.keyword.builtin.ClickKeyword$_click_closure1.doCall(ClickKeyword.groovy:77)&#xD;&#xA;&#x9;at com.kms.katalon.core.webui.keyword.builtin.ClickKeyword$_click_closure1.call(ClickKeyword.groovy)&#xD;&#xA;&#x9;at com.kms.katalon.core.webui.keyword.internal.WebUIKeywordMain.runKeyword(WebUIKeywordMain.groovy:20)&#xD;&#xA;&#x9;... 19 more&#xD;&#xA;"/>
            <system-out>2019-10-18 21:13:01 - [TEST_CASE][FAILED] - Test Cases/Thumbing - Upvote and downvote: Test Cases/Thumbing - Upvote and downvote FAILED.
Reason:
com.kms.katalon.core.exception.StepFailedException: Unable to click on object 'Object Repository/Thumbing-Upvote and Downvote/Page_Home/span_Suraj1569758600295makhija'&#xD;
	at com.kms.katalon.core.webui.keyword.internal.WebUIKeywordMain.stepFailed(WebUIKeywordMain.groovy:64)&#xD;
	at com.kms.katalon.core.webui.keyword.internal.WebUIKeywordMain.runKeyword(WebUIKeywordMain.groovy:26)&#xD;
	at com.kms.katalon.core.webui.keyword.builtin.ClickKeyword.click(ClickKeyword.groovy:86)&#xD;
	at com.kms.katalon.core.webui.keyword.builtin.ClickKeyword.execute(ClickKeyword.groovy:67)&#xD;
	at com.kms.katalon.core.keyword.internal.KeywordExecutor.executeKeywordForPlatform(KeywordExecutor.groovy:56)&#xD;
	at com.kms.katalon.core.webui.keyword.WebUiBuiltInKeywords.click(WebUiBuiltInKeywords.groovy:616)&#xD;
	at com.kms.katalon.core.webui.keyword.WebUiBuiltInKeywords$click$4.call(Unknown Source)&#xD;
	at Thumbing - Upvote and downvote.run(Thumbing - Upvote and downvote:37)&#xD;
	at com.kms.katalon.core.main.ScriptEngine.run(ScriptEngine.java:194)&#xD;
	at com.kms.katalon.core.main.ScriptEngine.runScriptAsRawText(ScriptEngine.java:119)&#xD;
	at com.kms.katalon.core.main.TestCaseExecutor.runScript(TestCaseExecutor.java:337)&#xD;
	at com.kms.katalon.core.main.TestCaseExecutor.doExecute(TestCaseExecutor.java:328)&#xD;
	at com.kms.katalon.core.main.TestCaseExecutor.processExecutionPhase(TestCaseExecutor.java:307)&#xD;
	at com.kms.katalon.core.main.TestCaseExecutor.accessMainPhase(TestCaseExecutor.java:299)&#xD;
	at com.kms.katalon.core.main.TestCaseExecutor.execute(TestCaseExecutor.java:233)&#xD;
	at com.kms.katalon.core.main.TestSuiteExecutor.accessTestCaseMainPhase(TestSuiteExecutor.java:169)&#xD;
	at com.kms.katalon.core.main.TestSuiteExecutor.accessTestSuiteMainPhase(TestSuiteExecutor.java:142)&#xD;
	at com.kms.katalon.core.main.TestSuiteExecutor.execute(TestSuiteExecutor.java:91)&#xD;
	at com.kms.katalon.core.main.TestCaseMain.startTestSuite(TestCaseMain.java:157)&#xD;
	at com.kms.katalon.core.main.TestCaseMain$startTestSuite$0.call(Unknown Source)&#xD;
	at TempTestSuite1571412266031.run(TempTestSuite1571412266031.groovy:35)&#xD;
Caused by: com.kms.katalon.core.webui.exception.WebElementNotFoundException: Web element with id: 'Object Repository/Thumbing-Upvote and Downvote/Page_Home/span_Suraj1569758600295makhija' located by 'By.xpath: //*[@id="partialUserList"]/div[1]/div[3]/div[1]/a/div[2]/div[2]' not found&#xD;
	at com.kms.katalon.core.webui.common.WebUiCommonHelper.findWebElement(WebUiCommonHelper.java:1097)&#xD;
	at com.kms.katalon.core.webui.keyword.internal.WebUIAbstractKeyword.findWebElement(WebUIAbstractKeyword.groovy:27)&#xD;
	at com.kms.katalon.core.webui.keyword.internal.WebUIAbstractKeyword.findWebElement(WebUIAbstractKeyword.groovy:26)&#xD;
	at com.kms.katalon.core.webui.keyword.builtin.ClickKeyword$_click_closure1.doCall(ClickKeyword.groovy:77)&#xD;
	at com.kms.katalon.core.webui.keyword.builtin.ClickKeyword$_click_closure1.call(ClickKeyword.groovy)&#xD;
	at com.kms.katalon.core.webui.keyword.internal.WebUIKeywordMain.runKeyword(WebUIKeywordMain.groovy:20)&#xD;
	... 19 more&#xD;
&#xD;
&#xD;
2019-10-18 21:13:01 - [TEST_STEP][PASSED] - Start listener action : beforeTestcase: null&#xD;
&#xD;
2019-10-18 21:13:01 - [TEST_STEP][PASSED] - openBrowser(""): Browser is opened with url: ''&#xD;
&#xD;
2019-10-18 21:13:01 - [MESSAGE][INFO] - Starting 'Firefox' driver&#xD;
&#xD;
2019-10-18 21:13:07 - [MESSAGE][PASSED] - Browser is opened with url: ''&#xD;
&#xD;
2019-10-18 21:13:07 - [TEST_STEP][PASSED] - navigateToUrl("https://qa.thework.life/"): Navigate to 'https://qa.thework.life/' successfully&#xD;
&#xD;
2019-10-18 21:13:19 - [MESSAGE][PASSED] - Navigate to 'https://qa.thework.life/' successfully&#xD;
&#xD;
2019-10-18 21:13:19 - [TEST_STEP][PASSED] - setText(findTestObject("Object Repository/Thumbing-Upvote and Downvote/Page_theworklife - Find Great People To Work With/input_Please enter username or email_username"), "vijayvstest01@gmail.com"): Text 'vijayvstest01@gmail.com' is set on object 'Object Repository/Thumbing-Upvote and Downvote/Page_theworklife - Find Great People To Work With/input_Please enter username or email_username'&#xD;
&#xD;
2019-10-18 21:13:20 - [MESSAGE][PASSED] - Text 'vijayvstest01@gmail.com' is set on object 'Object Repository/Thumbing-Upvote and Downvote/Page_theworklife - Find Great People To Work With/input_Please enter username or email_username'&#xD;
&#xD;
2019-10-18 21:13:20 - [TEST_STEP][PASSED] - setEncryptedText(findTestObject("Object Repository/Thumbing-Upvote and Downvote/Page_theworklife - Find Great People To Work With/input_Forgot password_password"), "cvW8qx4B2o3F4VwP/kNsqA=="): Text ****** has been set on object 'Object Repository/Thumbing-Upvote and Downvote/Page_theworklife - Find Great People To Work With/input_Forgot password_password'&#xD;
&#xD;
2019-10-18 21:13:20 - [MESSAGE][PASSED] - Text ****** has been set on object 'Object Repository/Thumbing-Upvote and Downvote/Page_theworklife - Find Great People To Work With/input_Forgot password_password'&#xD;
&#xD;
2019-10-18 21:13:20 - [TEST_STEP][PASSED] - click(findTestObject("Object Repository/Thumbing-Upvote and Downvote/Page_theworklife - Find Great People To Work With/button_Sign in")): Object: 'Object Repository/Thumbing-Upvote and Downvote/Page_theworklife - Find Great People To Work With/button_Sign in' is clicked on&#xD;
&#xD;
2019-10-18 21:13:30 - [MESSAGE][PASSED] - Object: 'Object Repository/Thumbing-Upvote and Downvote/Page_theworklife - Find Great People To Work With/button_Sign in' is clicked on&#xD;
&#xD;
2019-10-18 21:13:30 - [TEST_STEP][PASSED] - setText(findTestObject("Object Repository/Thumbing-Upvote and Downvote/Page_Home/input_View all_searchText"), "suraj"): Text 'suraj' is set on object 'Object Repository/Thumbing-Upvote and Downvote/Page_Home/input_View all_searchText'&#xD;
&#xD;
2019-10-18 21:13:31 - [MESSAGE][PASSED] - Text 'suraj' is set on object 'Object Repository/Thumbing-Upvote and Downvote/Page_Home/input_View all_searchText'&#xD;
&#xD;
2019-10-18 21:13:31 - [TEST_STEP][PASSED] - click(findTestObject("Search user/Search user button")): Object: 'Object Repository/Search user/Search user button' is clicked on&#xD;
&#xD;
2019-10-18 21:13:38 - [MESSAGE][PASSED] - Object: 'Object Repository/Search user/Search user button' is clicked on&#xD;
&#xD;
2019-10-18 21:13:38 - [TEST_STEP][PASSED] - waitForElementClickable(findTestObject("Thumbing-Upvote and Downvote/Page_Home/span_Suraj1569758600295makhija"), 3): Web element with id: 'Object Repository/Thumbing-Upvote and Downvote/Page_Home/span_Suraj1569758600295makhija' located by 'By.xpath: //*[@id="partialUserList"]/div[1]/div[3]/div[1]/a/div[2]/div[2]' not found&#xD;
&#xD;
2019-10-18 21:13:41 - [MESSAGE][INFO] - Unable to find the element located by 'By.xpath: //*[@id="partialUserList"]/div[1]/div[3]/div[1]/a/div[2]/div[2]'. Please recheck the objects properties to make sure the desired element is located. &#xD;
&#xD;
2019-10-18 21:13:41 - [MESSAGE][WARNING] - Web element with id: 'Object Repository/Thumbing-Upvote and Downvote/Page_Home/span_Suraj1569758600295makhija' located by 'By.xpath: //*[@id="partialUserList"]/div[1]/div[3]/div[1]/a/div[2]/div[2]' not found&#xD;
&#xD;
2019-10-18 21:13:41 - [TEST_STEP][PASSED] - delay(8): Delayed 8 second(s)&#xD;
&#xD;
2019-10-18 21:13:49 - [MESSAGE][PASSED] - Delayed 8 second(s)&#xD;
&#xD;
2019-10-18 21:13:49 - [TEST_STEP][FAILED] - click(findTestObject("Object Repository/Thumbing-Upvote and Downvote/Page_Home/span_Suraj1569758600295makhija")): Unable to click on object 'Object Repository/Thumbing-Upvote and Downvote/Page_Home/span_Suraj1569758600295makhija' (Root cause: com.kms.katalon.core.exception.StepFailedException: Unable to click on object 'Object Repository/Thumbing-Upvote and Downvote/Page_Home/span_Suraj1569758600295makhija'&#xD;
	at com.kms.katalon.core.webui.keyword.internal.WebUIKeywordMain.stepFailed(WebUIKeywordMain.groovy:64)&#xD;
	at com.kms.katalon.core.webui.keyword.internal.WebUIKeywordMain.runKeyword(WebUIKeywordMain.groovy:26)&#xD;
	at com.kms.katalon.core.webui.keyword.builtin.ClickKeyword.click(ClickKeyword.groovy:86)&#xD;
	at com.kms.katalon.core.webui.keyword.builtin.ClickKeyword.execute(ClickKeyword.groovy:67)&#xD;
	at com.kms.katalon.core.keyword.internal.KeywordExecutor.executeKeywordForPlatform(KeywordExecutor.groovy:56)&#xD;
	at com.kms.katalon.core.webui.keyword.WebUiBuiltInKeywords.click(WebUiBuiltInKeywords.groovy:616)&#xD;
	at com.kms.katalon.core.webui.keyword.WebUiBuiltInKeywords$click$4.call(Unknown Source)&#xD;
	at Thumbing - Upvote and downvote.run(Thumbing - Upvote and downvote:37)&#xD;
	at com.kms.katalon.core.main.ScriptEngine.run(ScriptEngine.java:194)&#xD;
	at com.kms.katalon.core.main.ScriptEngine.runScriptAsRawText(ScriptEngine.java:119)&#xD;
	at com.kms.katalon.core.main.TestCaseExecutor.runScript(TestCaseExecutor.java:337)&#xD;
	at com.kms.katalon.core.main.TestCaseExecutor.doExecute(TestCaseExecutor.java:328)&#xD;
	at com.kms.katalon.core.main.TestCaseExecutor.processExecutionPhase(TestCaseExecutor.java:307)&#xD;
	at com.kms.katalon.core.main.TestCaseExecutor.accessMainPhase(TestCaseExecutor.java:299)&#xD;
	at com.kms.katalon.core.main.TestCaseExecutor.execute(TestCaseExecutor.java:233)&#xD;
	at com.kms.katalon.core.main.TestSuiteExecutor.accessTestCaseMainPhase(TestSuiteExecutor.java:169)&#xD;
	at com.kms.katalon.core.main.TestSuiteExecutor.accessTestSuiteMainPhase(TestSuiteExecutor.java:142)&#xD;
	at com.kms.katalon.core.main.TestSuiteExecutor.execute(TestSuiteExecutor.java:91)&#xD;
	at com.kms.katalon.core.main.TestCaseMain.startTestSuite(TestCaseMain.java:157)&#xD;
	at com.kms.katalon.core.main.TestCaseMain$startTestSuite$0.call(Unknown Source)&#xD;
	at TempTestSuite1571412266031.run(TempTestSuite1571412266031.groovy:35)&#xD;
Caused by: com.kms.katalon.core.webui.exception.WebElementNotFoundException: Web element with id: 'Object Repository/Thumbing-Upvote and Downvote/Page_Home/span_Suraj1569758600295makhija' located by 'By.xpath: //*[@id="partialUserList"]/div[1]/div[3]/div[1]/a/div[2]/div[2]' not found&#xD;
	at com.kms.katalon.core.webui.common.WebUiCommonHelper.findWebElement(WebUiCommonHelper.java:1097)&#xD;
	at com.kms.katalon.core.webui.keyword.internal.WebUIAbstractKeyword.findWebElement(WebUIAbstractKeyword.groovy:27)&#xD;
	at com.kms.katalon.core.webui.keyword.internal.WebUIAbstractKeyword.findWebElement(WebUIAbstractKeyword.groovy:26)&#xD;
	at com.kms.katalon.core.webui.keyword.builtin.ClickKeyword$_click_closure1.doCall(ClickKeyword.groovy:77)&#xD;
	at com.kms.katalon.core.webui.keyword.builtin.ClickKeyword$_click_closure1.call(ClickKeyword.groovy)&#xD;
	at com.kms.katalon.core.webui.keyword.internal.WebUIKeywordMain.runKeyword(WebUIKeywordMain.groovy:20)&#xD;
	at com.kms.katalon.core.webui.keyword.builtin.ClickKeyword.click(ClickKeyword.groovy:86)&#xD;
	at com.kms.katalon.core.webui.keyword.builtin.ClickKeyword.execute(ClickKeyword.groovy:67)&#xD;
	at com.kms.katalon.core.keyword.internal.KeywordExecutor.executeKeywordForPlatform(KeywordExecutor.groovy:56)&#xD;
	at com.kms.katalon.core.webui.keyword.WebUiBuiltInKeywords.click(WebUiBuiltInKeywords.groovy:616)&#xD;
	at com.kms.katalon.core.webui.keyword.WebUiBuiltInKeywords$click$4.call(Unknown Source)&#xD;
	at Script1570289084235.run(Script1570289084235.groovy:37)&#xD;
	... 13 more&#xD;
)&#xD;
&#xD;
2019-10-18 21:14:20 - [MESSAGE][INFO] - Unable to find the element located by 'By.xpath: //*[@id="partialUserList"]/div[1]/div[3]/div[1]/a/div[2]/div[2]'. Please recheck the objects properties to make sure the desired element is located. &#xD;
&#xD;
2019-10-18 21:14:21 - [MESSAGE][FAILED] - Unable to click on object 'Object Repository/Thumbing-Upvote and Downvote/Page_Home/span_Suraj1569758600295makhija' (Root cause: com.kms.katalon.core.exception.StepFailedException: Unable to click on object 'Object Repository/Thumbing-Upvote and Downvote/Page_Home/span_Suraj1569758600295makhija'&#xD;
	at com.kms.katalon.core.webui.keyword.internal.WebUIKeywordMain.stepFailed(WebUIKeywordMain.groovy:64)&#xD;
	at com.kms.katalon.core.webui.keyword.internal.WebUIKeywordMain.runKeyword(WebUIKeywordMain.groovy:26)&#xD;
	at com.kms.katalon.core.webui.keyword.builtin.ClickKeyword.click(ClickKeyword.groovy:86)&#xD;
	at com.kms.katalon.core.webui.keyword.builtin.ClickKeyword.execute(ClickKeyword.groovy:67)&#xD;
	at com.kms.katalon.core.keyword.internal.KeywordExecutor.executeKeywordForPlatform(KeywordExecutor.groovy:56)&#xD;
	at com.kms.katalon.core.webui.keyword.WebUiBuiltInKeywords.click(WebUiBuiltInKeywords.groovy:616)&#xD;
	at com.kms.katalon.core.webui.keyword.WebUiBuiltInKeywords$click$4.call(Unknown Source)&#xD;
	at Thumbing - Upvote and downvote.run(Thumbing - Upvote and downvote:37)&#xD;
	at com.kms.katalon.core.main.ScriptEngine.run(ScriptEngine.java:194)&#xD;
	at com.kms.katalon.core.main.ScriptEngine.runScriptAsRawText(ScriptEngine.java:119)&#xD;
	at com.kms.katalon.core.main.TestCaseExecutor.runScript(TestCaseExecutor.java:337)&#xD;
	at com.kms.katalon.core.main.TestCaseExecutor.doExecute(TestCaseExecutor.java:328)&#xD;
	at com.kms.katalon.core.main.TestCaseExecutor.processExecutionPhase(TestCaseExecutor.java:307)&#xD;
	at com.kms.katalon.core.main.TestCaseExecutor.accessMainPhase(TestCaseExecutor.java:299)&#xD;
	at com.kms.katalon.core.main.TestCaseExecutor.execute(TestCaseExecutor.java:233)&#xD;
	at com.kms.katalon.core.main.TestSuiteExecutor.accessTestCaseMainPhase(TestSuiteExecutor.java:169)&#xD;
	at com.kms.katalon.core.main.TestSuiteExecutor.accessTestSuiteMainPhase(TestSuiteExecutor.java:142)&#xD;
	at com.kms.katalon.core.main.TestSuiteExecutor.execute(TestSuiteExecutor.java:91)&#xD;
	at com.kms.katalon.core.main.TestCaseMain.startTestSuite(TestCaseMain.java:157)&#xD;
	at com.kms.katalon.core.main.TestCaseMain$startTestSuite$0.call(Unknown Source)&#xD;
	at TempTestSuite1571412266031.run(TempTestSuite1571412266031.groovy:35)&#xD;
Caused by: com.kms.katalon.core.webui.exception.WebElementNotFoundException: Web element with id: 'Object Repository/Thumbing-Upvote and Downvote/Page_Home/span_Suraj1569758600295makhija' located by 'By.xpath: //*[@id="partialUserList"]/div[1]/div[3]/div[1]/a/div[2]/div[2]' not found&#xD;
	at com.kms.katalon.core.webui.common.WebUiCommonHelper.findWebElement(WebUiCommonHelper.java:1097)&#xD;
	at com.kms.katalon.core.webui.keyword.internal.WebUIAbstractKeyword.findWebElement(WebUIAbstractKeyword.groovy:27)&#xD;
	at com.kms.katalon.core.webui.keyword.internal.WebUIAbstractKeyword.findWebElement(WebUIAbstractKeyword.groovy:26)&#xD;
	at com.kms.katalon.core.webui.keyword.builtin.ClickKeyword$_click_closure1.doCall(ClickKeyword.groovy:77)&#xD;
	at com.kms.katalon.core.webui.keyword.builtin.ClickKeyword$_click_closure1.call(ClickKeyword.groovy)&#xD;
	at com.kms.katalon.core.webui.keyword.internal.WebUIKeywordMain.runKeyword(WebUIKeywordMain.groovy:20)&#xD;
	at com.kms.katalon.core.webui.keyword.builtin.ClickKeyword.click(ClickKeyword.groovy:86)&#xD;
	at com.kms.katalon.core.webui.keyword.builtin.ClickKeyword.execute(ClickKeyword.groovy:67)&#xD;
	at com.kms.katalon.core.keyword.internal.KeywordExecutor.executeKeywordForPlatform(KeywordExecutor.groovy:56)&#xD;
	at com.kms.katalon.core.webui.keyword.WebUiBuiltInKeywords.click(WebUiBuiltInKeywords.groovy:616)&#xD;
	at com.kms.katalon.core.webui.keyword.WebUiBuiltInKeywords$click$4.call(Unknown Source)&#xD;
	at Script1570289084235.run(Script1570289084235.groovy:37)&#xD;
	... 13 more&#xD;
)&#xD;
[[ATTACHMENT|C:\\Users\\Suraj Kumar\\git\\KatalonTWL\\KatalonBDD\\Reports\\20191018_205425\\SanitySuite\\20191018_205425\\1571413460814.png]]&#xD;
&#xD;
2019-10-18 21:14:21 - [TEST_STEP][PASSED] - Start listener action : afterTestcase: Browser is closed&#xD;
&#xD;
2019-10-18 21:14:21 - [TEST_STEP][PASSED] - closeBrowser(): Browser is closed&#xD;
&#xD;
2019-10-18 21:14:22 - [MESSAGE][PASSED] - Browser is closed</system-out>
            <system-err>2019-10-18 21:13:01 - [TEST_CASE][FAILED] - Test Cases/Thumbing - Upvote and downvote: Test Cases/Thumbing - Upvote and downvote FAILED.
Reason:
com.kms.katalon.core.exception.StepFailedException: Unable to click on object 'Object Repository/Thumbing-Upvote and Downvote/Page_Home/span_Suraj1569758600295makhija'&#xD;
	at com.kms.katalon.core.webui.keyword.internal.WebUIKeywordMain.stepFailed(WebUIKeywordMain.groovy:64)&#xD;
	at com.kms.katalon.core.webui.keyword.internal.WebUIKeywordMain.runKeyword(WebUIKeywordMain.groovy:26)&#xD;
	at com.kms.katalon.core.webui.keyword.builtin.ClickKeyword.click(ClickKeyword.groovy:86)&#xD;
	at com.kms.katalon.core.webui.keyword.builtin.ClickKeyword.execute(ClickKeyword.groovy:67)&#xD;
	at com.kms.katalon.core.keyword.internal.KeywordExecutor.executeKeywordForPlatform(KeywordExecutor.groovy:56)&#xD;
	at com.kms.katalon.core.webui.keyword.WebUiBuiltInKeywords.click(WebUiBuiltInKeywords.groovy:616)&#xD;
	at com.kms.katalon.core.webui.keyword.WebUiBuiltInKeywords$click$4.call(Unknown Source)&#xD;
	at Thumbing - Upvote and downvote.run(Thumbing - Upvote and downvote:37)&#xD;
	at com.kms.katalon.core.main.ScriptEngine.run(ScriptEngine.java:194)&#xD;
	at com.kms.katalon.core.main.ScriptEngine.runScriptAsRawText(ScriptEngine.java:119)&#xD;
	at com.kms.katalon.core.main.TestCaseExecutor.runScript(TestCaseExecutor.java:337)&#xD;
	at com.kms.katalon.core.main.TestCaseExecutor.doExecute(TestCaseExecutor.java:328)&#xD;
	at com.kms.katalon.core.main.TestCaseExecutor.processExecutionPhase(TestCaseExecutor.java:307)&#xD;
	at com.kms.katalon.core.main.TestCaseExecutor.accessMainPhase(TestCaseExecutor.java:299)&#xD;
	at com.kms.katalon.core.main.TestCaseExecutor.execute(TestCaseExecutor.java:233)&#xD;
	at com.kms.katalon.core.main.TestSuiteExecutor.accessTestCaseMainPhase(TestSuiteExecutor.java:169)&#xD;
	at com.kms.katalon.core.main.TestSuiteExecutor.accessTestSuiteMainPhase(TestSuiteExecutor.java:142)&#xD;
	at com.kms.katalon.core.main.TestSuiteExecutor.execute(TestSuiteExecutor.java:91)&#xD;
	at com.kms.katalon.core.main.TestCaseMain.startTestSuite(TestCaseMain.java:157)&#xD;
	at com.kms.katalon.core.main.TestCaseMain$startTestSuite$0.call(Unknown Source)&#xD;
	at TempTestSuite1571412266031.run(TempTestSuite1571412266031.groovy:35)&#xD;
Caused by: com.kms.katalon.core.webui.exception.WebElementNotFoundException: Web element with id: 'Object Repository/Thumbing-Upvote and Downvote/Page_Home/span_Suraj1569758600295makhija' located by 'By.xpath: //*[@id="partialUserList"]/div[1]/div[3]/div[1]/a/div[2]/div[2]' not found&#xD;
	at com.kms.katalon.core.webui.common.WebUiCommonHelper.findWebElement(WebUiCommonHelper.java:1097)&#xD;
	at com.kms.katalon.core.webui.keyword.internal.WebUIAbstractKeyword.findWebElement(WebUIAbstractKeyword.groovy:27)&#xD;
	at com.kms.katalon.core.webui.keyword.internal.WebUIAbstractKeyword.findWebElement(WebUIAbstractKeyword.groovy:26)&#xD;
	at com.kms.katalon.core.webui.keyword.builtin.ClickKeyword$_click_closure1.doCall(ClickKeyword.groovy:77)&#xD;
	at com.kms.katalon.core.webui.keyword.builtin.ClickKeyword$_click_closure1.call(ClickKeyword.groovy)&#xD;
	at com.kms.katalon.core.webui.keyword.internal.WebUIKeywordMain.runKeyword(WebUIKeywordMain.groovy:20)&#xD;
	... 19 more</system-err>
        </testcase>
        <testcase name="Test Cases/Post something" classname="Test Cases/Post something" status="PASSED">
            <system-out>2019-10-18 21:14:22 - [TEST_CASE][PASSED] - Test Cases/Post something: Test Cases/Post something&#xD;
&#xD;
2019-10-18 21:14:22 - [TEST_STEP][PASSED] - Start listener action : beforeTestcase: null&#xD;
&#xD;
2019-10-18 21:14:23 - [TEST_STEP][PASSED] - openBrowser(""): Browser is opened with url: ''&#xD;
&#xD;
2019-10-18 21:14:23 - [MESSAGE][INFO] - Starting 'Firefox' driver&#xD;
&#xD;
2019-10-18 21:14:28 - [MESSAGE][PASSED] - Browser is opened with url: ''&#xD;
&#xD;
2019-10-18 21:14:28 - [TEST_STEP][PASSED] - navigateToUrl("https://qa.thework.life/"): Navigate to 'https://qa.thework.life/' successfully&#xD;
&#xD;
2019-10-18 21:14:43 - [MESSAGE][PASSED] - Navigate to 'https://qa.thework.life/' successfully&#xD;
&#xD;
2019-10-18 21:14:43 - [TEST_STEP][PASSED] - setText(findTestObject("Object Repository/Post case/Page_theworklife - Find Great People To Work With/input_Forgot password_username"), "surajkumarsrivastava1991"): Text 'surajkumarsrivastava1991' is set on object 'Object Repository/Post case/Page_theworklife - Find Great People To Work With/input_Forgot password_username'&#xD;
&#xD;
2019-10-18 21:14:43 - [MESSAGE][PASSED] - Text 'surajkumarsrivastava1991' is set on object 'Object Repository/Post case/Page_theworklife - Find Great People To Work With/input_Forgot password_username'&#xD;
&#xD;
2019-10-18 21:14:43 - [TEST_STEP][PASSED] - setEncryptedText(findTestObject("Object Repository/Post case/Page_theworklife - Find Great People To Work With/input_Forgot password_password"), "nzEsFCGA/BtMPXLkTTMM4w=="): Text ****** has been set on object 'Object Repository/Post case/Page_theworklife - Find Great People To Work With/input_Forgot password_password'&#xD;
&#xD;
2019-10-18 21:14:43 - [MESSAGE][PASSED] - Text ****** has been set on object 'Object Repository/Post case/Page_theworklife - Find Great People To Work With/input_Forgot password_password'&#xD;
&#xD;
2019-10-18 21:14:43 - [TEST_STEP][PASSED] - click(findTestObject("Object Repository/Post case/Page_theworklife - Find Great People To Work With/button_Sign in")): Object: 'Object Repository/Post case/Page_theworklife - Find Great People To Work With/button_Sign in' is clicked on&#xD;
&#xD;
2019-10-18 21:15:05 - [MESSAGE][PASSED] - Object: 'Object Repository/Post case/Page_theworklife - Find Great People To Work With/button_Sign in' is clicked on&#xD;
&#xD;
2019-10-18 21:15:05 - [TEST_STEP][PASSED] - setText(findTestObject("Object Repository/Post case/Page_Home/textarea_suraj kumar_txtUserPost"), "Hello my name is uraj"): Text 'Hello my name is uraj' is set on object 'Object Repository/Post case/Page_Home/textarea_suraj kumar_txtUserPost'&#xD;
&#xD;
2019-10-18 21:15:06 - [MESSAGE][PASSED] - Text 'Hello my name is uraj' is set on object 'Object Repository/Post case/Page_Home/textarea_suraj kumar_txtUserPost'&#xD;
&#xD;
2019-10-18 21:15:06 - [TEST_STEP][PASSED] - click(findTestObject("Object Repository/Post case/Page_Home/button_post")): Object: 'Object Repository/Post case/Page_Home/button_post' is clicked on&#xD;
&#xD;
2019-10-18 21:15:06 - [MESSAGE][PASSED] - Object: 'Object Repository/Post case/Page_Home/button_post' is clicked on&#xD;
&#xD;
2019-10-18 21:15:06 - [TEST_STEP][PASSED] - verifyElementVisible(findTestObject("Post case/Page_Home/p_Hello my name is uraj"), STOP_ON_FAILURE): Object 'Object Repository/Post case/Page_Home/p_Hello my name is uraj' is visible&#xD;
&#xD;
2019-10-18 21:15:06 - [MESSAGE][PASSED] - Object 'Object Repository/Post case/Page_Home/p_Hello my name is uraj' is visible&#xD;
&#xD;
2019-10-18 21:15:06 - [TEST_STEP][PASSED] - closeBrowser(): Browser is closed&#xD;
&#xD;
2019-10-18 21:15:08 - [MESSAGE][PASSED] - Browser is closed&#xD;
&#xD;
2019-10-18 21:15:08 - [TEST_STEP][PASSED] - Start listener action : afterTestcase: Browser is closed&#xD;
&#xD;
2019-10-18 21:15:08 - [TEST_STEP][PASSED] - closeBrowser(): Browser is closed&#xD;
&#xD;
2019-10-18 21:15:08 - [MESSAGE][PASSED] - Browser is closed</system-out>
            <system-err></system-err>
        </testcase>
        <testcase name="Test Cases/Moderation of review" classname="Test Cases/Moderation of review" status="PASSED">
            <system-out>2019-10-18 21:15:08 - [TEST_CASE][PASSED] - Test Cases/Moderation of review: Test Cases/Moderation of review&#xD;
&#xD;
2019-10-18 21:15:08 - [TEST_STEP][PASSED] - Start listener action : beforeTestcase: null&#xD;
&#xD;
2019-10-18 21:15:09 - [TEST_STEP][PASSED] - openBrowser(""): Browser is opened with url: ''&#xD;
&#xD;
2019-10-18 21:15:09 - [MESSAGE][INFO] - Starting 'Firefox' driver&#xD;
&#xD;
2019-10-18 21:15:14 - [MESSAGE][PASSED] - Browser is opened with url: ''&#xD;
&#xD;
2019-10-18 21:15:14 - [TEST_STEP][PASSED] - navigateToUrl("https://qa.thework.life/"): Navigate to 'https://qa.thework.life/' successfully&#xD;
&#xD;
2019-10-18 21:15:24 - [MESSAGE][PASSED] - Navigate to 'https://qa.thework.life/' successfully&#xD;
&#xD;
2019-10-18 21:15:24 - [TEST_STEP][PASSED] - setText(findTestObject("Object Repository/moderate1/Page_theworklife - Find Great People To Work With/input_Forgot password_username"), "twl.moderator2@thework.life"): Text 'twl.moderator2@thework.life' is set on object 'Object Repository/moderate1/Page_theworklife - Find Great People To Work With/input_Forgot password_username'&#xD;
&#xD;
2019-10-18 21:15:25 - [MESSAGE][PASSED] - Text 'twl.moderator2@thework.life' is set on object 'Object Repository/moderate1/Page_theworklife - Find Great People To Work With/input_Forgot password_username'&#xD;
&#xD;
2019-10-18 21:15:25 - [TEST_STEP][PASSED] - setEncryptedText(findTestObject("Object Repository/moderate1/Page_theworklife - Find Great People To Work With/input_Forgot password_password"), "8PaKxJY1Q9KyHtQHchZ+/brhRmpikEMj"): Text ****** has been set on object 'Object Repository/moderate1/Page_theworklife - Find Great People To Work With/input_Forgot password_password'&#xD;
&#xD;
2019-10-18 21:15:25 - [MESSAGE][PASSED] - Text ****** has been set on object 'Object Repository/moderate1/Page_theworklife - Find Great People To Work With/input_Forgot password_password'&#xD;
&#xD;
2019-10-18 21:15:25 - [TEST_STEP][PASSED] - click(findTestObject("Object Repository/moderate1/Page_theworklife - Find Great People To Work With/button_Sign in")): Object: 'Object Repository/moderate1/Page_theworklife - Find Great People To Work With/button_Sign in' is clicked on&#xD;
&#xD;
2019-10-18 21:15:38 - [MESSAGE][PASSED] - Object: 'Object Repository/moderate1/Page_theworklife - Find Great People To Work With/button_Sign in' is clicked on&#xD;
&#xD;
2019-10-18 21:15:38 - [TEST_STEP][PASSED] - click(findTestObject("Object Repository/moderate1/Page_Home/a_pending actions")): Object: 'Object Repository/moderate1/Page_Home/a_pending actions' is clicked on&#xD;
&#xD;
2019-10-18 21:15:42 - [MESSAGE][PASSED] - Object: 'Object Repository/moderate1/Page_Home/a_pending actions' is clicked on&#xD;
&#xD;
2019-10-18 21:15:42 - [TEST_STEP][PASSED] - click(findTestObject("Object Repository/moderate1/Page_Pending Actions/button_Moderate")): Object: 'Object Repository/moderate1/Page_Pending Actions/button_Moderate' is clicked on&#xD;
&#xD;
2019-10-18 21:15:43 - [MESSAGE][PASSED] - Object: 'Object Repository/moderate1/Page_Pending Actions/button_Moderate' is clicked on&#xD;
&#xD;
2019-10-18 21:15:43 - [TEST_STEP][PASSED] - click(findTestObject("Object Repository/moderate1/Page_Pending Actions/button_Keep It")): Object: 'Object Repository/moderate1/Page_Pending Actions/button_Keep It' is clicked on&#xD;
&#xD;
2019-10-18 21:15:43 - [MESSAGE][PASSED] - Object: 'Object Repository/moderate1/Page_Pending Actions/button_Keep It' is clicked on&#xD;
&#xD;
2019-10-18 21:15:43 - [TEST_STEP][PASSED] - setText(findTestObject("Object Repository/moderate1/Page_Pending Actions/textarea_i donr fblkfllskhgkhsgkhgksg_txtRemark"), "kgfjajkfsgjkflcbjksgfjsbvklbsjgjsbjbsjkgbvsjkbvjksbvjkbkjbvjksbvjkbsjkbvjskbvksbvksbvkbj"): Text 'kgfjajkfsgjkflcbjksgfjsbvklbsjgjsbjbsjkgbvsjkbvjksbvjkbkjbvjksbvjkbsjkbvjskbvksbvksbvkbj' is set on object 'Object Repository/moderate1/Page_Pending Actions/textarea_i donr fblkfllskhgkhsgkhgksg_txtRemark'&#xD;
&#xD;
2019-10-18 21:15:43 - [MESSAGE][PASSED] - Text 'kgfjajkfsgjkflcbjksgfjsbvklbsjgjsbjbsjkgbvsjkbvjksbvjkbkjbvjksbvjkbsjkbvjskbvksbvksbvkbj' is set on object 'Object Repository/moderate1/Page_Pending Actions/textarea_i donr fblkfllskhgkhsgkhgksg_txtRemark'&#xD;
&#xD;
2019-10-18 21:15:43 - [TEST_STEP][PASSED] - click(findTestObject("Object Repository/moderate1/Page_Pending Actions/button_Keep It")): Object: 'Object Repository/moderate1/Page_Pending Actions/button_Keep It' is clicked on&#xD;
&#xD;
2019-10-18 21:15:44 - [MESSAGE][PASSED] - Object: 'Object Repository/moderate1/Page_Pending Actions/button_Keep It' is clicked on&#xD;
&#xD;
2019-10-18 21:15:44 - [TEST_STEP][PASSED] - closeBrowser(): Browser is closed&#xD;
&#xD;
2019-10-18 21:15:46 - [MESSAGE][PASSED] - Browser is closed&#xD;
&#xD;
2019-10-18 21:15:46 - [TEST_STEP][PASSED] - Start listener action : afterTestcase: Browser is closed&#xD;
&#xD;
2019-10-18 21:15:46 - [TEST_STEP][PASSED] - closeBrowser(): Browser is closed&#xD;
&#xD;
2019-10-18 21:15:46 - [MESSAGE][PASSED] - Browser is closed</system-out>
            <system-err></system-err>
        </testcase>
        <testcase name="Test Cases/Rate users" classname="Test Cases/Rate users" status="FAILED">
            <failure type="FAILED" message="Test Cases/Rate users FAILED.&#xA;Reason:&#xA;com.kms.katalon.core.exception.StepFailedException: Unable to click on object 'Object Repository/Rate/Page_View Profile/span_Desire to work with again_star3'&#xD;&#xA;&#x9;at com.kms.katalon.core.webui.keyword.internal.WebUIKeywordMain.stepFailed(WebUIKeywordMain.groovy:64)&#xD;&#xA;&#x9;at com.kms.katalon.core.webui.keyword.internal.WebUIKeywordMain.runKeyword(WebUIKeywordMain.groovy:26)&#xD;&#xA;&#x9;at com.kms.katalon.core.webui.keyword.builtin.ClickKeyword.click(ClickKeyword.groovy:86)&#xD;&#xA;&#x9;at com.kms.katalon.core.webui.keyword.builtin.ClickKeyword.execute(ClickKeyword.groovy:67)&#xD;&#xA;&#x9;at com.kms.katalon.core.keyword.internal.KeywordExecutor.executeKeywordForPlatform(KeywordExecutor.groovy:56)&#xD;&#xA;&#x9;at com.kms.katalon.core.webui.keyword.WebUiBuiltInKeywords.click(WebUiBuiltInKeywords.groovy:616)&#xD;&#xA;&#x9;at com.kms.katalon.core.webui.keyword.WebUiBuiltInKeywords$click$4.call(Unknown Source)&#xD;&#xA;&#x9;at Rate users.run(Rate users:47)&#xD;&#xA;&#x9;at com.kms.katalon.core.main.ScriptEngine.run(ScriptEngine.java:194)&#xD;&#xA;&#x9;at com.kms.katalon.core.main.ScriptEngine.runScriptAsRawText(ScriptEngine.java:119)&#xD;&#xA;&#x9;at com.kms.katalon.core.main.TestCaseExecutor.runScript(TestCaseExecutor.java:337)&#xD;&#xA;&#x9;at com.kms.katalon.core.main.TestCaseExecutor.doExecute(TestCaseExecutor.java:328)&#xD;&#xA;&#x9;at com.kms.katalon.core.main.TestCaseExecutor.processExecutionPhase(TestCaseExecutor.java:307)&#xD;&#xA;&#x9;at com.kms.katalon.core.main.TestCaseExecutor.accessMainPhase(TestCaseExecutor.java:299)&#xD;&#xA;&#x9;at com.kms.katalon.core.main.TestCaseExecutor.execute(TestCaseExecutor.java:233)&#xD;&#xA;&#x9;at com.kms.katalon.core.main.TestSuiteExecutor.accessTestCaseMainPhase(TestSuiteExecutor.java:169)&#xD;&#xA;&#x9;at com.kms.katalon.core.main.TestSuiteExecutor.accessTestSuiteMainPhase(TestSuiteExecutor.java:142)&#xD;&#xA;&#x9;at com.kms.katalon.core.main.TestSuiteExecutor.execute(TestSuiteExecutor.java:91)&#xD;&#xA;&#x9;at com.kms.katalon.core.main.TestCaseMain.startTestSuite(TestCaseMain.java:157)&#xD;&#xA;&#x9;at com.kms.katalon.core.main.TestCaseMain$startTestSuite$0.call(Unknown Source)&#xD;&#xA;&#x9;at TempTestSuite1571412266031.run(TempTestSuite1571412266031.groovy:35)&#xD;&#xA;Caused by: org.openqa.selenium.ElementNotInteractableException: Element &lt;span id=&quot;star3&quot; class=&quot;fa fa-star-o&quot;&gt; could not be scrolled into view&#xA;Build info: version: '3.141.59', revision: 'e82be7d358', time: '2018-11-14T08:25:53'&#xA;System info: host: 'PUN-IT000636', ip: '192.168.43.182', os.name: 'Windows 10', os.arch: 'amd64', os.version: '10.0', java.version: '1.8.0_181'&#xA;Driver info: com.kms.katalon.core.webui.driver.firefox.CGeckoDriver&#xA;Capabilities {acceptInsecureCerts: true, browserName: firefox, browserVersion: 69.0.3, javascriptEnabled: true, moz:accessibilityChecks: false, moz:buildID: 20191009172106, moz:geckodriverVersion: 0.23.0, moz:headless: false, moz:processID: 9228, moz:profile: C:\Users\Suraj Kumar\AppDat..., moz:shutdownTimeout: 60000, moz:useNonSpecCompliantPointerOrigin: false, moz:webdriverClick: true, pageLoadStrategy: normal, platform: WINDOWS, platformName: WINDOWS, platformVersion: 10.0, proxy: Proxy(direct), rotatable: false, setWindowRect: true, strictFileInteractability: false, timeouts: {implicit: 0, pageLoad: 300000, script: 30000}, unhandledPromptBehavior: dismiss and notify}&#xA;Session ID: 4347d6dc-8824-4b44-98a0-2f616336613a&#xD;&#xA;&#x9;at org.openqa.selenium.remote.http.W3CHttpResponseCodec.createException(W3CHttpResponseCodec.java:187)&#xD;&#xA;&#x9;at org.openqa.selenium.remote.http.W3CHttpResponseCodec.decode(W3CHttpResponseCodec.java:122)&#xD;&#xA;&#x9;at org.openqa.selenium.remote.http.W3CHttpResponseCodec.decode(W3CHttpResponseCodec.java:49)&#xD;&#xA;&#x9;at org.openqa.selenium.remote.HttpCommandExecutor.execute(HttpCommandExecutor.java:158)&#xD;&#xA;&#x9;at org.openqa.selenium.remote.service.DriverCommandExecutor.execute(DriverCommandExecutor.java:83)&#xD;&#xA;&#x9;at org.openqa.selenium.remote.RemoteWebDriver.execute(RemoteWebDriver.java:552)&#xD;&#xA;&#x9;at com.kms.katalon.selenium.driver.CFirefoxDriver.execute(CFirefoxDriver.java:28)&#xD;&#xA;&#x9;at org.openqa.selenium.remote.RemoteWebElement.execute(RemoteWebElement.java:285)&#xD;&#xA;&#x9;at org.openqa.selenium.remote.RemoteWebElement.click(RemoteWebElement.java:84)&#xD;&#xA;&#x9;at com.kms.katalon.core.webui.keyword.builtin.ClickKeyword$_click_closure1.doCall(ClickKeyword.groovy:79)&#xD;&#xA;&#x9;at com.kms.katalon.core.webui.keyword.builtin.ClickKeyword$_click_closure1.call(ClickKeyword.groovy)&#xD;&#xA;&#x9;at com.kms.katalon.core.webui.keyword.internal.WebUIKeywordMain.runKeyword(WebUIKeywordMain.groovy:20)&#xD;&#xA;&#x9;... 19 more&#xD;&#xA;"/>
            <system-out>2019-10-18 21:15:46 - [TEST_CASE][FAILED] - Test Cases/Rate users: Test Cases/Rate users FAILED.
Reason:
com.kms.katalon.core.exception.StepFailedException: Unable to click on object 'Object Repository/Rate/Page_View Profile/span_Desire to work with again_star3'&#xD;
	at com.kms.katalon.core.webui.keyword.internal.WebUIKeywordMain.stepFailed(WebUIKeywordMain.groovy:64)&#xD;
	at com.kms.katalon.core.webui.keyword.internal.WebUIKeywordMain.runKeyword(WebUIKeywordMain.groovy:26)&#xD;
	at com.kms.katalon.core.webui.keyword.builtin.ClickKeyword.click(ClickKeyword.groovy:86)&#xD;
	at com.kms.katalon.core.webui.keyword.builtin.ClickKeyword.execute(ClickKeyword.groovy:67)&#xD;
	at com.kms.katalon.core.keyword.internal.KeywordExecutor.executeKeywordForPlatform(KeywordExecutor.groovy:56)&#xD;
	at com.kms.katalon.core.webui.keyword.WebUiBuiltInKeywords.click(WebUiBuiltInKeywords.groovy:616)&#xD;
	at com.kms.katalon.core.webui.keyword.WebUiBuiltInKeywords$click$4.call(Unknown Source)&#xD;
	at Rate users.run(Rate users:47)&#xD;
	at com.kms.katalon.core.main.ScriptEngine.run(ScriptEngine.java:194)&#xD;
	at com.kms.katalon.core.main.ScriptEngine.runScriptAsRawText(ScriptEngine.java:119)&#xD;
	at com.kms.katalon.core.main.TestCaseExecutor.runScript(TestCaseExecutor.java:337)&#xD;
	at com.kms.katalon.core.main.TestCaseExecutor.doExecute(TestCaseExecutor.java:328)&#xD;
	at com.kms.katalon.core.main.TestCaseExecutor.processExecutionPhase(TestCaseExecutor.java:307)&#xD;
	at com.kms.katalon.core.main.TestCaseExecutor.accessMainPhase(TestCaseExecutor.java:299)&#xD;
	at com.kms.katalon.core.main.TestCaseExecutor.execute(TestCaseExecutor.java:233)&#xD;
	at com.kms.katalon.core.main.TestSuiteExecutor.accessTestCaseMainPhase(TestSuiteExecutor.java:169)&#xD;
	at com.kms.katalon.core.main.TestSuiteExecutor.accessTestSuiteMainPhase(TestSuiteExecutor.java:142)&#xD;
	at com.kms.katalon.core.main.TestSuiteExecutor.execute(TestSuiteExecutor.java:91)&#xD;
	at com.kms.katalon.core.main.TestCaseMain.startTestSuite(TestCaseMain.java:157)&#xD;
	at com.kms.katalon.core.main.TestCaseMain$startTestSuite$0.call(Unknown Source)&#xD;
	at TempTestSuite1571412266031.run(TempTestSuite1571412266031.groovy:35)&#xD;
Caused by: org.openqa.selenium.ElementNotInteractableException: Element &lt;span id="star3" class="fa fa-star-o"&gt; could not be scrolled into view
Build info: version: '3.141.59', revision: 'e82be7d358', time: '2018-11-14T08:25:53'
System info: host: 'PUN-IT000636', ip: '192.168.43.182', os.name: 'Windows 10', os.arch: 'amd64', os.version: '10.0', java.version: '1.8.0_181'
Driver info: com.kms.katalon.core.webui.driver.firefox.CGeckoDriver
Capabilities {acceptInsecureCerts: true, browserName: firefox, browserVersion: 69.0.3, javascriptEnabled: true, moz:accessibilityChecks: false, moz:buildID: 20191009172106, moz:geckodriverVersion: 0.23.0, moz:headless: false, moz:processID: 9228, moz:profile: C:\Users\Suraj Kumar\AppDat..., moz:shutdownTimeout: 60000, moz:useNonSpecCompliantPointerOrigin: false, moz:webdriverClick: true, pageLoadStrategy: normal, platform: WINDOWS, platformName: WINDOWS, platformVersion: 10.0, proxy: Proxy(direct), rotatable: false, setWindowRect: true, strictFileInteractability: false, timeouts: {implicit: 0, pageLoad: 300000, script: 30000}, unhandledPromptBehavior: dismiss and notify}
Session ID: 4347d6dc-8824-4b44-98a0-2f616336613a&#xD;
	at org.openqa.selenium.remote.http.W3CHttpResponseCodec.createException(W3CHttpResponseCodec.java:187)&#xD;
	at org.openqa.selenium.remote.http.W3CHttpResponseCodec.decode(W3CHttpResponseCodec.java:122)&#xD;
	at org.openqa.selenium.remote.http.W3CHttpResponseCodec.decode(W3CHttpResponseCodec.java:49)&#xD;
	at org.openqa.selenium.remote.HttpCommandExecutor.execute(HttpCommandExecutor.java:158)&#xD;
	at org.openqa.selenium.remote.service.DriverCommandExecutor.execute(DriverCommandExecutor.java:83)&#xD;
	at org.openqa.selenium.remote.RemoteWebDriver.execute(RemoteWebDriver.java:552)&#xD;
	at com.kms.katalon.selenium.driver.CFirefoxDriver.execute(CFirefoxDriver.java:28)&#xD;
	at org.openqa.selenium.remote.RemoteWebElement.execute(RemoteWebElement.java:285)&#xD;
	at org.openqa.selenium.remote.RemoteWebElement.click(RemoteWebElement.java:84)&#xD;
	at com.kms.katalon.core.webui.keyword.builtin.ClickKeyword$_click_closure1.doCall(ClickKeyword.groovy:79)&#xD;
	at com.kms.katalon.core.webui.keyword.builtin.ClickKeyword$_click_closure1.call(ClickKeyword.groovy)&#xD;
	at com.kms.katalon.core.webui.keyword.internal.WebUIKeywordMain.runKeyword(WebUIKeywordMain.groovy:20)&#xD;
	... 19 more&#xD;
&#xD;
&#xD;
2019-10-18 21:15:46 - [TEST_STEP][PASSED] - Start listener action : beforeTestcase: null&#xD;
&#xD;
2019-10-18 21:15:47 - [TEST_STEP][PASSED] - openBrowser(""): Browser is opened with url: ''&#xD;
&#xD;
2019-10-18 21:15:47 - [MESSAGE][INFO] - Starting 'Firefox' driver&#xD;
&#xD;
2019-10-18 21:15:52 - [MESSAGE][PASSED] - Browser is opened with url: ''&#xD;
&#xD;
2019-10-18 21:15:52 - [TEST_STEP][PASSED] - navigateToUrl("https://qa.thework.life/"): Navigate to 'https://qa.thework.life/' successfully&#xD;
&#xD;
2019-10-18 21:16:03 - [MESSAGE][PASSED] - Navigate to 'https://qa.thework.life/' successfully&#xD;
&#xD;
2019-10-18 21:16:03 - [TEST_STEP][PASSED] - setText(findTestObject("Object Repository/Rate/Page_theworklife - Find Great People To Work With/input_Forgot password_username"), "worklifetest10001@gmail.com"): Text 'worklifetest10001@gmail.com' is set on object 'Object Repository/Rate/Page_theworklife - Find Great People To Work With/input_Forgot password_username'&#xD;
&#xD;
2019-10-18 21:16:03 - [MESSAGE][PASSED] - Text 'worklifetest10001@gmail.com' is set on object 'Object Repository/Rate/Page_theworklife - Find Great People To Work With/input_Forgot password_username'&#xD;
&#xD;
2019-10-18 21:16:03 - [TEST_STEP][PASSED] - setEncryptedText(findTestObject("Object Repository/Rate/Page_theworklife - Find Great People To Work With/input_Forgot password_password"), "x8UobeF0bbxd7GrPsdhkIlsTrhBxwBw1"): Text ****** has been set on object 'Object Repository/Rate/Page_theworklife - Find Great People To Work With/input_Forgot password_password'&#xD;
&#xD;
2019-10-18 21:16:03 - [MESSAGE][PASSED] - Text ****** has been set on object 'Object Repository/Rate/Page_theworklife - Find Great People To Work With/input_Forgot password_password'&#xD;
&#xD;
2019-10-18 21:16:03 - [TEST_STEP][PASSED] - click(findTestObject("Object Repository/Rate/Page_theworklife - Find Great People To Work With/button_Sign in")): Object: 'Object Repository/Rate/Page_theworklife - Find Great People To Work With/button_Sign in' is clicked on&#xD;
&#xD;
2019-10-18 21:16:07 - [MESSAGE][PASSED] - Object: 'Object Repository/Rate/Page_theworklife - Find Great People To Work With/button_Sign in' is clicked on&#xD;
&#xD;
2019-10-18 21:16:07 - [TEST_STEP][PASSED] - setEncryptedText(findTestObject("Object Repository/Rate/Page_theworklife - Find Great People To Work With/input_Password does not match_password"), "XU9cBalmEBp1UP+jEU2w4UUBUuNgBY4U"): Text ****** has been set on object 'Object Repository/Rate/Page_theworklife - Find Great People To Work With/input_Password does not match_password'&#xD;
&#xD;
2019-10-18 21:16:07 - [MESSAGE][PASSED] - Text ****** has been set on object 'Object Repository/Rate/Page_theworklife - Find Great People To Work With/input_Password does not match_password'&#xD;
&#xD;
2019-10-18 21:16:07 - [TEST_STEP][PASSED] - click(findTestObject("Object Repository/Rate/Page_theworklife - Find Great People To Work With/button_Sign in")): Object: 'Object Repository/Rate/Page_theworklife - Find Great People To Work With/button_Sign in' is clicked on&#xD;
&#xD;
2019-10-18 21:16:19 - [MESSAGE][PASSED] - Object: 'Object Repository/Rate/Page_theworklife - Find Great People To Work With/button_Sign in' is clicked on&#xD;
&#xD;
2019-10-18 21:16:19 - [TEST_STEP][PASSED] - setText(findTestObject("Object Repository/Rate/Page_Home/input_View all_searchText"), "vijay"): Text 'vijay' is set on object 'Object Repository/Rate/Page_Home/input_View all_searchText'&#xD;
&#xD;
2019-10-18 21:16:19 - [MESSAGE][PASSED] - Text 'vijay' is set on object 'Object Repository/Rate/Page_Home/input_View all_searchText'&#xD;
&#xD;
2019-10-18 21:16:19 - [TEST_STEP][PASSED] - click(findTestObject("Search user/Search user button")): Object: 'Object Repository/Search user/Search user button' is clicked on&#xD;
&#xD;
2019-10-18 21:16:31 - [MESSAGE][PASSED] - Object: 'Object Repository/Search user/Search user button' is clicked on&#xD;
&#xD;
2019-10-18 21:16:31 - [TEST_STEP][PASSED] - click(findTestObject("Object Repository/Rate/Page_Search/div_Vijay Test")): Object: 'Object Repository/Rate/Page_Search/div_Vijay Test' is clicked on&#xD;
&#xD;
2019-10-18 21:16:32 - [MESSAGE][PASSED] - Object: 'Object Repository/Rate/Page_Search/div_Vijay Test' is clicked on&#xD;
&#xD;
2019-10-18 21:16:32 - [TEST_STEP][PASSED] - click(findTestObject("Object Repository/Rate/Page_View Profile/button_Rate Now")): Object: 'Object Repository/Rate/Page_View Profile/button_Rate Now' is clicked on&#xD;
&#xD;
2019-10-18 21:16:35 - [MESSAGE][PASSED] - Object: 'Object Repository/Rate/Page_View Profile/button_Rate Now' is clicked on&#xD;
&#xD;
2019-10-18 21:16:35 - [TEST_STEP][PASSED] - waitForElementClickable(findTestObject("Rate/Page_View Profile/span_Desire to work with again_star3"), 3): Object 'Object Repository/Rate/Page_View Profile/span_Desire to work with again_star3' is clickable&#xD;
&#xD;
2019-10-18 21:16:36 - [MESSAGE][PASSED] - Object 'Object Repository/Rate/Page_View Profile/span_Desire to work with again_star3' is clickable&#xD;
&#xD;
2019-10-18 21:16:36 - [TEST_STEP][PASSED] - sleep(5000): null&#xD;
&#xD;
2019-10-18 21:16:41 - [TEST_STEP][FAILED] - click(findTestObject("Object Repository/Rate/Page_View Profile/span_Desire to work with again_star3")): Unable to click on object 'Object Repository/Rate/Page_View Profile/span_Desire to work with again_star3' (Root cause: com.kms.katalon.core.exception.StepFailedException: Unable to click on object 'Object Repository/Rate/Page_View Profile/span_Desire to work with again_star3'&#xD;
	at com.kms.katalon.core.webui.keyword.internal.WebUIKeywordMain.stepFailed(WebUIKeywordMain.groovy:64)&#xD;
	at com.kms.katalon.core.webui.keyword.internal.WebUIKeywordMain.runKeyword(WebUIKeywordMain.groovy:26)&#xD;
	at com.kms.katalon.core.webui.keyword.builtin.ClickKeyword.click(ClickKeyword.groovy:86)&#xD;
	at com.kms.katalon.core.webui.keyword.builtin.ClickKeyword.execute(ClickKeyword.groovy:67)&#xD;
	at com.kms.katalon.core.keyword.internal.KeywordExecutor.executeKeywordForPlatform(KeywordExecutor.groovy:56)&#xD;
	at com.kms.katalon.core.webui.keyword.WebUiBuiltInKeywords.click(WebUiBuiltInKeywords.groovy:616)&#xD;
	at com.kms.katalon.core.webui.keyword.WebUiBuiltInKeywords$click$4.call(Unknown Source)&#xD;
	at Rate users.run(Rate users:47)&#xD;
	at com.kms.katalon.core.main.ScriptEngine.run(ScriptEngine.java:194)&#xD;
	at com.kms.katalon.core.main.ScriptEngine.runScriptAsRawText(ScriptEngine.java:119)&#xD;
	at com.kms.katalon.core.main.TestCaseExecutor.runScript(TestCaseExecutor.java:337)&#xD;
	at com.kms.katalon.core.main.TestCaseExecutor.doExecute(TestCaseExecutor.java:328)&#xD;
	at com.kms.katalon.core.main.TestCaseExecutor.processExecutionPhase(TestCaseExecutor.java:307)&#xD;
	at com.kms.katalon.core.main.TestCaseExecutor.accessMainPhase(TestCaseExecutor.java:299)&#xD;
	at com.kms.katalon.core.main.TestCaseExecutor.execute(TestCaseExecutor.java:233)&#xD;
	at com.kms.katalon.core.main.TestSuiteExecutor.accessTestCaseMainPhase(TestSuiteExecutor.java:169)&#xD;
	at com.kms.katalon.core.main.TestSuiteExecutor.accessTestSuiteMainPhase(TestSuiteExecutor.java:142)&#xD;
	at com.kms.katalon.core.main.TestSuiteExecutor.execute(TestSuiteExecutor.java:91)&#xD;
	at com.kms.katalon.core.main.TestCaseMain.startTestSuite(TestCaseMain.java:157)&#xD;
	at com.kms.katalon.core.main.TestCaseMain$startTestSuite$0.call(Unknown Source)&#xD;
	at TempTestSuite1571412266031.run(TempTestSuite1571412266031.groovy:35)&#xD;
Caused by: org.openqa.selenium.ElementNotInteractableException: Element &lt;span id="star3" class="fa fa-star-o"&gt; could not be scrolled into view
Build info: version: '3.141.59', revision: 'e82be7d358', time: '2018-11-14T08:25:53'
System info: host: 'PUN-IT000636', ip: '192.168.43.182', os.name: 'Windows 10', os.arch: 'amd64', os.version: '10.0', java.version: '1.8.0_181'
Driver info: com.kms.katalon.core.webui.driver.firefox.CGeckoDriver
Capabilities {acceptInsecureCerts: true, browserName: firefox, browserVersion: 69.0.3, javascriptEnabled: true, moz:accessibilityChecks: false, moz:buildID: 20191009172106, moz:geckodriverVersion: 0.23.0, moz:headless: false, moz:processID: 9228, moz:profile: C:\Users\Suraj Kumar\AppDat..., moz:shutdownTimeout: 60000, moz:useNonSpecCompliantPointerOrigin: false, moz:webdriverClick: true, pageLoadStrategy: normal, platform: WINDOWS, platformName: WINDOWS, platformVersion: 10.0, proxy: Proxy(direct), rotatable: false, setWindowRect: true, strictFileInteractability: false, timeouts: {implicit: 0, pageLoad: 300000, script: 30000}, unhandledPromptBehavior: dismiss and notify}
Session ID: 4347d6dc-8824-4b44-98a0-2f616336613a&#xD;
	at org.openqa.selenium.remote.http.W3CHttpResponseCodec.createException(W3CHttpResponseCodec.java:187)&#xD;
	at org.openqa.selenium.remote.http.W3CHttpResponseCodec.decode(W3CHttpResponseCodec.java:122)&#xD;
	at org.openqa.selenium.remote.http.W3CHttpResponseCodec.decode(W3CHttpResponseCodec.java:49)&#xD;
	at org.openqa.selenium.remote.HttpCommandExecutor.execute(HttpCommandExecutor.java:158)&#xD;
	at org.openqa.selenium.remote.service.DriverCommandExecutor.execute(DriverCommandExecutor.java:83)&#xD;
	at org.openqa.selenium.remote.RemoteWebDriver.execute(RemoteWebDriver.java:552)&#xD;
	at com.kms.katalon.selenium.driver.CFirefoxDriver.execute(CFirefoxDriver.java:28)&#xD;
	at org.openqa.selenium.remote.RemoteWebElement.execute(RemoteWebElement.java:285)&#xD;
	at org.openqa.selenium.remote.RemoteWebElement.click(RemoteWebElement.java:84)&#xD;
	at com.kms.katalon.core.webui.keyword.builtin.ClickKeyword$_click_closure1.doCall(ClickKeyword.groovy:79)&#xD;
	at com.kms.katalon.core.webui.keyword.builtin.ClickKeyword$_click_closure1.call(ClickKeyword.groovy)&#xD;
	at com.kms.katalon.core.webui.keyword.internal.WebUIKeywordMain.runKeyword(WebUIKeywordMain.groovy:20)&#xD;
	at com.kms.katalon.core.webui.keyword.builtin.ClickKeyword.click(ClickKeyword.groovy:86)&#xD;
	at com.kms.katalon.core.webui.keyword.builtin.ClickKeyword.execute(ClickKeyword.groovy:67)&#xD;
	at com.kms.katalon.core.keyword.internal.KeywordExecutor.executeKeywordForPlatform(KeywordExecutor.groovy:56)&#xD;
	at com.kms.katalon.core.webui.keyword.WebUiBuiltInKeywords.click(WebUiBuiltInKeywords.groovy:616)&#xD;
	at com.kms.katalon.core.webui.keyword.WebUiBuiltInKeywords$click$4.call(Unknown Source)&#xD;
	at Script1570259205189.run(Script1570259205189.groovy:47)&#xD;
	... 13 more&#xD;
)&#xD;
&#xD;
2019-10-18 21:16:41 - [MESSAGE][FAILED] - Unable to click on object 'Object Repository/Rate/Page_View Profile/span_Desire to work with again_star3' (Root cause: com.kms.katalon.core.exception.StepFailedException: Unable to click on object 'Object Repository/Rate/Page_View Profile/span_Desire to work with again_star3'&#xD;
	at com.kms.katalon.core.webui.keyword.internal.WebUIKeywordMain.stepFailed(WebUIKeywordMain.groovy:64)&#xD;
	at com.kms.katalon.core.webui.keyword.internal.WebUIKeywordMain.runKeyword(WebUIKeywordMain.groovy:26)&#xD;
	at com.kms.katalon.core.webui.keyword.builtin.ClickKeyword.click(ClickKeyword.groovy:86)&#xD;
	at com.kms.katalon.core.webui.keyword.builtin.ClickKeyword.execute(ClickKeyword.groovy:67)&#xD;
	at com.kms.katalon.core.keyword.internal.KeywordExecutor.executeKeywordForPlatform(KeywordExecutor.groovy:56)&#xD;
	at com.kms.katalon.core.webui.keyword.WebUiBuiltInKeywords.click(WebUiBuiltInKeywords.groovy:616)&#xD;
	at com.kms.katalon.core.webui.keyword.WebUiBuiltInKeywords$click$4.call(Unknown Source)&#xD;
	at Rate users.run(Rate users:47)&#xD;
	at com.kms.katalon.core.main.ScriptEngine.run(ScriptEngine.java:194)&#xD;
	at com.kms.katalon.core.main.ScriptEngine.runScriptAsRawText(ScriptEngine.java:119)&#xD;
	at com.kms.katalon.core.main.TestCaseExecutor.runScript(TestCaseExecutor.java:337)&#xD;
	at com.kms.katalon.core.main.TestCaseExecutor.doExecute(TestCaseExecutor.java:328)&#xD;
	at com.kms.katalon.core.main.TestCaseExecutor.processExecutionPhase(TestCaseExecutor.java:307)&#xD;
	at com.kms.katalon.core.main.TestCaseExecutor.accessMainPhase(TestCaseExecutor.java:299)&#xD;
	at com.kms.katalon.core.main.TestCaseExecutor.execute(TestCaseExecutor.java:233)&#xD;
	at com.kms.katalon.core.main.TestSuiteExecutor.accessTestCaseMainPhase(TestSuiteExecutor.java:169)&#xD;
	at com.kms.katalon.core.main.TestSuiteExecutor.accessTestSuiteMainPhase(TestSuiteExecutor.java:142)&#xD;
	at com.kms.katalon.core.main.TestSuiteExecutor.execute(TestSuiteExecutor.java:91)&#xD;
	at com.kms.katalon.core.main.TestCaseMain.startTestSuite(TestCaseMain.java:157)&#xD;
	at com.kms.katalon.core.main.TestCaseMain$startTestSuite$0.call(Unknown Source)&#xD;
	at TempTestSuite1571412266031.run(TempTestSuite1571412266031.groovy:35)&#xD;
Caused by: org.openqa.selenium.ElementNotInteractableException: Element &lt;span id="star3" class="fa fa-star-o"&gt; could not be scrolled into view
Build info: version: '3.141.59', revision: 'e82be7d358', time: '2018-11-14T08:25:53'
System info: host: 'PUN-IT000636', ip: '192.168.43.182', os.name: 'Windows 10', os.arch: 'amd64', os.version: '10.0', java.version: '1.8.0_181'
Driver info: com.kms.katalon.core.webui.driver.firefox.CGeckoDriver
Capabilities {acceptInsecureCerts: true, browserName: firefox, browserVersion: 69.0.3, javascriptEnabled: true, moz:accessibilityChecks: false, moz:buildID: 20191009172106, moz:geckodriverVersion: 0.23.0, moz:headless: false, moz:processID: 9228, moz:profile: C:\Users\Suraj Kumar\AppDat..., moz:shutdownTimeout: 60000, moz:useNonSpecCompliantPointerOrigin: false, moz:webdriverClick: true, pageLoadStrategy: normal, platform: WINDOWS, platformName: WINDOWS, platformVersion: 10.0, proxy: Proxy(direct), rotatable: false, setWindowRect: true, strictFileInteractability: false, timeouts: {implicit: 0, pageLoad: 300000, script: 30000}, unhandledPromptBehavior: dismiss and notify}
Session ID: 4347d6dc-8824-4b44-98a0-2f616336613a&#xD;
	at org.openqa.selenium.remote.http.W3CHttpResponseCodec.createException(W3CHttpResponseCodec.java:187)&#xD;
	at org.openqa.selenium.remote.http.W3CHttpResponseCodec.decode(W3CHttpResponseCodec.java:122)&#xD;
	at org.openqa.selenium.remote.http.W3CHttpResponseCodec.decode(W3CHttpResponseCodec.java:49)&#xD;
	at org.openqa.selenium.remote.HttpCommandExecutor.execute(HttpCommandExecutor.java:158)&#xD;
	at org.openqa.selenium.remote.service.DriverCommandExecutor.execute(DriverCommandExecutor.java:83)&#xD;
	at org.openqa.selenium.remote.RemoteWebDriver.execute(RemoteWebDriver.java:552)&#xD;
	at com.kms.katalon.selenium.driver.CFirefoxDriver.execute(CFirefoxDriver.java:28)&#xD;
	at org.openqa.selenium.remote.RemoteWebElement.execute(RemoteWebElement.java:285)&#xD;
	at org.openqa.selenium.remote.RemoteWebElement.click(RemoteWebElement.java:84)&#xD;
	at com.kms.katalon.core.webui.keyword.builtin.ClickKeyword$_click_closure1.doCall(ClickKeyword.groovy:79)&#xD;
	at com.kms.katalon.core.webui.keyword.builtin.ClickKeyword$_click_closure1.call(ClickKeyword.groovy)&#xD;
	at com.kms.katalon.core.webui.keyword.internal.WebUIKeywordMain.runKeyword(WebUIKeywordMain.groovy:20)&#xD;
	at com.kms.katalon.core.webui.keyword.builtin.ClickKeyword.click(ClickKeyword.groovy:86)&#xD;
	at com.kms.katalon.core.webui.keyword.builtin.ClickKeyword.execute(ClickKeyword.groovy:67)&#xD;
	at com.kms.katalon.core.keyword.internal.KeywordExecutor.executeKeywordForPlatform(KeywordExecutor.groovy:56)&#xD;
	at com.kms.katalon.core.webui.keyword.WebUiBuiltInKeywords.click(WebUiBuiltInKeywords.groovy:616)&#xD;
	at com.kms.katalon.core.webui.keyword.WebUiBuiltInKeywords$click$4.call(Unknown Source)&#xD;
	at Script1570259205189.run(Script1570259205189.groovy:47)&#xD;
	... 13 more&#xD;
)&#xD;
[[ATTACHMENT|C:\\Users\\Suraj Kumar\\git\\KatalonTWL\\KatalonBDD\\Reports\\20191018_205425\\SanitySuite\\20191018_205425\\1571413601413.png]]&#xD;
&#xD;
2019-10-18 21:16:41 - [TEST_STEP][PASSED] - Start listener action : afterTestcase: Browser is closed&#xD;
&#xD;
2019-10-18 21:16:41 - [TEST_STEP][PASSED] - closeBrowser(): Browser is closed&#xD;
&#xD;
2019-10-18 21:16:43 - [MESSAGE][PASSED] - Browser is closed</system-out>
            <system-err>2019-10-18 21:15:46 - [TEST_CASE][FAILED] - Test Cases/Rate users: Test Cases/Rate users FAILED.
Reason:
com.kms.katalon.core.exception.StepFailedException: Unable to click on object 'Object Repository/Rate/Page_View Profile/span_Desire to work with again_star3'&#xD;
	at com.kms.katalon.core.webui.keyword.internal.WebUIKeywordMain.stepFailed(WebUIKeywordMain.groovy:64)&#xD;
	at com.kms.katalon.core.webui.keyword.internal.WebUIKeywordMain.runKeyword(WebUIKeywordMain.groovy:26)&#xD;
	at com.kms.katalon.core.webui.keyword.builtin.ClickKeyword.click(ClickKeyword.groovy:86)&#xD;
	at com.kms.katalon.core.webui.keyword.builtin.ClickKeyword.execute(ClickKeyword.groovy:67)&#xD;
	at com.kms.katalon.core.keyword.internal.KeywordExecutor.executeKeywordForPlatform(KeywordExecutor.groovy:56)&#xD;
	at com.kms.katalon.core.webui.keyword.WebUiBuiltInKeywords.click(WebUiBuiltInKeywords.groovy:616)&#xD;
	at com.kms.katalon.core.webui.keyword.WebUiBuiltInKeywords$click$4.call(Unknown Source)&#xD;
	at Rate users.run(Rate users:47)&#xD;
	at com.kms.katalon.core.main.ScriptEngine.run(ScriptEngine.java:194)&#xD;
	at com.kms.katalon.core.main.ScriptEngine.runScriptAsRawText(ScriptEngine.java:119)&#xD;
	at com.kms.katalon.core.main.TestCaseExecutor.runScript(TestCaseExecutor.java:337)&#xD;
	at com.kms.katalon.core.main.TestCaseExecutor.doExecute(TestCaseExecutor.java:328)&#xD;
	at com.kms.katalon.core.main.TestCaseExecutor.processExecutionPhase(TestCaseExecutor.java:307)&#xD;
	at com.kms.katalon.core.main.TestCaseExecutor.accessMainPhase(TestCaseExecutor.java:299)&#xD;
	at com.kms.katalon.core.main.TestCaseExecutor.execute(TestCaseExecutor.java:233)&#xD;
	at com.kms.katalon.core.main.TestSuiteExecutor.accessTestCaseMainPhase(TestSuiteExecutor.java:169)&#xD;
	at com.kms.katalon.core.main.TestSuiteExecutor.accessTestSuiteMainPhase(TestSuiteExecutor.java:142)&#xD;
	at com.kms.katalon.core.main.TestSuiteExecutor.execute(TestSuiteExecutor.java:91)&#xD;
	at com.kms.katalon.core.main.TestCaseMain.startTestSuite(TestCaseMain.java:157)&#xD;
	at com.kms.katalon.core.main.TestCaseMain$startTestSuite$0.call(Unknown Source)&#xD;
	at TempTestSuite1571412266031.run(TempTestSuite1571412266031.groovy:35)&#xD;
Caused by: org.openqa.selenium.ElementNotInteractableException: Element &lt;span id="star3" class="fa fa-star-o"&gt; could not be scrolled into view
Build info: version: '3.141.59', revision: 'e82be7d358', time: '2018-11-14T08:25:53'
System info: host: 'PUN-IT000636', ip: '192.168.43.182', os.name: 'Windows 10', os.arch: 'amd64', os.version: '10.0', java.version: '1.8.0_181'
Driver info: com.kms.katalon.core.webui.driver.firefox.CGeckoDriver
Capabilities {acceptInsecureCerts: true, browserName: firefox, browserVersion: 69.0.3, javascriptEnabled: true, moz:accessibilityChecks: false, moz:buildID: 20191009172106, moz:geckodriverVersion: 0.23.0, moz:headless: false, moz:processID: 9228, moz:profile: C:\Users\Suraj Kumar\AppDat..., moz:shutdownTimeout: 60000, moz:useNonSpecCompliantPointerOrigin: false, moz:webdriverClick: true, pageLoadStrategy: normal, platform: WINDOWS, platformName: WINDOWS, platformVersion: 10.0, proxy: Proxy(direct), rotatable: false, setWindowRect: true, strictFileInteractability: false, timeouts: {implicit: 0, pageLoad: 300000, script: 30000}, unhandledPromptBehavior: dismiss and notify}
Session ID: 4347d6dc-8824-4b44-98a0-2f616336613a&#xD;
	at org.openqa.selenium.remote.http.W3CHttpResponseCodec.createException(W3CHttpResponseCodec.java:187)&#xD;
	at org.openqa.selenium.remote.http.W3CHttpResponseCodec.decode(W3CHttpResponseCodec.java:122)&#xD;
	at org.openqa.selenium.remote.http.W3CHttpResponseCodec.decode(W3CHttpResponseCodec.java:49)&#xD;
	at org.openqa.selenium.remote.HttpCommandExecutor.execute(HttpCommandExecutor.java:158)&#xD;
	at org.openqa.selenium.remote.service.DriverCommandExecutor.execute(DriverCommandExecutor.java:83)&#xD;
	at org.openqa.selenium.remote.RemoteWebDriver.execute(RemoteWebDriver.java:552)&#xD;
	at com.kms.katalon.selenium.driver.CFirefoxDriver.execute(CFirefoxDriver.java:28)&#xD;
	at org.openqa.selenium.remote.RemoteWebElement.execute(RemoteWebElement.java:285)&#xD;
	at org.openqa.selenium.remote.RemoteWebElement.click(RemoteWebElement.java:84)&#xD;
	at com.kms.katalon.core.webui.keyword.builtin.ClickKeyword$_click_closure1.doCall(ClickKeyword.groovy:79)&#xD;
	at com.kms.katalon.core.webui.keyword.builtin.ClickKeyword$_click_closure1.call(ClickKeyword.groovy)&#xD;
	at com.kms.katalon.core.webui.keyword.internal.WebUIKeywordMain.runKeyword(WebUIKeywordMain.groovy:20)&#xD;
	... 19 more</system-err>
        </testcase>
        <testcase name="Test Cases/Login success" classname="Test Cases/Login success" status="FAILED">
            <failure type="FAILED" message="Test Cases/Login success FAILED.&#xA;Reason:&#xA;com.kms.katalon.core.exception.StepFailedException: Unable to click on object 'Object Repository/Page_LinkedIn Username/u_Click here_1'&#xD;&#xA;&#x9;at com.kms.katalon.core.webui.keyword.internal.WebUIKeywordMain.stepFailed(WebUIKeywordMain.groovy:64)&#xD;&#xA;&#x9;at com.kms.katalon.core.webui.keyword.internal.WebUIKeywordMain.runKeyword(WebUIKeywordMain.groovy:26)&#xD;&#xA;&#x9;at com.kms.katalon.core.webui.keyword.builtin.ClickKeyword.click(ClickKeyword.groovy:86)&#xD;&#xA;&#x9;at com.kms.katalon.core.webui.keyword.builtin.ClickKeyword.execute(ClickKeyword.groovy:67)&#xD;&#xA;&#x9;at com.kms.katalon.core.keyword.internal.KeywordExecutor.executeKeywordForPlatform(KeywordExecutor.groovy:56)&#xD;&#xA;&#x9;at com.kms.katalon.core.webui.keyword.WebUiBuiltInKeywords.click(WebUiBuiltInKeywords.groovy:616)&#xD;&#xA;&#x9;at com.kms.katalon.core.webui.keyword.WebUiBuiltInKeywords$click$4.call(Unknown Source)&#xD;&#xA;&#x9;at Login success.run(Login success:63)&#xD;&#xA;&#x9;at com.kms.katalon.core.main.ScriptEngine.run(ScriptEngine.java:194)&#xD;&#xA;&#x9;at com.kms.katalon.core.main.ScriptEngine.runScriptAsRawText(ScriptEngine.java:119)&#xD;&#xA;&#x9;at com.kms.katalon.core.main.TestCaseExecutor.runScript(TestCaseExecutor.java:337)&#xD;&#xA;&#x9;at com.kms.katalon.core.main.TestCaseExecutor.doExecute(TestCaseExecutor.java:328)&#xD;&#xA;&#x9;at com.kms.katalon.core.main.TestCaseExecutor.processExecutionPhase(TestCaseExecutor.java:307)&#xD;&#xA;&#x9;at com.kms.katalon.core.main.TestCaseExecutor.accessMainPhase(TestCaseExecutor.java:299)&#xD;&#xA;&#x9;at com.kms.katalon.core.main.TestCaseExecutor.execute(TestCaseExecutor.java:233)&#xD;&#xA;&#x9;at com.kms.katalon.core.main.TestSuiteExecutor.accessTestCaseMainPhase(TestSuiteExecutor.java:169)&#xD;&#xA;&#x9;at com.kms.katalon.core.main.TestSuiteExecutor.accessTestSuiteMainPhase(TestSuiteExecutor.java:142)&#xD;&#xA;&#x9;at com.kms.katalon.core.main.TestSuiteExecutor.execute(TestSuiteExecutor.java:91)&#xD;&#xA;&#x9;at com.kms.katalon.core.main.TestCaseMain.startTestSuite(TestCaseMain.java:157)&#xD;&#xA;&#x9;at com.kms.katalon.core.main.TestCaseMain$startTestSuite$0.call(Unknown Source)&#xD;&#xA;&#x9;at TempTestSuite1571412266031.run(TempTestSuite1571412266031.groovy:35)&#xD;&#xA;Caused by: org.openqa.selenium.ElementNotInteractableException: Element &lt;a class=&quot;nextBtn&quot; href=&quot;https://tinyurl.com/y3ur8a4j&quot;&gt; could not be scrolled into view&#xA;Build info: version: '3.141.59', revision: 'e82be7d358', time: '2018-11-14T08:25:53'&#xA;System info: host: 'PUN-IT000636', ip: '192.168.43.182', os.name: 'Windows 10', os.arch: 'amd64', os.version: '10.0', java.version: '1.8.0_181'&#xA;Driver info: com.kms.katalon.core.webui.driver.firefox.CGeckoDriver&#xA;Capabilities {acceptInsecureCerts: true, browserName: firefox, browserVersion: 69.0.3, javascriptEnabled: true, moz:accessibilityChecks: false, moz:buildID: 20191009172106, moz:geckodriverVersion: 0.23.0, moz:headless: false, moz:processID: 17812, moz:profile: C:\Users\Suraj Kumar\AppDat..., moz:shutdownTimeout: 60000, moz:useNonSpecCompliantPointerOrigin: false, moz:webdriverClick: true, pageLoadStrategy: normal, platform: WINDOWS, platformName: WINDOWS, platformVersion: 10.0, proxy: Proxy(direct), rotatable: false, setWindowRect: true, strictFileInteractability: false, timeouts: {implicit: 0, pageLoad: 300000, script: 30000}, unhandledPromptBehavior: dismiss and notify}&#xA;Session ID: b2200d65-a1fb-4552-9ada-f7e658024b0b&#xD;&#xA;&#x9;at org.openqa.selenium.remote.http.W3CHttpResponseCodec.createException(W3CHttpResponseCodec.java:187)&#xD;&#xA;&#x9;at org.openqa.selenium.remote.http.W3CHttpResponseCodec.decode(W3CHttpResponseCodec.java:122)&#xD;&#xA;&#x9;at org.openqa.selenium.remote.http.W3CHttpResponseCodec.decode(W3CHttpResponseCodec.java:49)&#xD;&#xA;&#x9;at org.openqa.selenium.remote.HttpCommandExecutor.execute(HttpCommandExecutor.java:158)&#xD;&#xA;&#x9;at org.openqa.selenium.remote.service.DriverCommandExecutor.execute(DriverCommandExecutor.java:83)&#xD;&#xA;&#x9;at org.openqa.selenium.remote.RemoteWebDriver.execute(RemoteWebDriver.java:552)&#xD;&#xA;&#x9;at com.kms.katalon.selenium.driver.CFirefoxDriver.execute(CFirefoxDriver.java:28)&#xD;&#xA;&#x9;at org.openqa.selenium.remote.RemoteWebElement.execute(RemoteWebElement.java:285)&#xD;&#xA;&#x9;at org.openqa.selenium.remote.RemoteWebElement.click(RemoteWebElement.java:84)&#xD;&#xA;&#x9;at com.kms.katalon.core.webui.keyword.builtin.ClickKeyword$_click_closure1.doCall(ClickKeyword.groovy:79)&#xD;&#xA;&#x9;at com.kms.katalon.core.webui.keyword.builtin.ClickKeyword$_click_closure1.call(ClickKeyword.groovy)&#xD;&#xA;&#x9;at com.kms.katalon.core.webui.keyword.internal.WebUIKeywordMain.runKeyword(WebUIKeywordMain.groovy:20)&#xD;&#xA;&#x9;... 19 more&#xD;&#xA;"/>
            <system-out>2019-10-18 21:16:43 - [TEST_CASE][FAILED] - Test Cases/Login success: Test Cases/Login success FAILED.
Reason:
com.kms.katalon.core.exception.StepFailedException: Unable to click on object 'Object Repository/Page_LinkedIn Username/u_Click here_1'&#xD;
	at com.kms.katalon.core.webui.keyword.internal.WebUIKeywordMain.stepFailed(WebUIKeywordMain.groovy:64)&#xD;
	at com.kms.katalon.core.webui.keyword.internal.WebUIKeywordMain.runKeyword(WebUIKeywordMain.groovy:26)&#xD;
	at com.kms.katalon.core.webui.keyword.builtin.ClickKeyword.click(ClickKeyword.groovy:86)&#xD;
	at com.kms.katalon.core.webui.keyword.builtin.ClickKeyword.execute(ClickKeyword.groovy:67)&#xD;
	at com.kms.katalon.core.keyword.internal.KeywordExecutor.executeKeywordForPlatform(KeywordExecutor.groovy:56)&#xD;
	at com.kms.katalon.core.webui.keyword.WebUiBuiltInKeywords.click(WebUiBuiltInKeywords.groovy:616)&#xD;
	at com.kms.katalon.core.webui.keyword.WebUiBuiltInKeywords$click$4.call(Unknown Source)&#xD;
	at Login success.run(Login success:63)&#xD;
	at com.kms.katalon.core.main.ScriptEngine.run(ScriptEngine.java:194)&#xD;
	at com.kms.katalon.core.main.ScriptEngine.runScriptAsRawText(ScriptEngine.java:119)&#xD;
	at com.kms.katalon.core.main.TestCaseExecutor.runScript(TestCaseExecutor.java:337)&#xD;
	at com.kms.katalon.core.main.TestCaseExecutor.doExecute(TestCaseExecutor.java:328)&#xD;
	at com.kms.katalon.core.main.TestCaseExecutor.processExecutionPhase(TestCaseExecutor.java:307)&#xD;
	at com.kms.katalon.core.main.TestCaseExecutor.accessMainPhase(TestCaseExecutor.java:299)&#xD;
	at com.kms.katalon.core.main.TestCaseExecutor.execute(TestCaseExecutor.java:233)&#xD;
	at com.kms.katalon.core.main.TestSuiteExecutor.accessTestCaseMainPhase(TestSuiteExecutor.java:169)&#xD;
	at com.kms.katalon.core.main.TestSuiteExecutor.accessTestSuiteMainPhase(TestSuiteExecutor.java:142)&#xD;
	at com.kms.katalon.core.main.TestSuiteExecutor.execute(TestSuiteExecutor.java:91)&#xD;
	at com.kms.katalon.core.main.TestCaseMain.startTestSuite(TestCaseMain.java:157)&#xD;
	at com.kms.katalon.core.main.TestCaseMain$startTestSuite$0.call(Unknown Source)&#xD;
	at TempTestSuite1571412266031.run(TempTestSuite1571412266031.groovy:35)&#xD;
Caused by: org.openqa.selenium.ElementNotInteractableException: Element &lt;a class="nextBtn" href="https://tinyurl.com/y3ur8a4j"&gt; could not be scrolled into view
Build info: version: '3.141.59', revision: 'e82be7d358', time: '2018-11-14T08:25:53'
System info: host: 'PUN-IT000636', ip: '192.168.43.182', os.name: 'Windows 10', os.arch: 'amd64', os.version: '10.0', java.version: '1.8.0_181'
Driver info: com.kms.katalon.core.webui.driver.firefox.CGeckoDriver
Capabilities {acceptInsecureCerts: true, browserName: firefox, browserVersion: 69.0.3, javascriptEnabled: true, moz:accessibilityChecks: false, moz:buildID: 20191009172106, moz:geckodriverVersion: 0.23.0, moz:headless: false, moz:processID: 17812, moz:profile: C:\Users\Suraj Kumar\AppDat..., moz:shutdownTimeout: 60000, moz:useNonSpecCompliantPointerOrigin: false, moz:webdriverClick: true, pageLoadStrategy: normal, platform: WINDOWS, platformName: WINDOWS, platformVersion: 10.0, proxy: Proxy(direct), rotatable: false, setWindowRect: true, strictFileInteractability: false, timeouts: {implicit: 0, pageLoad: 300000, script: 30000}, unhandledPromptBehavior: dismiss and notify}
Session ID: b2200d65-a1fb-4552-9ada-f7e658024b0b&#xD;
	at org.openqa.selenium.remote.http.W3CHttpResponseCodec.createException(W3CHttpResponseCodec.java:187)&#xD;
	at org.openqa.selenium.remote.http.W3CHttpResponseCodec.decode(W3CHttpResponseCodec.java:122)&#xD;
	at org.openqa.selenium.remote.http.W3CHttpResponseCodec.decode(W3CHttpResponseCodec.java:49)&#xD;
	at org.openqa.selenium.remote.HttpCommandExecutor.execute(HttpCommandExecutor.java:158)&#xD;
	at org.openqa.selenium.remote.service.DriverCommandExecutor.execute(DriverCommandExecutor.java:83)&#xD;
	at org.openqa.selenium.remote.RemoteWebDriver.execute(RemoteWebDriver.java:552)&#xD;
	at com.kms.katalon.selenium.driver.CFirefoxDriver.execute(CFirefoxDriver.java:28)&#xD;
	at org.openqa.selenium.remote.RemoteWebElement.execute(RemoteWebElement.java:285)&#xD;
	at org.openqa.selenium.remote.RemoteWebElement.click(RemoteWebElement.java:84)&#xD;
	at com.kms.katalon.core.webui.keyword.builtin.ClickKeyword$_click_closure1.doCall(ClickKeyword.groovy:79)&#xD;
	at com.kms.katalon.core.webui.keyword.builtin.ClickKeyword$_click_closure1.call(ClickKeyword.groovy)&#xD;
	at com.kms.katalon.core.webui.keyword.internal.WebUIKeywordMain.runKeyword(WebUIKeywordMain.groovy:20)&#xD;
	... 19 more&#xD;
&#xD;
&#xD;
2019-10-18 21:16:43 - [TEST_STEP][PASSED] - Start listener action : beforeTestcase: null&#xD;
&#xD;
2019-10-18 21:16:44 - [TEST_STEP][PASSED] - openBrowser(""): Browser is opened with url: ''&#xD;
&#xD;
2019-10-18 21:16:44 - [MESSAGE][INFO] - Starting 'Firefox' driver&#xD;
&#xD;
2019-10-18 21:16:49 - [MESSAGE][PASSED] - Browser is opened with url: ''&#xD;
&#xD;
2019-10-18 21:16:49 - [TEST_STEP][PASSED] - navigateToUrl("https://qa.thework.life/"): Navigate to 'https://qa.thework.life/' successfully&#xD;
&#xD;
2019-10-18 21:16:59 - [MESSAGE][PASSED] - Navigate to 'https://qa.thework.life/' successfully&#xD;
&#xD;
2019-10-18 21:16:59 - [TEST_STEP][PASSED] - click(findTestObject("Object Repository/Page_theworklife - Find Great People To Work With/a_Join Now")): Object: 'Object Repository/Page_theworklife - Find Great People To Work With/a_Join Now' is clicked on&#xD;
&#xD;
2019-10-18 21:16:59 - [MESSAGE][PASSED] - Object: 'Object Repository/Page_theworklife - Find Great People To Work With/a_Join Now' is clicked on&#xD;
&#xD;
2019-10-18 21:16:59 - [TEST_STEP][PASSED] - waitForElementPresent(findTestObject("Page_theworklife - Find Great People To Work With/button_LinkedIn"), 5): Object 'Object Repository/Page_theworklife - Find Great People To Work With/button_LinkedIn' is present&#xD;
&#xD;
2019-10-18 21:16:59 - [MESSAGE][PASSED] - Object 'Object Repository/Page_theworklife - Find Great People To Work With/button_LinkedIn' is present&#xD;
&#xD;
2019-10-18 21:16:59 - [TEST_STEP][PASSED] - click(findTestObject("Object Repository/Page_theworklife - Find Great People To Work With/button_LinkedIn")): Object: 'Object Repository/Page_theworklife - Find Great People To Work With/button_LinkedIn' is clicked on&#xD;
&#xD;
2019-10-18 21:17:04 - [MESSAGE][PASSED] - Object: 'Object Repository/Page_theworklife - Find Great People To Work With/button_LinkedIn' is clicked on&#xD;
&#xD;
2019-10-18 21:17:04 - [TEST_STEP][PASSED] - setText(findTestObject("Object Repository/Page_LinkedIn Login Sign in  LinkedIn/input_Welcome Back_session_key"), "testing@appliedaiconsulting.com"): Text 'testing@appliedaiconsulting.com' is set on object 'Object Repository/Page_LinkedIn Login Sign in  LinkedIn/input_Welcome Back_session_key'&#xD;
&#xD;
2019-10-18 21:17:04 - [MESSAGE][PASSED] - Text 'testing@appliedaiconsulting.com' is set on object 'Object Repository/Page_LinkedIn Login Sign in  LinkedIn/input_Welcome Back_session_key'&#xD;
&#xD;
2019-10-18 21:17:04 - [TEST_STEP][PASSED] - setEncryptedText(findTestObject("Object Repository/Page_LinkedIn Login Sign in  LinkedIn/input_Welcome Back_session_password"), "YpWQ2DI2eLzqZleLDbTOWw=="): Text ****** has been set on object 'Object Repository/Page_LinkedIn Login Sign in  LinkedIn/input_Welcome Back_session_password'&#xD;
&#xD;
2019-10-18 21:17:05 - [MESSAGE][PASSED] - Text ****** has been set on object 'Object Repository/Page_LinkedIn Login Sign in  LinkedIn/input_Welcome Back_session_password'&#xD;
&#xD;
2019-10-18 21:17:05 - [TEST_STEP][PASSED] - click(findTestObject("Object Repository/Page_LinkedIn Login Sign in  LinkedIn/span_Show")): Object: 'Object Repository/Page_LinkedIn Login Sign in  LinkedIn/span_Show' is clicked on&#xD;
&#xD;
2019-10-18 21:17:06 - [MESSAGE][PASSED] - Object: 'Object Repository/Page_LinkedIn Login Sign in  LinkedIn/span_Show' is clicked on&#xD;
&#xD;
2019-10-18 21:17:06 - [TEST_STEP][PASSED] - click(findTestObject("Object Repository/Page_LinkedIn Login Sign in  LinkedIn/button_Sign in")): Object: 'Object Repository/Page_LinkedIn Login Sign in  LinkedIn/button_Sign in' is clicked on&#xD;
&#xD;
2019-10-18 21:17:12 - [MESSAGE][PASSED] - Object: 'Object Repository/Page_LinkedIn Login Sign in  LinkedIn/button_Sign in' is clicked on&#xD;
&#xD;
2019-10-18 21:17:12 - [TEST_STEP][PASSED] - clearText(findTestObject("Page_Sign Up/input_Username_username")): Text of object 'Object Repository/Page_Sign Up/input_Username_username' is cleared&#xD;
&#xD;
2019-10-18 21:17:18 - [MESSAGE][PASSED] - Text of object 'Object Repository/Page_Sign Up/input_Username_username' is cleared&#xD;
&#xD;
2019-10-18 21:17:18 - [TEST_STEP][PASSED] - setText(findTestObject("Object Repository/Page_Sign Up/input_Username_username"), "testingLink" + System.currentTimeMillis()): Text 'testingLink1571413638492' is set on object 'Object Repository/Page_Sign Up/input_Username_username'&#xD;
&#xD;
2019-10-18 21:17:18 - [MESSAGE][PASSED] - Text 'testingLink1571413638492' is set on object 'Object Repository/Page_Sign Up/input_Username_username'&#xD;
&#xD;
2019-10-18 21:17:18 - [TEST_STEP][PASSED] - setEncryptedText(findTestObject("Object Repository/Page_Sign Up/input_Password_password"), "YpWQ2DI2eLzqZleLDbTOWw=="): Text ****** has been set on object 'Object Repository/Page_Sign Up/input_Password_password'&#xD;
&#xD;
2019-10-18 21:17:18 - [MESSAGE][PASSED] - Text ****** has been set on object 'Object Repository/Page_Sign Up/input_Password_password'&#xD;
&#xD;
2019-10-18 21:17:18 - [TEST_STEP][PASSED] - click(findTestObject("Object Repository/Page_Sign Up/i_Strong_cr-icon fa fa-check")): Object: 'Object Repository/Page_Sign Up/i_Strong_cr-icon fa fa-check' is clicked on&#xD;
&#xD;
2019-10-18 21:17:19 - [MESSAGE][PASSED] - Object: 'Object Repository/Page_Sign Up/i_Strong_cr-icon fa fa-check' is clicked on&#xD;
&#xD;
2019-10-18 21:17:19 - [TEST_STEP][PASSED] - click(findTestObject("Object Repository/Page_Sign Up/button_Continue")): Object: 'Object Repository/Page_Sign Up/button_Continue' is clicked on&#xD;
&#xD;
2019-10-18 21:17:19 - [MESSAGE][PASSED] - Object: 'Object Repository/Page_Sign Up/button_Continue' is clicked on&#xD;
&#xD;
2019-10-18 21:17:19 - [TEST_STEP][PASSED] - click(findTestObject("Object Repository/Page_LinkedIn Username/u_Click here")): Object: 'Object Repository/Page_LinkedIn Username/u_Click here' is clicked on&#xD;
&#xD;
2019-10-18 21:17:32 - [MESSAGE][PASSED] - Object: 'Object Repository/Page_LinkedIn Username/u_Click here' is clicked on&#xD;
&#xD;
2019-10-18 21:17:32 - [TEST_STEP][PASSED] - setText(findTestObject("Object Repository/Page_LinkedIn Username/input_Click here_li_user_link"), "https://www.linkedin.com/in/applied-ai-ab4367194/"): Text 'https://www.linkedin.com/in/applied-ai-ab4367194/' is set on object 'Object Repository/Page_LinkedIn Username/input_Click here_li_user_link'&#xD;
&#xD;
2019-10-18 21:17:32 - [MESSAGE][PASSED] - Text 'https://www.linkedin.com/in/applied-ai-ab4367194/' is set on object 'Object Repository/Page_LinkedIn Username/input_Click here_li_user_link'&#xD;
&#xD;
2019-10-18 21:17:32 - [TEST_STEP][PASSED] - delay(3): Delayed 3 second(s)&#xD;
&#xD;
2019-10-18 21:17:35 - [MESSAGE][PASSED] - Delayed 3 second(s)&#xD;
&#xD;
2019-10-18 21:17:35 - [TEST_STEP][PASSED] - click(findTestObject("Object Repository/Page_LinkedIn Username/button_Submit")): Object: 'Object Repository/Page_LinkedIn Username/button_Submit' is clicked on&#xD;
&#xD;
2019-10-18 21:17:36 - [MESSAGE][PASSED] - Object: 'Object Repository/Page_LinkedIn Username/button_Submit' is clicked on&#xD;
&#xD;
2019-10-18 21:17:36 - [TEST_STEP][PASSED] - waitForElementPresent(findTestObject("Page_LinkedIn Username/u_Click here_1"), 2): Object 'Object Repository/Page_LinkedIn Username/u_Click here_1' is present&#xD;
&#xD;
2019-10-18 21:17:36 - [MESSAGE][PASSED] - Object 'Object Repository/Page_LinkedIn Username/u_Click here_1' is present&#xD;
&#xD;
2019-10-18 21:17:36 - [TEST_STEP][PASSED] - scrollToElement(findTestObject("Page_LinkedIn Username/u_Click here_1"), 2): Scroll to object 'Object Repository/Page_LinkedIn Username/u_Click here_1' successfully&#xD;
&#xD;
2019-10-18 21:17:36 - [MESSAGE][PASSED] - Scroll to object 'Object Repository/Page_LinkedIn Username/u_Click here_1' successfully&#xD;
&#xD;
2019-10-18 21:17:36 - [TEST_STEP][PASSED] - sleep(7000): null&#xD;
&#xD;
2019-10-18 21:17:43 - [TEST_STEP][PASSED] - waitForElementNotPresent(findTestObject("Experience/Page_Edit Profile/loader"), 5): Web element with id: 'Object Repository/Experience/Page_Edit Profile/loader' located by 'By.xpath: //div[@class="loader"]' is present after '5' second(s)&#xD;
&#xD;
2019-10-18 21:17:49 - [MESSAGE][WARNING] - Web element with id: 'Object Repository/Experience/Page_Edit Profile/loader' located by 'By.xpath: //div[@class="loader"]' is present after '5' second(s)&#xD;
&#xD;
2019-10-18 21:17:49 - [TEST_STEP][FAILED] - click(findTestObject("Object Repository/Page_LinkedIn Username/u_Click here_1")): Unable to click on object 'Object Repository/Page_LinkedIn Username/u_Click here_1' (Root cause: com.kms.katalon.core.exception.StepFailedException: Unable to click on object 'Object Repository/Page_LinkedIn Username/u_Click here_1'&#xD;
	at com.kms.katalon.core.webui.keyword.internal.WebUIKeywordMain.stepFailed(WebUIKeywordMain.groovy:64)&#xD;
	at com.kms.katalon.core.webui.keyword.internal.WebUIKeywordMain.runKeyword(WebUIKeywordMain.groovy:26)&#xD;
	at com.kms.katalon.core.webui.keyword.builtin.ClickKeyword.click(ClickKeyword.groovy:86)&#xD;
	at com.kms.katalon.core.webui.keyword.builtin.ClickKeyword.execute(ClickKeyword.groovy:67)&#xD;
	at com.kms.katalon.core.keyword.internal.KeywordExecutor.executeKeywordForPlatform(KeywordExecutor.groovy:56)&#xD;
	at com.kms.katalon.core.webui.keyword.WebUiBuiltInKeywords.click(WebUiBuiltInKeywords.groovy:616)&#xD;
	at com.kms.katalon.core.webui.keyword.WebUiBuiltInKeywords$click$4.call(Unknown Source)&#xD;
	at Login success.run(Login success:63)&#xD;
	at com.kms.katalon.core.main.ScriptEngine.run(ScriptEngine.java:194)&#xD;
	at com.kms.katalon.core.main.ScriptEngine.runScriptAsRawText(ScriptEngine.java:119)&#xD;
	at com.kms.katalon.core.main.TestCaseExecutor.runScript(TestCaseExecutor.java:337)&#xD;
	at com.kms.katalon.core.main.TestCaseExecutor.doExecute(TestCaseExecutor.java:328)&#xD;
	at com.kms.katalon.core.main.TestCaseExecutor.processExecutionPhase(TestCaseExecutor.java:307)&#xD;
	at com.kms.katalon.core.main.TestCaseExecutor.accessMainPhase(TestCaseExecutor.java:299)&#xD;
	at com.kms.katalon.core.main.TestCaseExecutor.execute(TestCaseExecutor.java:233)&#xD;
	at com.kms.katalon.core.main.TestSuiteExecutor.accessTestCaseMainPhase(TestSuiteExecutor.java:169)&#xD;
	at com.kms.katalon.core.main.TestSuiteExecutor.accessTestSuiteMainPhase(TestSuiteExecutor.java:142)&#xD;
	at com.kms.katalon.core.main.TestSuiteExecutor.execute(TestSuiteExecutor.java:91)&#xD;
	at com.kms.katalon.core.main.TestCaseMain.startTestSuite(TestCaseMain.java:157)&#xD;
	at com.kms.katalon.core.main.TestCaseMain$startTestSuite$0.call(Unknown Source)&#xD;
	at TempTestSuite1571412266031.run(TempTestSuite1571412266031.groovy:35)&#xD;
Caused by: org.openqa.selenium.ElementNotInteractableException: Element &lt;a class="nextBtn" href="https://tinyurl.com/y3ur8a4j"&gt; could not be scrolled into view
Build info: version: '3.141.59', revision: 'e82be7d358', time: '2018-11-14T08:25:53'
System info: host: 'PUN-IT000636', ip: '192.168.43.182', os.name: 'Windows 10', os.arch: 'amd64', os.version: '10.0', java.version: '1.8.0_181'
Driver info: com.kms.katalon.core.webui.driver.firefox.CGeckoDriver
Capabilities {acceptInsecureCerts: true, browserName: firefox, browserVersion: 69.0.3, javascriptEnabled: true, moz:accessibilityChecks: false, moz:buildID: 20191009172106, moz:geckodriverVersion: 0.23.0, moz:headless: false, moz:processID: 17812, moz:profile: C:\Users\Suraj Kumar\AppDat..., moz:shutdownTimeout: 60000, moz:useNonSpecCompliantPointerOrigin: false, moz:webdriverClick: true, pageLoadStrategy: normal, platform: WINDOWS, platformName: WINDOWS, platformVersion: 10.0, proxy: Proxy(direct), rotatable: false, setWindowRect: true, strictFileInteractability: false, timeouts: {implicit: 0, pageLoad: 300000, script: 30000}, unhandledPromptBehavior: dismiss and notify}
Session ID: b2200d65-a1fb-4552-9ada-f7e658024b0b&#xD;
	at org.openqa.selenium.remote.http.W3CHttpResponseCodec.createException(W3CHttpResponseCodec.java:187)&#xD;
	at org.openqa.selenium.remote.http.W3CHttpResponseCodec.decode(W3CHttpResponseCodec.java:122)&#xD;
	at org.openqa.selenium.remote.http.W3CHttpResponseCodec.decode(W3CHttpResponseCodec.java:49)&#xD;
	at org.openqa.selenium.remote.HttpCommandExecutor.execute(HttpCommandExecutor.java:158)&#xD;
	at org.openqa.selenium.remote.service.DriverCommandExecutor.execute(DriverCommandExecutor.java:83)&#xD;
	at org.openqa.selenium.remote.RemoteWebDriver.execute(RemoteWebDriver.java:552)&#xD;
	at com.kms.katalon.selenium.driver.CFirefoxDriver.execute(CFirefoxDriver.java:28)&#xD;
	at org.openqa.selenium.remote.RemoteWebElement.execute(RemoteWebElement.java:285)&#xD;
	at org.openqa.selenium.remote.RemoteWebElement.click(RemoteWebElement.java:84)&#xD;
	at com.kms.katalon.core.webui.keyword.builtin.ClickKeyword$_click_closure1.doCall(ClickKeyword.groovy:79)&#xD;
	at com.kms.katalon.core.webui.keyword.builtin.ClickKeyword$_click_closure1.call(ClickKeyword.groovy)&#xD;
	at com.kms.katalon.core.webui.keyword.internal.WebUIKeywordMain.runKeyword(WebUIKeywordMain.groovy:20)&#xD;
	at com.kms.katalon.core.webui.keyword.builtin.ClickKeyword.click(ClickKeyword.groovy:86)&#xD;
	at com.kms.katalon.core.webui.keyword.builtin.ClickKeyword.execute(ClickKeyword.groovy:67)&#xD;
	at com.kms.katalon.core.keyword.internal.KeywordExecutor.executeKeywordForPlatform(KeywordExecutor.groovy:56)&#xD;
	at com.kms.katalon.core.webui.keyword.WebUiBuiltInKeywords.click(WebUiBuiltInKeywords.groovy:616)&#xD;
	at com.kms.katalon.core.webui.keyword.WebUiBuiltInKeywords$click$4.call(Unknown Source)&#xD;
	at Script1569660865875.run(Script1569660865875.groovy:63)&#xD;
	... 13 more&#xD;
)&#xD;
&#xD;
2019-10-18 21:17:49 - [MESSAGE][FAILED] - Unable to click on object 'Object Repository/Page_LinkedIn Username/u_Click here_1' (Root cause: com.kms.katalon.core.exception.StepFailedException: Unable to click on object 'Object Repository/Page_LinkedIn Username/u_Click here_1'&#xD;
	at com.kms.katalon.core.webui.keyword.internal.WebUIKeywordMain.stepFailed(WebUIKeywordMain.groovy:64)&#xD;
	at com.kms.katalon.core.webui.keyword.internal.WebUIKeywordMain.runKeyword(WebUIKeywordMain.groovy:26)&#xD;
	at com.kms.katalon.core.webui.keyword.builtin.ClickKeyword.click(ClickKeyword.groovy:86)&#xD;
	at com.kms.katalon.core.webui.keyword.builtin.ClickKeyword.execute(ClickKeyword.groovy:67)&#xD;
	at com.kms.katalon.core.keyword.internal.KeywordExecutor.executeKeywordForPlatform(KeywordExecutor.groovy:56)&#xD;
	at com.kms.katalon.core.webui.keyword.WebUiBuiltInKeywords.click(WebUiBuiltInKeywords.groovy:616)&#xD;
	at com.kms.katalon.core.webui.keyword.WebUiBuiltInKeywords$click$4.call(Unknown Source)&#xD;
	at Login success.run(Login success:63)&#xD;
	at com.kms.katalon.core.main.ScriptEngine.run(ScriptEngine.java:194)&#xD;
	at com.kms.katalon.core.main.ScriptEngine.runScriptAsRawText(ScriptEngine.java:119)&#xD;
	at com.kms.katalon.core.main.TestCaseExecutor.runScript(TestCaseExecutor.java:337)&#xD;
	at com.kms.katalon.core.main.TestCaseExecutor.doExecute(TestCaseExecutor.java:328)&#xD;
	at com.kms.katalon.core.main.TestCaseExecutor.processExecutionPhase(TestCaseExecutor.java:307)&#xD;
	at com.kms.katalon.core.main.TestCaseExecutor.accessMainPhase(TestCaseExecutor.java:299)&#xD;
	at com.kms.katalon.core.main.TestCaseExecutor.execute(TestCaseExecutor.java:233)&#xD;
	at com.kms.katalon.core.main.TestSuiteExecutor.accessTestCaseMainPhase(TestSuiteExecutor.java:169)&#xD;
	at com.kms.katalon.core.main.TestSuiteExecutor.accessTestSuiteMainPhase(TestSuiteExecutor.java:142)&#xD;
	at com.kms.katalon.core.main.TestSuiteExecutor.execute(TestSuiteExecutor.java:91)&#xD;
	at com.kms.katalon.core.main.TestCaseMain.startTestSuite(TestCaseMain.java:157)&#xD;
	at com.kms.katalon.core.main.TestCaseMain$startTestSuite$0.call(Unknown Source)&#xD;
	at TempTestSuite1571412266031.run(TempTestSuite1571412266031.groovy:35)&#xD;
Caused by: org.openqa.selenium.ElementNotInteractableException: Element &lt;a class="nextBtn" href="https://tinyurl.com/y3ur8a4j"&gt; could not be scrolled into view
Build info: version: '3.141.59', revision: 'e82be7d358', time: '2018-11-14T08:25:53'
System info: host: 'PUN-IT000636', ip: '192.168.43.182', os.name: 'Windows 10', os.arch: 'amd64', os.version: '10.0', java.version: '1.8.0_181'
Driver info: com.kms.katalon.core.webui.driver.firefox.CGeckoDriver
Capabilities {acceptInsecureCerts: true, browserName: firefox, browserVersion: 69.0.3, javascriptEnabled: true, moz:accessibilityChecks: false, moz:buildID: 20191009172106, moz:geckodriverVersion: 0.23.0, moz:headless: false, moz:processID: 17812, moz:profile: C:\Users\Suraj Kumar\AppDat..., moz:shutdownTimeout: 60000, moz:useNonSpecCompliantPointerOrigin: false, moz:webdriverClick: true, pageLoadStrategy: normal, platform: WINDOWS, platformName: WINDOWS, platformVersion: 10.0, proxy: Proxy(direct), rotatable: false, setWindowRect: true, strictFileInteractability: false, timeouts: {implicit: 0, pageLoad: 300000, script: 30000}, unhandledPromptBehavior: dismiss and notify}
Session ID: b2200d65-a1fb-4552-9ada-f7e658024b0b&#xD;
	at org.openqa.selenium.remote.http.W3CHttpResponseCodec.createException(W3CHttpResponseCodec.java:187)&#xD;
	at org.openqa.selenium.remote.http.W3CHttpResponseCodec.decode(W3CHttpResponseCodec.java:122)&#xD;
	at org.openqa.selenium.remote.http.W3CHttpResponseCodec.decode(W3CHttpResponseCodec.java:49)&#xD;
	at org.openqa.selenium.remote.HttpCommandExecutor.execute(HttpCommandExecutor.java:158)&#xD;
	at org.openqa.selenium.remote.service.DriverCommandExecutor.execute(DriverCommandExecutor.java:83)&#xD;
	at org.openqa.selenium.remote.RemoteWebDriver.execute(RemoteWebDriver.java:552)&#xD;
	at com.kms.katalon.selenium.driver.CFirefoxDriver.execute(CFirefoxDriver.java:28)&#xD;
	at org.openqa.selenium.remote.RemoteWebElement.execute(RemoteWebElement.java:285)&#xD;
	at org.openqa.selenium.remote.RemoteWebElement.click(RemoteWebElement.java:84)&#xD;
	at com.kms.katalon.core.webui.keyword.builtin.ClickKeyword$_click_closure1.doCall(ClickKeyword.groovy:79)&#xD;
	at com.kms.katalon.core.webui.keyword.builtin.ClickKeyword$_click_closure1.call(ClickKeyword.groovy)&#xD;
	at com.kms.katalon.core.webui.keyword.internal.WebUIKeywordMain.runKeyword(WebUIKeywordMain.groovy:20)&#xD;
	at com.kms.katalon.core.webui.keyword.builtin.ClickKeyword.click(ClickKeyword.groovy:86)&#xD;
	at com.kms.katalon.core.webui.keyword.builtin.ClickKeyword.execute(ClickKeyword.groovy:67)&#xD;
	at com.kms.katalon.core.keyword.internal.KeywordExecutor.executeKeywordForPlatform(KeywordExecutor.groovy:56)&#xD;
	at com.kms.katalon.core.webui.keyword.WebUiBuiltInKeywords.click(WebUiBuiltInKeywords.groovy:616)&#xD;
	at com.kms.katalon.core.webui.keyword.WebUiBuiltInKeywords$click$4.call(Unknown Source)&#xD;
	at Script1569660865875.run(Script1569660865875.groovy:63)&#xD;
	... 13 more&#xD;
)&#xD;
[[ATTACHMENT|C:\\Users\\Suraj Kumar\\git\\KatalonTWL\\KatalonBDD\\Reports\\20191018_205425\\SanitySuite\\20191018_205425\\1571413669749.png]]&#xD;
&#xD;
2019-10-18 21:17:49 - [TEST_STEP][PASSED] - Start listener action : afterTestcase: Browser is closed&#xD;
&#xD;
2019-10-18 21:17:49 - [TEST_STEP][PASSED] - closeBrowser(): Browser is closed&#xD;
&#xD;
2019-10-18 21:17:51 - [MESSAGE][PASSED] - Browser is closed</system-out>
            <system-err>2019-10-18 21:16:43 - [TEST_CASE][FAILED] - Test Cases/Login success: Test Cases/Login success FAILED.
Reason:
com.kms.katalon.core.exception.StepFailedException: Unable to click on object 'Object Repository/Page_LinkedIn Username/u_Click here_1'&#xD;
	at com.kms.katalon.core.webui.keyword.internal.WebUIKeywordMain.stepFailed(WebUIKeywordMain.groovy:64)&#xD;
	at com.kms.katalon.core.webui.keyword.internal.WebUIKeywordMain.runKeyword(WebUIKeywordMain.groovy:26)&#xD;
	at com.kms.katalon.core.webui.keyword.builtin.ClickKeyword.click(ClickKeyword.groovy:86)&#xD;
	at com.kms.katalon.core.webui.keyword.builtin.ClickKeyword.execute(ClickKeyword.groovy:67)&#xD;
	at com.kms.katalon.core.keyword.internal.KeywordExecutor.executeKeywordForPlatform(KeywordExecutor.groovy:56)&#xD;
	at com.kms.katalon.core.webui.keyword.WebUiBuiltInKeywords.click(WebUiBuiltInKeywords.groovy:616)&#xD;
	at com.kms.katalon.core.webui.keyword.WebUiBuiltInKeywords$click$4.call(Unknown Source)&#xD;
	at Login success.run(Login success:63)&#xD;
	at com.kms.katalon.core.main.ScriptEngine.run(ScriptEngine.java:194)&#xD;
	at com.kms.katalon.core.main.ScriptEngine.runScriptAsRawText(ScriptEngine.java:119)&#xD;
	at com.kms.katalon.core.main.TestCaseExecutor.runScript(TestCaseExecutor.java:337)&#xD;
	at com.kms.katalon.core.main.TestCaseExecutor.doExecute(TestCaseExecutor.java:328)&#xD;
	at com.kms.katalon.core.main.TestCaseExecutor.processExecutionPhase(TestCaseExecutor.java:307)&#xD;
	at com.kms.katalon.core.main.TestCaseExecutor.accessMainPhase(TestCaseExecutor.java:299)&#xD;
	at com.kms.katalon.core.main.TestCaseExecutor.execute(TestCaseExecutor.java:233)&#xD;
	at com.kms.katalon.core.main.TestSuiteExecutor.accessTestCaseMainPhase(TestSuiteExecutor.java:169)&#xD;
	at com.kms.katalon.core.main.TestSuiteExecutor.accessTestSuiteMainPhase(TestSuiteExecutor.java:142)&#xD;
	at com.kms.katalon.core.main.TestSuiteExecutor.execute(TestSuiteExecutor.java:91)&#xD;
	at com.kms.katalon.core.main.TestCaseMain.startTestSuite(TestCaseMain.java:157)&#xD;
	at com.kms.katalon.core.main.TestCaseMain$startTestSuite$0.call(Unknown Source)&#xD;
	at TempTestSuite1571412266031.run(TempTestSuite1571412266031.groovy:35)&#xD;
Caused by: org.openqa.selenium.ElementNotInteractableException: Element &lt;a class="nextBtn" href="https://tinyurl.com/y3ur8a4j"&gt; could not be scrolled into view
Build info: version: '3.141.59', revision: 'e82be7d358', time: '2018-11-14T08:25:53'
System info: host: 'PUN-IT000636', ip: '192.168.43.182', os.name: 'Windows 10', os.arch: 'amd64', os.version: '10.0', java.version: '1.8.0_181'
Driver info: com.kms.katalon.core.webui.driver.firefox.CGeckoDriver
Capabilities {acceptInsecureCerts: true, browserName: firefox, browserVersion: 69.0.3, javascriptEnabled: true, moz:accessibilityChecks: false, moz:buildID: 20191009172106, moz:geckodriverVersion: 0.23.0, moz:headless: false, moz:processID: 17812, moz:profile: C:\Users\Suraj Kumar\AppDat..., moz:shutdownTimeout: 60000, moz:useNonSpecCompliantPointerOrigin: false, moz:webdriverClick: true, pageLoadStrategy: normal, platform: WINDOWS, platformName: WINDOWS, platformVersion: 10.0, proxy: Proxy(direct), rotatable: false, setWindowRect: true, strictFileInteractability: false, timeouts: {implicit: 0, pageLoad: 300000, script: 30000}, unhandledPromptBehavior: dismiss and notify}
Session ID: b2200d65-a1fb-4552-9ada-f7e658024b0b&#xD;
	at org.openqa.selenium.remote.http.W3CHttpResponseCodec.createException(W3CHttpResponseCodec.java:187)&#xD;
	at org.openqa.selenium.remote.http.W3CHttpResponseCodec.decode(W3CHttpResponseCodec.java:122)&#xD;
	at org.openqa.selenium.remote.http.W3CHttpResponseCodec.decode(W3CHttpResponseCodec.java:49)&#xD;
	at org.openqa.selenium.remote.HttpCommandExecutor.execute(HttpCommandExecutor.java:158)&#xD;
	at org.openqa.selenium.remote.service.DriverCommandExecutor.execute(DriverCommandExecutor.java:83)&#xD;
	at org.openqa.selenium.remote.RemoteWebDriver.execute(RemoteWebDriver.java:552)&#xD;
	at com.kms.katalon.selenium.driver.CFirefoxDriver.execute(CFirefoxDriver.java:28)&#xD;
	at org.openqa.selenium.remote.RemoteWebElement.execute(RemoteWebElement.java:285)&#xD;
	at org.openqa.selenium.remote.RemoteWebElement.click(RemoteWebElement.java:84)&#xD;
	at com.kms.katalon.core.webui.keyword.builtin.ClickKeyword$_click_closure1.doCall(ClickKeyword.groovy:79)&#xD;
	at com.kms.katalon.core.webui.keyword.builtin.ClickKeyword$_click_closure1.call(ClickKeyword.groovy)&#xD;
	at com.kms.katalon.core.webui.keyword.internal.WebUIKeywordMain.runKeyword(WebUIKeywordMain.groovy:20)&#xD;
	... 19 more</system-err>
        </testcase>
        <testcase name="Test Cases/workLifeTest/ProfileDeletionLinkedInUser" classname="Test Cases/workLifeTest/ProfileDeletionLinkedInUser" status="FAILED">
            <failure type="FAILED" message="Test Cases/workLifeTest/ProfileDeletionLinkedInUser FAILED.&#xA;Reason:&#xA;com.kms.katalon.core.exception.StepFailedException: Unable to click on object 'Object Repository/DeletionObject/Page_Home/i_Settings_fa fa-gear'&#xD;&#xA;&#x9;at com.kms.katalon.core.webui.keyword.internal.WebUIKeywordMain.stepFailed(WebUIKeywordMain.groovy:64)&#xD;&#xA;&#x9;at com.kms.katalon.core.webui.keyword.internal.WebUIKeywordMain.runKeyword(WebUIKeywordMain.groovy:26)&#xD;&#xA;&#x9;at com.kms.katalon.core.webui.keyword.builtin.ClickKeyword.click(ClickKeyword.groovy:86)&#xD;&#xA;&#x9;at com.kms.katalon.core.webui.keyword.builtin.ClickKeyword.execute(ClickKeyword.groovy:67)&#xD;&#xA;&#x9;at com.kms.katalon.core.keyword.internal.KeywordExecutor.executeKeywordForPlatform(KeywordExecutor.groovy:56)&#xD;&#xA;&#x9;at com.kms.katalon.core.webui.keyword.WebUiBuiltInKeywords.click(WebUiBuiltInKeywords.groovy:616)&#xD;&#xA;&#x9;at com.kms.katalon.core.webui.keyword.WebUiBuiltInKeywords$click$4.call(Unknown Source)&#xD;&#xA;&#x9;at ProfileDeletionLinkedInUser.run(ProfileDeletionLinkedInUser:28)&#xD;&#xA;&#x9;at com.kms.katalon.core.main.ScriptEngine.run(ScriptEngine.java:194)&#xD;&#xA;&#x9;at com.kms.katalon.core.main.ScriptEngine.runScriptAsRawText(ScriptEngine.java:119)&#xD;&#xA;&#x9;at com.kms.katalon.core.main.TestCaseExecutor.runScript(TestCaseExecutor.java:337)&#xD;&#xA;&#x9;at com.kms.katalon.core.main.TestCaseExecutor.doExecute(TestCaseExecutor.java:328)&#xD;&#xA;&#x9;at com.kms.katalon.core.main.TestCaseExecutor.processExecutionPhase(TestCaseExecutor.java:307)&#xD;&#xA;&#x9;at com.kms.katalon.core.main.TestCaseExecutor.accessMainPhase(TestCaseExecutor.java:299)&#xD;&#xA;&#x9;at com.kms.katalon.core.main.TestCaseExecutor.execute(TestCaseExecutor.java:233)&#xD;&#xA;&#x9;at com.kms.katalon.core.main.TestSuiteExecutor.accessTestCaseMainPhase(TestSuiteExecutor.java:169)&#xD;&#xA;&#x9;at com.kms.katalon.core.main.TestSuiteExecutor.accessTestSuiteMainPhase(TestSuiteExecutor.java:142)&#xD;&#xA;&#x9;at com.kms.katalon.core.main.TestSuiteExecutor.execute(TestSuiteExecutor.java:91)&#xD;&#xA;&#x9;at com.kms.katalon.core.main.TestCaseMain.startTestSuite(TestCaseMain.java:157)&#xD;&#xA;&#x9;at com.kms.katalon.core.main.TestCaseMain$startTestSuite$0.call(Unknown Source)&#xD;&#xA;&#x9;at TempTestSuite1571412266031.run(TempTestSuite1571412266031.groovy:35)&#xD;&#xA;Caused by: com.kms.katalon.core.webui.exception.WebElementNotFoundException: Web element with id: 'Object Repository/DeletionObject/Page_Home/i_Settings_fa fa-gear' located by 'By.xpath: /html[@class=&quot;fa-events-icons-ready&quot;]/body[1]/header[@class=&quot;main-header nav-down&quot;]/div[@class=&quot;topbar&quot;]/div[@class=&quot;container-fluid&quot;]/div[@class=&quot;row&quot;]/div[@class=&quot;col-xs-6 col-sm-3 col-sm-push-6&quot;]/div[@class=&quot;notif&quot;]/div[@class=&quot;pull-right dropdown&quot;]/button[@class=&quot;btn dropdown-toggle setting&quot;]/i[@class=&quot;fa fa-gear&quot;]' not found&#xD;&#xA;&#x9;at com.kms.katalon.core.webui.common.WebUiCommonHelper.findWebElement(WebUiCommonHelper.java:1097)&#xD;&#xA;&#x9;at com.kms.katalon.core.webui.keyword.internal.WebUIAbstractKeyword.findWebElement(WebUIAbstractKeyword.groovy:27)&#xD;&#xA;&#x9;at com.kms.katalon.core.webui.keyword.internal.WebUIAbstractKeyword.findWebElement(WebUIAbstractKeyword.groovy:26)&#xD;&#xA;&#x9;at com.kms.katalon.core.webui.keyword.builtin.ClickKeyword$_click_closure1.doCall(ClickKeyword.groovy:77)&#xD;&#xA;&#x9;at com.kms.katalon.core.webui.keyword.builtin.ClickKeyword$_click_closure1.call(ClickKeyword.groovy)&#xD;&#xA;&#x9;at com.kms.katalon.core.webui.keyword.internal.WebUIKeywordMain.runKeyword(WebUIKeywordMain.groovy:20)&#xD;&#xA;&#x9;... 19 more&#xD;&#xA;"/>
            <system-out>2019-10-18 21:17:51 - [TEST_CASE][FAILED] - Test Cases/workLifeTest/ProfileDeletionLinkedInUser: Test Cases/workLifeTest/ProfileDeletionLinkedInUser FAILED.
Reason:
com.kms.katalon.core.exception.StepFailedException: Unable to click on object 'Object Repository/DeletionObject/Page_Home/i_Settings_fa fa-gear'&#xD;
	at com.kms.katalon.core.webui.keyword.internal.WebUIKeywordMain.stepFailed(WebUIKeywordMain.groovy:64)&#xD;
	at com.kms.katalon.core.webui.keyword.internal.WebUIKeywordMain.runKeyword(WebUIKeywordMain.groovy:26)&#xD;
	at com.kms.katalon.core.webui.keyword.builtin.ClickKeyword.click(ClickKeyword.groovy:86)&#xD;
	at com.kms.katalon.core.webui.keyword.builtin.ClickKeyword.execute(ClickKeyword.groovy:67)&#xD;
	at com.kms.katalon.core.keyword.internal.KeywordExecutor.executeKeywordForPlatform(KeywordExecutor.groovy:56)&#xD;
	at com.kms.katalon.core.webui.keyword.WebUiBuiltInKeywords.click(WebUiBuiltInKeywords.groovy:616)&#xD;
	at com.kms.katalon.core.webui.keyword.WebUiBuiltInKeywords$click$4.call(Unknown Source)&#xD;
	at ProfileDeletionLinkedInUser.run(ProfileDeletionLinkedInUser:28)&#xD;
	at com.kms.katalon.core.main.ScriptEngine.run(ScriptEngine.java:194)&#xD;
	at com.kms.katalon.core.main.ScriptEngine.runScriptAsRawText(ScriptEngine.java:119)&#xD;
	at com.kms.katalon.core.main.TestCaseExecutor.runScript(TestCaseExecutor.java:337)&#xD;
	at com.kms.katalon.core.main.TestCaseExecutor.doExecute(TestCaseExecutor.java:328)&#xD;
	at com.kms.katalon.core.main.TestCaseExecutor.processExecutionPhase(TestCaseExecutor.java:307)&#xD;
	at com.kms.katalon.core.main.TestCaseExecutor.accessMainPhase(TestCaseExecutor.java:299)&#xD;
	at com.kms.katalon.core.main.TestCaseExecutor.execute(TestCaseExecutor.java:233)&#xD;
	at com.kms.katalon.core.main.TestSuiteExecutor.accessTestCaseMainPhase(TestSuiteExecutor.java:169)&#xD;
	at com.kms.katalon.core.main.TestSuiteExecutor.accessTestSuiteMainPhase(TestSuiteExecutor.java:142)&#xD;
	at com.kms.katalon.core.main.TestSuiteExecutor.execute(TestSuiteExecutor.java:91)&#xD;
	at com.kms.katalon.core.main.TestCaseMain.startTestSuite(TestCaseMain.java:157)&#xD;
	at com.kms.katalon.core.main.TestCaseMain$startTestSuite$0.call(Unknown Source)&#xD;
	at TempTestSuite1571412266031.run(TempTestSuite1571412266031.groovy:35)&#xD;
Caused by: com.kms.katalon.core.webui.exception.WebElementNotFoundException: Web element with id: 'Object Repository/DeletionObject/Page_Home/i_Settings_fa fa-gear' located by 'By.xpath: /html[@class="fa-events-icons-ready"]/body[1]/header[@class="main-header nav-down"]/div[@class="topbar"]/div[@class="container-fluid"]/div[@class="row"]/div[@class="col-xs-6 col-sm-3 col-sm-push-6"]/div[@class="notif"]/div[@class="pull-right dropdown"]/button[@class="btn dropdown-toggle setting"]/i[@class="fa fa-gear"]' not found&#xD;
	at com.kms.katalon.core.webui.common.WebUiCommonHelper.findWebElement(WebUiCommonHelper.java:1097)&#xD;
	at com.kms.katalon.core.webui.keyword.internal.WebUIAbstractKeyword.findWebElement(WebUIAbstractKeyword.groovy:27)&#xD;
	at com.kms.katalon.core.webui.keyword.internal.WebUIAbstractKeyword.findWebElement(WebUIAbstractKeyword.groovy:26)&#xD;
	at com.kms.katalon.core.webui.keyword.builtin.ClickKeyword$_click_closure1.doCall(ClickKeyword.groovy:77)&#xD;
	at com.kms.katalon.core.webui.keyword.builtin.ClickKeyword$_click_closure1.call(ClickKeyword.groovy)&#xD;
	at com.kms.katalon.core.webui.keyword.internal.WebUIKeywordMain.runKeyword(WebUIKeywordMain.groovy:20)&#xD;
	... 19 more&#xD;
&#xD;
&#xD;
2019-10-18 21:17:51 - [TEST_STEP][PASSED] - Start listener action : beforeTestcase: null&#xD;
&#xD;
2019-10-18 21:17:52 - [TEST_STEP][PASSED] - openBrowser(AppUrl): Browser is opened with url: 'https://qa.thework.life'&#xD;
&#xD;
2019-10-18 21:17:52 - [MESSAGE][INFO] - Starting 'Firefox' driver&#xD;
&#xD;
2019-10-18 21:18:47 - [MESSAGE][PASSED] - Browser is opened with url: 'https://qa.thework.life'&#xD;
&#xD;
2019-10-18 21:18:47 - [TEST_STEP][PASSED] - navigateToUrl(AppUrl): Navigate to 'https://qa.thework.life' successfully&#xD;
&#xD;
2019-10-18 21:18:53 - [MESSAGE][PASSED] - Navigate to 'https://qa.thework.life' successfully&#xD;
&#xD;
2019-10-18 21:18:53 - [TEST_STEP][PASSED] - setText(findTestObject("Object Repository/DeletionObject/Page_theworklife - Find Great People To Work With/input_Forgot password_username"), "testing@appliedaiconsulting.com"): Text 'testing@appliedaiconsulting.com' is set on object 'Object Repository/DeletionObject/Page_theworklife - Find Great People To Work With/input_Forgot password_username'&#xD;
&#xD;
2019-10-18 21:18:53 - [MESSAGE][PASSED] - Text 'testing@appliedaiconsulting.com' is set on object 'Object Repository/DeletionObject/Page_theworklife - Find Great People To Work With/input_Forgot password_username'&#xD;
&#xD;
2019-10-18 21:18:53 - [TEST_STEP][PASSED] - setEncryptedText(findTestObject("Object Repository/DeletionObject/Page_theworklife - Find Great People To Work With/input_Forgot password_password"), "YpWQ2DI2eLzqZleLDbTOWw=="): Text ****** has been set on object 'Object Repository/DeletionObject/Page_theworklife - Find Great People To Work With/input_Forgot password_password'&#xD;
&#xD;
2019-10-18 21:18:53 - [MESSAGE][PASSED] - Text ****** has been set on object 'Object Repository/DeletionObject/Page_theworklife - Find Great People To Work With/input_Forgot password_password'&#xD;
&#xD;
2019-10-18 21:18:53 - [TEST_STEP][PASSED] - click(findTestObject("Experience/Page_theworklife - Find Great People To Work With/button_Sign in")): Object: 'Object Repository/Experience/Page_theworklife - Find Great People To Work With/button_Sign in' is clicked on&#xD;
&#xD;
2019-10-18 21:19:00 - [MESSAGE][PASSED] - Object: 'Object Repository/Experience/Page_theworklife - Find Great People To Work With/button_Sign in' is clicked on&#xD;
&#xD;
2019-10-18 21:19:00 - [TEST_STEP][FAILED] - click(findTestObject("Object Repository/DeletionObject/Page_Home/i_Settings_fa fa-gear")): Unable to click on object 'Object Repository/DeletionObject/Page_Home/i_Settings_fa fa-gear' (Root cause: com.kms.katalon.core.exception.StepFailedException: Unable to click on object 'Object Repository/DeletionObject/Page_Home/i_Settings_fa fa-gear'&#xD;
	at com.kms.katalon.core.webui.keyword.internal.WebUIKeywordMain.stepFailed(WebUIKeywordMain.groovy:64)&#xD;
	at com.kms.katalon.core.webui.keyword.internal.WebUIKeywordMain.runKeyword(WebUIKeywordMain.groovy:26)&#xD;
	at com.kms.katalon.core.webui.keyword.builtin.ClickKeyword.click(ClickKeyword.groovy:86)&#xD;
	at com.kms.katalon.core.webui.keyword.builtin.ClickKeyword.execute(ClickKeyword.groovy:67)&#xD;
	at com.kms.katalon.core.keyword.internal.KeywordExecutor.executeKeywordForPlatform(KeywordExecutor.groovy:56)&#xD;
	at com.kms.katalon.core.webui.keyword.WebUiBuiltInKeywords.click(WebUiBuiltInKeywords.groovy:616)&#xD;
	at com.kms.katalon.core.webui.keyword.WebUiBuiltInKeywords$click$4.call(Unknown Source)&#xD;
	at ProfileDeletionLinkedInUser.run(ProfileDeletionLinkedInUser:28)&#xD;
	at com.kms.katalon.core.main.ScriptEngine.run(ScriptEngine.java:194)&#xD;
	at com.kms.katalon.core.main.ScriptEngine.runScriptAsRawText(ScriptEngine.java:119)&#xD;
	at com.kms.katalon.core.main.TestCaseExecutor.runScript(TestCaseExecutor.java:337)&#xD;
	at com.kms.katalon.core.main.TestCaseExecutor.doExecute(TestCaseExecutor.java:328)&#xD;
	at com.kms.katalon.core.main.TestCaseExecutor.processExecutionPhase(TestCaseExecutor.java:307)&#xD;
	at com.kms.katalon.core.main.TestCaseExecutor.accessMainPhase(TestCaseExecutor.java:299)&#xD;
	at com.kms.katalon.core.main.TestCaseExecutor.execute(TestCaseExecutor.java:233)&#xD;
	at com.kms.katalon.core.main.TestSuiteExecutor.accessTestCaseMainPhase(TestSuiteExecutor.java:169)&#xD;
	at com.kms.katalon.core.main.TestSuiteExecutor.accessTestSuiteMainPhase(TestSuiteExecutor.java:142)&#xD;
	at com.kms.katalon.core.main.TestSuiteExecutor.execute(TestSuiteExecutor.java:91)&#xD;
	at com.kms.katalon.core.main.TestCaseMain.startTestSuite(TestCaseMain.java:157)&#xD;
	at com.kms.katalon.core.main.TestCaseMain$startTestSuite$0.call(Unknown Source)&#xD;
	at TempTestSuite1571412266031.run(TempTestSuite1571412266031.groovy:35)&#xD;
Caused by: com.kms.katalon.core.webui.exception.WebElementNotFoundException: Web element with id: 'Object Repository/DeletionObject/Page_Home/i_Settings_fa fa-gear' located by 'By.xpath: /html[@class="fa-events-icons-ready"]/body[1]/header[@class="main-header nav-down"]/div[@class="topbar"]/div[@class="container-fluid"]/div[@class="row"]/div[@class="col-xs-6 col-sm-3 col-sm-push-6"]/div[@class="notif"]/div[@class="pull-right dropdown"]/button[@class="btn dropdown-toggle setting"]/i[@class="fa fa-gear"]' not found&#xD;
	at com.kms.katalon.core.webui.common.WebUiCommonHelper.findWebElement(WebUiCommonHelper.java:1097)&#xD;
	at com.kms.katalon.core.webui.keyword.internal.WebUIAbstractKeyword.findWebElement(WebUIAbstractKeyword.groovy:27)&#xD;
	at com.kms.katalon.core.webui.keyword.internal.WebUIAbstractKeyword.findWebElement(WebUIAbstractKeyword.groovy:26)&#xD;
	at com.kms.katalon.core.webui.keyword.builtin.ClickKeyword$_click_closure1.doCall(ClickKeyword.groovy:77)&#xD;
	at com.kms.katalon.core.webui.keyword.builtin.ClickKeyword$_click_closure1.call(ClickKeyword.groovy)&#xD;
	at com.kms.katalon.core.webui.keyword.internal.WebUIKeywordMain.runKeyword(WebUIKeywordMain.groovy:20)&#xD;
	at com.kms.katalon.core.webui.keyword.builtin.ClickKeyword.click(ClickKeyword.groovy:86)&#xD;
	at com.kms.katalon.core.webui.keyword.builtin.ClickKeyword.execute(ClickKeyword.groovy:67)&#xD;
	at com.kms.katalon.core.keyword.internal.KeywordExecutor.executeKeywordForPlatform(KeywordExecutor.groovy:56)&#xD;
	at com.kms.katalon.core.webui.keyword.WebUiBuiltInKeywords.click(WebUiBuiltInKeywords.groovy:616)&#xD;
	at com.kms.katalon.core.webui.keyword.WebUiBuiltInKeywords$click$4.call(Unknown Source)&#xD;
	at Script1570729293641.run(Script1570729293641.groovy:28)&#xD;
	... 13 more&#xD;
)&#xD;
&#xD;
2019-10-18 21:19:32 - [MESSAGE][INFO] - Unable to find the element located by 'By.xpath: /html[@class="fa-events-icons-ready"]/body[1]/header[@class="main-header nav-down"]/div[@class="topbar"]/div[@class="container-fluid"]/div[@class="row"]/div[@class="col-xs-6 col-sm-3 col-sm-push-6"]/div[@class="notif"]/div[@class="pull-right dropdown"]/button[@class="btn dropdown-toggle setting"]/i[@class="fa fa-gear"]'. Please recheck the objects properties to make sure the desired element is located. &#xD;
&#xD;
2019-10-18 21:19:32 - [MESSAGE][FAILED] - Unable to click on object 'Object Repository/DeletionObject/Page_Home/i_Settings_fa fa-gear' (Root cause: com.kms.katalon.core.exception.StepFailedException: Unable to click on object 'Object Repository/DeletionObject/Page_Home/i_Settings_fa fa-gear'&#xD;
	at com.kms.katalon.core.webui.keyword.internal.WebUIKeywordMain.stepFailed(WebUIKeywordMain.groovy:64)&#xD;
	at com.kms.katalon.core.webui.keyword.internal.WebUIKeywordMain.runKeyword(WebUIKeywordMain.groovy:26)&#xD;
	at com.kms.katalon.core.webui.keyword.builtin.ClickKeyword.click(ClickKeyword.groovy:86)&#xD;
	at com.kms.katalon.core.webui.keyword.builtin.ClickKeyword.execute(ClickKeyword.groovy:67)&#xD;
	at com.kms.katalon.core.keyword.internal.KeywordExecutor.executeKeywordForPlatform(KeywordExecutor.groovy:56)&#xD;
	at com.kms.katalon.core.webui.keyword.WebUiBuiltInKeywords.click(WebUiBuiltInKeywords.groovy:616)&#xD;
	at com.kms.katalon.core.webui.keyword.WebUiBuiltInKeywords$click$4.call(Unknown Source)&#xD;
	at ProfileDeletionLinkedInUser.run(ProfileDeletionLinkedInUser:28)&#xD;
	at com.kms.katalon.core.main.ScriptEngine.run(ScriptEngine.java:194)&#xD;
	at com.kms.katalon.core.main.ScriptEngine.runScriptAsRawText(ScriptEngine.java:119)&#xD;
	at com.kms.katalon.core.main.TestCaseExecutor.runScript(TestCaseExecutor.java:337)&#xD;
	at com.kms.katalon.core.main.TestCaseExecutor.doExecute(TestCaseExecutor.java:328)&#xD;
	at com.kms.katalon.core.main.TestCaseExecutor.processExecutionPhase(TestCaseExecutor.java:307)&#xD;
	at com.kms.katalon.core.main.TestCaseExecutor.accessMainPhase(TestCaseExecutor.java:299)&#xD;
	at com.kms.katalon.core.main.TestCaseExecutor.execute(TestCaseExecutor.java:233)&#xD;
	at com.kms.katalon.core.main.TestSuiteExecutor.accessTestCaseMainPhase(TestSuiteExecutor.java:169)&#xD;
	at com.kms.katalon.core.main.TestSuiteExecutor.accessTestSuiteMainPhase(TestSuiteExecutor.java:142)&#xD;
	at com.kms.katalon.core.main.TestSuiteExecutor.execute(TestSuiteExecutor.java:91)&#xD;
	at com.kms.katalon.core.main.TestCaseMain.startTestSuite(TestCaseMain.java:157)&#xD;
	at com.kms.katalon.core.main.TestCaseMain$startTestSuite$0.call(Unknown Source)&#xD;
	at TempTestSuite1571412266031.run(TempTestSuite1571412266031.groovy:35)&#xD;
Caused by: com.kms.katalon.core.webui.exception.WebElementNotFoundException: Web element with id: 'Object Repository/DeletionObject/Page_Home/i_Settings_fa fa-gear' located by 'By.xpath: /html[@class="fa-events-icons-ready"]/body[1]/header[@class="main-header nav-down"]/div[@class="topbar"]/div[@class="container-fluid"]/div[@class="row"]/div[@class="col-xs-6 col-sm-3 col-sm-push-6"]/div[@class="notif"]/div[@class="pull-right dropdown"]/button[@class="btn dropdown-toggle setting"]/i[@class="fa fa-gear"]' not found&#xD;
	at com.kms.katalon.core.webui.common.WebUiCommonHelper.findWebElement(WebUiCommonHelper.java:1097)&#xD;
	at com.kms.katalon.core.webui.keyword.internal.WebUIAbstractKeyword.findWebElement(WebUIAbstractKeyword.groovy:27)&#xD;
	at com.kms.katalon.core.webui.keyword.internal.WebUIAbstractKeyword.findWebElement(WebUIAbstractKeyword.groovy:26)&#xD;
	at com.kms.katalon.core.webui.keyword.builtin.ClickKeyword$_click_closure1.doCall(ClickKeyword.groovy:77)&#xD;
	at com.kms.katalon.core.webui.keyword.builtin.ClickKeyword$_click_closure1.call(ClickKeyword.groovy)&#xD;
	at com.kms.katalon.core.webui.keyword.internal.WebUIKeywordMain.runKeyword(WebUIKeywordMain.groovy:20)&#xD;
	at com.kms.katalon.core.webui.keyword.builtin.ClickKeyword.click(ClickKeyword.groovy:86)&#xD;
	at com.kms.katalon.core.webui.keyword.builtin.ClickKeyword.execute(ClickKeyword.groovy:67)&#xD;
	at com.kms.katalon.core.keyword.internal.KeywordExecutor.executeKeywordForPlatform(KeywordExecutor.groovy:56)&#xD;
	at com.kms.katalon.core.webui.keyword.WebUiBuiltInKeywords.click(WebUiBuiltInKeywords.groovy:616)&#xD;
	at com.kms.katalon.core.webui.keyword.WebUiBuiltInKeywords$click$4.call(Unknown Source)&#xD;
	at Script1570729293641.run(Script1570729293641.groovy:28)&#xD;
	... 13 more&#xD;
)&#xD;
[[ATTACHMENT|C:\\Users\\Suraj Kumar\\git\\KatalonTWL\\KatalonBDD\\Reports\\20191018_205425\\SanitySuite\\20191018_205425\\1571413772066.png]]&#xD;
&#xD;
2019-10-18 21:19:32 - [TEST_STEP][PASSED] - Start listener action : afterTestcase: Browser is closed&#xD;
&#xD;
2019-10-18 21:19:32 - [TEST_STEP][PASSED] - closeBrowser(): Browser is closed&#xD;
&#xD;
2019-10-18 21:19:34 - [MESSAGE][PASSED] - Browser is closed</system-out>
            <system-err>2019-10-18 21:17:51 - [TEST_CASE][FAILED] - Test Cases/workLifeTest/ProfileDeletionLinkedInUser: Test Cases/workLifeTest/ProfileDeletionLinkedInUser FAILED.
Reason:
com.kms.katalon.core.exception.StepFailedException: Unable to click on object 'Object Repository/DeletionObject/Page_Home/i_Settings_fa fa-gear'&#xD;
	at com.kms.katalon.core.webui.keyword.internal.WebUIKeywordMain.stepFailed(WebUIKeywordMain.groovy:64)&#xD;
	at com.kms.katalon.core.webui.keyword.internal.WebUIKeywordMain.runKeyword(WebUIKeywordMain.groovy:26)&#xD;
	at com.kms.katalon.core.webui.keyword.builtin.ClickKeyword.click(ClickKeyword.groovy:86)&#xD;
	at com.kms.katalon.core.webui.keyword.builtin.ClickKeyword.execute(ClickKeyword.groovy:67)&#xD;
	at com.kms.katalon.core.keyword.internal.KeywordExecutor.executeKeywordForPlatform(KeywordExecutor.groovy:56)&#xD;
	at com.kms.katalon.core.webui.keyword.WebUiBuiltInKeywords.click(WebUiBuiltInKeywords.groovy:616)&#xD;
	at com.kms.katalon.core.webui.keyword.WebUiBuiltInKeywords$click$4.call(Unknown Source)&#xD;
	at ProfileDeletionLinkedInUser.run(ProfileDeletionLinkedInUser:28)&#xD;
	at com.kms.katalon.core.main.ScriptEngine.run(ScriptEngine.java:194)&#xD;
	at com.kms.katalon.core.main.ScriptEngine.runScriptAsRawText(ScriptEngine.java:119)&#xD;
	at com.kms.katalon.core.main.TestCaseExecutor.runScript(TestCaseExecutor.java:337)&#xD;
	at com.kms.katalon.core.main.TestCaseExecutor.doExecute(TestCaseExecutor.java:328)&#xD;
	at com.kms.katalon.core.main.TestCaseExecutor.processExecutionPhase(TestCaseExecutor.java:307)&#xD;
	at com.kms.katalon.core.main.TestCaseExecutor.accessMainPhase(TestCaseExecutor.java:299)&#xD;
	at com.kms.katalon.core.main.TestCaseExecutor.execute(TestCaseExecutor.java:233)&#xD;
	at com.kms.katalon.core.main.TestSuiteExecutor.accessTestCaseMainPhase(TestSuiteExecutor.java:169)&#xD;
	at com.kms.katalon.core.main.TestSuiteExecutor.accessTestSuiteMainPhase(TestSuiteExecutor.java:142)&#xD;
	at com.kms.katalon.core.main.TestSuiteExecutor.execute(TestSuiteExecutor.java:91)&#xD;
	at com.kms.katalon.core.main.TestCaseMain.startTestSuite(TestCaseMain.java:157)&#xD;
	at com.kms.katalon.core.main.TestCaseMain$startTestSuite$0.call(Unknown Source)&#xD;
	at TempTestSuite1571412266031.run(TempTestSuite1571412266031.groovy:35)&#xD;
Caused by: com.kms.katalon.core.webui.exception.WebElementNotFoundException: Web element with id: 'Object Repository/DeletionObject/Page_Home/i_Settings_fa fa-gear' located by 'By.xpath: /html[@class="fa-events-icons-ready"]/body[1]/header[@class="main-header nav-down"]/div[@class="topbar"]/div[@class="container-fluid"]/div[@class="row"]/div[@class="col-xs-6 col-sm-3 col-sm-push-6"]/div[@class="notif"]/div[@class="pull-right dropdown"]/button[@class="btn dropdown-toggle setting"]/i[@class="fa fa-gear"]' not found&#xD;
	at com.kms.katalon.core.webui.common.WebUiCommonHelper.findWebElement(WebUiCommonHelper.java:1097)&#xD;
	at com.kms.katalon.core.webui.keyword.internal.WebUIAbstractKeyword.findWebElement(WebUIAbstractKeyword.groovy:27)&#xD;
	at com.kms.katalon.core.webui.keyword.internal.WebUIAbstractKeyword.findWebElement(WebUIAbstractKeyword.groovy:26)&#xD;
	at com.kms.katalon.core.webui.keyword.builtin.ClickKeyword$_click_closure1.doCall(ClickKeyword.groovy:77)&#xD;
	at com.kms.katalon.core.webui.keyword.builtin.ClickKeyword$_click_closure1.call(ClickKeyword.groovy)&#xD;
	at com.kms.katalon.core.webui.keyword.internal.WebUIKeywordMain.runKeyword(WebUIKeywordMain.groovy:20)&#xD;
	... 19 more</system-err>
        </testcase>
        <testcase name="Test Cases/Third party profile" classname="Test Cases/Third party profile" status="PASSED">
            <system-out>2019-10-18 21:19:34 - [TEST_CASE][PASSED] - Test Cases/Third party profile: Test Cases/Third party profile&#xD;
&#xD;
2019-10-18 21:19:34 - [TEST_STEP][PASSED] - Start listener action : beforeTestcase: null&#xD;
&#xD;
2019-10-18 21:19:35 - [TEST_STEP][PASSED] - openBrowser(""): Browser is opened with url: ''&#xD;
&#xD;
2019-10-18 21:19:35 - [MESSAGE][INFO] - Starting 'Firefox' driver&#xD;
&#xD;
2019-10-18 21:19:40 - [MESSAGE][PASSED] - Browser is opened with url: ''&#xD;
&#xD;
2019-10-18 21:19:40 - [TEST_STEP][PASSED] - navigateToUrl("https://qa.thework.life/"): Navigate to 'https://qa.thework.life/' successfully&#xD;
&#xD;
2019-10-18 21:19:57 - [MESSAGE][PASSED] - Navigate to 'https://qa.thework.life/' successfully&#xD;
&#xD;
2019-10-18 21:19:57 - [TEST_STEP][PASSED] - setText(findTestObject("Object Repository/Third party/Page_theworklife - Find Great People To Work With/input_Forgot password_username"), "vijayvstest01@gmail.com"): Text 'vijayvstest01@gmail.com' is set on object 'Object Repository/Third party/Page_theworklife - Find Great People To Work With/input_Forgot password_username'&#xD;
&#xD;
2019-10-18 21:19:57 - [MESSAGE][PASSED] - Text 'vijayvstest01@gmail.com' is set on object 'Object Repository/Third party/Page_theworklife - Find Great People To Work With/input_Forgot password_username'&#xD;
&#xD;
2019-10-18 21:19:57 - [TEST_STEP][PASSED] - setEncryptedText(findTestObject("Object Repository/Third party/Page_theworklife - Find Great People To Work With/input_Forgot password_password"), "cvW8qx4B2o3F4VwP/kNsqA=="): Text ****** has been set on object 'Object Repository/Third party/Page_theworklife - Find Great People To Work With/input_Forgot password_password'&#xD;
&#xD;
2019-10-18 21:19:57 - [MESSAGE][PASSED] - Text ****** has been set on object 'Object Repository/Third party/Page_theworklife - Find Great People To Work With/input_Forgot password_password'&#xD;
&#xD;
2019-10-18 21:19:57 - [TEST_STEP][PASSED] - click(findTestObject("Object Repository/Third party/Page_theworklife - Find Great People To Work With/button_Sign in")): Object: 'Object Repository/Third party/Page_theworklife - Find Great People To Work With/button_Sign in' is clicked on&#xD;
&#xD;
2019-10-18 21:20:14 - [MESSAGE][PASSED] - Object: 'Object Repository/Third party/Page_theworklife - Find Great People To Work With/button_Sign in' is clicked on&#xD;
&#xD;
2019-10-18 21:20:14 - [TEST_STEP][PASSED] - setText(findTestObject("Object Repository/Third party/Page_Home/input_View all_searchText"), "user"): Text 'user' is set on object 'Object Repository/Third party/Page_Home/input_View all_searchText'&#xD;
&#xD;
2019-10-18 21:20:15 - [MESSAGE][PASSED] - Text 'user' is set on object 'Object Repository/Third party/Page_Home/input_View all_searchText'&#xD;
&#xD;
2019-10-18 21:20:15 - [TEST_STEP][PASSED] - click(findTestObject("Third party/Page_Search/Search user button")): Object: 'Object Repository/Third party/Page_Search/Search user button' is clicked on&#xD;
&#xD;
2019-10-18 21:20:24 - [MESSAGE][PASSED] - Object: 'Object Repository/Third party/Page_Search/Search user button' is clicked on&#xD;
&#xD;
2019-10-18 21:20:24 - [TEST_STEP][PASSED] - waitForElementVisible(findTestObject("Third party/Page_Search/span_Create their profile anonymously"), 3): Object 'Object Repository/Third party/Page_Search/span_Create their profile anonymously' is visible&#xD;
&#xD;
2019-10-18 21:20:24 - [MESSAGE][PASSED] - Object 'Object Repository/Third party/Page_Search/span_Create their profile anonymously' is visible&#xD;
&#xD;
2019-10-18 21:20:24 - [TEST_STEP][PASSED] - click(findTestObject("Object Repository/Third party/Page_Search/span_Create their profile anonymously")): Object: 'Object Repository/Third party/Page_Search/span_Create their profile anonymously' is clicked on&#xD;
&#xD;
2019-10-18 21:20:24 - [MESSAGE][PASSED] - Object: 'Object Repository/Third party/Page_Search/span_Create their profile anonymously' is clicked on&#xD;
&#xD;
2019-10-18 21:20:24 - [TEST_STEP][PASSED] - waitForElementVisible(findTestObject("Third party/Page_Search/div_(Optional)_multiple_emails-container"), 3): Object 'Object Repository/Third party/Page_Search/div_(Optional)_multiple_emails-container' is visible&#xD;
&#xD;
2019-10-18 21:20:25 - [MESSAGE][PASSED] - Object 'Object Repository/Third party/Page_Search/div_(Optional)_multiple_emails-container' is visible&#xD;
&#xD;
2019-10-18 21:20:25 - [TEST_STEP][PASSED] - click(findTestObject("Object Repository/Third party/Page_Search/div_(Optional)_multiple_emails-container")): Object: 'Object Repository/Third party/Page_Search/div_(Optional)_multiple_emails-container' is clicked on&#xD;
&#xD;
2019-10-18 21:20:26 - [MESSAGE][PASSED] - Object: 'Object Repository/Third party/Page_Search/div_(Optional)_multiple_emails-container' is clicked on&#xD;
&#xD;
2019-10-18 21:20:26 - [TEST_STEP][PASSED] - setText(findTestObject("Object Repository/Third party/Page_Search/input_Linkedin_txtLiLink"), "appliedai" + System.currentTimeMillis()): Text 'appliedai1571413826315' is set on object 'Object Repository/Third party/Page_Search/input_Linkedin_txtLiLink'&#xD;
&#xD;
2019-10-18 21:20:26 - [MESSAGE][PASSED] - Text 'appliedai1571413826315' is set on object 'Object Repository/Third party/Page_Search/input_Linkedin_txtLiLink'&#xD;
&#xD;
2019-10-18 21:20:26 - [TEST_STEP][PASSED] - click(findTestObject("Object Repository/Third party/Page_Search/div_(Optional)_multiple_emails-container")): Object: 'Object Repository/Third party/Page_Search/div_(Optional)_multiple_emails-container' is clicked on&#xD;
&#xD;
2019-10-18 21:20:26 - [MESSAGE][PASSED] - Object: 'Object Repository/Third party/Page_Search/div_(Optional)_multiple_emails-container' is clicked on&#xD;
&#xD;
2019-10-18 21:20:26 - [TEST_STEP][PASSED] - setText(findTestObject("Object Repository/Third party/Page_Search/input_(Optional)_multiple_emails-input text-left"), "testing@appliedaiconsulting.com"): Text 'testing@appliedaiconsulting.com' is set on object 'Object Repository/Third party/Page_Search/input_(Optional)_multiple_emails-input text-left'&#xD;
&#xD;
2019-10-18 21:20:27 - [MESSAGE][PASSED] - Text 'testing@appliedaiconsulting.com' is set on object 'Object Repository/Third party/Page_Search/input_(Optional)_multiple_emails-input text-left'&#xD;
&#xD;
2019-10-18 21:20:27 - [TEST_STEP][PASSED] - setText(findTestObject("Object Repository/Third party/Page_Search/input_Name_txtFirstName"), "user" + System.currentTimeMillis()): Text 'user1571413827459' is set on object 'Object Repository/Third party/Page_Search/input_Name_txtFirstName'&#xD;
&#xD;
2019-10-18 21:20:27 - [MESSAGE][PASSED] - Text 'user1571413827459' is set on object 'Object Repository/Third party/Page_Search/input_Name_txtFirstName'&#xD;
&#xD;
2019-10-18 21:20:27 - [TEST_STEP][PASSED] - click(findTestObject("Object Repository/Third party/Page_Search/button_Add")): Object: 'Object Repository/Third party/Page_Search/button_Add' is clicked on&#xD;
&#xD;
2019-10-18 21:20:28 - [MESSAGE][PASSED] - Object: 'Object Repository/Third party/Page_Search/button_Add' is clicked on&#xD;
&#xD;
2019-10-18 21:20:28 - [TEST_STEP][PASSED] - waitForElementClickable(findTestObject("Third party/Page_Search/a_OK"), 3): Object 'Object Repository/Third party/Page_Search/a_OK' is clickable&#xD;
&#xD;
2019-10-18 21:20:28 - [MESSAGE][PASSED] - Object 'Object Repository/Third party/Page_Search/a_OK' is clickable&#xD;
&#xD;
2019-10-18 21:20:28 - [TEST_STEP][PASSED] - sleep(4000): null&#xD;
&#xD;
2019-10-18 21:20:32 - [TEST_STEP][PASSED] - click(findTestObject("Third party/Page_Search/a_OK")): Object: 'Object Repository/Third party/Page_Search/a_OK' is clicked on&#xD;
&#xD;
2019-10-18 21:20:36 - [MESSAGE][PASSED] - Object: 'Object Repository/Third party/Page_Search/a_OK' is clicked on&#xD;
&#xD;
2019-10-18 21:20:36 - [TEST_STEP][PASSED] - closeBrowser(): Browser is closed&#xD;
&#xD;
2019-10-18 21:20:38 - [MESSAGE][PASSED] - Browser is closed&#xD;
&#xD;
2019-10-18 21:20:38 - [TEST_STEP][PASSED] - Start listener action : afterTestcase: Browser is closed&#xD;
&#xD;
2019-10-18 21:20:38 - [TEST_STEP][PASSED] - closeBrowser(): Browser is closed&#xD;
&#xD;
2019-10-18 21:20:38 - [MESSAGE][PASSED] - Browser is closed</system-out>
            <system-err></system-err>
        </testcase>
        <system-out>2019-10-18 20:54:53 - [TEST_SUITE][INCOMPLETE] - SanitySuite: null</system-out>
        <system-err>2019-10-18 20:54:53 - [TEST_SUITE][INCOMPLETE] - SanitySuite: null</system-err>
    </testsuite>
</testsuites>
